Building DAG of jobs...
Using shell: /bin/bash
Provided cores: 15
Rules claiming more threads will be scaled down.
Provided resources: ram=100
Job counts:
	count	jobs
	1	cDNA
	1	trim_cDNA
	2

[Tue Oct 29 11:07:02 2019]
rule cDNA:
    input: /home/ludo/projects/LP190425_flySuRE/data/raw/LP20190906_cDNA_resequencing_I/SuRE_III_Dm3_sequence.txt.gz
    output: /DATA/usr/ludo/projects/LP190425_flySuRE/data/intermediate/LP20191029_Dm03_DGRP-324_pipelineOutput/cDNA/DGRP-324_B1_T1/DGRP-324_B1_T1_trimmed_table.txt.gz
    jobid: 1
    reason: Missing output files: /DATA/usr/ludo/projects/LP190425_flySuRE/data/intermediate/LP20191029_Dm03_DGRP-324_pipelineOutput/cDNA/DGRP-324_B1_T1/DGRP-324_B1_T1_trimmed_table.txt.gz
    wildcards: s=DGRP-324_B1_T1

/DATA/usr/ludo/projects/LP190425_flySuRE/code/pipeline/code/cDNA-plDNA-count-BC.bash -l -b 'DGRP-324_B1_T1' -o '/DATA/usr/ludo/projects/LP190425_flySuRE/data/intermediate/LP20191029_Dm03_DGRP-324_pipelineOutput/cDNA/DGRP-324_B1_T1' -a 'CCTAGCTAACTATAACGGTCCTAAGGTAGCGAA' /home/ludo/projects/LP190425_flySuRE/data/raw/LP20190906_cDNA_resequencing_I/SuRE_III_Dm3_sequence.txt.gz
Activating conda environment: /DATA/usr/ludo/projects/LP190425_flySuRE/analyses/LP20191017_processing_cDNA_iPCR/.snakemake/conda/a8e43192
Read 165 records
[Tue Oct 29 11:25:50 2019]
Finished job 1.
1 of 2 steps (50%) done

[Tue Oct 29 11:25:50 2019]
localrule trim_cDNA:
    input: /DATA/usr/ludo/projects/LP190425_flySuRE/data/intermediate/LP20191029_Dm03_DGRP-324_pipelineOutput/cDNA/DGRP-324_B1_T1/DGRP-324_B1_T1_trimmed_table.txt.gz
    jobid: 0
    reason: Input files updated by another job: /DATA/usr/ludo/projects/LP190425_flySuRE/data/intermediate/LP20191029_Dm03_DGRP-324_pipelineOutput/cDNA/DGRP-324_B1_T1/DGRP-324_B1_T1_trimmed_table.txt.gz

[Tue Oct 29 11:25:50 2019]
Finished job 0.
2 of 2 steps (100%) done
Complete log: /DATA/usr/ludo/projects/LP190425_flySuRE/analyses/LP20191017_processing_cDNA_iPCR/.snakemake/log/2019-10-29T110702.292397.snakemake.log
SuRE-seq pipeline version:  0.14.feature_SNP-usr-config 
 git commit hash:  8bf8731b0e97f5f2bd512693c6a20864dae6a7d1 


['/DATA/usr/ludo/projects/LP190425_flySuRE/data/intermediate/LP20191029_Dm03_DGRP-324_pipelineOutput/coverage/DGRP-324.norm.bw', '/DATA/usr/ludo/projects/LP190425_flySuRE/data/intermediate/LP20191029_Dm03_DGRP-324_pipelineOutput/coverage/DGRP-324.norm.plus.bw', '/DATA/usr/ludo/projects/LP190425_flySuRE/data/intermediate/LP20191029_Dm03_DGRP-324_pipelineOutput/coverage/DGRP-324.norm.minus.bw', '/DATA/usr/ludo/projects/LP190425_flySuRE/data/intermediate/LP20191029_Dm03_DGRP-324_pipelineOutput/coverage/DGRP-324.normflat.bw', '/DATA/usr/ludo/projects/LP190425_flySuRE/data/intermediate/LP20191029_Dm03_DGRP-324_pipelineOutput/coverage/DGRP-324.normflat.plus.bw', '/DATA/usr/ludo/projects/LP190425_flySuRE/data/intermediate/LP20191029_Dm03_DGRP-324_pipelineOutput/coverage/DGRP-324.normflat.minus.bw']
	Command being timed: "nice -19 snakemake -prs ../../code/pipeline/SuRE-snakemake --use-conda --resources ram=100 --configfile config-Dm03_DGRP-324_LP20191029.yml --cores 15 trim_cDNA"
	User time (seconds): 1188.60
	System time (seconds): 42.34
	Percent of CPU this job got: 109%
	Elapsed (wall clock) time (h:mm:ss or m:ss): 18:48.51
	Average shared text size (kbytes): 0
	Average unshared data size (kbytes): 0
	Average stack size (kbytes): 0
	Average total size (kbytes): 0
	Maximum resident set size (kbytes): 5032632
	Average resident set size (kbytes): 0
	Major (requiring I/O) page faults: 0
	Minor (reclaiming a frame) page faults: 2125086
	Voluntary context switches: 2327761
	Involuntary context switches: 4879
	Swaps: 0
	File system inputs: 1119720
	File system outputs: 16730824
	Socket messages sent: 0
	Socket messages received: 0
	Signals delivered: 0
	Page size (bytes): 4096
	Exit status: 0
