Building DAG of jobs...
Using shell: /bin/bash
Provided cores: 15
Rules claiming more threads will be scaled down.
Provided resources: ram=150
Job counts:
	count	jobs
	1	addBC2bedpe_multi
	1	bedpe_BC
	2

[Mon Oct 28 09:47:21 2019]
rule addBC2bedpe_multi:
    input: /DATA/usr/ludo/projects/LP190425_flySuRE/data/intermediate/LP20191017_Dm12_T01_pipelineOutput/iPCR/T01_B1_T01/06_bedpe/T01_B1_T01_chr2L.bedpe.gz, /DATA/usr/ludo/projects/LP190425_flySuRE/data/intermediate/LP20191017_Dm12_T01_pipelineOutput/iPCR/T01_B1_T01/06_bedpe/T01_B1_T01_chr2R.bedpe.gz, /DATA/usr/ludo/projects/LP190425_flySuRE/data/intermediate/LP20191017_Dm12_T01_pipelineOutput/iPCR/T01_B1_T01/06_bedpe/T01_B1_T01_chr3L.bedpe.gz, /DATA/usr/ludo/projects/LP190425_flySuRE/data/intermediate/LP20191017_Dm12_T01_pipelineOutput/iPCR/T01_B1_T01/06_bedpe/T01_B1_T01_chr3R.bedpe.gz, /DATA/usr/ludo/projects/LP190425_flySuRE/data/intermediate/LP20191017_Dm12_T01_pipelineOutput/iPCR/T01_B1_T01/06_bedpe/T01_B1_T01_chr4.bedpe.gz, /DATA/usr/ludo/projects/LP190425_flySuRE/data/intermediate/LP20191017_Dm12_T01_pipelineOutput/iPCR/T01_B1_T01/06_bedpe/T01_B1_T01_chrM.bedpe.gz, /DATA/usr/ludo/projects/LP190425_flySuRE/data/intermediate/LP20191017_Dm12_T01_pipelineOutput/iPCR/T01_B1_T01/01_fastq_trimmed/T01_B1_T01_forw.info.gz
    output: /DATA/usr/ludo/projects/LP190425_flySuRE/data/intermediate/LP20191017_Dm12_T01_pipelineOutput/iPCR/T01_B1_T01/07_bedpe_BC/T01_B1_T01_chr2L.bedpe.gz, /DATA/usr/ludo/projects/LP190425_flySuRE/data/intermediate/LP20191017_Dm12_T01_pipelineOutput/iPCR/T01_B1_T01/07_bedpe_BC/T01_B1_T01_chr2R.bedpe.gz, /DATA/usr/ludo/projects/LP190425_flySuRE/data/intermediate/LP20191017_Dm12_T01_pipelineOutput/iPCR/T01_B1_T01/07_bedpe_BC/T01_B1_T01_chr3L.bedpe.gz, /DATA/usr/ludo/projects/LP190425_flySuRE/data/intermediate/LP20191017_Dm12_T01_pipelineOutput/iPCR/T01_B1_T01/07_bedpe_BC/T01_B1_T01_chr3R.bedpe.gz, /DATA/usr/ludo/projects/LP190425_flySuRE/data/intermediate/LP20191017_Dm12_T01_pipelineOutput/iPCR/T01_B1_T01/07_bedpe_BC/T01_B1_T01_chr4.bedpe.gz, /DATA/usr/ludo/projects/LP190425_flySuRE/data/intermediate/LP20191017_Dm12_T01_pipelineOutput/iPCR/T01_B1_T01/07_bedpe_BC/T01_B1_T01_chrM.bedpe.gz, /DATA/usr/ludo/projects/LP190425_flySuRE/data/intermediate/LP20191017_Dm12_T01_pipelineOutput/iPCR/T01_B1_T01/07_bedpe_BC/T01_B1_T01.log, /DATA/usr/ludo/projects/LP190425_flySuRE/data/intermediate/LP20191017_Dm12_T01_pipelineOutput/iPCR/T01_B1_T01/07_bedpe_BC/T01_B1_T01.stats
    jobid: 1
    reason: Missing output files: /DATA/usr/ludo/projects/LP190425_flySuRE/data/intermediate/LP20191017_Dm12_T01_pipelineOutput/iPCR/T01_B1_T01/07_bedpe_BC/T01_B1_T01_chr2R.bedpe.gz, /DATA/usr/ludo/projects/LP190425_flySuRE/data/intermediate/LP20191017_Dm12_T01_pipelineOutput/iPCR/T01_B1_T01/07_bedpe_BC/T01_B1_T01_chrM.bedpe.gz, /DATA/usr/ludo/projects/LP190425_flySuRE/data/intermediate/LP20191017_Dm12_T01_pipelineOutput/iPCR/T01_B1_T01/07_bedpe_BC/T01_B1_T01_chr3R.bedpe.gz, /DATA/usr/ludo/projects/LP190425_flySuRE/data/intermediate/LP20191017_Dm12_T01_pipelineOutput/iPCR/T01_B1_T01/07_bedpe_BC/T01_B1_T01_chr3L.bedpe.gz, /DATA/usr/ludo/projects/LP190425_flySuRE/data/intermediate/LP20191017_Dm12_T01_pipelineOutput/iPCR/T01_B1_T01/07_bedpe_BC/T01_B1_T01_chr2L.bedpe.gz, /DATA/usr/ludo/projects/LP190425_flySuRE/data/intermediate/LP20191017_Dm12_T01_pipelineOutput/iPCR/T01_B1_T01/07_bedpe_BC/T01_B1_T01_chr4.bedpe.gz
    wildcards: path=/DATA/usr/ludo/projects/LP190425_flySuRE/data/intermediate/LP20191017_Dm12_T01_pipelineOutput/iPCR, smpl=T01_B1_T01
    resources: ram=30

python /DATA/usr/ludo/projects/LP190425_flySuRE/code/pipeline/code/iPCR_addBC2bedpe.py --bedpe /DATA/usr/ludo/projects/LP190425_flySuRE/data/intermediate/LP20191017_Dm12_T01_pipelineOutput/iPCR/T01_B1_T01/06_bedpe/T01_B1_T01_chr2L.bedpe.gz /DATA/usr/ludo/projects/LP190425_flySuRE/data/intermediate/LP20191017_Dm12_T01_pipelineOutput/iPCR/T01_B1_T01/06_bedpe/T01_B1_T01_chr2R.bedpe.gz /DATA/usr/ludo/projects/LP190425_flySuRE/data/intermediate/LP20191017_Dm12_T01_pipelineOutput/iPCR/T01_B1_T01/06_bedpe/T01_B1_T01_chr3L.bedpe.gz /DATA/usr/ludo/projects/LP190425_flySuRE/data/intermediate/LP20191017_Dm12_T01_pipelineOutput/iPCR/T01_B1_T01/06_bedpe/T01_B1_T01_chr3R.bedpe.gz /DATA/usr/ludo/projects/LP190425_flySuRE/data/intermediate/LP20191017_Dm12_T01_pipelineOutput/iPCR/T01_B1_T01/06_bedpe/T01_B1_T01_chr4.bedpe.gz /DATA/usr/ludo/projects/LP190425_flySuRE/data/intermediate/LP20191017_Dm12_T01_pipelineOutput/iPCR/T01_B1_T01/06_bedpe/T01_B1_T01_chrM.bedpe.gz --info /DATA/usr/ludo/projects/LP190425_flySuRE/data/intermediate/LP20191017_Dm12_T01_pipelineOutput/iPCR/T01_B1_T01/01_fastq_trimmed/T01_B1_T01_forw.info.gz --out /DATA/usr/ludo/projects/LP190425_flySuRE/data/intermediate/LP20191017_Dm12_T01_pipelineOutput/iPCR/T01_B1_T01/07_bedpe_BC/T01_B1_T01_chr2L.bedpe.gz /DATA/usr/ludo/projects/LP190425_flySuRE/data/intermediate/LP20191017_Dm12_T01_pipelineOutput/iPCR/T01_B1_T01/07_bedpe_BC/T01_B1_T01_chr2R.bedpe.gz /DATA/usr/ludo/projects/LP190425_flySuRE/data/intermediate/LP20191017_Dm12_T01_pipelineOutput/iPCR/T01_B1_T01/07_bedpe_BC/T01_B1_T01_chr3L.bedpe.gz /DATA/usr/ludo/projects/LP190425_flySuRE/data/intermediate/LP20191017_Dm12_T01_pipelineOutput/iPCR/T01_B1_T01/07_bedpe_BC/T01_B1_T01_chr3R.bedpe.gz /DATA/usr/ludo/projects/LP190425_flySuRE/data/intermediate/LP20191017_Dm12_T01_pipelineOutput/iPCR/T01_B1_T01/07_bedpe_BC/T01_B1_T01_chr4.bedpe.gz /DATA/usr/ludo/projects/LP190425_flySuRE/data/intermediate/LP20191017_Dm12_T01_pipelineOutput/iPCR/T01_B1_T01/07_bedpe_BC/T01_B1_T01_chrM.bedpe.gz --log /DATA/usr/ludo/projects/LP190425_flySuRE/data/intermediate/LP20191017_Dm12_T01_pipelineOutput/iPCR/T01_B1_T01/07_bedpe_BC/T01_B1_T01.log --stats /DATA/usr/ludo/projects/LP190425_flySuRE/data/intermediate/LP20191017_Dm12_T01_pipelineOutput/iPCR/T01_B1_T01/07_bedpe_BC/T01_B1_T01.stats
Activating conda environment: /DATA/usr/ludo/projects/LP190425_flySuRE/analyses/LP20191017_processing_cDNA_iPCR/.snakemake/conda/a8e43192
command: /DATA/usr/ludo/projects/LP190425_flySuRE/code/pipeline/code/iPCR_addBC2bedpe.py --bedpe /DATA/usr/ludo/projects/LP190425_flySuRE/data/intermediate/LP20191017_Dm12_T01_pipelineOutput/iPCR/T01_B1_T01/06_bedpe/T01_B1_T01_chr2L.bedpe.gz /DATA/usr/ludo/projects/LP190425_flySuRE/data/intermediate/LP20191017_Dm12_T01_pipelineOutput/iPCR/T01_B1_T01/06_bedpe/T01_B1_T01_chr2R.bedpe.gz /DATA/usr/ludo/projects/LP190425_flySuRE/data/intermediate/LP20191017_Dm12_T01_pipelineOutput/iPCR/T01_B1_T01/06_bedpe/T01_B1_T01_chr3L.bedpe.gz /DATA/usr/ludo/projects/LP190425_flySuRE/data/intermediate/LP20191017_Dm12_T01_pipelineOutput/iPCR/T01_B1_T01/06_bedpe/T01_B1_T01_chr3R.bedpe.gz /DATA/usr/ludo/projects/LP190425_flySuRE/data/intermediate/LP20191017_Dm12_T01_pipelineOutput/iPCR/T01_B1_T01/06_bedpe/T01_B1_T01_chr4.bedpe.gz /DATA/usr/ludo/projects/LP190425_flySuRE/data/intermediate/LP20191017_Dm12_T01_pipelineOutput/iPCR/T01_B1_T01/06_bedpe/T01_B1_T01_chrM.bedpe.gz --info /DATA/usr/ludo/projects/LP190425_flySuRE/data/intermediate/LP20191017_Dm12_T01_pipelineOutput/iPCR/T01_B1_T01/01_fastq_trimmed/T01_B1_T01_forw.info.gz --out /DATA/usr/ludo/projects/LP190425_flySuRE/data/intermediate/LP20191017_Dm12_T01_pipelineOutput/iPCR/T01_B1_T01/07_bedpe_BC/T01_B1_T01_chr2L.bedpe.gz /DATA/usr/ludo/projects/LP190425_flySuRE/data/intermediate/LP20191017_Dm12_T01_pipelineOutput/iPCR/T01_B1_T01/07_bedpe_BC/T01_B1_T01_chr2R.bedpe.gz /DATA/usr/ludo/projects/LP190425_flySuRE/data/intermediate/LP20191017_Dm12_T01_pipelineOutput/iPCR/T01_B1_T01/07_bedpe_BC/T01_B1_T01_chr3L.bedpe.gz /DATA/usr/ludo/projects/LP190425_flySuRE/data/intermediate/LP20191017_Dm12_T01_pipelineOutput/iPCR/T01_B1_T01/07_bedpe_BC/T01_B1_T01_chr3R.bedpe.gz /DATA/usr/ludo/projects/LP190425_flySuRE/data/intermediate/LP20191017_Dm12_T01_pipelineOutput/iPCR/T01_B1_T01/07_bedpe_BC/T01_B1_T01_chr4.bedpe.gz /DATA/usr/ludo/projects/LP190425_flySuRE/data/intermediate/LP20191017_Dm12_T01_pipelineOutput/iPCR/T01_B1_T01/07_bedpe_BC/T01_B1_T01_chrM.bedpe.gz --log /DATA/usr/ludo/projects/LP190425_flySuRE/data/intermediate/LP20191017_Dm12_T01_pipelineOutput/iPCR/T01_B1_T01/07_bedpe_BC/T01_B1_T01.log --stats /DATA/usr/ludo/projects/LP190425_flySuRE/data/intermediate/LP20191017_Dm12_T01_pipelineOutput/iPCR/T01_B1_T01/07_bedpe_BC/T01_B1_T01.stats
[Mon Oct 28 12:56:20 2019]
Finished job 1.
1 of 2 steps (50%) done

[Mon Oct 28 12:56:20 2019]
localrule bedpe_BC:
    input: /DATA/usr/ludo/projects/LP190425_flySuRE/data/intermediate/LP20191017_Dm12_T01_pipelineOutput/iPCR/T01_B1_T01/07_bedpe_BC/T01_B1_T01_chr2L.bedpe.gz, /DATA/usr/ludo/projects/LP190425_flySuRE/data/intermediate/LP20191017_Dm12_T01_pipelineOutput/iPCR/T01_B1_T01/07_bedpe_BC/T01_B1_T01_chr2R.bedpe.gz, /DATA/usr/ludo/projects/LP190425_flySuRE/data/intermediate/LP20191017_Dm12_T01_pipelineOutput/iPCR/T01_B1_T01/07_bedpe_BC/T01_B1_T01_chr3L.bedpe.gz, /DATA/usr/ludo/projects/LP190425_flySuRE/data/intermediate/LP20191017_Dm12_T01_pipelineOutput/iPCR/T01_B1_T01/07_bedpe_BC/T01_B1_T01_chr3R.bedpe.gz, /DATA/usr/ludo/projects/LP190425_flySuRE/data/intermediate/LP20191017_Dm12_T01_pipelineOutput/iPCR/T01_B1_T01/07_bedpe_BC/T01_B1_T01_chr4.bedpe.gz, /DATA/usr/ludo/projects/LP190425_flySuRE/data/intermediate/LP20191017_Dm12_T01_pipelineOutput/iPCR/T01_B1_T01/07_bedpe_BC/T01_B1_T01_chrM.bedpe.gz
    jobid: 0
    reason: Input files updated by another job: /DATA/usr/ludo/projects/LP190425_flySuRE/data/intermediate/LP20191017_Dm12_T01_pipelineOutput/iPCR/T01_B1_T01/07_bedpe_BC/T01_B1_T01_chr2R.bedpe.gz, /DATA/usr/ludo/projects/LP190425_flySuRE/data/intermediate/LP20191017_Dm12_T01_pipelineOutput/iPCR/T01_B1_T01/07_bedpe_BC/T01_B1_T01_chr3R.bedpe.gz, /DATA/usr/ludo/projects/LP190425_flySuRE/data/intermediate/LP20191017_Dm12_T01_pipelineOutput/iPCR/T01_B1_T01/07_bedpe_BC/T01_B1_T01_chrM.bedpe.gz, /DATA/usr/ludo/projects/LP190425_flySuRE/data/intermediate/LP20191017_Dm12_T01_pipelineOutput/iPCR/T01_B1_T01/07_bedpe_BC/T01_B1_T01_chr3L.bedpe.gz, /DATA/usr/ludo/projects/LP190425_flySuRE/data/intermediate/LP20191017_Dm12_T01_pipelineOutput/iPCR/T01_B1_T01/07_bedpe_BC/T01_B1_T01_chr2L.bedpe.gz, /DATA/usr/ludo/projects/LP190425_flySuRE/data/intermediate/LP20191017_Dm12_T01_pipelineOutput/iPCR/T01_B1_T01/07_bedpe_BC/T01_B1_T01_chr4.bedpe.gz

[Mon Oct 28 12:56:20 2019]
Finished job 0.
2 of 2 steps (100%) done
Complete log: /DATA/usr/ludo/projects/LP190425_flySuRE/analyses/LP20191017_processing_cDNA_iPCR/.snakemake/log/2019-10-28T094720.661441.snakemake.log
SuRE-seq pipeline version:  0.14.feature_SNP-usr-config 
 git commit hash:  e08bab177bb374c89396fa1dd6c5995e55148d56 


['/DATA/usr/ludo/projects/LP190425_flySuRE/data/intermediate/LP20191017_Dm12_T01_pipelineOutput/coverage/T01.norm.bw', '/DATA/usr/ludo/projects/LP190425_flySuRE/data/intermediate/LP20191017_Dm12_T01_pipelineOutput/coverage/T01.norm.plus.bw', '/DATA/usr/ludo/projects/LP190425_flySuRE/data/intermediate/LP20191017_Dm12_T01_pipelineOutput/coverage/T01.norm.minus.bw', '/DATA/usr/ludo/projects/LP190425_flySuRE/data/intermediate/LP20191017_Dm12_T01_pipelineOutput/coverage/T01.normflat.bw', '/DATA/usr/ludo/projects/LP190425_flySuRE/data/intermediate/LP20191017_Dm12_T01_pipelineOutput/coverage/T01.normflat.plus.bw', '/DATA/usr/ludo/projects/LP190425_flySuRE/data/intermediate/LP20191017_Dm12_T01_pipelineOutput/coverage/T01.normflat.minus.bw']
	Command being timed: "nice -19 snakemake -prs ../../code/pipeline/SuRE-snakemake --use-conda --resources ram=150 --configfile config-Dm12_T01_LP20191017.yml --cores 15 bedpe_BC"
	User time (seconds): 10687.97
	System time (seconds): 596.94
	Percent of CPU this job got: 99%
	Elapsed (wall clock) time (h:mm:ss or m:ss): 3:09:00
	Average shared text size (kbytes): 0
	Average unshared data size (kbytes): 0
	Average stack size (kbytes): 0
	Average total size (kbytes): 0
	Maximum resident set size (kbytes): 52987740
	Average resident set size (kbytes): 0
	Major (requiring I/O) page faults: 263
	Minor (reclaiming a frame) page faults: 430223826
	Voluntary context switches: 4390
	Involuntary context switches: 38702
	Swaps: 0
	File system inputs: 29725616
	File system outputs: 18306968
	Socket messages sent: 0
	Socket messages received: 0
	Signals delivered: 0
	Page size (bytes): 4096
	Exit status: 0
