Building DAG of jobs...
Using shell: /bin/bash
Provided cores: 15
Rules claiming more threads will be scaled down.
Provided resources: ram=150
Job counts:
	count	jobs
	6	iPCR_merge_bedpe
	6	merge_ipcr_cdna
	6	reverse_liftover
	6	sort_cnt_tbls
	1	sorted_cnt_tbls
	25

[Mon Oct 28 15:03:01 2019]
rule iPCR_merge_bedpe:
    input: /DATA/usr/ludo/projects/LP190425_flySuRE/data/intermediate/LP20191017_Dm12_T01_pipelineOutput/iPCR/T01_B1_T01/07_bedpe_BC/T01_B1_T01_chr3L.bedpe.gz
    output: /DATA/usr/ludo/projects/LP190425_flySuRE/data/intermediate/LP20191017_Dm12_T01_pipelineOutput/iPCR/samples_merged/08_bedpe_merged/chr3L.bedpe.gz
    log: /DATA/usr/ludo/projects/LP190425_flySuRE/data/intermediate/LP20191017_Dm12_T01_pipelineOutput/iPCR/samples_merged/08_bedpe_merged/chr3L.log
    jobid: 22
    reason: Missing output files: /DATA/usr/ludo/projects/LP190425_flySuRE/data/intermediate/LP20191017_Dm12_T01_pipelineOutput/iPCR/samples_merged/08_bedpe_merged/chr3L.bedpe.gz
    wildcards: path=/DATA/usr/ludo/projects/LP190425_flySuRE/data/intermediate/LP20191017_Dm12_T01_pipelineOutput/iPCR, c=chr3L
    threads: 4
    resources: ram=60

/usr/bin/Rscript --vanilla /DATA/usr/ludo/projects/LP190425_flySuRE/code/pipeline/code/merge_bedpe_over_samples.R /DATA/usr/ludo/projects/LP190425_flySuRE/data/intermediate/LP20191017_Dm12_T01_pipelineOutput/iPCR/samples_merged/08_bedpe_merged/chr3L.bedpe.gz /DATA/usr/ludo/projects/LP190425_flySuRE/data/intermediate/LP20191017_Dm12_T01_pipelineOutput/iPCR/samples_merged/08_bedpe_merged/chr3L.log /DATA/usr/ludo/projects/LP190425_flySuRE/data/intermediate/LP20191017_Dm12_T01_pipelineOutput/iPCR/T01_B1_T01/07_bedpe_BC/T01_B1_T01_chr3L.bedpe.gz

[Mon Oct 28 15:03:01 2019]
rule iPCR_merge_bedpe:
    input: /DATA/usr/ludo/projects/LP190425_flySuRE/data/intermediate/LP20191017_Dm12_T01_pipelineOutput/iPCR/T01_B1_T01/07_bedpe_BC/T01_B1_T01_chr3R.bedpe.gz
    output: /DATA/usr/ludo/projects/LP190425_flySuRE/data/intermediate/LP20191017_Dm12_T01_pipelineOutput/iPCR/samples_merged/08_bedpe_merged/chr3R.bedpe.gz
    log: /DATA/usr/ludo/projects/LP190425_flySuRE/data/intermediate/LP20191017_Dm12_T01_pipelineOutput/iPCR/samples_merged/08_bedpe_merged/chr3R.log
    jobid: 23
    reason: Missing output files: /DATA/usr/ludo/projects/LP190425_flySuRE/data/intermediate/LP20191017_Dm12_T01_pipelineOutput/iPCR/samples_merged/08_bedpe_merged/chr3R.bedpe.gz
    wildcards: path=/DATA/usr/ludo/projects/LP190425_flySuRE/data/intermediate/LP20191017_Dm12_T01_pipelineOutput/iPCR, c=chr3R
    threads: 4
    resources: ram=60

/usr/bin/Rscript --vanilla /DATA/usr/ludo/projects/LP190425_flySuRE/code/pipeline/code/merge_bedpe_over_samples.R /DATA/usr/ludo/projects/LP190425_flySuRE/data/intermediate/LP20191017_Dm12_T01_pipelineOutput/iPCR/samples_merged/08_bedpe_merged/chr3R.bedpe.gz /DATA/usr/ludo/projects/LP190425_flySuRE/data/intermediate/LP20191017_Dm12_T01_pipelineOutput/iPCR/samples_merged/08_bedpe_merged/chr3R.log /DATA/usr/ludo/projects/LP190425_flySuRE/data/intermediate/LP20191017_Dm12_T01_pipelineOutput/iPCR/T01_B1_T01/07_bedpe_BC/T01_B1_T01_chr3R.bedpe.gz
Registered S3 method overwritten by 'R.oo':
  method        from       
  throw.default R.methodsS3
Registered S3 method overwritten by 'R.oo':
  method        from       
  throw.default R.methodsS3
[Mon Oct 28 15:31:31 2019]
Finished job 22.
1 of 25 steps (4%) done

[Mon Oct 28 15:31:31 2019]
rule iPCR_merge_bedpe:
    input: /DATA/usr/ludo/projects/LP190425_flySuRE/data/intermediate/LP20191017_Dm12_T01_pipelineOutput/iPCR/T01_B1_T01/07_bedpe_BC/T01_B1_T01_chr2R.bedpe.gz
    output: /DATA/usr/ludo/projects/LP190425_flySuRE/data/intermediate/LP20191017_Dm12_T01_pipelineOutput/iPCR/samples_merged/08_bedpe_merged/chr2R.bedpe.gz
    log: /DATA/usr/ludo/projects/LP190425_flySuRE/data/intermediate/LP20191017_Dm12_T01_pipelineOutput/iPCR/samples_merged/08_bedpe_merged/chr2R.log
    jobid: 21
    reason: Missing output files: /DATA/usr/ludo/projects/LP190425_flySuRE/data/intermediate/LP20191017_Dm12_T01_pipelineOutput/iPCR/samples_merged/08_bedpe_merged/chr2R.bedpe.gz
    wildcards: path=/DATA/usr/ludo/projects/LP190425_flySuRE/data/intermediate/LP20191017_Dm12_T01_pipelineOutput/iPCR, c=chr2R
    threads: 4
    resources: ram=60

/usr/bin/Rscript --vanilla /DATA/usr/ludo/projects/LP190425_flySuRE/code/pipeline/code/merge_bedpe_over_samples.R /DATA/usr/ludo/projects/LP190425_flySuRE/data/intermediate/LP20191017_Dm12_T01_pipelineOutput/iPCR/samples_merged/08_bedpe_merged/chr2R.bedpe.gz /DATA/usr/ludo/projects/LP190425_flySuRE/data/intermediate/LP20191017_Dm12_T01_pipelineOutput/iPCR/samples_merged/08_bedpe_merged/chr2R.log /DATA/usr/ludo/projects/LP190425_flySuRE/data/intermediate/LP20191017_Dm12_T01_pipelineOutput/iPCR/T01_B1_T01/07_bedpe_BC/T01_B1_T01_chr2R.bedpe.gz
Registered S3 method overwritten by 'R.oo':
  method        from       
  throw.default R.methodsS3
[Mon Oct 28 15:42:16 2019]
Finished job 23.
2 of 25 steps (8%) done

[Mon Oct 28 15:42:16 2019]
rule iPCR_merge_bedpe:
    input: /DATA/usr/ludo/projects/LP190425_flySuRE/data/intermediate/LP20191017_Dm12_T01_pipelineOutput/iPCR/T01_B1_T01/07_bedpe_BC/T01_B1_T01_chr2L.bedpe.gz
    output: /DATA/usr/ludo/projects/LP190425_flySuRE/data/intermediate/LP20191017_Dm12_T01_pipelineOutput/iPCR/samples_merged/08_bedpe_merged/chr2L.bedpe.gz
    log: /DATA/usr/ludo/projects/LP190425_flySuRE/data/intermediate/LP20191017_Dm12_T01_pipelineOutput/iPCR/samples_merged/08_bedpe_merged/chr2L.log
    jobid: 20
    reason: Missing output files: /DATA/usr/ludo/projects/LP190425_flySuRE/data/intermediate/LP20191017_Dm12_T01_pipelineOutput/iPCR/samples_merged/08_bedpe_merged/chr2L.bedpe.gz
    wildcards: path=/DATA/usr/ludo/projects/LP190425_flySuRE/data/intermediate/LP20191017_Dm12_T01_pipelineOutput/iPCR, c=chr2L
    threads: 4
    resources: ram=60

/usr/bin/Rscript --vanilla /DATA/usr/ludo/projects/LP190425_flySuRE/code/pipeline/code/merge_bedpe_over_samples.R /DATA/usr/ludo/projects/LP190425_flySuRE/data/intermediate/LP20191017_Dm12_T01_pipelineOutput/iPCR/samples_merged/08_bedpe_merged/chr2L.bedpe.gz /DATA/usr/ludo/projects/LP190425_flySuRE/data/intermediate/LP20191017_Dm12_T01_pipelineOutput/iPCR/samples_merged/08_bedpe_merged/chr2L.log /DATA/usr/ludo/projects/LP190425_flySuRE/data/intermediate/LP20191017_Dm12_T01_pipelineOutput/iPCR/T01_B1_T01/07_bedpe_BC/T01_B1_T01_chr2L.bedpe.gz
Registered S3 method overwritten by 'R.oo':
  method        from       
  throw.default R.methodsS3
[Mon Oct 28 15:56:57 2019]
Finished job 21.
3 of 25 steps (12%) done

[Mon Oct 28 15:56:57 2019]
rule merge_ipcr_cdna:
    input: /DATA/usr/ludo/projects/LP190425_flySuRE/data/intermediate/LP20191017_Dm12_T01_pipelineOutput/cDNA/T01_B1_T1/T01_B1_T1_trimmed_table.txt.gz, /DATA/usr/ludo/projects/LP190425_flySuRE/data/intermediate/LP20191017_Dm12_T01_pipelineOutput/iPCR/samples_merged/08_bedpe_merged/chr3L.bedpe.gz
    output: /DATA/usr/ludo/projects/LP190425_flySuRE/data/intermediate/LP20191017_Dm12_T01_pipelineOutput/count_tables/09_ipcr_cdna_merged/chr3L.bedpe.gz, /DATA/usr/ludo/projects/LP190425_flySuRE/data/intermediate/LP20191017_Dm12_T01_pipelineOutput/count_tables/09_ipcr_cdna_merged/chr3L.log
    jobid: 15
    reason: Missing output files: /DATA/usr/ludo/projects/LP190425_flySuRE/data/intermediate/LP20191017_Dm12_T01_pipelineOutput/count_tables/09_ipcr_cdna_merged/chr3L.bedpe.gz; Input files updated by another job: /DATA/usr/ludo/projects/LP190425_flySuRE/data/intermediate/LP20191017_Dm12_T01_pipelineOutput/iPCR/samples_merged/08_bedpe_merged/chr3L.bedpe.gz
    wildcards: c=chr3L
    resources: ram=40

/usr/bin/Rscript --vanilla /DATA/usr/ludo/projects/LP190425_flySuRE/code/pipeline/code/merge_iPCR_cDNA.R /DATA/usr/ludo/projects/LP190425_flySuRE/data/intermediate/LP20191017_Dm12_T01_pipelineOutput/count_tables/09_ipcr_cdna_merged/chr3L.bedpe.gz /DATA/usr/ludo/projects/LP190425_flySuRE/data/intermediate/LP20191017_Dm12_T01_pipelineOutput/count_tables/09_ipcr_cdna_merged/chr3L.log /DATA/usr/ludo/projects/LP190425_flySuRE/data/intermediate/LP20191017_Dm12_T01_pipelineOutput/iPCR/samples_merged/08_bedpe_merged/chr3L.bedpe.gz /DATA/usr/ludo/projects/LP190425_flySuRE/data/intermediate/LP20191017_Dm12_T01_pipelineOutput/cDNA/T01_B1_T1/T01_B1_T1_trimmed_table.txt.gz

[Mon Oct 28 15:56:57 2019]
rule merge_ipcr_cdna:
    input: /DATA/usr/ludo/projects/LP190425_flySuRE/data/intermediate/LP20191017_Dm12_T01_pipelineOutput/cDNA/T01_B1_T1/T01_B1_T1_trimmed_table.txt.gz, /DATA/usr/ludo/projects/LP190425_flySuRE/data/intermediate/LP20191017_Dm12_T01_pipelineOutput/iPCR/samples_merged/08_bedpe_merged/chr3R.bedpe.gz
    output: /DATA/usr/ludo/projects/LP190425_flySuRE/data/intermediate/LP20191017_Dm12_T01_pipelineOutput/count_tables/09_ipcr_cdna_merged/chr3R.bedpe.gz, /DATA/usr/ludo/projects/LP190425_flySuRE/data/intermediate/LP20191017_Dm12_T01_pipelineOutput/count_tables/09_ipcr_cdna_merged/chr3R.log
    jobid: 16
    reason: Missing output files: /DATA/usr/ludo/projects/LP190425_flySuRE/data/intermediate/LP20191017_Dm12_T01_pipelineOutput/count_tables/09_ipcr_cdna_merged/chr3R.bedpe.gz; Input files updated by another job: /DATA/usr/ludo/projects/LP190425_flySuRE/data/intermediate/LP20191017_Dm12_T01_pipelineOutput/iPCR/samples_merged/08_bedpe_merged/chr3R.bedpe.gz
    wildcards: c=chr3R
    resources: ram=40

/usr/bin/Rscript --vanilla /DATA/usr/ludo/projects/LP190425_flySuRE/code/pipeline/code/merge_iPCR_cDNA.R /DATA/usr/ludo/projects/LP190425_flySuRE/data/intermediate/LP20191017_Dm12_T01_pipelineOutput/count_tables/09_ipcr_cdna_merged/chr3R.bedpe.gz /DATA/usr/ludo/projects/LP190425_flySuRE/data/intermediate/LP20191017_Dm12_T01_pipelineOutput/count_tables/09_ipcr_cdna_merged/chr3R.log /DATA/usr/ludo/projects/LP190425_flySuRE/data/intermediate/LP20191017_Dm12_T01_pipelineOutput/iPCR/samples_merged/08_bedpe_merged/chr3R.bedpe.gz /DATA/usr/ludo/projects/LP190425_flySuRE/data/intermediate/LP20191017_Dm12_T01_pipelineOutput/cDNA/T01_B1_T1/T01_B1_T1_trimmed_table.txt.gz
Loading required package: R.oo
Loading required package: R.methodsS3
R.methodsS3 v1.7.1 (2016-02-15) successfully loaded. See ?R.methodsS3 for help.
Loading required package: R.oo
Loading required package: R.methodsS3
Registered S3 method overwritten by 'R.oo':
  method        from       
  throw.default R.methodsS3
R.methodsS3 v1.7.1 (2016-02-15) successfully loaded. See ?R.methodsS3 for help.
R.oo v1.22.0 (2018-04-21) successfully loaded. See ?R.oo for help.

Attaching package: 'R.oo'

The following objects are masked from 'package:methods':

    getClasses, getMethods

The following objects are masked from 'package:base':

    attach, detach, gc, load, save

Registered S3 method overwritten by 'R.oo':
  method        from       
  throw.default R.methodsS3
R.oo v1.22.0 (2018-04-21) successfully loaded. See ?R.oo for help.

Attaching package: 'R.oo'

The following objects are masked from 'package:methods':

    getClasses, getMethods

The following objects are masked from 'package:base':

    attach, detach, gc, load, save

R.utils v2.8.0 successfully loaded. See ?R.utils for help.

Attaching package: 'R.utils'

The following object is masked from 'package:utils':

    timestamp

The following objects are masked from 'package:base':

    cat, commandArgs, getOption, inherits, isOpen, nullfile, parse,
    warnings

R.utils v2.8.0 successfully loaded. See ?R.utils for help.

Attaching package: 'R.utils'

The following object is masked from 'package:utils':

    timestamp

The following objects are masked from 'package:base':

    cat, commandArgs, getOption, inherits, isOpen, nullfile, parse,
    warnings

[Mon Oct 28 15:59:12 2019]
Finished job 15.
4 of 25 steps (16%) done

[Mon Oct 28 15:59:12 2019]
rule merge_ipcr_cdna:
    input: /DATA/usr/ludo/projects/LP190425_flySuRE/data/intermediate/LP20191017_Dm12_T01_pipelineOutput/cDNA/T01_B1_T1/T01_B1_T1_trimmed_table.txt.gz, /DATA/usr/ludo/projects/LP190425_flySuRE/data/intermediate/LP20191017_Dm12_T01_pipelineOutput/iPCR/samples_merged/08_bedpe_merged/chr2R.bedpe.gz
    output: /DATA/usr/ludo/projects/LP190425_flySuRE/data/intermediate/LP20191017_Dm12_T01_pipelineOutput/count_tables/09_ipcr_cdna_merged/chr2R.bedpe.gz, /DATA/usr/ludo/projects/LP190425_flySuRE/data/intermediate/LP20191017_Dm12_T01_pipelineOutput/count_tables/09_ipcr_cdna_merged/chr2R.log
    jobid: 14
    reason: Missing output files: /DATA/usr/ludo/projects/LP190425_flySuRE/data/intermediate/LP20191017_Dm12_T01_pipelineOutput/count_tables/09_ipcr_cdna_merged/chr2R.bedpe.gz; Input files updated by another job: /DATA/usr/ludo/projects/LP190425_flySuRE/data/intermediate/LP20191017_Dm12_T01_pipelineOutput/iPCR/samples_merged/08_bedpe_merged/chr2R.bedpe.gz
    wildcards: c=chr2R
    resources: ram=40

/usr/bin/Rscript --vanilla /DATA/usr/ludo/projects/LP190425_flySuRE/code/pipeline/code/merge_iPCR_cDNA.R /DATA/usr/ludo/projects/LP190425_flySuRE/data/intermediate/LP20191017_Dm12_T01_pipelineOutput/count_tables/09_ipcr_cdna_merged/chr2R.bedpe.gz /DATA/usr/ludo/projects/LP190425_flySuRE/data/intermediate/LP20191017_Dm12_T01_pipelineOutput/count_tables/09_ipcr_cdna_merged/chr2R.log /DATA/usr/ludo/projects/LP190425_flySuRE/data/intermediate/LP20191017_Dm12_T01_pipelineOutput/iPCR/samples_merged/08_bedpe_merged/chr2R.bedpe.gz /DATA/usr/ludo/projects/LP190425_flySuRE/data/intermediate/LP20191017_Dm12_T01_pipelineOutput/cDNA/T01_B1_T1/T01_B1_T1_trimmed_table.txt.gz
Loading required package: R.oo
Loading required package: R.methodsS3
R.methodsS3 v1.7.1 (2016-02-15) successfully loaded. See ?R.methodsS3 for help.
Registered S3 method overwritten by 'R.oo':
  method        from       
  throw.default R.methodsS3
R.oo v1.22.0 (2018-04-21) successfully loaded. See ?R.oo for help.

Attaching package: 'R.oo'

The following objects are masked from 'package:methods':

    getClasses, getMethods

The following objects are masked from 'package:base':

    attach, detach, gc, load, save

R.utils v2.8.0 successfully loaded. See ?R.utils for help.

Attaching package: 'R.utils'

The following object is masked from 'package:utils':

    timestamp

The following objects are masked from 'package:base':

    cat, commandArgs, getOption, inherits, isOpen, nullfile, parse,
    warnings

[Mon Oct 28 15:59:25 2019]
Finished job 16.
5 of 25 steps (20%) done

[Mon Oct 28 15:59:25 2019]
rule reverse_liftover:
    input: /DATA/usr/ludo/projects/LP190425_flySuRE/data/intermediate/LP20191017_Dm12_T01_pipelineOutput/count_tables/09_ipcr_cdna_merged/chr3R.bedpe.gz, /home/ludo/projects/LP190425_flySuRE/data/processed/LP20191008_VCF_per_sample/chain/T01_LP20191028_reverse.chain
    output: /DATA/usr/ludo/projects/LP190425_flySuRE/data/intermediate/LP20191017_Dm12_T01_pipelineOutput/count_tables/10_reverse_liftover/chr3R.bedpe.gz, /DATA/usr/ludo/projects/LP190425_flySuRE/data/intermediate/LP20191017_Dm12_T01_pipelineOutput/count_tables/10_reverse_liftover/chr3R.log
    jobid: 10
    reason: Missing output files: /DATA/usr/ludo/projects/LP190425_flySuRE/data/intermediate/LP20191017_Dm12_T01_pipelineOutput/count_tables/10_reverse_liftover/chr3R.bedpe.gz; Input files updated by another job: /DATA/usr/ludo/projects/LP190425_flySuRE/data/intermediate/LP20191017_Dm12_T01_pipelineOutput/count_tables/09_ipcr_cdna_merged/chr3R.bedpe.gz
    wildcards: c=chr3R
    resources: ram=30

python /DATA/usr/ludo/projects/LP190425_flySuRE/code/pipeline/code/liftover_reverse.py --inn /DATA/usr/ludo/projects/LP190425_flySuRE/data/intermediate/LP20191017_Dm12_T01_pipelineOutput/count_tables/09_ipcr_cdna_merged/chr3R.bedpe.gz --chainfile /home/ludo/projects/LP190425_flySuRE/data/processed/LP20191008_VCF_per_sample/chain/T01_LP20191028_reverse.chain --out /DATA/usr/ludo/projects/LP190425_flySuRE/data/intermediate/LP20191017_Dm12_T01_pipelineOutput/count_tables/10_reverse_liftover/chr3R.bedpe.gz --log /DATA/usr/ludo/projects/LP190425_flySuRE/data/intermediate/LP20191017_Dm12_T01_pipelineOutput/count_tables/10_reverse_liftover/chr3R.log
Activating conda environment: /DATA/usr/ludo/projects/LP190425_flySuRE/analyses/LP20191017_processing_cDNA_iPCR/.snakemake/conda/a8e43192
[Mon Oct 28 16:01:13 2019]
Finished job 14.
6 of 25 steps (24%) done

[Mon Oct 28 16:01:13 2019]
rule reverse_liftover:
    input: /DATA/usr/ludo/projects/LP190425_flySuRE/data/intermediate/LP20191017_Dm12_T01_pipelineOutput/count_tables/09_ipcr_cdna_merged/chr3L.bedpe.gz, /home/ludo/projects/LP190425_flySuRE/data/processed/LP20191008_VCF_per_sample/chain/T01_LP20191028_reverse.chain
    output: /DATA/usr/ludo/projects/LP190425_flySuRE/data/intermediate/LP20191017_Dm12_T01_pipelineOutput/count_tables/10_reverse_liftover/chr3L.bedpe.gz, /DATA/usr/ludo/projects/LP190425_flySuRE/data/intermediate/LP20191017_Dm12_T01_pipelineOutput/count_tables/10_reverse_liftover/chr3L.log
    jobid: 9
    reason: Missing output files: /DATA/usr/ludo/projects/LP190425_flySuRE/data/intermediate/LP20191017_Dm12_T01_pipelineOutput/count_tables/10_reverse_liftover/chr3L.bedpe.gz; Input files updated by another job: /DATA/usr/ludo/projects/LP190425_flySuRE/data/intermediate/LP20191017_Dm12_T01_pipelineOutput/count_tables/09_ipcr_cdna_merged/chr3L.bedpe.gz
    wildcards: c=chr3L
    resources: ram=30

python /DATA/usr/ludo/projects/LP190425_flySuRE/code/pipeline/code/liftover_reverse.py --inn /DATA/usr/ludo/projects/LP190425_flySuRE/data/intermediate/LP20191017_Dm12_T01_pipelineOutput/count_tables/09_ipcr_cdna_merged/chr3L.bedpe.gz --chainfile /home/ludo/projects/LP190425_flySuRE/data/processed/LP20191008_VCF_per_sample/chain/T01_LP20191028_reverse.chain --out /DATA/usr/ludo/projects/LP190425_flySuRE/data/intermediate/LP20191017_Dm12_T01_pipelineOutput/count_tables/10_reverse_liftover/chr3L.bedpe.gz --log /DATA/usr/ludo/projects/LP190425_flySuRE/data/intermediate/LP20191017_Dm12_T01_pipelineOutput/count_tables/10_reverse_liftover/chr3L.log

[Mon Oct 28 16:01:13 2019]
rule reverse_liftover:
    input: /DATA/usr/ludo/projects/LP190425_flySuRE/data/intermediate/LP20191017_Dm12_T01_pipelineOutput/count_tables/09_ipcr_cdna_merged/chr2R.bedpe.gz, /home/ludo/projects/LP190425_flySuRE/data/processed/LP20191008_VCF_per_sample/chain/T01_LP20191028_reverse.chain
    output: /DATA/usr/ludo/projects/LP190425_flySuRE/data/intermediate/LP20191017_Dm12_T01_pipelineOutput/count_tables/10_reverse_liftover/chr2R.bedpe.gz, /DATA/usr/ludo/projects/LP190425_flySuRE/data/intermediate/LP20191017_Dm12_T01_pipelineOutput/count_tables/10_reverse_liftover/chr2R.log
    jobid: 8
    reason: Missing output files: /DATA/usr/ludo/projects/LP190425_flySuRE/data/intermediate/LP20191017_Dm12_T01_pipelineOutput/count_tables/10_reverse_liftover/chr2R.bedpe.gz; Input files updated by another job: /DATA/usr/ludo/projects/LP190425_flySuRE/data/intermediate/LP20191017_Dm12_T01_pipelineOutput/count_tables/09_ipcr_cdna_merged/chr2R.bedpe.gz
    wildcards: c=chr2R
    resources: ram=30

python /DATA/usr/ludo/projects/LP190425_flySuRE/code/pipeline/code/liftover_reverse.py --inn /DATA/usr/ludo/projects/LP190425_flySuRE/data/intermediate/LP20191017_Dm12_T01_pipelineOutput/count_tables/09_ipcr_cdna_merged/chr2R.bedpe.gz --chainfile /home/ludo/projects/LP190425_flySuRE/data/processed/LP20191008_VCF_per_sample/chain/T01_LP20191028_reverse.chain --out /DATA/usr/ludo/projects/LP190425_flySuRE/data/intermediate/LP20191017_Dm12_T01_pipelineOutput/count_tables/10_reverse_liftover/chr2R.bedpe.gz --log /DATA/usr/ludo/projects/LP190425_flySuRE/data/intermediate/LP20191017_Dm12_T01_pipelineOutput/count_tables/10_reverse_liftover/chr2R.log
Activating conda environment: /DATA/usr/ludo/projects/LP190425_flySuRE/analyses/LP20191017_processing_cDNA_iPCR/.snakemake/conda/a8e43192
Activating conda environment: /DATA/usr/ludo/projects/LP190425_flySuRE/analyses/LP20191017_processing_cDNA_iPCR/.snakemake/conda/a8e43192
[Mon Oct 28 16:05:15 2019]
Finished job 20.
7 of 25 steps (28%) done

[Mon Oct 28 16:05:15 2019]
rule merge_ipcr_cdna:
    input: /DATA/usr/ludo/projects/LP190425_flySuRE/data/intermediate/LP20191017_Dm12_T01_pipelineOutput/cDNA/T01_B1_T1/T01_B1_T1_trimmed_table.txt.gz, /DATA/usr/ludo/projects/LP190425_flySuRE/data/intermediate/LP20191017_Dm12_T01_pipelineOutput/iPCR/samples_merged/08_bedpe_merged/chr2L.bedpe.gz
    output: /DATA/usr/ludo/projects/LP190425_flySuRE/data/intermediate/LP20191017_Dm12_T01_pipelineOutput/count_tables/09_ipcr_cdna_merged/chr2L.bedpe.gz, /DATA/usr/ludo/projects/LP190425_flySuRE/data/intermediate/LP20191017_Dm12_T01_pipelineOutput/count_tables/09_ipcr_cdna_merged/chr2L.log
    jobid: 13
    reason: Missing output files: /DATA/usr/ludo/projects/LP190425_flySuRE/data/intermediate/LP20191017_Dm12_T01_pipelineOutput/count_tables/09_ipcr_cdna_merged/chr2L.bedpe.gz; Input files updated by another job: /DATA/usr/ludo/projects/LP190425_flySuRE/data/intermediate/LP20191017_Dm12_T01_pipelineOutput/iPCR/samples_merged/08_bedpe_merged/chr2L.bedpe.gz
    wildcards: c=chr2L
    resources: ram=40

/usr/bin/Rscript --vanilla /DATA/usr/ludo/projects/LP190425_flySuRE/code/pipeline/code/merge_iPCR_cDNA.R /DATA/usr/ludo/projects/LP190425_flySuRE/data/intermediate/LP20191017_Dm12_T01_pipelineOutput/count_tables/09_ipcr_cdna_merged/chr2L.bedpe.gz /DATA/usr/ludo/projects/LP190425_flySuRE/data/intermediate/LP20191017_Dm12_T01_pipelineOutput/count_tables/09_ipcr_cdna_merged/chr2L.log /DATA/usr/ludo/projects/LP190425_flySuRE/data/intermediate/LP20191017_Dm12_T01_pipelineOutput/iPCR/samples_merged/08_bedpe_merged/chr2L.bedpe.gz /DATA/usr/ludo/projects/LP190425_flySuRE/data/intermediate/LP20191017_Dm12_T01_pipelineOutput/cDNA/T01_B1_T1/T01_B1_T1_trimmed_table.txt.gz
Loading required package: R.oo
Loading required package: R.methodsS3
R.methodsS3 v1.7.1 (2016-02-15) successfully loaded. See ?R.methodsS3 for help.
Registered S3 method overwritten by 'R.oo':
  method        from       
  throw.default R.methodsS3
R.oo v1.22.0 (2018-04-21) successfully loaded. See ?R.oo for help.

Attaching package: 'R.oo'

The following objects are masked from 'package:methods':

    getClasses, getMethods

The following objects are masked from 'package:base':

    attach, detach, gc, load, save

R.utils v2.8.0 successfully loaded. See ?R.utils for help.

Attaching package: 'R.utils'

The following object is masked from 'package:utils':

    timestamp

The following objects are masked from 'package:base':

    cat, commandArgs, getOption, inherits, isOpen, nullfile, parse,
    warnings

[Mon Oct 28 16:07:10 2019]
Finished job 13.
8 of 25 steps (32%) done

[Mon Oct 28 16:07:10 2019]
rule reverse_liftover:
    input: /DATA/usr/ludo/projects/LP190425_flySuRE/data/intermediate/LP20191017_Dm12_T01_pipelineOutput/count_tables/09_ipcr_cdna_merged/chr2L.bedpe.gz, /home/ludo/projects/LP190425_flySuRE/data/processed/LP20191008_VCF_per_sample/chain/T01_LP20191028_reverse.chain
    output: /DATA/usr/ludo/projects/LP190425_flySuRE/data/intermediate/LP20191017_Dm12_T01_pipelineOutput/count_tables/10_reverse_liftover/chr2L.bedpe.gz, /DATA/usr/ludo/projects/LP190425_flySuRE/data/intermediate/LP20191017_Dm12_T01_pipelineOutput/count_tables/10_reverse_liftover/chr2L.log
    jobid: 7
    reason: Missing output files: /DATA/usr/ludo/projects/LP190425_flySuRE/data/intermediate/LP20191017_Dm12_T01_pipelineOutput/count_tables/10_reverse_liftover/chr2L.bedpe.gz; Input files updated by another job: /DATA/usr/ludo/projects/LP190425_flySuRE/data/intermediate/LP20191017_Dm12_T01_pipelineOutput/count_tables/09_ipcr_cdna_merged/chr2L.bedpe.gz
    wildcards: c=chr2L
    resources: ram=30

python /DATA/usr/ludo/projects/LP190425_flySuRE/code/pipeline/code/liftover_reverse.py --inn /DATA/usr/ludo/projects/LP190425_flySuRE/data/intermediate/LP20191017_Dm12_T01_pipelineOutput/count_tables/09_ipcr_cdna_merged/chr2L.bedpe.gz --chainfile /home/ludo/projects/LP190425_flySuRE/data/processed/LP20191008_VCF_per_sample/chain/T01_LP20191028_reverse.chain --out /DATA/usr/ludo/projects/LP190425_flySuRE/data/intermediate/LP20191017_Dm12_T01_pipelineOutput/count_tables/10_reverse_liftover/chr2L.bedpe.gz --log /DATA/usr/ludo/projects/LP190425_flySuRE/data/intermediate/LP20191017_Dm12_T01_pipelineOutput/count_tables/10_reverse_liftover/chr2L.log
Activating conda environment: /DATA/usr/ludo/projects/LP190425_flySuRE/analyses/LP20191017_processing_cDNA_iPCR/.snakemake/conda/a8e43192
command: /DATA/usr/ludo/projects/LP190425_flySuRE/code/pipeline/code/liftover_reverse.py --inn /DATA/usr/ludo/projects/LP190425_flySuRE/data/intermediate/LP20191017_Dm12_T01_pipelineOutput/count_tables/09_ipcr_cdna_merged/chr2R.bedpe.gz --chainfile /home/ludo/projects/LP190425_flySuRE/data/processed/LP20191008_VCF_per_sample/chain/T01_LP20191028_reverse.chain --out /DATA/usr/ludo/projects/LP190425_flySuRE/data/intermediate/LP20191017_Dm12_T01_pipelineOutput/count_tables/10_reverse_liftover/chr2R.bedpe.gz --log /DATA/usr/ludo/projects/LP190425_flySuRE/data/intermediate/LP20191017_Dm12_T01_pipelineOutput/count_tables/10_reverse_liftover/chr2R.log
[Mon Oct 28 16:13:09 2019]
Finished job 8.
9 of 25 steps (36%) done

[Mon Oct 28 16:13:09 2019]
rule sort_cnt_tbls:
    input: /DATA/usr/ludo/projects/LP190425_flySuRE/data/intermediate/LP20191017_Dm12_T01_pipelineOutput/count_tables/10_reverse_liftover/chr2R.bedpe.gz
    output: /DATA/usr/ludo/projects/LP190425_flySuRE/data/intermediate/LP20191017_Dm12_T01_pipelineOutput/count_tables/11_sorted/chr2R.bedpe.gz
    jobid: 2
    reason: Missing output files: /DATA/usr/ludo/projects/LP190425_flySuRE/data/intermediate/LP20191017_Dm12_T01_pipelineOutput/count_tables/11_sorted/chr2R.bedpe.gz; Input files updated by another job: /DATA/usr/ludo/projects/LP190425_flySuRE/data/intermediate/LP20191017_Dm12_T01_pipelineOutput/count_tables/10_reverse_liftover/chr2R.bedpe.gz
    wildcards: c=chr2R
    threads: 5
    resources: ram=50

zcat /DATA/usr/ludo/projects/LP190425_flySuRE/data/intermediate/LP20191017_Dm12_T01_pipelineOutput/count_tables/10_reverse_liftover/chr2R.bedpe.gz | /DATA/usr/ludo/projects/LP190425_flySuRE/code/pipeline/code/sort_cnt_tbls.sh > /DATA/usr/ludo/projects/LP190425_flySuRE/data/intermediate/LP20191017_Dm12_T01_pipelineOutput/count_tables/11_sorted/chr2R.bedpe.gz
Activating conda environment: /DATA/usr/ludo/projects/LP190425_flySuRE/analyses/LP20191017_processing_cDNA_iPCR/.snakemake/conda/a8e43192
command: /DATA/usr/ludo/projects/LP190425_flySuRE/code/pipeline/code/liftover_reverse.py --inn /DATA/usr/ludo/projects/LP190425_flySuRE/data/intermediate/LP20191017_Dm12_T01_pipelineOutput/count_tables/09_ipcr_cdna_merged/chr3L.bedpe.gz --chainfile /home/ludo/projects/LP190425_flySuRE/data/processed/LP20191008_VCF_per_sample/chain/T01_LP20191028_reverse.chain --out /DATA/usr/ludo/projects/LP190425_flySuRE/data/intermediate/LP20191017_Dm12_T01_pipelineOutput/count_tables/10_reverse_liftover/chr3L.bedpe.gz --log /DATA/usr/ludo/projects/LP190425_flySuRE/data/intermediate/LP20191017_Dm12_T01_pipelineOutput/count_tables/10_reverse_liftover/chr3L.log
[Mon Oct 28 16:14:06 2019]
Finished job 9.
10 of 25 steps (40%) done
command: /DATA/usr/ludo/projects/LP190425_flySuRE/code/pipeline/code/liftover_reverse.py --inn /DATA/usr/ludo/projects/LP190425_flySuRE/data/intermediate/LP20191017_Dm12_T01_pipelineOutput/count_tables/09_ipcr_cdna_merged/chr3R.bedpe.gz --chainfile /home/ludo/projects/LP190425_flySuRE/data/processed/LP20191008_VCF_per_sample/chain/T01_LP20191028_reverse.chain --out /DATA/usr/ludo/projects/LP190425_flySuRE/data/intermediate/LP20191017_Dm12_T01_pipelineOutput/count_tables/10_reverse_liftover/chr3R.bedpe.gz --log /DATA/usr/ludo/projects/LP190425_flySuRE/data/intermediate/LP20191017_Dm12_T01_pipelineOutput/count_tables/10_reverse_liftover/chr3R.log
[Mon Oct 28 16:14:07 2019]
Finished job 10.
11 of 25 steps (44%) done

[Mon Oct 28 16:14:07 2019]
rule sort_cnt_tbls:
    input: /DATA/usr/ludo/projects/LP190425_flySuRE/data/intermediate/LP20191017_Dm12_T01_pipelineOutput/count_tables/10_reverse_liftover/chr3R.bedpe.gz
    output: /DATA/usr/ludo/projects/LP190425_flySuRE/data/intermediate/LP20191017_Dm12_T01_pipelineOutput/count_tables/11_sorted/chr3R.bedpe.gz
    jobid: 4
    reason: Missing output files: /DATA/usr/ludo/projects/LP190425_flySuRE/data/intermediate/LP20191017_Dm12_T01_pipelineOutput/count_tables/11_sorted/chr3R.bedpe.gz; Input files updated by another job: /DATA/usr/ludo/projects/LP190425_flySuRE/data/intermediate/LP20191017_Dm12_T01_pipelineOutput/count_tables/10_reverse_liftover/chr3R.bedpe.gz
    wildcards: c=chr3R
    threads: 5
    resources: ram=50

zcat /DATA/usr/ludo/projects/LP190425_flySuRE/data/intermediate/LP20191017_Dm12_T01_pipelineOutput/count_tables/10_reverse_liftover/chr3R.bedpe.gz | /DATA/usr/ludo/projects/LP190425_flySuRE/code/pipeline/code/sort_cnt_tbls.sh > /DATA/usr/ludo/projects/LP190425_flySuRE/data/intermediate/LP20191017_Dm12_T01_pipelineOutput/count_tables/11_sorted/chr3R.bedpe.gz
Activating conda environment: /DATA/usr/ludo/projects/LP190425_flySuRE/analyses/LP20191017_processing_cDNA_iPCR/.snakemake/conda/a8e43192
[Mon Oct 28 16:16:47 2019]
Finished job 2.
12 of 25 steps (48%) done

[Mon Oct 28 16:16:47 2019]
rule sort_cnt_tbls:
    input: /DATA/usr/ludo/projects/LP190425_flySuRE/data/intermediate/LP20191017_Dm12_T01_pipelineOutput/count_tables/10_reverse_liftover/chr3L.bedpe.gz
    output: /DATA/usr/ludo/projects/LP190425_flySuRE/data/intermediate/LP20191017_Dm12_T01_pipelineOutput/count_tables/11_sorted/chr3L.bedpe.gz
    jobid: 3
    reason: Missing output files: /DATA/usr/ludo/projects/LP190425_flySuRE/data/intermediate/LP20191017_Dm12_T01_pipelineOutput/count_tables/11_sorted/chr3L.bedpe.gz; Input files updated by another job: /DATA/usr/ludo/projects/LP190425_flySuRE/data/intermediate/LP20191017_Dm12_T01_pipelineOutput/count_tables/10_reverse_liftover/chr3L.bedpe.gz
    wildcards: c=chr3L
    threads: 5
    resources: ram=50

zcat /DATA/usr/ludo/projects/LP190425_flySuRE/data/intermediate/LP20191017_Dm12_T01_pipelineOutput/count_tables/10_reverse_liftover/chr3L.bedpe.gz | /DATA/usr/ludo/projects/LP190425_flySuRE/code/pipeline/code/sort_cnt_tbls.sh > /DATA/usr/ludo/projects/LP190425_flySuRE/data/intermediate/LP20191017_Dm12_T01_pipelineOutput/count_tables/11_sorted/chr3L.bedpe.gz
Activating conda environment: /DATA/usr/ludo/projects/LP190425_flySuRE/analyses/LP20191017_processing_cDNA_iPCR/.snakemake/conda/a8e43192
[Mon Oct 28 16:17:55 2019]
Finished job 4.
13 of 25 steps (52%) done

[Mon Oct 28 16:17:55 2019]
rule iPCR_merge_bedpe:
    input: /DATA/usr/ludo/projects/LP190425_flySuRE/data/intermediate/LP20191017_Dm12_T01_pipelineOutput/iPCR/T01_B1_T01/07_bedpe_BC/T01_B1_T01_chr4.bedpe.gz
    output: /DATA/usr/ludo/projects/LP190425_flySuRE/data/intermediate/LP20191017_Dm12_T01_pipelineOutput/iPCR/samples_merged/08_bedpe_merged/chr4.bedpe.gz
    log: /DATA/usr/ludo/projects/LP190425_flySuRE/data/intermediate/LP20191017_Dm12_T01_pipelineOutput/iPCR/samples_merged/08_bedpe_merged/chr4.log
    jobid: 24
    reason: Missing output files: /DATA/usr/ludo/projects/LP190425_flySuRE/data/intermediate/LP20191017_Dm12_T01_pipelineOutput/iPCR/samples_merged/08_bedpe_merged/chr4.bedpe.gz
    wildcards: path=/DATA/usr/ludo/projects/LP190425_flySuRE/data/intermediate/LP20191017_Dm12_T01_pipelineOutput/iPCR, c=chr4
    threads: 4
    resources: ram=60

/usr/bin/Rscript --vanilla /DATA/usr/ludo/projects/LP190425_flySuRE/code/pipeline/code/merge_bedpe_over_samples.R /DATA/usr/ludo/projects/LP190425_flySuRE/data/intermediate/LP20191017_Dm12_T01_pipelineOutput/iPCR/samples_merged/08_bedpe_merged/chr4.bedpe.gz /DATA/usr/ludo/projects/LP190425_flySuRE/data/intermediate/LP20191017_Dm12_T01_pipelineOutput/iPCR/samples_merged/08_bedpe_merged/chr4.log /DATA/usr/ludo/projects/LP190425_flySuRE/data/intermediate/LP20191017_Dm12_T01_pipelineOutput/iPCR/T01_B1_T01/07_bedpe_BC/T01_B1_T01_chr4.bedpe.gz
Registered S3 method overwritten by 'R.oo':
  method        from       
  throw.default R.methodsS3
[Mon Oct 28 16:18:43 2019]
Finished job 24.
14 of 25 steps (56%) done

[Mon Oct 28 16:18:43 2019]
rule merge_ipcr_cdna:
    input: /DATA/usr/ludo/projects/LP190425_flySuRE/data/intermediate/LP20191017_Dm12_T01_pipelineOutput/cDNA/T01_B1_T1/T01_B1_T1_trimmed_table.txt.gz, /DATA/usr/ludo/projects/LP190425_flySuRE/data/intermediate/LP20191017_Dm12_T01_pipelineOutput/iPCR/samples_merged/08_bedpe_merged/chr4.bedpe.gz
    output: /DATA/usr/ludo/projects/LP190425_flySuRE/data/intermediate/LP20191017_Dm12_T01_pipelineOutput/count_tables/09_ipcr_cdna_merged/chr4.bedpe.gz, /DATA/usr/ludo/projects/LP190425_flySuRE/data/intermediate/LP20191017_Dm12_T01_pipelineOutput/count_tables/09_ipcr_cdna_merged/chr4.log
    jobid: 17
    reason: Missing output files: /DATA/usr/ludo/projects/LP190425_flySuRE/data/intermediate/LP20191017_Dm12_T01_pipelineOutput/count_tables/09_ipcr_cdna_merged/chr4.bedpe.gz; Input files updated by another job: /DATA/usr/ludo/projects/LP190425_flySuRE/data/intermediate/LP20191017_Dm12_T01_pipelineOutput/iPCR/samples_merged/08_bedpe_merged/chr4.bedpe.gz
    wildcards: c=chr4
    resources: ram=40

/usr/bin/Rscript --vanilla /DATA/usr/ludo/projects/LP190425_flySuRE/code/pipeline/code/merge_iPCR_cDNA.R /DATA/usr/ludo/projects/LP190425_flySuRE/data/intermediate/LP20191017_Dm12_T01_pipelineOutput/count_tables/09_ipcr_cdna_merged/chr4.bedpe.gz /DATA/usr/ludo/projects/LP190425_flySuRE/data/intermediate/LP20191017_Dm12_T01_pipelineOutput/count_tables/09_ipcr_cdna_merged/chr4.log /DATA/usr/ludo/projects/LP190425_flySuRE/data/intermediate/LP20191017_Dm12_T01_pipelineOutput/iPCR/samples_merged/08_bedpe_merged/chr4.bedpe.gz /DATA/usr/ludo/projects/LP190425_flySuRE/data/intermediate/LP20191017_Dm12_T01_pipelineOutput/cDNA/T01_B1_T1/T01_B1_T1_trimmed_table.txt.gz
Loading required package: R.oo
Loading required package: R.methodsS3
R.methodsS3 v1.7.1 (2016-02-15) successfully loaded. See ?R.methodsS3 for help.
Registered S3 method overwritten by 'R.oo':
  method        from       
  throw.default R.methodsS3
R.oo v1.22.0 (2018-04-21) successfully loaded. See ?R.oo for help.

Attaching package: 'R.oo'

The following objects are masked from 'package:methods':

    getClasses, getMethods

The following objects are masked from 'package:base':

    attach, detach, gc, load, save

R.utils v2.8.0 successfully loaded. See ?R.utils for help.

Attaching package: 'R.utils'

The following object is masked from 'package:utils':

    timestamp

The following objects are masked from 'package:base':

    cat, commandArgs, getOption, inherits, isOpen, nullfile, parse,
    warnings

[Mon Oct 28 16:18:46 2019]
Finished job 17.
15 of 25 steps (60%) done

[Mon Oct 28 16:18:46 2019]
rule reverse_liftover:
    input: /DATA/usr/ludo/projects/LP190425_flySuRE/data/intermediate/LP20191017_Dm12_T01_pipelineOutput/count_tables/09_ipcr_cdna_merged/chr4.bedpe.gz, /home/ludo/projects/LP190425_flySuRE/data/processed/LP20191008_VCF_per_sample/chain/T01_LP20191028_reverse.chain
    output: /DATA/usr/ludo/projects/LP190425_flySuRE/data/intermediate/LP20191017_Dm12_T01_pipelineOutput/count_tables/10_reverse_liftover/chr4.bedpe.gz, /DATA/usr/ludo/projects/LP190425_flySuRE/data/intermediate/LP20191017_Dm12_T01_pipelineOutput/count_tables/10_reverse_liftover/chr4.log
    jobid: 11
    reason: Missing output files: /DATA/usr/ludo/projects/LP190425_flySuRE/data/intermediate/LP20191017_Dm12_T01_pipelineOutput/count_tables/10_reverse_liftover/chr4.bedpe.gz; Input files updated by another job: /DATA/usr/ludo/projects/LP190425_flySuRE/data/intermediate/LP20191017_Dm12_T01_pipelineOutput/count_tables/09_ipcr_cdna_merged/chr4.bedpe.gz
    wildcards: c=chr4
    resources: ram=30

python /DATA/usr/ludo/projects/LP190425_flySuRE/code/pipeline/code/liftover_reverse.py --inn /DATA/usr/ludo/projects/LP190425_flySuRE/data/intermediate/LP20191017_Dm12_T01_pipelineOutput/count_tables/09_ipcr_cdna_merged/chr4.bedpe.gz --chainfile /home/ludo/projects/LP190425_flySuRE/data/processed/LP20191008_VCF_per_sample/chain/T01_LP20191028_reverse.chain --out /DATA/usr/ludo/projects/LP190425_flySuRE/data/intermediate/LP20191017_Dm12_T01_pipelineOutput/count_tables/10_reverse_liftover/chr4.bedpe.gz --log /DATA/usr/ludo/projects/LP190425_flySuRE/data/intermediate/LP20191017_Dm12_T01_pipelineOutput/count_tables/10_reverse_liftover/chr4.log
Activating conda environment: /DATA/usr/ludo/projects/LP190425_flySuRE/analyses/LP20191017_processing_cDNA_iPCR/.snakemake/conda/a8e43192
command: /DATA/usr/ludo/projects/LP190425_flySuRE/code/pipeline/code/liftover_reverse.py --inn /DATA/usr/ludo/projects/LP190425_flySuRE/data/intermediate/LP20191017_Dm12_T01_pipelineOutput/count_tables/09_ipcr_cdna_merged/chr4.bedpe.gz --chainfile /home/ludo/projects/LP190425_flySuRE/data/processed/LP20191008_VCF_per_sample/chain/T01_LP20191028_reverse.chain --out /DATA/usr/ludo/projects/LP190425_flySuRE/data/intermediate/LP20191017_Dm12_T01_pipelineOutput/count_tables/10_reverse_liftover/chr4.bedpe.gz --log /DATA/usr/ludo/projects/LP190425_flySuRE/data/intermediate/LP20191017_Dm12_T01_pipelineOutput/count_tables/10_reverse_liftover/chr4.log
[Mon Oct 28 16:19:01 2019]
Finished job 11.
16 of 25 steps (64%) done

[Mon Oct 28 16:19:01 2019]
rule sort_cnt_tbls:
    input: /DATA/usr/ludo/projects/LP190425_flySuRE/data/intermediate/LP20191017_Dm12_T01_pipelineOutput/count_tables/10_reverse_liftover/chr4.bedpe.gz
    output: /DATA/usr/ludo/projects/LP190425_flySuRE/data/intermediate/LP20191017_Dm12_T01_pipelineOutput/count_tables/11_sorted/chr4.bedpe.gz
    jobid: 5
    reason: Missing output files: /DATA/usr/ludo/projects/LP190425_flySuRE/data/intermediate/LP20191017_Dm12_T01_pipelineOutput/count_tables/11_sorted/chr4.bedpe.gz; Input files updated by another job: /DATA/usr/ludo/projects/LP190425_flySuRE/data/intermediate/LP20191017_Dm12_T01_pipelineOutput/count_tables/10_reverse_liftover/chr4.bedpe.gz
    wildcards: c=chr4
    threads: 5
    resources: ram=50

zcat /DATA/usr/ludo/projects/LP190425_flySuRE/data/intermediate/LP20191017_Dm12_T01_pipelineOutput/count_tables/10_reverse_liftover/chr4.bedpe.gz | /DATA/usr/ludo/projects/LP190425_flySuRE/code/pipeline/code/sort_cnt_tbls.sh > /DATA/usr/ludo/projects/LP190425_flySuRE/data/intermediate/LP20191017_Dm12_T01_pipelineOutput/count_tables/11_sorted/chr4.bedpe.gz
Activating conda environment: /DATA/usr/ludo/projects/LP190425_flySuRE/analyses/LP20191017_processing_cDNA_iPCR/.snakemake/conda/a8e43192
[Mon Oct 28 16:19:07 2019]
Finished job 5.
17 of 25 steps (68%) done

[Mon Oct 28 16:19:07 2019]
rule iPCR_merge_bedpe:
    input: /DATA/usr/ludo/projects/LP190425_flySuRE/data/intermediate/LP20191017_Dm12_T01_pipelineOutput/iPCR/T01_B1_T01/07_bedpe_BC/T01_B1_T01_chrM.bedpe.gz
    output: /DATA/usr/ludo/projects/LP190425_flySuRE/data/intermediate/LP20191017_Dm12_T01_pipelineOutput/iPCR/samples_merged/08_bedpe_merged/chrM.bedpe.gz
    log: /DATA/usr/ludo/projects/LP190425_flySuRE/data/intermediate/LP20191017_Dm12_T01_pipelineOutput/iPCR/samples_merged/08_bedpe_merged/chrM.log
    jobid: 25
    reason: Missing output files: /DATA/usr/ludo/projects/LP190425_flySuRE/data/intermediate/LP20191017_Dm12_T01_pipelineOutput/iPCR/samples_merged/08_bedpe_merged/chrM.bedpe.gz
    wildcards: path=/DATA/usr/ludo/projects/LP190425_flySuRE/data/intermediate/LP20191017_Dm12_T01_pipelineOutput/iPCR, c=chrM
    threads: 4
    resources: ram=60

/usr/bin/Rscript --vanilla /DATA/usr/ludo/projects/LP190425_flySuRE/code/pipeline/code/merge_bedpe_over_samples.R /DATA/usr/ludo/projects/LP190425_flySuRE/data/intermediate/LP20191017_Dm12_T01_pipelineOutput/iPCR/samples_merged/08_bedpe_merged/chrM.bedpe.gz /DATA/usr/ludo/projects/LP190425_flySuRE/data/intermediate/LP20191017_Dm12_T01_pipelineOutput/iPCR/samples_merged/08_bedpe_merged/chrM.log /DATA/usr/ludo/projects/LP190425_flySuRE/data/intermediate/LP20191017_Dm12_T01_pipelineOutput/iPCR/T01_B1_T01/07_bedpe_BC/T01_B1_T01_chrM.bedpe.gz
Registered S3 method overwritten by 'R.oo':
  method        from       
  throw.default R.methodsS3
[Mon Oct 28 16:19:09 2019]
Finished job 25.
18 of 25 steps (72%) done

[Mon Oct 28 16:19:09 2019]
rule merge_ipcr_cdna:
    input: /DATA/usr/ludo/projects/LP190425_flySuRE/data/intermediate/LP20191017_Dm12_T01_pipelineOutput/cDNA/T01_B1_T1/T01_B1_T1_trimmed_table.txt.gz, /DATA/usr/ludo/projects/LP190425_flySuRE/data/intermediate/LP20191017_Dm12_T01_pipelineOutput/iPCR/samples_merged/08_bedpe_merged/chrM.bedpe.gz
    output: /DATA/usr/ludo/projects/LP190425_flySuRE/data/intermediate/LP20191017_Dm12_T01_pipelineOutput/count_tables/09_ipcr_cdna_merged/chrM.bedpe.gz, /DATA/usr/ludo/projects/LP190425_flySuRE/data/intermediate/LP20191017_Dm12_T01_pipelineOutput/count_tables/09_ipcr_cdna_merged/chrM.log
    jobid: 18
    reason: Missing output files: /DATA/usr/ludo/projects/LP190425_flySuRE/data/intermediate/LP20191017_Dm12_T01_pipelineOutput/count_tables/09_ipcr_cdna_merged/chrM.bedpe.gz; Input files updated by another job: /DATA/usr/ludo/projects/LP190425_flySuRE/data/intermediate/LP20191017_Dm12_T01_pipelineOutput/iPCR/samples_merged/08_bedpe_merged/chrM.bedpe.gz
    wildcards: c=chrM
    resources: ram=40

/usr/bin/Rscript --vanilla /DATA/usr/ludo/projects/LP190425_flySuRE/code/pipeline/code/merge_iPCR_cDNA.R /DATA/usr/ludo/projects/LP190425_flySuRE/data/intermediate/LP20191017_Dm12_T01_pipelineOutput/count_tables/09_ipcr_cdna_merged/chrM.bedpe.gz /DATA/usr/ludo/projects/LP190425_flySuRE/data/intermediate/LP20191017_Dm12_T01_pipelineOutput/count_tables/09_ipcr_cdna_merged/chrM.log /DATA/usr/ludo/projects/LP190425_flySuRE/data/intermediate/LP20191017_Dm12_T01_pipelineOutput/iPCR/samples_merged/08_bedpe_merged/chrM.bedpe.gz /DATA/usr/ludo/projects/LP190425_flySuRE/data/intermediate/LP20191017_Dm12_T01_pipelineOutput/cDNA/T01_B1_T1/T01_B1_T1_trimmed_table.txt.gz
Loading required package: R.oo
Loading required package: R.methodsS3
R.methodsS3 v1.7.1 (2016-02-15) successfully loaded. See ?R.methodsS3 for help.
Registered S3 method overwritten by 'R.oo':
  method        from       
  throw.default R.methodsS3
R.oo v1.22.0 (2018-04-21) successfully loaded. See ?R.oo for help.

Attaching package: 'R.oo'

The following objects are masked from 'package:methods':

    getClasses, getMethods

The following objects are masked from 'package:base':

    attach, detach, gc, load, save

R.utils v2.8.0 successfully loaded. See ?R.utils for help.

Attaching package: 'R.utils'

The following object is masked from 'package:utils':

    timestamp

The following objects are masked from 'package:base':

    cat, commandArgs, getOption, inherits, isOpen, nullfile, parse,
    warnings

[Mon Oct 28 16:19:11 2019]
Finished job 18.
19 of 25 steps (76%) done

[Mon Oct 28 16:19:11 2019]
rule reverse_liftover:
    input: /DATA/usr/ludo/projects/LP190425_flySuRE/data/intermediate/LP20191017_Dm12_T01_pipelineOutput/count_tables/09_ipcr_cdna_merged/chrM.bedpe.gz, /home/ludo/projects/LP190425_flySuRE/data/processed/LP20191008_VCF_per_sample/chain/T01_LP20191028_reverse.chain
    output: /DATA/usr/ludo/projects/LP190425_flySuRE/data/intermediate/LP20191017_Dm12_T01_pipelineOutput/count_tables/10_reverse_liftover/chrM.bedpe.gz, /DATA/usr/ludo/projects/LP190425_flySuRE/data/intermediate/LP20191017_Dm12_T01_pipelineOutput/count_tables/10_reverse_liftover/chrM.log
    jobid: 12
    reason: Missing output files: /DATA/usr/ludo/projects/LP190425_flySuRE/data/intermediate/LP20191017_Dm12_T01_pipelineOutput/count_tables/10_reverse_liftover/chrM.bedpe.gz; Input files updated by another job: /DATA/usr/ludo/projects/LP190425_flySuRE/data/intermediate/LP20191017_Dm12_T01_pipelineOutput/count_tables/09_ipcr_cdna_merged/chrM.bedpe.gz
    wildcards: c=chrM
    resources: ram=30

python /DATA/usr/ludo/projects/LP190425_flySuRE/code/pipeline/code/liftover_reverse.py --inn /DATA/usr/ludo/projects/LP190425_flySuRE/data/intermediate/LP20191017_Dm12_T01_pipelineOutput/count_tables/09_ipcr_cdna_merged/chrM.bedpe.gz --chainfile /home/ludo/projects/LP190425_flySuRE/data/processed/LP20191008_VCF_per_sample/chain/T01_LP20191028_reverse.chain --out /DATA/usr/ludo/projects/LP190425_flySuRE/data/intermediate/LP20191017_Dm12_T01_pipelineOutput/count_tables/10_reverse_liftover/chrM.bedpe.gz --log /DATA/usr/ludo/projects/LP190425_flySuRE/data/intermediate/LP20191017_Dm12_T01_pipelineOutput/count_tables/10_reverse_liftover/chrM.log
Activating conda environment: /DATA/usr/ludo/projects/LP190425_flySuRE/analyses/LP20191017_processing_cDNA_iPCR/.snakemake/conda/a8e43192
command: /DATA/usr/ludo/projects/LP190425_flySuRE/code/pipeline/code/liftover_reverse.py --inn /DATA/usr/ludo/projects/LP190425_flySuRE/data/intermediate/LP20191017_Dm12_T01_pipelineOutput/count_tables/09_ipcr_cdna_merged/chrM.bedpe.gz --chainfile /home/ludo/projects/LP190425_flySuRE/data/processed/LP20191008_VCF_per_sample/chain/T01_LP20191028_reverse.chain --out /DATA/usr/ludo/projects/LP190425_flySuRE/data/intermediate/LP20191017_Dm12_T01_pipelineOutput/count_tables/10_reverse_liftover/chrM.bedpe.gz --log /DATA/usr/ludo/projects/LP190425_flySuRE/data/intermediate/LP20191017_Dm12_T01_pipelineOutput/count_tables/10_reverse_liftover/chrM.log
[Mon Oct 28 16:19:17 2019]
Finished job 12.
20 of 25 steps (80%) done

[Mon Oct 28 16:19:17 2019]
rule sort_cnt_tbls:
    input: /DATA/usr/ludo/projects/LP190425_flySuRE/data/intermediate/LP20191017_Dm12_T01_pipelineOutput/count_tables/10_reverse_liftover/chrM.bedpe.gz
    output: /DATA/usr/ludo/projects/LP190425_flySuRE/data/intermediate/LP20191017_Dm12_T01_pipelineOutput/count_tables/11_sorted/chrM.bedpe.gz
    jobid: 6
    reason: Missing output files: /DATA/usr/ludo/projects/LP190425_flySuRE/data/intermediate/LP20191017_Dm12_T01_pipelineOutput/count_tables/11_sorted/chrM.bedpe.gz; Input files updated by another job: /DATA/usr/ludo/projects/LP190425_flySuRE/data/intermediate/LP20191017_Dm12_T01_pipelineOutput/count_tables/10_reverse_liftover/chrM.bedpe.gz
    wildcards: c=chrM
    threads: 5
    resources: ram=50

zcat /DATA/usr/ludo/projects/LP190425_flySuRE/data/intermediate/LP20191017_Dm12_T01_pipelineOutput/count_tables/10_reverse_liftover/chrM.bedpe.gz | /DATA/usr/ludo/projects/LP190425_flySuRE/code/pipeline/code/sort_cnt_tbls.sh > /DATA/usr/ludo/projects/LP190425_flySuRE/data/intermediate/LP20191017_Dm12_T01_pipelineOutput/count_tables/11_sorted/chrM.bedpe.gz
Activating conda environment: /DATA/usr/ludo/projects/LP190425_flySuRE/analyses/LP20191017_processing_cDNA_iPCR/.snakemake/conda/a8e43192
[Mon Oct 28 16:19:20 2019]
Finished job 6.
21 of 25 steps (84%) done
[Mon Oct 28 16:20:11 2019]
Finished job 3.
22 of 25 steps (88%) done
command: /DATA/usr/ludo/projects/LP190425_flySuRE/code/pipeline/code/liftover_reverse.py --inn /DATA/usr/ludo/projects/LP190425_flySuRE/data/intermediate/LP20191017_Dm12_T01_pipelineOutput/count_tables/09_ipcr_cdna_merged/chr2L.bedpe.gz --chainfile /home/ludo/projects/LP190425_flySuRE/data/processed/LP20191008_VCF_per_sample/chain/T01_LP20191028_reverse.chain --out /DATA/usr/ludo/projects/LP190425_flySuRE/data/intermediate/LP20191017_Dm12_T01_pipelineOutput/count_tables/10_reverse_liftover/chr2L.bedpe.gz --log /DATA/usr/ludo/projects/LP190425_flySuRE/data/intermediate/LP20191017_Dm12_T01_pipelineOutput/count_tables/10_reverse_liftover/chr2L.log
[Mon Oct 28 16:20:13 2019]
Finished job 7.
23 of 25 steps (92%) done

[Mon Oct 28 16:20:13 2019]
rule sort_cnt_tbls:
    input: /DATA/usr/ludo/projects/LP190425_flySuRE/data/intermediate/LP20191017_Dm12_T01_pipelineOutput/count_tables/10_reverse_liftover/chr2L.bedpe.gz
    output: /DATA/usr/ludo/projects/LP190425_flySuRE/data/intermediate/LP20191017_Dm12_T01_pipelineOutput/count_tables/11_sorted/chr2L.bedpe.gz
    jobid: 1
    reason: Missing output files: /DATA/usr/ludo/projects/LP190425_flySuRE/data/intermediate/LP20191017_Dm12_T01_pipelineOutput/count_tables/11_sorted/chr2L.bedpe.gz; Input files updated by another job: /DATA/usr/ludo/projects/LP190425_flySuRE/data/intermediate/LP20191017_Dm12_T01_pipelineOutput/count_tables/10_reverse_liftover/chr2L.bedpe.gz
    wildcards: c=chr2L
    threads: 5
    resources: ram=50

zcat /DATA/usr/ludo/projects/LP190425_flySuRE/data/intermediate/LP20191017_Dm12_T01_pipelineOutput/count_tables/10_reverse_liftover/chr2L.bedpe.gz | /DATA/usr/ludo/projects/LP190425_flySuRE/code/pipeline/code/sort_cnt_tbls.sh > /DATA/usr/ludo/projects/LP190425_flySuRE/data/intermediate/LP20191017_Dm12_T01_pipelineOutput/count_tables/11_sorted/chr2L.bedpe.gz
Activating conda environment: /DATA/usr/ludo/projects/LP190425_flySuRE/analyses/LP20191017_processing_cDNA_iPCR/.snakemake/conda/a8e43192
[Mon Oct 28 16:23:28 2019]
Finished job 1.
24 of 25 steps (96%) done

[Mon Oct 28 16:23:28 2019]
localrule sorted_cnt_tbls:
    input: /DATA/usr/ludo/projects/LP190425_flySuRE/data/intermediate/LP20191017_Dm12_T01_pipelineOutput/count_tables/11_sorted/chr2L.bedpe.gz, /DATA/usr/ludo/projects/LP190425_flySuRE/data/intermediate/LP20191017_Dm12_T01_pipelineOutput/count_tables/11_sorted/chr2R.bedpe.gz, /DATA/usr/ludo/projects/LP190425_flySuRE/data/intermediate/LP20191017_Dm12_T01_pipelineOutput/count_tables/11_sorted/chr3L.bedpe.gz, /DATA/usr/ludo/projects/LP190425_flySuRE/data/intermediate/LP20191017_Dm12_T01_pipelineOutput/count_tables/11_sorted/chr3R.bedpe.gz, /DATA/usr/ludo/projects/LP190425_flySuRE/data/intermediate/LP20191017_Dm12_T01_pipelineOutput/count_tables/11_sorted/chr4.bedpe.gz, /DATA/usr/ludo/projects/LP190425_flySuRE/data/intermediate/LP20191017_Dm12_T01_pipelineOutput/count_tables/11_sorted/chrM.bedpe.gz
    jobid: 0
    reason: Input files updated by another job: /DATA/usr/ludo/projects/LP190425_flySuRE/data/intermediate/LP20191017_Dm12_T01_pipelineOutput/count_tables/11_sorted/chr3L.bedpe.gz, /DATA/usr/ludo/projects/LP190425_flySuRE/data/intermediate/LP20191017_Dm12_T01_pipelineOutput/count_tables/11_sorted/chr4.bedpe.gz, /DATA/usr/ludo/projects/LP190425_flySuRE/data/intermediate/LP20191017_Dm12_T01_pipelineOutput/count_tables/11_sorted/chr2L.bedpe.gz, /DATA/usr/ludo/projects/LP190425_flySuRE/data/intermediate/LP20191017_Dm12_T01_pipelineOutput/count_tables/11_sorted/chr3R.bedpe.gz, /DATA/usr/ludo/projects/LP190425_flySuRE/data/intermediate/LP20191017_Dm12_T01_pipelineOutput/count_tables/11_sorted/chr2R.bedpe.gz, /DATA/usr/ludo/projects/LP190425_flySuRE/data/intermediate/LP20191017_Dm12_T01_pipelineOutput/count_tables/11_sorted/chrM.bedpe.gz

[Mon Oct 28 16:23:28 2019]
Finished job 0.
25 of 25 steps (100%) done
Complete log: /DATA/usr/ludo/projects/LP190425_flySuRE/analyses/LP20191017_processing_cDNA_iPCR/.snakemake/log/2019-10-28T150300.107993.snakemake.log
SuRE-seq pipeline version:  0.14.feature_SNP-usr-config 
 git commit hash:  8bf8731b0e97f5f2bd512693c6a20864dae6a7d1 


['/DATA/usr/ludo/projects/LP190425_flySuRE/data/intermediate/LP20191017_Dm12_T01_pipelineOutput/coverage/T01.norm.bw', '/DATA/usr/ludo/projects/LP190425_flySuRE/data/intermediate/LP20191017_Dm12_T01_pipelineOutput/coverage/T01.norm.plus.bw', '/DATA/usr/ludo/projects/LP190425_flySuRE/data/intermediate/LP20191017_Dm12_T01_pipelineOutput/coverage/T01.norm.minus.bw', '/DATA/usr/ludo/projects/LP190425_flySuRE/data/intermediate/LP20191017_Dm12_T01_pipelineOutput/coverage/T01.normflat.bw', '/DATA/usr/ludo/projects/LP190425_flySuRE/data/intermediate/LP20191017_Dm12_T01_pipelineOutput/coverage/T01.normflat.plus.bw', '/DATA/usr/ludo/projects/LP190425_flySuRE/data/intermediate/LP20191017_Dm12_T01_pipelineOutput/coverage/T01.normflat.minus.bw']
	Command being timed: "nice -19 snakemake -prs ../../code/pipeline/SuRE-snakemake --use-conda --resources ram=150 --configfile config-Dm12_T01_LP20191017.yml --cores 15 sorted_cnt_tbls"
	User time (seconds): 21147.29
	System time (seconds): 893.86
	Percent of CPU this job got: 456%
	Elapsed (wall clock) time (h:mm:ss or m:ss): 1:20:28
	Average shared text size (kbytes): 0
	Average unshared data size (kbytes): 0
	Average stack size (kbytes): 0
	Average total size (kbytes): 0
	Maximum resident set size (kbytes): 22471440
	Average resident set size (kbytes): 0
	Major (requiring I/O) page faults: 75
	Minor (reclaiming a frame) page faults: 683305695
	Voluntary context switches: 12198746
	Involuntary context switches: 118355
	Swaps: 0
	File system inputs: 17424504
	File system outputs: 133650952
	Socket messages sent: 0
	Socket messages received: 0
	Signals delivered: 0
	Page size (bytes): 4096
	Exit status: 0
