Building DAG of jobs...
Using shell: /bin/bash
Provided cores: 15
Rules claiming more threads will be scaled down.
Provided resources: ram=100
Job counts:
	count	jobs
	1	addBC2bedpe_multi
	6	iPCR_bam2bedpe
	1	iPCR_coordsort_bam
	1	iPCR_map_bowtie2_paired_end
	6	iPCR_merge_bedpe
	1	iPCR_splitBAM
	6	iPCR_templateBAM
	6	merge_ipcr_cdna
	6	reverse_liftover
	6	sort_cnt_tbls
	1	sorted_cnt_tbls
	41

[Wed Oct 30 12:52:05 2019]
rule iPCR_map_bowtie2_paired_end:
    input: /DATA/usr/ludo/projects/LP190425_flySuRE/data/intermediate/LP20191029_Dm11_N02_pipelineOutput/iPCR/N02_B1_T01/01_fastq_trimmed/N02_B1_T01_forw.fastq.gz, /DATA/usr/ludo/projects/LP190425_flySuRE/data/intermediate/LP20191029_Dm11_N02_pipelineOutput/iPCR/N02_B1_T01/01_fastq_trimmed/N02_B1_T01_rev.fastq.gz
    output: /DATA/usr/ludo/projects/LP190425_flySuRE/data/intermediate/LP20191029_Dm11_N02_pipelineOutput/iPCR/N02_B1_T01/02_mapped/N02_B1_T01.bam
    jobid: 42
    reason: Missing output files: /DATA/usr/ludo/projects/LP190425_flySuRE/data/intermediate/LP20191029_Dm11_N02_pipelineOutput/iPCR/N02_B1_T01/02_mapped/N02_B1_T01.bam
    wildcards: s=N02_B1_T01
    priority: 50
    threads: 5
    resources: ram=5

/DATA/usr/ludo/projects/LP190425_flySuRE/code/pipeline/code/iPCR-map.bash -o '/DATA/usr/ludo/projects/LP190425_flySuRE/data/intermediate/LP20191029_Dm11_N02_pipelineOutput/iPCR/N02_B1_T01/02_mapped' -l -n 5 -t '/DATA/usr/ludo/projects/LP190425_flySuRE/data/intermediate/LP20191029_Dm11_N02_pipelineOutput/iPCR/N02_B1_T01/N02_B1_T01.stats' -b 'N02_B1_T01' -m '500' -s '/DATA/usr/ludo/projects/LP190425_flySuRE/data/processed/LP20191008_refseq_per_sample/bowtie2-indices/N02/N02' -c /DATA/usr/ludo/projects/LP190425_flySuRE/data/intermediate/LP20191029_Dm11_N02_pipelineOutput/iPCR/N02_B1_T01/01_fastq_trimmed/N02_B1_T01_forw.fastq.gz /DATA/usr/ludo/projects/LP190425_flySuRE/data/intermediate/LP20191029_Dm11_N02_pipelineOutput/iPCR/N02_B1_T01/01_fastq_trimmed/N02_B1_T01_rev.fastq.gz
Activating conda environment: /DATA/usr/ludo/projects/LP190425_flySuRE/analyses/LP20191017_processing_cDNA_iPCR/.snakemake/conda/a8e43192
[Wed Oct 30 17:43:21 2019]
Finished job 42.
1 of 41 steps (2%) done

[Wed Oct 30 17:43:21 2019]
rule iPCR_coordsort_bam:
    input: /DATA/usr/ludo/projects/LP190425_flySuRE/data/intermediate/LP20191029_Dm11_N02_pipelineOutput/iPCR/N02_B1_T01/02_mapped/N02_B1_T01.bam
    output: /DATA/usr/ludo/projects/LP190425_flySuRE/data/intermediate/LP20191029_Dm11_N02_pipelineOutput/iPCR/N02_B1_T01/04_sort_after_assign/N02_B1_T01.bam, /DATA/usr/ludo/projects/LP190425_flySuRE/data/intermediate/LP20191029_Dm11_N02_pipelineOutput/iPCR/N02_B1_T01/04_sort_after_assign/N02_B1_T01.bam.bai
    jobid: 35
    reason: Missing output files: /DATA/usr/ludo/projects/LP190425_flySuRE/data/intermediate/LP20191029_Dm11_N02_pipelineOutput/iPCR/N02_B1_T01/04_sort_after_assign/N02_B1_T01.bam; Input files updated by another job: /DATA/usr/ludo/projects/LP190425_flySuRE/data/intermediate/LP20191029_Dm11_N02_pipelineOutput/iPCR/N02_B1_T01/02_mapped/N02_B1_T01.bam
    wildcards: path=/DATA/usr/ludo/projects/LP190425_flySuRE/data/intermediate/LP20191029_Dm11_N02_pipelineOutput/iPCR, smpl=N02_B1_T01
    threads: 4
    resources: ram=60

samtools sort -o /DATA/usr/ludo/projects/LP190425_flySuRE/data/intermediate/LP20191029_Dm11_N02_pipelineOutput/iPCR/N02_B1_T01/04_sort_after_assign/N02_B1_T01.bam -@ 4 -m 20G -T /DATA/usr/ludo/projects/LP190425_flySuRE/data/intermediate/LP20191029_Dm11_N02_pipelineOutput/iPCR/N02_B1_T01/04_sort_after_assign/N02_B1_T01.bam /DATA/usr/ludo/projects/LP190425_flySuRE/data/intermediate/LP20191029_Dm11_N02_pipelineOutput/iPCR/N02_B1_T01/02_mapped/N02_B1_T01.bam ; samtools index /DATA/usr/ludo/projects/LP190425_flySuRE/data/intermediate/LP20191029_Dm11_N02_pipelineOutput/iPCR/N02_B1_T01/04_sort_after_assign/N02_B1_T01.bam ; 
Activating conda environment: /DATA/usr/ludo/projects/LP190425_flySuRE/analyses/LP20191017_processing_cDNA_iPCR/.snakemake/conda/a8e43192
/bin/bash: line 1: 27495 Killed                  samtools sort -o /DATA/usr/ludo/projects/LP190425_flySuRE/data/intermediate/LP20191029_Dm11_N02_pipelineOutput/iPCR/N02_B1_T01/04_sort_after_assign/N02_B1_T01.bam -@ 4 -m 20G -T /DATA/usr/ludo/projects/LP190425_flySuRE/data/intermediate/LP20191029_Dm11_N02_pipelineOutput/iPCR/N02_B1_T01/04_sort_after_assign/N02_B1_T01.bam /DATA/usr/ludo/projects/LP190425_flySuRE/data/intermediate/LP20191029_Dm11_N02_pipelineOutput/iPCR/N02_B1_T01/02_mapped/N02_B1_T01.bam
[Wed Oct 30 17:46:14 2019]
Error in rule iPCR_coordsort_bam:
    jobid: 35
    output: /DATA/usr/ludo/projects/LP190425_flySuRE/data/intermediate/LP20191029_Dm11_N02_pipelineOutput/iPCR/N02_B1_T01/04_sort_after_assign/N02_B1_T01.bam, /DATA/usr/ludo/projects/LP190425_flySuRE/data/intermediate/LP20191029_Dm11_N02_pipelineOutput/iPCR/N02_B1_T01/04_sort_after_assign/N02_B1_T01.bam.bai
    conda-env: /DATA/usr/ludo/projects/LP190425_flySuRE/analyses/LP20191017_processing_cDNA_iPCR/.snakemake/conda/a8e43192
    shell:
        samtools sort -o /DATA/usr/ludo/projects/LP190425_flySuRE/data/intermediate/LP20191029_Dm11_N02_pipelineOutput/iPCR/N02_B1_T01/04_sort_after_assign/N02_B1_T01.bam -@ 4 -m 20G -T /DATA/usr/ludo/projects/LP190425_flySuRE/data/intermediate/LP20191029_Dm11_N02_pipelineOutput/iPCR/N02_B1_T01/04_sort_after_assign/N02_B1_T01.bam /DATA/usr/ludo/projects/LP190425_flySuRE/data/intermediate/LP20191029_Dm11_N02_pipelineOutput/iPCR/N02_B1_T01/02_mapped/N02_B1_T01.bam ; samtools index /DATA/usr/ludo/projects/LP190425_flySuRE/data/intermediate/LP20191029_Dm11_N02_pipelineOutput/iPCR/N02_B1_T01/04_sort_after_assign/N02_B1_T01.bam ; 
        (exited with non-zero exit code)

Shutting down, this might take some time.
Exiting because a job execution failed. Look above for error message
Complete log: /DATA/usr/ludo/projects/LP190425_flySuRE/analyses/LP20191017_processing_cDNA_iPCR/.snakemake/log/2019-10-30T125204.700716.snakemake.log
SuRE-seq pipeline version:  0.14.feature_SNP-usr-config 
 git commit hash:  8bf8731b0e97f5f2bd512693c6a20864dae6a7d1 


['/DATA/usr/ludo/projects/LP190425_flySuRE/data/intermediate/LP20191029_Dm11_N02_pipelineOutput/coverage/N02.norm.bw', '/DATA/usr/ludo/projects/LP190425_flySuRE/data/intermediate/LP20191029_Dm11_N02_pipelineOutput/coverage/N02.norm.plus.bw', '/DATA/usr/ludo/projects/LP190425_flySuRE/data/intermediate/LP20191029_Dm11_N02_pipelineOutput/coverage/N02.norm.minus.bw', '/DATA/usr/ludo/projects/LP190425_flySuRE/data/intermediate/LP20191029_Dm11_N02_pipelineOutput/coverage/N02.normflat.bw', '/DATA/usr/ludo/projects/LP190425_flySuRE/data/intermediate/LP20191029_Dm11_N02_pipelineOutput/coverage/N02.normflat.plus.bw', '/DATA/usr/ludo/projects/LP190425_flySuRE/data/intermediate/LP20191029_Dm11_N02_pipelineOutput/coverage/N02.normflat.minus.bw']
Command exited with non-zero status 1
	Command being timed: "nice -19 snakemake -prs ../../code/pipeline/SuRE-snakemake --use-conda --resources ram=100 --configfile config-Dm11_N02_LP20191029.yml --cores 15 sorted_cnt_tbls"
	User time (seconds): 69773.62
	System time (seconds): 8677.48
	Percent of CPU this job got: 444%
	Elapsed (wall clock) time (h:mm:ss or m:ss): 4:54:10
	Average shared text size (kbytes): 0
	Average unshared data size (kbytes): 0
	Average stack size (kbytes): 0
	Average total size (kbytes): 0
	Maximum resident set size (kbytes): 53513048
	Average resident set size (kbytes): 0
	Major (requiring I/O) page faults: 314137
	Minor (reclaiming a frame) page faults: 346966024
	Voluntary context switches: 8110226
	Involuntary context switches: 3788545
	Swaps: 0
	File system inputs: 68168704
	File system outputs: 49156256
	Socket messages sent: 0
	Socket messages received: 0
	Signals delivered: 0
	Page size (bytes): 4096
	Exit status: 1
