Building DAG of jobs...
Using shell: /bin/bash
Provided cores: 15
Rules claiming more threads will be scaled down.
Provided resources: ram=100
Job counts:
	count	jobs
	5	iPCR_merge_bedpe
	5	merge_ipcr_cdna
	5	reverse_liftover
	6	sort_cnt_tbls
	1	sorted_cnt_tbls
	22

[Fri Nov  1 15:49:50 2019]
rule iPCR_merge_bedpe:
    input: /DATA/usr/ludo/projects/LP190425_flySuRE/data/intermediate/LP20191029_Dm11_N02_pipelineOutput/iPCR/N02_B1_T01/07_bedpe_BC/N02_B1_T01_chr3L.bedpe.gz
    output: /DATA/usr/ludo/projects/LP190425_flySuRE/data/intermediate/LP20191029_Dm11_N02_pipelineOutput/iPCR/samples_merged/08_bedpe_merged/chr3L.bedpe.gz
    log: /DATA/usr/ludo/projects/LP190425_flySuRE/data/intermediate/LP20191029_Dm11_N02_pipelineOutput/iPCR/samples_merged/08_bedpe_merged/chr3L.log
    jobid: 22
    reason: Missing output files: /DATA/usr/ludo/projects/LP190425_flySuRE/data/intermediate/LP20191029_Dm11_N02_pipelineOutput/iPCR/samples_merged/08_bedpe_merged/chr3L.bedpe.gz
    wildcards: path=/DATA/usr/ludo/projects/LP190425_flySuRE/data/intermediate/LP20191029_Dm11_N02_pipelineOutput/iPCR, c=chr3L
    threads: 4
    resources: ram=60

/usr/bin/Rscript --vanilla /DATA/usr/ludo/projects/LP190425_flySuRE/code/pipeline/code/merge_bedpe_over_samples.R /DATA/usr/ludo/projects/LP190425_flySuRE/data/intermediate/LP20191029_Dm11_N02_pipelineOutput/iPCR/samples_merged/08_bedpe_merged/chr3L.bedpe.gz /DATA/usr/ludo/projects/LP190425_flySuRE/data/intermediate/LP20191029_Dm11_N02_pipelineOutput/iPCR/samples_merged/08_bedpe_merged/chr3L.log /DATA/usr/ludo/projects/LP190425_flySuRE/data/intermediate/LP20191029_Dm11_N02_pipelineOutput/iPCR/N02_B1_T01/07_bedpe_BC/N02_B1_T01_chr3L.bedpe.gz
Registered S3 method overwritten by 'R.oo':
  method        from       
  throw.default R.methodsS3
[Fri Nov  1 16:10:23 2019]
Finished job 22.
1 of 22 steps (5%) done

[Fri Nov  1 16:10:23 2019]
rule merge_ipcr_cdna:
    input: /DATA/usr/ludo/projects/LP190425_flySuRE/data/intermediate/LP20191029_Dm11_N02_pipelineOutput/cDNA/N02_B1_T1/N02_B1_T1_trimmed_table.txt.gz, /DATA/usr/ludo/projects/LP190425_flySuRE/data/intermediate/LP20191029_Dm11_N02_pipelineOutput/iPCR/samples_merged/08_bedpe_merged/chr3L.bedpe.gz
    output: /DATA/usr/ludo/projects/LP190425_flySuRE/data/intermediate/LP20191029_Dm11_N02_pipelineOutput/count_tables/09_ipcr_cdna_merged/chr3L.bedpe.gz, /DATA/usr/ludo/projects/LP190425_flySuRE/data/intermediate/LP20191029_Dm11_N02_pipelineOutput/count_tables/09_ipcr_cdna_merged/chr3L.log
    jobid: 15
    reason: Missing output files: /DATA/usr/ludo/projects/LP190425_flySuRE/data/intermediate/LP20191029_Dm11_N02_pipelineOutput/count_tables/09_ipcr_cdna_merged/chr3L.bedpe.gz; Input files updated by another job: /DATA/usr/ludo/projects/LP190425_flySuRE/data/intermediate/LP20191029_Dm11_N02_pipelineOutput/iPCR/samples_merged/08_bedpe_merged/chr3L.bedpe.gz
    wildcards: c=chr3L
    resources: ram=40

/usr/bin/Rscript --vanilla /DATA/usr/ludo/projects/LP190425_flySuRE/code/pipeline/code/merge_iPCR_cDNA.R /DATA/usr/ludo/projects/LP190425_flySuRE/data/intermediate/LP20191029_Dm11_N02_pipelineOutput/count_tables/09_ipcr_cdna_merged/chr3L.bedpe.gz /DATA/usr/ludo/projects/LP190425_flySuRE/data/intermediate/LP20191029_Dm11_N02_pipelineOutput/count_tables/09_ipcr_cdna_merged/chr3L.log /DATA/usr/ludo/projects/LP190425_flySuRE/data/intermediate/LP20191029_Dm11_N02_pipelineOutput/iPCR/samples_merged/08_bedpe_merged/chr3L.bedpe.gz /DATA/usr/ludo/projects/LP190425_flySuRE/data/intermediate/LP20191029_Dm11_N02_pipelineOutput/cDNA/N02_B1_T1/N02_B1_T1_trimmed_table.txt.gz

[Fri Nov  1 16:10:23 2019]
rule iPCR_merge_bedpe:
    input: /DATA/usr/ludo/projects/LP190425_flySuRE/data/intermediate/LP20191029_Dm11_N02_pipelineOutput/iPCR/N02_B1_T01/07_bedpe_BC/N02_B1_T01_chr2R.bedpe.gz
    output: /DATA/usr/ludo/projects/LP190425_flySuRE/data/intermediate/LP20191029_Dm11_N02_pipelineOutput/iPCR/samples_merged/08_bedpe_merged/chr2R.bedpe.gz
    log: /DATA/usr/ludo/projects/LP190425_flySuRE/data/intermediate/LP20191029_Dm11_N02_pipelineOutput/iPCR/samples_merged/08_bedpe_merged/chr2R.log
    jobid: 21
    reason: Missing output files: /DATA/usr/ludo/projects/LP190425_flySuRE/data/intermediate/LP20191029_Dm11_N02_pipelineOutput/iPCR/samples_merged/08_bedpe_merged/chr2R.bedpe.gz
    wildcards: path=/DATA/usr/ludo/projects/LP190425_flySuRE/data/intermediate/LP20191029_Dm11_N02_pipelineOutput/iPCR, c=chr2R
    threads: 4
    resources: ram=60

/usr/bin/Rscript --vanilla /DATA/usr/ludo/projects/LP190425_flySuRE/code/pipeline/code/merge_bedpe_over_samples.R /DATA/usr/ludo/projects/LP190425_flySuRE/data/intermediate/LP20191029_Dm11_N02_pipelineOutput/iPCR/samples_merged/08_bedpe_merged/chr2R.bedpe.gz /DATA/usr/ludo/projects/LP190425_flySuRE/data/intermediate/LP20191029_Dm11_N02_pipelineOutput/iPCR/samples_merged/08_bedpe_merged/chr2R.log /DATA/usr/ludo/projects/LP190425_flySuRE/data/intermediate/LP20191029_Dm11_N02_pipelineOutput/iPCR/N02_B1_T01/07_bedpe_BC/N02_B1_T01_chr2R.bedpe.gz
Loading required package: R.oo
Loading required package: R.methodsS3
R.methodsS3 v1.7.1 (2016-02-15) successfully loaded. See ?R.methodsS3 for help.
Registered S3 method overwritten by 'R.oo':
  method        from       
  throw.default R.methodsS3
R.oo v1.22.0 (2018-04-21) successfully loaded. See ?R.oo for help.

Attaching package: 'R.oo'

The following objects are masked from 'package:methods':

    getClasses, getMethods

The following objects are masked from 'package:base':

    attach, detach, gc, load, save

R.utils v2.8.0 successfully loaded. See ?R.utils for help.

Attaching package: 'R.utils'

The following object is masked from 'package:utils':

    timestamp

The following objects are masked from 'package:base':

    cat, commandArgs, getOption, inherits, isOpen, nullfile, parse,
    warnings

Registered S3 method overwritten by 'R.oo':
  method        from       
  throw.default R.methodsS3
[Fri Nov  1 16:12:14 2019]
Finished job 15.
2 of 22 steps (9%) done

[Fri Nov  1 16:12:14 2019]
rule reverse_liftover:
    input: /DATA/usr/ludo/projects/LP190425_flySuRE/data/intermediate/LP20191029_Dm11_N02_pipelineOutput/count_tables/09_ipcr_cdna_merged/chr3L.bedpe.gz, /home/ludo/projects/LP190425_flySuRE/data/processed/LP20191008_VCF_per_sample/chain/N02_LP20191028_reverse.chain
    output: /DATA/usr/ludo/projects/LP190425_flySuRE/data/intermediate/LP20191029_Dm11_N02_pipelineOutput/count_tables/10_reverse_liftover/chr3L.bedpe.gz, /DATA/usr/ludo/projects/LP190425_flySuRE/data/intermediate/LP20191029_Dm11_N02_pipelineOutput/count_tables/10_reverse_liftover/chr3L.log
    jobid: 9
    reason: Missing output files: /DATA/usr/ludo/projects/LP190425_flySuRE/data/intermediate/LP20191029_Dm11_N02_pipelineOutput/count_tables/10_reverse_liftover/chr3L.bedpe.gz; Input files updated by another job: /DATA/usr/ludo/projects/LP190425_flySuRE/data/intermediate/LP20191029_Dm11_N02_pipelineOutput/count_tables/09_ipcr_cdna_merged/chr3L.bedpe.gz
    wildcards: c=chr3L
    resources: ram=30

python /DATA/usr/ludo/projects/LP190425_flySuRE/code/pipeline/code/liftover_reverse.py --inn /DATA/usr/ludo/projects/LP190425_flySuRE/data/intermediate/LP20191029_Dm11_N02_pipelineOutput/count_tables/09_ipcr_cdna_merged/chr3L.bedpe.gz --chainfile /home/ludo/projects/LP190425_flySuRE/data/processed/LP20191008_VCF_per_sample/chain/N02_LP20191028_reverse.chain --out /DATA/usr/ludo/projects/LP190425_flySuRE/data/intermediate/LP20191029_Dm11_N02_pipelineOutput/count_tables/10_reverse_liftover/chr3L.bedpe.gz --log /DATA/usr/ludo/projects/LP190425_flySuRE/data/intermediate/LP20191029_Dm11_N02_pipelineOutput/count_tables/10_reverse_liftover/chr3L.log
Activating conda environment: /DATA/usr/ludo/projects/LP190425_flySuRE/analyses/LP20191017_processing_cDNA_iPCR/.snakemake/conda/a8e43192
command: /DATA/usr/ludo/projects/LP190425_flySuRE/code/pipeline/code/liftover_reverse.py --inn /DATA/usr/ludo/projects/LP190425_flySuRE/data/intermediate/LP20191029_Dm11_N02_pipelineOutput/count_tables/09_ipcr_cdna_merged/chr3L.bedpe.gz --chainfile /home/ludo/projects/LP190425_flySuRE/data/processed/LP20191008_VCF_per_sample/chain/N02_LP20191028_reverse.chain --out /DATA/usr/ludo/projects/LP190425_flySuRE/data/intermediate/LP20191029_Dm11_N02_pipelineOutput/count_tables/10_reverse_liftover/chr3L.bedpe.gz --log /DATA/usr/ludo/projects/LP190425_flySuRE/data/intermediate/LP20191029_Dm11_N02_pipelineOutput/count_tables/10_reverse_liftover/chr3L.log
[Fri Nov  1 16:19:35 2019]
Finished job 9.
3 of 22 steps (14%) done
[Fri Nov  1 16:29:29 2019]
Finished job 21.
4 of 22 steps (18%) done

[Fri Nov  1 16:29:29 2019]
rule merge_ipcr_cdna:
    input: /DATA/usr/ludo/projects/LP190425_flySuRE/data/intermediate/LP20191029_Dm11_N02_pipelineOutput/cDNA/N02_B1_T1/N02_B1_T1_trimmed_table.txt.gz, /DATA/usr/ludo/projects/LP190425_flySuRE/data/intermediate/LP20191029_Dm11_N02_pipelineOutput/iPCR/samples_merged/08_bedpe_merged/chr2R.bedpe.gz
    output: /DATA/usr/ludo/projects/LP190425_flySuRE/data/intermediate/LP20191029_Dm11_N02_pipelineOutput/count_tables/09_ipcr_cdna_merged/chr2R.bedpe.gz, /DATA/usr/ludo/projects/LP190425_flySuRE/data/intermediate/LP20191029_Dm11_N02_pipelineOutput/count_tables/09_ipcr_cdna_merged/chr2R.log
    jobid: 14
    reason: Missing output files: /DATA/usr/ludo/projects/LP190425_flySuRE/data/intermediate/LP20191029_Dm11_N02_pipelineOutput/count_tables/09_ipcr_cdna_merged/chr2R.bedpe.gz; Input files updated by another job: /DATA/usr/ludo/projects/LP190425_flySuRE/data/intermediate/LP20191029_Dm11_N02_pipelineOutput/iPCR/samples_merged/08_bedpe_merged/chr2R.bedpe.gz
    wildcards: c=chr2R
    resources: ram=40

/usr/bin/Rscript --vanilla /DATA/usr/ludo/projects/LP190425_flySuRE/code/pipeline/code/merge_iPCR_cDNA.R /DATA/usr/ludo/projects/LP190425_flySuRE/data/intermediate/LP20191029_Dm11_N02_pipelineOutput/count_tables/09_ipcr_cdna_merged/chr2R.bedpe.gz /DATA/usr/ludo/projects/LP190425_flySuRE/data/intermediate/LP20191029_Dm11_N02_pipelineOutput/count_tables/09_ipcr_cdna_merged/chr2R.log /DATA/usr/ludo/projects/LP190425_flySuRE/data/intermediate/LP20191029_Dm11_N02_pipelineOutput/iPCR/samples_merged/08_bedpe_merged/chr2R.bedpe.gz /DATA/usr/ludo/projects/LP190425_flySuRE/data/intermediate/LP20191029_Dm11_N02_pipelineOutput/cDNA/N02_B1_T1/N02_B1_T1_trimmed_table.txt.gz

[Fri Nov  1 16:29:29 2019]
rule iPCR_merge_bedpe:
    input: /DATA/usr/ludo/projects/LP190425_flySuRE/data/intermediate/LP20191029_Dm11_N02_pipelineOutput/iPCR/N02_B1_T01/07_bedpe_BC/N02_B1_T01_chr2L.bedpe.gz
    output: /DATA/usr/ludo/projects/LP190425_flySuRE/data/intermediate/LP20191029_Dm11_N02_pipelineOutput/iPCR/samples_merged/08_bedpe_merged/chr2L.bedpe.gz
    log: /DATA/usr/ludo/projects/LP190425_flySuRE/data/intermediate/LP20191029_Dm11_N02_pipelineOutput/iPCR/samples_merged/08_bedpe_merged/chr2L.log
    jobid: 20
    reason: Missing output files: /DATA/usr/ludo/projects/LP190425_flySuRE/data/intermediate/LP20191029_Dm11_N02_pipelineOutput/iPCR/samples_merged/08_bedpe_merged/chr2L.bedpe.gz
    wildcards: path=/DATA/usr/ludo/projects/LP190425_flySuRE/data/intermediate/LP20191029_Dm11_N02_pipelineOutput/iPCR, c=chr2L
    threads: 4
    resources: ram=60

/usr/bin/Rscript --vanilla /DATA/usr/ludo/projects/LP190425_flySuRE/code/pipeline/code/merge_bedpe_over_samples.R /DATA/usr/ludo/projects/LP190425_flySuRE/data/intermediate/LP20191029_Dm11_N02_pipelineOutput/iPCR/samples_merged/08_bedpe_merged/chr2L.bedpe.gz /DATA/usr/ludo/projects/LP190425_flySuRE/data/intermediate/LP20191029_Dm11_N02_pipelineOutput/iPCR/samples_merged/08_bedpe_merged/chr2L.log /DATA/usr/ludo/projects/LP190425_flySuRE/data/intermediate/LP20191029_Dm11_N02_pipelineOutput/iPCR/N02_B1_T01/07_bedpe_BC/N02_B1_T01_chr2L.bedpe.gz
Loading required package: R.oo
Loading required package: R.methodsS3
R.methodsS3 v1.7.1 (2016-02-15) successfully loaded. See ?R.methodsS3 for help.
Registered S3 method overwritten by 'R.oo':
  method        from       
  throw.default R.methodsS3
Registered S3 method overwritten by 'R.oo':
  method        from       
  throw.default R.methodsS3
R.oo v1.22.0 (2018-04-21) successfully loaded. See ?R.oo for help.

Attaching package: 'R.oo'

The following objects are masked from 'package:methods':

    getClasses, getMethods

The following objects are masked from 'package:base':

    attach, detach, gc, load, save

R.utils v2.8.0 successfully loaded. See ?R.utils for help.

Attaching package: 'R.utils'

The following object is masked from 'package:utils':

    timestamp

The following objects are masked from 'package:base':

    cat, commandArgs, getOption, inherits, isOpen, nullfile, parse,
    warnings

[Fri Nov  1 16:31:22 2019]
Finished job 14.
5 of 22 steps (23%) done

[Fri Nov  1 16:31:22 2019]
rule reverse_liftover:
    input: /DATA/usr/ludo/projects/LP190425_flySuRE/data/intermediate/LP20191029_Dm11_N02_pipelineOutput/count_tables/09_ipcr_cdna_merged/chr2R.bedpe.gz, /home/ludo/projects/LP190425_flySuRE/data/processed/LP20191008_VCF_per_sample/chain/N02_LP20191028_reverse.chain
    output: /DATA/usr/ludo/projects/LP190425_flySuRE/data/intermediate/LP20191029_Dm11_N02_pipelineOutput/count_tables/10_reverse_liftover/chr2R.bedpe.gz, /DATA/usr/ludo/projects/LP190425_flySuRE/data/intermediate/LP20191029_Dm11_N02_pipelineOutput/count_tables/10_reverse_liftover/chr2R.log
    jobid: 8
    reason: Missing output files: /DATA/usr/ludo/projects/LP190425_flySuRE/data/intermediate/LP20191029_Dm11_N02_pipelineOutput/count_tables/10_reverse_liftover/chr2R.bedpe.gz; Input files updated by another job: /DATA/usr/ludo/projects/LP190425_flySuRE/data/intermediate/LP20191029_Dm11_N02_pipelineOutput/count_tables/09_ipcr_cdna_merged/chr2R.bedpe.gz
    wildcards: c=chr2R
    resources: ram=30

python /DATA/usr/ludo/projects/LP190425_flySuRE/code/pipeline/code/liftover_reverse.py --inn /DATA/usr/ludo/projects/LP190425_flySuRE/data/intermediate/LP20191029_Dm11_N02_pipelineOutput/count_tables/09_ipcr_cdna_merged/chr2R.bedpe.gz --chainfile /home/ludo/projects/LP190425_flySuRE/data/processed/LP20191008_VCF_per_sample/chain/N02_LP20191028_reverse.chain --out /DATA/usr/ludo/projects/LP190425_flySuRE/data/intermediate/LP20191029_Dm11_N02_pipelineOutput/count_tables/10_reverse_liftover/chr2R.bedpe.gz --log /DATA/usr/ludo/projects/LP190425_flySuRE/data/intermediate/LP20191029_Dm11_N02_pipelineOutput/count_tables/10_reverse_liftover/chr2R.log
Activating conda environment: /DATA/usr/ludo/projects/LP190425_flySuRE/analyses/LP20191017_processing_cDNA_iPCR/.snakemake/conda/a8e43192
command: /DATA/usr/ludo/projects/LP190425_flySuRE/code/pipeline/code/liftover_reverse.py --inn /DATA/usr/ludo/projects/LP190425_flySuRE/data/intermediate/LP20191029_Dm11_N02_pipelineOutput/count_tables/09_ipcr_cdna_merged/chr2R.bedpe.gz --chainfile /home/ludo/projects/LP190425_flySuRE/data/processed/LP20191008_VCF_per_sample/chain/N02_LP20191028_reverse.chain --out /DATA/usr/ludo/projects/LP190425_flySuRE/data/intermediate/LP20191029_Dm11_N02_pipelineOutput/count_tables/10_reverse_liftover/chr2R.bedpe.gz --log /DATA/usr/ludo/projects/LP190425_flySuRE/data/intermediate/LP20191029_Dm11_N02_pipelineOutput/count_tables/10_reverse_liftover/chr2R.log
[Fri Nov  1 16:38:28 2019]
Finished job 8.
6 of 22 steps (27%) done
[Fri Nov  1 16:48:03 2019]
Finished job 20.
7 of 22 steps (32%) done

[Fri Nov  1 16:48:03 2019]
rule merge_ipcr_cdna:
    input: /DATA/usr/ludo/projects/LP190425_flySuRE/data/intermediate/LP20191029_Dm11_N02_pipelineOutput/cDNA/N02_B1_T1/N02_B1_T1_trimmed_table.txt.gz, /DATA/usr/ludo/projects/LP190425_flySuRE/data/intermediate/LP20191029_Dm11_N02_pipelineOutput/iPCR/samples_merged/08_bedpe_merged/chr2L.bedpe.gz
    output: /DATA/usr/ludo/projects/LP190425_flySuRE/data/intermediate/LP20191029_Dm11_N02_pipelineOutput/count_tables/09_ipcr_cdna_merged/chr2L.bedpe.gz, /DATA/usr/ludo/projects/LP190425_flySuRE/data/intermediate/LP20191029_Dm11_N02_pipelineOutput/count_tables/09_ipcr_cdna_merged/chr2L.log
    jobid: 13
    reason: Missing output files: /DATA/usr/ludo/projects/LP190425_flySuRE/data/intermediate/LP20191029_Dm11_N02_pipelineOutput/count_tables/09_ipcr_cdna_merged/chr2L.bedpe.gz; Input files updated by another job: /DATA/usr/ludo/projects/LP190425_flySuRE/data/intermediate/LP20191029_Dm11_N02_pipelineOutput/iPCR/samples_merged/08_bedpe_merged/chr2L.bedpe.gz
    wildcards: c=chr2L
    resources: ram=40

/usr/bin/Rscript --vanilla /DATA/usr/ludo/projects/LP190425_flySuRE/code/pipeline/code/merge_iPCR_cDNA.R /DATA/usr/ludo/projects/LP190425_flySuRE/data/intermediate/LP20191029_Dm11_N02_pipelineOutput/count_tables/09_ipcr_cdna_merged/chr2L.bedpe.gz /DATA/usr/ludo/projects/LP190425_flySuRE/data/intermediate/LP20191029_Dm11_N02_pipelineOutput/count_tables/09_ipcr_cdna_merged/chr2L.log /DATA/usr/ludo/projects/LP190425_flySuRE/data/intermediate/LP20191029_Dm11_N02_pipelineOutput/iPCR/samples_merged/08_bedpe_merged/chr2L.bedpe.gz /DATA/usr/ludo/projects/LP190425_flySuRE/data/intermediate/LP20191029_Dm11_N02_pipelineOutput/cDNA/N02_B1_T1/N02_B1_T1_trimmed_table.txt.gz

[Fri Nov  1 16:48:03 2019]
rule sort_cnt_tbls:
    input: /DATA/usr/ludo/projects/LP190425_flySuRE/data/intermediate/LP20191029_Dm11_N02_pipelineOutput/count_tables/10_reverse_liftover/chr3R.bedpe.gz
    output: /DATA/usr/ludo/projects/LP190425_flySuRE/data/intermediate/LP20191029_Dm11_N02_pipelineOutput/count_tables/11_sorted/chr3R.bedpe.gz
    jobid: 4
    reason: Missing output files: /DATA/usr/ludo/projects/LP190425_flySuRE/data/intermediate/LP20191029_Dm11_N02_pipelineOutput/count_tables/11_sorted/chr3R.bedpe.gz
    wildcards: c=chr3R
    threads: 5
    resources: ram=50

zcat /DATA/usr/ludo/projects/LP190425_flySuRE/data/intermediate/LP20191029_Dm11_N02_pipelineOutput/count_tables/10_reverse_liftover/chr3R.bedpe.gz | /DATA/usr/ludo/projects/LP190425_flySuRE/code/pipeline/code/sort_cnt_tbls.sh > /DATA/usr/ludo/projects/LP190425_flySuRE/data/intermediate/LP20191029_Dm11_N02_pipelineOutput/count_tables/11_sorted/chr3R.bedpe.gz
Loading required package: R.oo
Loading required package: R.methodsS3
R.methodsS3 v1.7.1 (2016-02-15) successfully loaded. See ?R.methodsS3 for help.
Registered S3 method overwritten by 'R.oo':
  method        from       
  throw.default R.methodsS3
R.oo v1.22.0 (2018-04-21) successfully loaded. See ?R.oo for help.

Attaching package: 'R.oo'

The following objects are masked from 'package:methods':

    getClasses, getMethods

The following objects are masked from 'package:base':

    attach, detach, gc, load, save

R.utils v2.8.0 successfully loaded. See ?R.utils for help.

Attaching package: 'R.utils'

The following object is masked from 'package:utils':

    timestamp

The following objects are masked from 'package:base':

    cat, commandArgs, getOption, inherits, isOpen, nullfile, parse,
    warnings

Activating conda environment: /DATA/usr/ludo/projects/LP190425_flySuRE/analyses/LP20191017_processing_cDNA_iPCR/.snakemake/conda/a8e43192
[Fri Nov  1 16:49:43 2019]
Finished job 13.
8 of 22 steps (36%) done

[Fri Nov  1 16:49:43 2019]
rule sort_cnt_tbls:
    input: /DATA/usr/ludo/projects/LP190425_flySuRE/data/intermediate/LP20191029_Dm11_N02_pipelineOutput/count_tables/10_reverse_liftover/chr3L.bedpe.gz
    output: /DATA/usr/ludo/projects/LP190425_flySuRE/data/intermediate/LP20191029_Dm11_N02_pipelineOutput/count_tables/11_sorted/chr3L.bedpe.gz
    jobid: 3
    reason: Missing output files: /DATA/usr/ludo/projects/LP190425_flySuRE/data/intermediate/LP20191029_Dm11_N02_pipelineOutput/count_tables/11_sorted/chr3L.bedpe.gz; Input files updated by another job: /DATA/usr/ludo/projects/LP190425_flySuRE/data/intermediate/LP20191029_Dm11_N02_pipelineOutput/count_tables/10_reverse_liftover/chr3L.bedpe.gz
    wildcards: c=chr3L
    threads: 5
    resources: ram=50

zcat /DATA/usr/ludo/projects/LP190425_flySuRE/data/intermediate/LP20191029_Dm11_N02_pipelineOutput/count_tables/10_reverse_liftover/chr3L.bedpe.gz | /DATA/usr/ludo/projects/LP190425_flySuRE/code/pipeline/code/sort_cnt_tbls.sh > /DATA/usr/ludo/projects/LP190425_flySuRE/data/intermediate/LP20191029_Dm11_N02_pipelineOutput/count_tables/11_sorted/chr3L.bedpe.gz
Activating conda environment: /DATA/usr/ludo/projects/LP190425_flySuRE/analyses/LP20191017_processing_cDNA_iPCR/.snakemake/conda/a8e43192
[Fri Nov  1 16:50:26 2019]
Finished job 4.
9 of 22 steps (41%) done

[Fri Nov  1 16:50:26 2019]
rule sort_cnt_tbls:
    input: /DATA/usr/ludo/projects/LP190425_flySuRE/data/intermediate/LP20191029_Dm11_N02_pipelineOutput/count_tables/10_reverse_liftover/chr2R.bedpe.gz
    output: /DATA/usr/ludo/projects/LP190425_flySuRE/data/intermediate/LP20191029_Dm11_N02_pipelineOutput/count_tables/11_sorted/chr2R.bedpe.gz
    jobid: 2
    reason: Missing output files: /DATA/usr/ludo/projects/LP190425_flySuRE/data/intermediate/LP20191029_Dm11_N02_pipelineOutput/count_tables/11_sorted/chr2R.bedpe.gz; Input files updated by another job: /DATA/usr/ludo/projects/LP190425_flySuRE/data/intermediate/LP20191029_Dm11_N02_pipelineOutput/count_tables/10_reverse_liftover/chr2R.bedpe.gz
    wildcards: c=chr2R
    threads: 5
    resources: ram=50

zcat /DATA/usr/ludo/projects/LP190425_flySuRE/data/intermediate/LP20191029_Dm11_N02_pipelineOutput/count_tables/10_reverse_liftover/chr2R.bedpe.gz | /DATA/usr/ludo/projects/LP190425_flySuRE/code/pipeline/code/sort_cnt_tbls.sh > /DATA/usr/ludo/projects/LP190425_flySuRE/data/intermediate/LP20191029_Dm11_N02_pipelineOutput/count_tables/11_sorted/chr2R.bedpe.gz
Activating conda environment: /DATA/usr/ludo/projects/LP190425_flySuRE/analyses/LP20191017_processing_cDNA_iPCR/.snakemake/conda/a8e43192
[Fri Nov  1 16:51:45 2019]
Finished job 3.
10 of 22 steps (45%) done

[Fri Nov  1 16:51:45 2019]
rule reverse_liftover:
    input: /DATA/usr/ludo/projects/LP190425_flySuRE/data/intermediate/LP20191029_Dm11_N02_pipelineOutput/count_tables/09_ipcr_cdna_merged/chr2L.bedpe.gz, /home/ludo/projects/LP190425_flySuRE/data/processed/LP20191008_VCF_per_sample/chain/N02_LP20191028_reverse.chain
    output: /DATA/usr/ludo/projects/LP190425_flySuRE/data/intermediate/LP20191029_Dm11_N02_pipelineOutput/count_tables/10_reverse_liftover/chr2L.bedpe.gz, /DATA/usr/ludo/projects/LP190425_flySuRE/data/intermediate/LP20191029_Dm11_N02_pipelineOutput/count_tables/10_reverse_liftover/chr2L.log
    jobid: 7
    reason: Missing output files: /DATA/usr/ludo/projects/LP190425_flySuRE/data/intermediate/LP20191029_Dm11_N02_pipelineOutput/count_tables/10_reverse_liftover/chr2L.bedpe.gz; Input files updated by another job: /DATA/usr/ludo/projects/LP190425_flySuRE/data/intermediate/LP20191029_Dm11_N02_pipelineOutput/count_tables/09_ipcr_cdna_merged/chr2L.bedpe.gz
    wildcards: c=chr2L
    resources: ram=30

python /DATA/usr/ludo/projects/LP190425_flySuRE/code/pipeline/code/liftover_reverse.py --inn /DATA/usr/ludo/projects/LP190425_flySuRE/data/intermediate/LP20191029_Dm11_N02_pipelineOutput/count_tables/09_ipcr_cdna_merged/chr2L.bedpe.gz --chainfile /home/ludo/projects/LP190425_flySuRE/data/processed/LP20191008_VCF_per_sample/chain/N02_LP20191028_reverse.chain --out /DATA/usr/ludo/projects/LP190425_flySuRE/data/intermediate/LP20191029_Dm11_N02_pipelineOutput/count_tables/10_reverse_liftover/chr2L.bedpe.gz --log /DATA/usr/ludo/projects/LP190425_flySuRE/data/intermediate/LP20191029_Dm11_N02_pipelineOutput/count_tables/10_reverse_liftover/chr2L.log
Activating conda environment: /DATA/usr/ludo/projects/LP190425_flySuRE/analyses/LP20191017_processing_cDNA_iPCR/.snakemake/conda/a8e43192
[Fri Nov  1 16:52:26 2019]
Finished job 2.
11 of 22 steps (50%) done

[Fri Nov  1 16:52:26 2019]
rule iPCR_merge_bedpe:
    input: /DATA/usr/ludo/projects/LP190425_flySuRE/data/intermediate/LP20191029_Dm11_N02_pipelineOutput/iPCR/N02_B1_T01/07_bedpe_BC/N02_B1_T01_chr4.bedpe.gz
    output: /DATA/usr/ludo/projects/LP190425_flySuRE/data/intermediate/LP20191029_Dm11_N02_pipelineOutput/iPCR/samples_merged/08_bedpe_merged/chr4.bedpe.gz
    log: /DATA/usr/ludo/projects/LP190425_flySuRE/data/intermediate/LP20191029_Dm11_N02_pipelineOutput/iPCR/samples_merged/08_bedpe_merged/chr4.log
    jobid: 24
    reason: Missing output files: /DATA/usr/ludo/projects/LP190425_flySuRE/data/intermediate/LP20191029_Dm11_N02_pipelineOutput/iPCR/samples_merged/08_bedpe_merged/chr4.bedpe.gz
    wildcards: path=/DATA/usr/ludo/projects/LP190425_flySuRE/data/intermediate/LP20191029_Dm11_N02_pipelineOutput/iPCR, c=chr4
    threads: 4
    resources: ram=60

/usr/bin/Rscript --vanilla /DATA/usr/ludo/projects/LP190425_flySuRE/code/pipeline/code/merge_bedpe_over_samples.R /DATA/usr/ludo/projects/LP190425_flySuRE/data/intermediate/LP20191029_Dm11_N02_pipelineOutput/iPCR/samples_merged/08_bedpe_merged/chr4.bedpe.gz /DATA/usr/ludo/projects/LP190425_flySuRE/data/intermediate/LP20191029_Dm11_N02_pipelineOutput/iPCR/samples_merged/08_bedpe_merged/chr4.log /DATA/usr/ludo/projects/LP190425_flySuRE/data/intermediate/LP20191029_Dm11_N02_pipelineOutput/iPCR/N02_B1_T01/07_bedpe_BC/N02_B1_T01_chr4.bedpe.gz
Registered S3 method overwritten by 'R.oo':
  method        from       
  throw.default R.methodsS3
[Fri Nov  1 16:52:43 2019]
Finished job 24.
12 of 22 steps (55%) done

[Fri Nov  1 16:52:43 2019]
rule merge_ipcr_cdna:
    input: /DATA/usr/ludo/projects/LP190425_flySuRE/data/intermediate/LP20191029_Dm11_N02_pipelineOutput/cDNA/N02_B1_T1/N02_B1_T1_trimmed_table.txt.gz, /DATA/usr/ludo/projects/LP190425_flySuRE/data/intermediate/LP20191029_Dm11_N02_pipelineOutput/iPCR/samples_merged/08_bedpe_merged/chr4.bedpe.gz
    output: /DATA/usr/ludo/projects/LP190425_flySuRE/data/intermediate/LP20191029_Dm11_N02_pipelineOutput/count_tables/09_ipcr_cdna_merged/chr4.bedpe.gz, /DATA/usr/ludo/projects/LP190425_flySuRE/data/intermediate/LP20191029_Dm11_N02_pipelineOutput/count_tables/09_ipcr_cdna_merged/chr4.log
    jobid: 17
    reason: Missing output files: /DATA/usr/ludo/projects/LP190425_flySuRE/data/intermediate/LP20191029_Dm11_N02_pipelineOutput/count_tables/09_ipcr_cdna_merged/chr4.bedpe.gz; Input files updated by another job: /DATA/usr/ludo/projects/LP190425_flySuRE/data/intermediate/LP20191029_Dm11_N02_pipelineOutput/iPCR/samples_merged/08_bedpe_merged/chr4.bedpe.gz
    wildcards: c=chr4
    resources: ram=40

/usr/bin/Rscript --vanilla /DATA/usr/ludo/projects/LP190425_flySuRE/code/pipeline/code/merge_iPCR_cDNA.R /DATA/usr/ludo/projects/LP190425_flySuRE/data/intermediate/LP20191029_Dm11_N02_pipelineOutput/count_tables/09_ipcr_cdna_merged/chr4.bedpe.gz /DATA/usr/ludo/projects/LP190425_flySuRE/data/intermediate/LP20191029_Dm11_N02_pipelineOutput/count_tables/09_ipcr_cdna_merged/chr4.log /DATA/usr/ludo/projects/LP190425_flySuRE/data/intermediate/LP20191029_Dm11_N02_pipelineOutput/iPCR/samples_merged/08_bedpe_merged/chr4.bedpe.gz /DATA/usr/ludo/projects/LP190425_flySuRE/data/intermediate/LP20191029_Dm11_N02_pipelineOutput/cDNA/N02_B1_T1/N02_B1_T1_trimmed_table.txt.gz
Loading required package: R.oo
Loading required package: R.methodsS3
R.methodsS3 v1.7.1 (2016-02-15) successfully loaded. See ?R.methodsS3 for help.
Registered S3 method overwritten by 'R.oo':
  method        from       
  throw.default R.methodsS3
R.oo v1.22.0 (2018-04-21) successfully loaded. See ?R.oo for help.

Attaching package: 'R.oo'

The following objects are masked from 'package:methods':

    getClasses, getMethods

The following objects are masked from 'package:base':

    attach, detach, gc, load, save

R.utils v2.8.0 successfully loaded. See ?R.utils for help.

Attaching package: 'R.utils'

The following object is masked from 'package:utils':

    timestamp

The following objects are masked from 'package:base':

    cat, commandArgs, getOption, inherits, isOpen, nullfile, parse,
    warnings

[Fri Nov  1 16:53:15 2019]
Finished job 17.
13 of 22 steps (59%) done

[Fri Nov  1 16:53:15 2019]
rule iPCR_merge_bedpe:
    input: /DATA/usr/ludo/projects/LP190425_flySuRE/data/intermediate/LP20191029_Dm11_N02_pipelineOutput/iPCR/N02_B1_T01/07_bedpe_BC/N02_B1_T01_chrM.bedpe.gz
    output: /DATA/usr/ludo/projects/LP190425_flySuRE/data/intermediate/LP20191029_Dm11_N02_pipelineOutput/iPCR/samples_merged/08_bedpe_merged/chrM.bedpe.gz
    log: /DATA/usr/ludo/projects/LP190425_flySuRE/data/intermediate/LP20191029_Dm11_N02_pipelineOutput/iPCR/samples_merged/08_bedpe_merged/chrM.log
    jobid: 25
    reason: Missing output files: /DATA/usr/ludo/projects/LP190425_flySuRE/data/intermediate/LP20191029_Dm11_N02_pipelineOutput/iPCR/samples_merged/08_bedpe_merged/chrM.bedpe.gz
    wildcards: path=/DATA/usr/ludo/projects/LP190425_flySuRE/data/intermediate/LP20191029_Dm11_N02_pipelineOutput/iPCR, c=chrM
    threads: 4
    resources: ram=60

/usr/bin/Rscript --vanilla /DATA/usr/ludo/projects/LP190425_flySuRE/code/pipeline/code/merge_bedpe_over_samples.R /DATA/usr/ludo/projects/LP190425_flySuRE/data/intermediate/LP20191029_Dm11_N02_pipelineOutput/iPCR/samples_merged/08_bedpe_merged/chrM.bedpe.gz /DATA/usr/ludo/projects/LP190425_flySuRE/data/intermediate/LP20191029_Dm11_N02_pipelineOutput/iPCR/samples_merged/08_bedpe_merged/chrM.log /DATA/usr/ludo/projects/LP190425_flySuRE/data/intermediate/LP20191029_Dm11_N02_pipelineOutput/iPCR/N02_B1_T01/07_bedpe_BC/N02_B1_T01_chrM.bedpe.gz
Registered S3 method overwritten by 'R.oo':
  method        from       
  throw.default R.methodsS3
[Fri Nov  1 16:53:21 2019]
Finished job 25.
14 of 22 steps (64%) done

[Fri Nov  1 16:53:21 2019]
rule reverse_liftover:
    input: /DATA/usr/ludo/projects/LP190425_flySuRE/data/intermediate/LP20191029_Dm11_N02_pipelineOutput/count_tables/09_ipcr_cdna_merged/chr4.bedpe.gz, /home/ludo/projects/LP190425_flySuRE/data/processed/LP20191008_VCF_per_sample/chain/N02_LP20191028_reverse.chain
    output: /DATA/usr/ludo/projects/LP190425_flySuRE/data/intermediate/LP20191029_Dm11_N02_pipelineOutput/count_tables/10_reverse_liftover/chr4.bedpe.gz, /DATA/usr/ludo/projects/LP190425_flySuRE/data/intermediate/LP20191029_Dm11_N02_pipelineOutput/count_tables/10_reverse_liftover/chr4.log
    jobid: 11
    reason: Missing output files: /DATA/usr/ludo/projects/LP190425_flySuRE/data/intermediate/LP20191029_Dm11_N02_pipelineOutput/count_tables/10_reverse_liftover/chr4.bedpe.gz; Input files updated by another job: /DATA/usr/ludo/projects/LP190425_flySuRE/data/intermediate/LP20191029_Dm11_N02_pipelineOutput/count_tables/09_ipcr_cdna_merged/chr4.bedpe.gz
    wildcards: c=chr4
    resources: ram=30

python /DATA/usr/ludo/projects/LP190425_flySuRE/code/pipeline/code/liftover_reverse.py --inn /DATA/usr/ludo/projects/LP190425_flySuRE/data/intermediate/LP20191029_Dm11_N02_pipelineOutput/count_tables/09_ipcr_cdna_merged/chr4.bedpe.gz --chainfile /home/ludo/projects/LP190425_flySuRE/data/processed/LP20191008_VCF_per_sample/chain/N02_LP20191028_reverse.chain --out /DATA/usr/ludo/projects/LP190425_flySuRE/data/intermediate/LP20191029_Dm11_N02_pipelineOutput/count_tables/10_reverse_liftover/chr4.bedpe.gz --log /DATA/usr/ludo/projects/LP190425_flySuRE/data/intermediate/LP20191029_Dm11_N02_pipelineOutput/count_tables/10_reverse_liftover/chr4.log

[Fri Nov  1 16:53:21 2019]
rule merge_ipcr_cdna:
    input: /DATA/usr/ludo/projects/LP190425_flySuRE/data/intermediate/LP20191029_Dm11_N02_pipelineOutput/cDNA/N02_B1_T1/N02_B1_T1_trimmed_table.txt.gz, /DATA/usr/ludo/projects/LP190425_flySuRE/data/intermediate/LP20191029_Dm11_N02_pipelineOutput/iPCR/samples_merged/08_bedpe_merged/chrM.bedpe.gz
    output: /DATA/usr/ludo/projects/LP190425_flySuRE/data/intermediate/LP20191029_Dm11_N02_pipelineOutput/count_tables/09_ipcr_cdna_merged/chrM.bedpe.gz, /DATA/usr/ludo/projects/LP190425_flySuRE/data/intermediate/LP20191029_Dm11_N02_pipelineOutput/count_tables/09_ipcr_cdna_merged/chrM.log
    jobid: 18
    reason: Missing output files: /DATA/usr/ludo/projects/LP190425_flySuRE/data/intermediate/LP20191029_Dm11_N02_pipelineOutput/count_tables/09_ipcr_cdna_merged/chrM.bedpe.gz; Input files updated by another job: /DATA/usr/ludo/projects/LP190425_flySuRE/data/intermediate/LP20191029_Dm11_N02_pipelineOutput/iPCR/samples_merged/08_bedpe_merged/chrM.bedpe.gz
    wildcards: c=chrM
    resources: ram=40

/usr/bin/Rscript --vanilla /DATA/usr/ludo/projects/LP190425_flySuRE/code/pipeline/code/merge_iPCR_cDNA.R /DATA/usr/ludo/projects/LP190425_flySuRE/data/intermediate/LP20191029_Dm11_N02_pipelineOutput/count_tables/09_ipcr_cdna_merged/chrM.bedpe.gz /DATA/usr/ludo/projects/LP190425_flySuRE/data/intermediate/LP20191029_Dm11_N02_pipelineOutput/count_tables/09_ipcr_cdna_merged/chrM.log /DATA/usr/ludo/projects/LP190425_flySuRE/data/intermediate/LP20191029_Dm11_N02_pipelineOutput/iPCR/samples_merged/08_bedpe_merged/chrM.bedpe.gz /DATA/usr/ludo/projects/LP190425_flySuRE/data/intermediate/LP20191029_Dm11_N02_pipelineOutput/cDNA/N02_B1_T1/N02_B1_T1_trimmed_table.txt.gz
Loading required package: R.oo
Loading required package: R.methodsS3
R.methodsS3 v1.7.1 (2016-02-15) successfully loaded. See ?R.methodsS3 for help.
Registered S3 method overwritten by 'R.oo':
  method        from       
  throw.default R.methodsS3
R.oo v1.22.0 (2018-04-21) successfully loaded. See ?R.oo for help.

Attaching package: 'R.oo'

The following objects are masked from 'package:methods':

    getClasses, getMethods

The following objects are masked from 'package:base':

    attach, detach, gc, load, save

R.utils v2.8.0 successfully loaded. See ?R.utils for help.

Attaching package: 'R.utils'

The following object is masked from 'package:utils':

    timestamp

The following objects are masked from 'package:base':

    cat, commandArgs, getOption, inherits, isOpen, nullfile, parse,
    warnings

Activating conda environment: /DATA/usr/ludo/projects/LP190425_flySuRE/analyses/LP20191017_processing_cDNA_iPCR/.snakemake/conda/a8e43192
command: /DATA/usr/ludo/projects/LP190425_flySuRE/code/pipeline/code/liftover_reverse.py --inn /DATA/usr/ludo/projects/LP190425_flySuRE/data/intermediate/LP20191029_Dm11_N02_pipelineOutput/count_tables/09_ipcr_cdna_merged/chr4.bedpe.gz --chainfile /home/ludo/projects/LP190425_flySuRE/data/processed/LP20191008_VCF_per_sample/chain/N02_LP20191028_reverse.chain --out /DATA/usr/ludo/projects/LP190425_flySuRE/data/intermediate/LP20191029_Dm11_N02_pipelineOutput/count_tables/10_reverse_liftover/chr4.bedpe.gz --log /DATA/usr/ludo/projects/LP190425_flySuRE/data/intermediate/LP20191029_Dm11_N02_pipelineOutput/count_tables/10_reverse_liftover/chr4.log
[Fri Nov  1 16:53:29 2019]
Finished job 11.
15 of 22 steps (68%) done
[Fri Nov  1 16:53:53 2019]
Finished job 18.
16 of 22 steps (73%) done

[Fri Nov  1 16:53:53 2019]
rule sort_cnt_tbls:
    input: /DATA/usr/ludo/projects/LP190425_flySuRE/data/intermediate/LP20191029_Dm11_N02_pipelineOutput/count_tables/10_reverse_liftover/chr4.bedpe.gz
    output: /DATA/usr/ludo/projects/LP190425_flySuRE/data/intermediate/LP20191029_Dm11_N02_pipelineOutput/count_tables/11_sorted/chr4.bedpe.gz
    jobid: 5
    reason: Missing output files: /DATA/usr/ludo/projects/LP190425_flySuRE/data/intermediate/LP20191029_Dm11_N02_pipelineOutput/count_tables/11_sorted/chr4.bedpe.gz; Input files updated by another job: /DATA/usr/ludo/projects/LP190425_flySuRE/data/intermediate/LP20191029_Dm11_N02_pipelineOutput/count_tables/10_reverse_liftover/chr4.bedpe.gz
    wildcards: c=chr4
    threads: 5
    resources: ram=50

zcat /DATA/usr/ludo/projects/LP190425_flySuRE/data/intermediate/LP20191029_Dm11_N02_pipelineOutput/count_tables/10_reverse_liftover/chr4.bedpe.gz | /DATA/usr/ludo/projects/LP190425_flySuRE/code/pipeline/code/sort_cnt_tbls.sh > /DATA/usr/ludo/projects/LP190425_flySuRE/data/intermediate/LP20191029_Dm11_N02_pipelineOutput/count_tables/11_sorted/chr4.bedpe.gz
Activating conda environment: /DATA/usr/ludo/projects/LP190425_flySuRE/analyses/LP20191017_processing_cDNA_iPCR/.snakemake/conda/a8e43192
[Fri Nov  1 16:53:56 2019]
Finished job 5.
17 of 22 steps (77%) done

[Fri Nov  1 16:53:56 2019]
rule reverse_liftover:
    input: /DATA/usr/ludo/projects/LP190425_flySuRE/data/intermediate/LP20191029_Dm11_N02_pipelineOutput/count_tables/09_ipcr_cdna_merged/chrM.bedpe.gz, /home/ludo/projects/LP190425_flySuRE/data/processed/LP20191008_VCF_per_sample/chain/N02_LP20191028_reverse.chain
    output: /DATA/usr/ludo/projects/LP190425_flySuRE/data/intermediate/LP20191029_Dm11_N02_pipelineOutput/count_tables/10_reverse_liftover/chrM.bedpe.gz, /DATA/usr/ludo/projects/LP190425_flySuRE/data/intermediate/LP20191029_Dm11_N02_pipelineOutput/count_tables/10_reverse_liftover/chrM.log
    jobid: 12
    reason: Missing output files: /DATA/usr/ludo/projects/LP190425_flySuRE/data/intermediate/LP20191029_Dm11_N02_pipelineOutput/count_tables/10_reverse_liftover/chrM.bedpe.gz; Input files updated by another job: /DATA/usr/ludo/projects/LP190425_flySuRE/data/intermediate/LP20191029_Dm11_N02_pipelineOutput/count_tables/09_ipcr_cdna_merged/chrM.bedpe.gz
    wildcards: c=chrM
    resources: ram=30

python /DATA/usr/ludo/projects/LP190425_flySuRE/code/pipeline/code/liftover_reverse.py --inn /DATA/usr/ludo/projects/LP190425_flySuRE/data/intermediate/LP20191029_Dm11_N02_pipelineOutput/count_tables/09_ipcr_cdna_merged/chrM.bedpe.gz --chainfile /home/ludo/projects/LP190425_flySuRE/data/processed/LP20191008_VCF_per_sample/chain/N02_LP20191028_reverse.chain --out /DATA/usr/ludo/projects/LP190425_flySuRE/data/intermediate/LP20191029_Dm11_N02_pipelineOutput/count_tables/10_reverse_liftover/chrM.bedpe.gz --log /DATA/usr/ludo/projects/LP190425_flySuRE/data/intermediate/LP20191029_Dm11_N02_pipelineOutput/count_tables/10_reverse_liftover/chrM.log
Activating conda environment: /DATA/usr/ludo/projects/LP190425_flySuRE/analyses/LP20191017_processing_cDNA_iPCR/.snakemake/conda/a8e43192
command: /DATA/usr/ludo/projects/LP190425_flySuRE/code/pipeline/code/liftover_reverse.py --inn /DATA/usr/ludo/projects/LP190425_flySuRE/data/intermediate/LP20191029_Dm11_N02_pipelineOutput/count_tables/09_ipcr_cdna_merged/chrM.bedpe.gz --chainfile /home/ludo/projects/LP190425_flySuRE/data/processed/LP20191008_VCF_per_sample/chain/N02_LP20191028_reverse.chain --out /DATA/usr/ludo/projects/LP190425_flySuRE/data/intermediate/LP20191029_Dm11_N02_pipelineOutput/count_tables/10_reverse_liftover/chrM.bedpe.gz --log /DATA/usr/ludo/projects/LP190425_flySuRE/data/intermediate/LP20191029_Dm11_N02_pipelineOutput/count_tables/10_reverse_liftover/chrM.log
[Fri Nov  1 16:54:01 2019]
Finished job 12.
18 of 22 steps (82%) done

[Fri Nov  1 16:54:01 2019]
rule sort_cnt_tbls:
    input: /DATA/usr/ludo/projects/LP190425_flySuRE/data/intermediate/LP20191029_Dm11_N02_pipelineOutput/count_tables/10_reverse_liftover/chrM.bedpe.gz
    output: /DATA/usr/ludo/projects/LP190425_flySuRE/data/intermediate/LP20191029_Dm11_N02_pipelineOutput/count_tables/11_sorted/chrM.bedpe.gz
    jobid: 6
    reason: Missing output files: /DATA/usr/ludo/projects/LP190425_flySuRE/data/intermediate/LP20191029_Dm11_N02_pipelineOutput/count_tables/11_sorted/chrM.bedpe.gz; Input files updated by another job: /DATA/usr/ludo/projects/LP190425_flySuRE/data/intermediate/LP20191029_Dm11_N02_pipelineOutput/count_tables/10_reverse_liftover/chrM.bedpe.gz
    wildcards: c=chrM
    threads: 5
    resources: ram=50

zcat /DATA/usr/ludo/projects/LP190425_flySuRE/data/intermediate/LP20191029_Dm11_N02_pipelineOutput/count_tables/10_reverse_liftover/chrM.bedpe.gz | /DATA/usr/ludo/projects/LP190425_flySuRE/code/pipeline/code/sort_cnt_tbls.sh > /DATA/usr/ludo/projects/LP190425_flySuRE/data/intermediate/LP20191029_Dm11_N02_pipelineOutput/count_tables/11_sorted/chrM.bedpe.gz
Activating conda environment: /DATA/usr/ludo/projects/LP190425_flySuRE/analyses/LP20191017_processing_cDNA_iPCR/.snakemake/conda/a8e43192
[Fri Nov  1 16:54:04 2019]
Finished job 6.
19 of 22 steps (86%) done
command: /DATA/usr/ludo/projects/LP190425_flySuRE/code/pipeline/code/liftover_reverse.py --inn /DATA/usr/ludo/projects/LP190425_flySuRE/data/intermediate/LP20191029_Dm11_N02_pipelineOutput/count_tables/09_ipcr_cdna_merged/chr2L.bedpe.gz --chainfile /home/ludo/projects/LP190425_flySuRE/data/processed/LP20191008_VCF_per_sample/chain/N02_LP20191028_reverse.chain --out /DATA/usr/ludo/projects/LP190425_flySuRE/data/intermediate/LP20191029_Dm11_N02_pipelineOutput/count_tables/10_reverse_liftover/chr2L.bedpe.gz --log /DATA/usr/ludo/projects/LP190425_flySuRE/data/intermediate/LP20191029_Dm11_N02_pipelineOutput/count_tables/10_reverse_liftover/chr2L.log
[Fri Nov  1 16:57:58 2019]
Finished job 7.
20 of 22 steps (91%) done

[Fri Nov  1 16:57:58 2019]
rule sort_cnt_tbls:
    input: /DATA/usr/ludo/projects/LP190425_flySuRE/data/intermediate/LP20191029_Dm11_N02_pipelineOutput/count_tables/10_reverse_liftover/chr2L.bedpe.gz
    output: /DATA/usr/ludo/projects/LP190425_flySuRE/data/intermediate/LP20191029_Dm11_N02_pipelineOutput/count_tables/11_sorted/chr2L.bedpe.gz
    jobid: 1
    reason: Missing output files: /DATA/usr/ludo/projects/LP190425_flySuRE/data/intermediate/LP20191029_Dm11_N02_pipelineOutput/count_tables/11_sorted/chr2L.bedpe.gz; Input files updated by another job: /DATA/usr/ludo/projects/LP190425_flySuRE/data/intermediate/LP20191029_Dm11_N02_pipelineOutput/count_tables/10_reverse_liftover/chr2L.bedpe.gz
    wildcards: c=chr2L
    threads: 5
    resources: ram=50

zcat /DATA/usr/ludo/projects/LP190425_flySuRE/data/intermediate/LP20191029_Dm11_N02_pipelineOutput/count_tables/10_reverse_liftover/chr2L.bedpe.gz | /DATA/usr/ludo/projects/LP190425_flySuRE/code/pipeline/code/sort_cnt_tbls.sh > /DATA/usr/ludo/projects/LP190425_flySuRE/data/intermediate/LP20191029_Dm11_N02_pipelineOutput/count_tables/11_sorted/chr2L.bedpe.gz
Activating conda environment: /DATA/usr/ludo/projects/LP190425_flySuRE/analyses/LP20191017_processing_cDNA_iPCR/.snakemake/conda/a8e43192
[Fri Nov  1 16:59:42 2019]
Finished job 1.
21 of 22 steps (95%) done

[Fri Nov  1 16:59:42 2019]
localrule sorted_cnt_tbls:
    input: /DATA/usr/ludo/projects/LP190425_flySuRE/data/intermediate/LP20191029_Dm11_N02_pipelineOutput/count_tables/11_sorted/chr2L.bedpe.gz, /DATA/usr/ludo/projects/LP190425_flySuRE/data/intermediate/LP20191029_Dm11_N02_pipelineOutput/count_tables/11_sorted/chr2R.bedpe.gz, /DATA/usr/ludo/projects/LP190425_flySuRE/data/intermediate/LP20191029_Dm11_N02_pipelineOutput/count_tables/11_sorted/chr3L.bedpe.gz, /DATA/usr/ludo/projects/LP190425_flySuRE/data/intermediate/LP20191029_Dm11_N02_pipelineOutput/count_tables/11_sorted/chr3R.bedpe.gz, /DATA/usr/ludo/projects/LP190425_flySuRE/data/intermediate/LP20191029_Dm11_N02_pipelineOutput/count_tables/11_sorted/chr4.bedpe.gz, /DATA/usr/ludo/projects/LP190425_flySuRE/data/intermediate/LP20191029_Dm11_N02_pipelineOutput/count_tables/11_sorted/chrM.bedpe.gz
    jobid: 0
    reason: Input files updated by another job: /DATA/usr/ludo/projects/LP190425_flySuRE/data/intermediate/LP20191029_Dm11_N02_pipelineOutput/count_tables/11_sorted/chr4.bedpe.gz, /DATA/usr/ludo/projects/LP190425_flySuRE/data/intermediate/LP20191029_Dm11_N02_pipelineOutput/count_tables/11_sorted/chr2R.bedpe.gz, /DATA/usr/ludo/projects/LP190425_flySuRE/data/intermediate/LP20191029_Dm11_N02_pipelineOutput/count_tables/11_sorted/chrM.bedpe.gz, /DATA/usr/ludo/projects/LP190425_flySuRE/data/intermediate/LP20191029_Dm11_N02_pipelineOutput/count_tables/11_sorted/chr3L.bedpe.gz, /DATA/usr/ludo/projects/LP190425_flySuRE/data/intermediate/LP20191029_Dm11_N02_pipelineOutput/count_tables/11_sorted/chr3R.bedpe.gz, /DATA/usr/ludo/projects/LP190425_flySuRE/data/intermediate/LP20191029_Dm11_N02_pipelineOutput/count_tables/11_sorted/chr2L.bedpe.gz

[Fri Nov  1 16:59:42 2019]
Finished job 0.
22 of 22 steps (100%) done
Complete log: /DATA/usr/ludo/projects/LP190425_flySuRE/analyses/LP20191017_processing_cDNA_iPCR/.snakemake/log/2019-11-01T154949.469485.snakemake.log
SuRE-seq pipeline version:  0.14.feature_SNP-usr-config 
 git commit hash:  8bf8731b0e97f5f2bd512693c6a20864dae6a7d1 


['/DATA/usr/ludo/projects/LP190425_flySuRE/data/intermediate/LP20191029_Dm11_N02_pipelineOutput/coverage/N02.norm.bw', '/DATA/usr/ludo/projects/LP190425_flySuRE/data/intermediate/LP20191029_Dm11_N02_pipelineOutput/coverage/N02.norm.plus.bw', '/DATA/usr/ludo/projects/LP190425_flySuRE/data/intermediate/LP20191029_Dm11_N02_pipelineOutput/coverage/N02.norm.minus.bw', '/DATA/usr/ludo/projects/LP190425_flySuRE/data/intermediate/LP20191029_Dm11_N02_pipelineOutput/coverage/N02.normflat.bw', '/DATA/usr/ludo/projects/LP190425_flySuRE/data/intermediate/LP20191029_Dm11_N02_pipelineOutput/coverage/N02.normflat.plus.bw', '/DATA/usr/ludo/projects/LP190425_flySuRE/data/intermediate/LP20191029_Dm11_N02_pipelineOutput/coverage/N02.normflat.minus.bw']
	Command being timed: "nice -19 snakemake -prs ../../code/pipeline/SuRE-snakemake --use-conda --resources ram=100 --configfile config-Dm11_N02_LP20191029.yml --cores 15 sorted_cnt_tbls"
	User time (seconds): 10259.84
	System time (seconds): 646.06
	Percent of CPU this job got: 260%
	Elapsed (wall clock) time (h:mm:ss or m:ss): 1:09:53
	Average shared text size (kbytes): 0
	Average unshared data size (kbytes): 0
	Average stack size (kbytes): 0
	Average total size (kbytes): 0
	Maximum resident set size (kbytes): 19045096
	Average resident set size (kbytes): 0
	Major (requiring I/O) page faults: 10
	Minor (reclaiming a frame) page faults: 619839254
	Voluntary context switches: 9788383
	Involuntary context switches: 15809
	Swaps: 0
	File system inputs: 3312056
	File system outputs: 77726104
	Socket messages sent: 0
	Socket messages received: 0
	Signals delivered: 0
	Page size (bytes): 4096
	Exit status: 0
