Building DAG of jobs...
Using shell: /bin/bash
Provided cores: 15
Rules claiming more threads will be scaled down.
Provided resources: ram=100
Job counts:
	count	jobs
	1	addBC2bedpe_multi
	1	cDNA
	6	iPCR_merge_bedpe
	6	merge_ipcr_cdna
	6	reverse_liftover
	6	sort_cnt_tbls
	1	sorted_cnt_tbls
	27

[Tue Oct 29 12:47:48 2019]
rule cDNA:
    input: /home/ludo/projects/LP190425_flySuRE/data/raw/LP20190906_cDNA_resequencing_I/SuRE_III_Dm9_sequence.txt.gz
    output: /DATA/usr/ludo/projects/LP190425_flySuRE/data/intermediate/LP20191028_Dm09_I02_pipelineOutput/cDNA/I02_B1_T1/I02_B1_T1_trimmed_table.txt.gz
    jobid: 19
    reason: Missing output files: /DATA/usr/ludo/projects/LP190425_flySuRE/data/intermediate/LP20191028_Dm09_I02_pipelineOutput/cDNA/I02_B1_T1/I02_B1_T1_trimmed_table.txt.gz
    wildcards: s=I02_B1_T1

/DATA/usr/ludo/projects/LP190425_flySuRE/code/pipeline/code/cDNA-plDNA-count-BC.bash -l -b 'I02_B1_T1' -o '/DATA/usr/ludo/projects/LP190425_flySuRE/data/intermediate/LP20191028_Dm09_I02_pipelineOutput/cDNA/I02_B1_T1' -a 'CCTAGCTAACTATAACGGTCCTAAGGTAGCGAA' /home/ludo/projects/LP190425_flySuRE/data/raw/LP20190906_cDNA_resequencing_I/SuRE_III_Dm9_sequence.txt.gz

[Tue Oct 29 12:47:48 2019]
rule addBC2bedpe_multi:
    input: /DATA/usr/ludo/projects/LP190425_flySuRE/data/intermediate/LP20191028_Dm09_I02_pipelineOutput/iPCR/I02_B1_T01/06_bedpe/I02_B1_T01_chr2L.bedpe.gz, /DATA/usr/ludo/projects/LP190425_flySuRE/data/intermediate/LP20191028_Dm09_I02_pipelineOutput/iPCR/I02_B1_T01/06_bedpe/I02_B1_T01_chr2R.bedpe.gz, /DATA/usr/ludo/projects/LP190425_flySuRE/data/intermediate/LP20191028_Dm09_I02_pipelineOutput/iPCR/I02_B1_T01/06_bedpe/I02_B1_T01_chr3L.bedpe.gz, /DATA/usr/ludo/projects/LP190425_flySuRE/data/intermediate/LP20191028_Dm09_I02_pipelineOutput/iPCR/I02_B1_T01/06_bedpe/I02_B1_T01_chr3R.bedpe.gz, /DATA/usr/ludo/projects/LP190425_flySuRE/data/intermediate/LP20191028_Dm09_I02_pipelineOutput/iPCR/I02_B1_T01/06_bedpe/I02_B1_T01_chr4.bedpe.gz, /DATA/usr/ludo/projects/LP190425_flySuRE/data/intermediate/LP20191028_Dm09_I02_pipelineOutput/iPCR/I02_B1_T01/06_bedpe/I02_B1_T01_chrM.bedpe.gz, /DATA/usr/ludo/projects/LP190425_flySuRE/data/intermediate/LP20191028_Dm09_I02_pipelineOutput/iPCR/I02_B1_T01/01_fastq_trimmed/I02_B1_T01_forw.info.gz
    output: /DATA/usr/ludo/projects/LP190425_flySuRE/data/intermediate/LP20191028_Dm09_I02_pipelineOutput/iPCR/I02_B1_T01/07_bedpe_BC/I02_B1_T01_chr2L.bedpe.gz, /DATA/usr/ludo/projects/LP190425_flySuRE/data/intermediate/LP20191028_Dm09_I02_pipelineOutput/iPCR/I02_B1_T01/07_bedpe_BC/I02_B1_T01_chr2R.bedpe.gz, /DATA/usr/ludo/projects/LP190425_flySuRE/data/intermediate/LP20191028_Dm09_I02_pipelineOutput/iPCR/I02_B1_T01/07_bedpe_BC/I02_B1_T01_chr3L.bedpe.gz, /DATA/usr/ludo/projects/LP190425_flySuRE/data/intermediate/LP20191028_Dm09_I02_pipelineOutput/iPCR/I02_B1_T01/07_bedpe_BC/I02_B1_T01_chr3R.bedpe.gz, /DATA/usr/ludo/projects/LP190425_flySuRE/data/intermediate/LP20191028_Dm09_I02_pipelineOutput/iPCR/I02_B1_T01/07_bedpe_BC/I02_B1_T01_chr4.bedpe.gz, /DATA/usr/ludo/projects/LP190425_flySuRE/data/intermediate/LP20191028_Dm09_I02_pipelineOutput/iPCR/I02_B1_T01/07_bedpe_BC/I02_B1_T01_chrM.bedpe.gz, /DATA/usr/ludo/projects/LP190425_flySuRE/data/intermediate/LP20191028_Dm09_I02_pipelineOutput/iPCR/I02_B1_T01/07_bedpe_BC/I02_B1_T01.log, /DATA/usr/ludo/projects/LP190425_flySuRE/data/intermediate/LP20191028_Dm09_I02_pipelineOutput/iPCR/I02_B1_T01/07_bedpe_BC/I02_B1_T01.stats
    jobid: 26
    reason: Missing output files: /DATA/usr/ludo/projects/LP190425_flySuRE/data/intermediate/LP20191028_Dm09_I02_pipelineOutput/iPCR/I02_B1_T01/07_bedpe_BC/I02_B1_T01_chr3R.bedpe.gz, /DATA/usr/ludo/projects/LP190425_flySuRE/data/intermediate/LP20191028_Dm09_I02_pipelineOutput/iPCR/I02_B1_T01/07_bedpe_BC/I02_B1_T01_chr2L.bedpe.gz, /DATA/usr/ludo/projects/LP190425_flySuRE/data/intermediate/LP20191028_Dm09_I02_pipelineOutput/iPCR/I02_B1_T01/07_bedpe_BC/I02_B1_T01_chr3L.bedpe.gz, /DATA/usr/ludo/projects/LP190425_flySuRE/data/intermediate/LP20191028_Dm09_I02_pipelineOutput/iPCR/I02_B1_T01/07_bedpe_BC/I02_B1_T01_chr4.bedpe.gz, /DATA/usr/ludo/projects/LP190425_flySuRE/data/intermediate/LP20191028_Dm09_I02_pipelineOutput/iPCR/I02_B1_T01/07_bedpe_BC/I02_B1_T01_chrM.bedpe.gz, /DATA/usr/ludo/projects/LP190425_flySuRE/data/intermediate/LP20191028_Dm09_I02_pipelineOutput/iPCR/I02_B1_T01/07_bedpe_BC/I02_B1_T01_chr2R.bedpe.gz
    wildcards: path=/DATA/usr/ludo/projects/LP190425_flySuRE/data/intermediate/LP20191028_Dm09_I02_pipelineOutput/iPCR, smpl=I02_B1_T01
    resources: ram=30

python /DATA/usr/ludo/projects/LP190425_flySuRE/code/pipeline/code/iPCR_addBC2bedpe.py --bedpe /DATA/usr/ludo/projects/LP190425_flySuRE/data/intermediate/LP20191028_Dm09_I02_pipelineOutput/iPCR/I02_B1_T01/06_bedpe/I02_B1_T01_chr2L.bedpe.gz /DATA/usr/ludo/projects/LP190425_flySuRE/data/intermediate/LP20191028_Dm09_I02_pipelineOutput/iPCR/I02_B1_T01/06_bedpe/I02_B1_T01_chr2R.bedpe.gz /DATA/usr/ludo/projects/LP190425_flySuRE/data/intermediate/LP20191028_Dm09_I02_pipelineOutput/iPCR/I02_B1_T01/06_bedpe/I02_B1_T01_chr3L.bedpe.gz /DATA/usr/ludo/projects/LP190425_flySuRE/data/intermediate/LP20191028_Dm09_I02_pipelineOutput/iPCR/I02_B1_T01/06_bedpe/I02_B1_T01_chr3R.bedpe.gz /DATA/usr/ludo/projects/LP190425_flySuRE/data/intermediate/LP20191028_Dm09_I02_pipelineOutput/iPCR/I02_B1_T01/06_bedpe/I02_B1_T01_chr4.bedpe.gz /DATA/usr/ludo/projects/LP190425_flySuRE/data/intermediate/LP20191028_Dm09_I02_pipelineOutput/iPCR/I02_B1_T01/06_bedpe/I02_B1_T01_chrM.bedpe.gz --info /DATA/usr/ludo/projects/LP190425_flySuRE/data/intermediate/LP20191028_Dm09_I02_pipelineOutput/iPCR/I02_B1_T01/01_fastq_trimmed/I02_B1_T01_forw.info.gz --out /DATA/usr/ludo/projects/LP190425_flySuRE/data/intermediate/LP20191028_Dm09_I02_pipelineOutput/iPCR/I02_B1_T01/07_bedpe_BC/I02_B1_T01_chr2L.bedpe.gz /DATA/usr/ludo/projects/LP190425_flySuRE/data/intermediate/LP20191028_Dm09_I02_pipelineOutput/iPCR/I02_B1_T01/07_bedpe_BC/I02_B1_T01_chr2R.bedpe.gz /DATA/usr/ludo/projects/LP190425_flySuRE/data/intermediate/LP20191028_Dm09_I02_pipelineOutput/iPCR/I02_B1_T01/07_bedpe_BC/I02_B1_T01_chr3L.bedpe.gz /DATA/usr/ludo/projects/LP190425_flySuRE/data/intermediate/LP20191028_Dm09_I02_pipelineOutput/iPCR/I02_B1_T01/07_bedpe_BC/I02_B1_T01_chr3R.bedpe.gz /DATA/usr/ludo/projects/LP190425_flySuRE/data/intermediate/LP20191028_Dm09_I02_pipelineOutput/iPCR/I02_B1_T01/07_bedpe_BC/I02_B1_T01_chr4.bedpe.gz /DATA/usr/ludo/projects/LP190425_flySuRE/data/intermediate/LP20191028_Dm09_I02_pipelineOutput/iPCR/I02_B1_T01/07_bedpe_BC/I02_B1_T01_chrM.bedpe.gz --log /DATA/usr/ludo/projects/LP190425_flySuRE/data/intermediate/LP20191028_Dm09_I02_pipelineOutput/iPCR/I02_B1_T01/07_bedpe_BC/I02_B1_T01.log --stats /DATA/usr/ludo/projects/LP190425_flySuRE/data/intermediate/LP20191028_Dm09_I02_pipelineOutput/iPCR/I02_B1_T01/07_bedpe_BC/I02_B1_T01.stats
Activating conda environment: /DATA/usr/ludo/projects/LP190425_flySuRE/analyses/LP20191017_processing_cDNA_iPCR/.snakemake/conda/a8e43192
Activating conda environment: /DATA/usr/ludo/projects/LP190425_flySuRE/analyses/LP20191017_processing_cDNA_iPCR/.snakemake/conda/a8e43192
Read 115 records
[Tue Oct 29 13:16:55 2019]
Finished job 19.
1 of 27 steps (4%) done
command: /DATA/usr/ludo/projects/LP190425_flySuRE/code/pipeline/code/iPCR_addBC2bedpe.py --bedpe /DATA/usr/ludo/projects/LP190425_flySuRE/data/intermediate/LP20191028_Dm09_I02_pipelineOutput/iPCR/I02_B1_T01/06_bedpe/I02_B1_T01_chr2L.bedpe.gz /DATA/usr/ludo/projects/LP190425_flySuRE/data/intermediate/LP20191028_Dm09_I02_pipelineOutput/iPCR/I02_B1_T01/06_bedpe/I02_B1_T01_chr2R.bedpe.gz /DATA/usr/ludo/projects/LP190425_flySuRE/data/intermediate/LP20191028_Dm09_I02_pipelineOutput/iPCR/I02_B1_T01/06_bedpe/I02_B1_T01_chr3L.bedpe.gz /DATA/usr/ludo/projects/LP190425_flySuRE/data/intermediate/LP20191028_Dm09_I02_pipelineOutput/iPCR/I02_B1_T01/06_bedpe/I02_B1_T01_chr3R.bedpe.gz /DATA/usr/ludo/projects/LP190425_flySuRE/data/intermediate/LP20191028_Dm09_I02_pipelineOutput/iPCR/I02_B1_T01/06_bedpe/I02_B1_T01_chr4.bedpe.gz /DATA/usr/ludo/projects/LP190425_flySuRE/data/intermediate/LP20191028_Dm09_I02_pipelineOutput/iPCR/I02_B1_T01/06_bedpe/I02_B1_T01_chrM.bedpe.gz --info /DATA/usr/ludo/projects/LP190425_flySuRE/data/intermediate/LP20191028_Dm09_I02_pipelineOutput/iPCR/I02_B1_T01/01_fastq_trimmed/I02_B1_T01_forw.info.gz --out /DATA/usr/ludo/projects/LP190425_flySuRE/data/intermediate/LP20191028_Dm09_I02_pipelineOutput/iPCR/I02_B1_T01/07_bedpe_BC/I02_B1_T01_chr2L.bedpe.gz /DATA/usr/ludo/projects/LP190425_flySuRE/data/intermediate/LP20191028_Dm09_I02_pipelineOutput/iPCR/I02_B1_T01/07_bedpe_BC/I02_B1_T01_chr2R.bedpe.gz /DATA/usr/ludo/projects/LP190425_flySuRE/data/intermediate/LP20191028_Dm09_I02_pipelineOutput/iPCR/I02_B1_T01/07_bedpe_BC/I02_B1_T01_chr3L.bedpe.gz /DATA/usr/ludo/projects/LP190425_flySuRE/data/intermediate/LP20191028_Dm09_I02_pipelineOutput/iPCR/I02_B1_T01/07_bedpe_BC/I02_B1_T01_chr3R.bedpe.gz /DATA/usr/ludo/projects/LP190425_flySuRE/data/intermediate/LP20191028_Dm09_I02_pipelineOutput/iPCR/I02_B1_T01/07_bedpe_BC/I02_B1_T01_chr4.bedpe.gz /DATA/usr/ludo/projects/LP190425_flySuRE/data/intermediate/LP20191028_Dm09_I02_pipelineOutput/iPCR/I02_B1_T01/07_bedpe_BC/I02_B1_T01_chrM.bedpe.gz --log /DATA/usr/ludo/projects/LP190425_flySuRE/data/intermediate/LP20191028_Dm09_I02_pipelineOutput/iPCR/I02_B1_T01/07_bedpe_BC/I02_B1_T01.log --stats /DATA/usr/ludo/projects/LP190425_flySuRE/data/intermediate/LP20191028_Dm09_I02_pipelineOutput/iPCR/I02_B1_T01/07_bedpe_BC/I02_B1_T01.stats
[Tue Oct 29 14:54:59 2019]
Finished job 26.
2 of 27 steps (7%) done

[Tue Oct 29 14:54:59 2019]
rule iPCR_merge_bedpe:
    input: /DATA/usr/ludo/projects/LP190425_flySuRE/data/intermediate/LP20191028_Dm09_I02_pipelineOutput/iPCR/I02_B1_T01/07_bedpe_BC/I02_B1_T01_chr3R.bedpe.gz
    output: /DATA/usr/ludo/projects/LP190425_flySuRE/data/intermediate/LP20191028_Dm09_I02_pipelineOutput/iPCR/samples_merged/08_bedpe_merged/chr3R.bedpe.gz
    log: /DATA/usr/ludo/projects/LP190425_flySuRE/data/intermediate/LP20191028_Dm09_I02_pipelineOutput/iPCR/samples_merged/08_bedpe_merged/chr3R.log
    jobid: 23
    reason: Missing output files: /DATA/usr/ludo/projects/LP190425_flySuRE/data/intermediate/LP20191028_Dm09_I02_pipelineOutput/iPCR/samples_merged/08_bedpe_merged/chr3R.bedpe.gz; Input files updated by another job: /DATA/usr/ludo/projects/LP190425_flySuRE/data/intermediate/LP20191028_Dm09_I02_pipelineOutput/iPCR/I02_B1_T01/07_bedpe_BC/I02_B1_T01_chr3R.bedpe.gz
    wildcards: path=/DATA/usr/ludo/projects/LP190425_flySuRE/data/intermediate/LP20191028_Dm09_I02_pipelineOutput/iPCR, c=chr3R
    threads: 4
    resources: ram=60

/usr/bin/Rscript --vanilla /DATA/usr/ludo/projects/LP190425_flySuRE/code/pipeline/code/merge_bedpe_over_samples.R /DATA/usr/ludo/projects/LP190425_flySuRE/data/intermediate/LP20191028_Dm09_I02_pipelineOutput/iPCR/samples_merged/08_bedpe_merged/chr3R.bedpe.gz /DATA/usr/ludo/projects/LP190425_flySuRE/data/intermediate/LP20191028_Dm09_I02_pipelineOutput/iPCR/samples_merged/08_bedpe_merged/chr3R.log /DATA/usr/ludo/projects/LP190425_flySuRE/data/intermediate/LP20191028_Dm09_I02_pipelineOutput/iPCR/I02_B1_T01/07_bedpe_BC/I02_B1_T01_chr3R.bedpe.gz
Registered S3 method overwritten by 'R.oo':
  method        from       
  throw.default R.methodsS3
[Tue Oct 29 15:21:20 2019]
Finished job 23.
3 of 27 steps (11%) done

[Tue Oct 29 15:21:20 2019]
rule merge_ipcr_cdna:
    input: /DATA/usr/ludo/projects/LP190425_flySuRE/data/intermediate/LP20191028_Dm09_I02_pipelineOutput/cDNA/I02_B1_T1/I02_B1_T1_trimmed_table.txt.gz, /DATA/usr/ludo/projects/LP190425_flySuRE/data/intermediate/LP20191028_Dm09_I02_pipelineOutput/iPCR/samples_merged/08_bedpe_merged/chr3R.bedpe.gz
    output: /DATA/usr/ludo/projects/LP190425_flySuRE/data/intermediate/LP20191028_Dm09_I02_pipelineOutput/count_tables/09_ipcr_cdna_merged/chr3R.bedpe.gz, /DATA/usr/ludo/projects/LP190425_flySuRE/data/intermediate/LP20191028_Dm09_I02_pipelineOutput/count_tables/09_ipcr_cdna_merged/chr3R.log
    jobid: 16
    reason: Missing output files: /DATA/usr/ludo/projects/LP190425_flySuRE/data/intermediate/LP20191028_Dm09_I02_pipelineOutput/count_tables/09_ipcr_cdna_merged/chr3R.bedpe.gz; Input files updated by another job: /DATA/usr/ludo/projects/LP190425_flySuRE/data/intermediate/LP20191028_Dm09_I02_pipelineOutput/cDNA/I02_B1_T1/I02_B1_T1_trimmed_table.txt.gz, /DATA/usr/ludo/projects/LP190425_flySuRE/data/intermediate/LP20191028_Dm09_I02_pipelineOutput/iPCR/samples_merged/08_bedpe_merged/chr3R.bedpe.gz
    wildcards: c=chr3R
    resources: ram=40

/usr/bin/Rscript --vanilla /DATA/usr/ludo/projects/LP190425_flySuRE/code/pipeline/code/merge_iPCR_cDNA.R /DATA/usr/ludo/projects/LP190425_flySuRE/data/intermediate/LP20191028_Dm09_I02_pipelineOutput/count_tables/09_ipcr_cdna_merged/chr3R.bedpe.gz /DATA/usr/ludo/projects/LP190425_flySuRE/data/intermediate/LP20191028_Dm09_I02_pipelineOutput/count_tables/09_ipcr_cdna_merged/chr3R.log /DATA/usr/ludo/projects/LP190425_flySuRE/data/intermediate/LP20191028_Dm09_I02_pipelineOutput/iPCR/samples_merged/08_bedpe_merged/chr3R.bedpe.gz /DATA/usr/ludo/projects/LP190425_flySuRE/data/intermediate/LP20191028_Dm09_I02_pipelineOutput/cDNA/I02_B1_T1/I02_B1_T1_trimmed_table.txt.gz

[Tue Oct 29 15:21:20 2019]
rule iPCR_merge_bedpe:
    input: /DATA/usr/ludo/projects/LP190425_flySuRE/data/intermediate/LP20191028_Dm09_I02_pipelineOutput/iPCR/I02_B1_T01/07_bedpe_BC/I02_B1_T01_chr3L.bedpe.gz
    output: /DATA/usr/ludo/projects/LP190425_flySuRE/data/intermediate/LP20191028_Dm09_I02_pipelineOutput/iPCR/samples_merged/08_bedpe_merged/chr3L.bedpe.gz
    log: /DATA/usr/ludo/projects/LP190425_flySuRE/data/intermediate/LP20191028_Dm09_I02_pipelineOutput/iPCR/samples_merged/08_bedpe_merged/chr3L.log
    jobid: 22
    reason: Missing output files: /DATA/usr/ludo/projects/LP190425_flySuRE/data/intermediate/LP20191028_Dm09_I02_pipelineOutput/iPCR/samples_merged/08_bedpe_merged/chr3L.bedpe.gz; Input files updated by another job: /DATA/usr/ludo/projects/LP190425_flySuRE/data/intermediate/LP20191028_Dm09_I02_pipelineOutput/iPCR/I02_B1_T01/07_bedpe_BC/I02_B1_T01_chr3L.bedpe.gz
    wildcards: path=/DATA/usr/ludo/projects/LP190425_flySuRE/data/intermediate/LP20191028_Dm09_I02_pipelineOutput/iPCR, c=chr3L
    threads: 4
    resources: ram=60

/usr/bin/Rscript --vanilla /DATA/usr/ludo/projects/LP190425_flySuRE/code/pipeline/code/merge_bedpe_over_samples.R /DATA/usr/ludo/projects/LP190425_flySuRE/data/intermediate/LP20191028_Dm09_I02_pipelineOutput/iPCR/samples_merged/08_bedpe_merged/chr3L.bedpe.gz /DATA/usr/ludo/projects/LP190425_flySuRE/data/intermediate/LP20191028_Dm09_I02_pipelineOutput/iPCR/samples_merged/08_bedpe_merged/chr3L.log /DATA/usr/ludo/projects/LP190425_flySuRE/data/intermediate/LP20191028_Dm09_I02_pipelineOutput/iPCR/I02_B1_T01/07_bedpe_BC/I02_B1_T01_chr3L.bedpe.gz
Loading required package: R.oo
Loading required package: R.methodsS3
R.methodsS3 v1.7.1 (2016-02-15) successfully loaded. See ?R.methodsS3 for help.
Registered S3 method overwritten by 'R.oo':
  method        from       
  throw.default R.methodsS3
R.oo v1.22.0 (2018-04-21) successfully loaded. See ?R.oo for help.

Attaching package: 'R.oo'

The following objects are masked from 'package:methods':

    getClasses, getMethods

The following objects are masked from 'package:base':

    attach, detach, gc, load, save

Registered S3 method overwritten by 'R.oo':
  method        from       
  throw.default R.methodsS3
R.utils v2.8.0 successfully loaded. See ?R.utils for help.

Attaching package: 'R.utils'

The following object is masked from 'package:utils':

    timestamp

The following objects are masked from 'package:base':

    cat, commandArgs, getOption, inherits, isOpen, nullfile, parse,
    warnings

[Tue Oct 29 15:23:26 2019]
Finished job 16.
4 of 27 steps (15%) done

[Tue Oct 29 15:23:26 2019]
rule reverse_liftover:
    input: /DATA/usr/ludo/projects/LP190425_flySuRE/data/intermediate/LP20191028_Dm09_I02_pipelineOutput/count_tables/09_ipcr_cdna_merged/chr3R.bedpe.gz, /home/ludo/projects/LP190425_flySuRE/data/processed/LP20191008_VCF_per_sample/chain/I02_LP20191028_reverse.chain
    output: /DATA/usr/ludo/projects/LP190425_flySuRE/data/intermediate/LP20191028_Dm09_I02_pipelineOutput/count_tables/10_reverse_liftover/chr3R.bedpe.gz, /DATA/usr/ludo/projects/LP190425_flySuRE/data/intermediate/LP20191028_Dm09_I02_pipelineOutput/count_tables/10_reverse_liftover/chr3R.log
    jobid: 10
    reason: Missing output files: /DATA/usr/ludo/projects/LP190425_flySuRE/data/intermediate/LP20191028_Dm09_I02_pipelineOutput/count_tables/10_reverse_liftover/chr3R.bedpe.gz; Input files updated by another job: /DATA/usr/ludo/projects/LP190425_flySuRE/data/intermediate/LP20191028_Dm09_I02_pipelineOutput/count_tables/09_ipcr_cdna_merged/chr3R.bedpe.gz
    wildcards: c=chr3R
    resources: ram=30

python /DATA/usr/ludo/projects/LP190425_flySuRE/code/pipeline/code/liftover_reverse.py --inn /DATA/usr/ludo/projects/LP190425_flySuRE/data/intermediate/LP20191028_Dm09_I02_pipelineOutput/count_tables/09_ipcr_cdna_merged/chr3R.bedpe.gz --chainfile /home/ludo/projects/LP190425_flySuRE/data/processed/LP20191008_VCF_per_sample/chain/I02_LP20191028_reverse.chain --out /DATA/usr/ludo/projects/LP190425_flySuRE/data/intermediate/LP20191028_Dm09_I02_pipelineOutput/count_tables/10_reverse_liftover/chr3R.bedpe.gz --log /DATA/usr/ludo/projects/LP190425_flySuRE/data/intermediate/LP20191028_Dm09_I02_pipelineOutput/count_tables/10_reverse_liftover/chr3R.log
Activating conda environment: /DATA/usr/ludo/projects/LP190425_flySuRE/analyses/LP20191017_processing_cDNA_iPCR/.snakemake/conda/a8e43192
command: /DATA/usr/ludo/projects/LP190425_flySuRE/code/pipeline/code/liftover_reverse.py --inn /DATA/usr/ludo/projects/LP190425_flySuRE/data/intermediate/LP20191028_Dm09_I02_pipelineOutput/count_tables/09_ipcr_cdna_merged/chr3R.bedpe.gz --chainfile /home/ludo/projects/LP190425_flySuRE/data/processed/LP20191008_VCF_per_sample/chain/I02_LP20191028_reverse.chain --out /DATA/usr/ludo/projects/LP190425_flySuRE/data/intermediate/LP20191028_Dm09_I02_pipelineOutput/count_tables/10_reverse_liftover/chr3R.bedpe.gz --log /DATA/usr/ludo/projects/LP190425_flySuRE/data/intermediate/LP20191028_Dm09_I02_pipelineOutput/count_tables/10_reverse_liftover/chr3R.log
[Tue Oct 29 15:34:39 2019]
Finished job 10.
5 of 27 steps (19%) done
[Tue Oct 29 15:39:20 2019]
Finished job 22.
6 of 27 steps (22%) done

[Tue Oct 29 15:39:20 2019]
rule iPCR_merge_bedpe:
    input: /DATA/usr/ludo/projects/LP190425_flySuRE/data/intermediate/LP20191028_Dm09_I02_pipelineOutput/iPCR/I02_B1_T01/07_bedpe_BC/I02_B1_T01_chr2R.bedpe.gz
    output: /DATA/usr/ludo/projects/LP190425_flySuRE/data/intermediate/LP20191028_Dm09_I02_pipelineOutput/iPCR/samples_merged/08_bedpe_merged/chr2R.bedpe.gz
    log: /DATA/usr/ludo/projects/LP190425_flySuRE/data/intermediate/LP20191028_Dm09_I02_pipelineOutput/iPCR/samples_merged/08_bedpe_merged/chr2R.log
    jobid: 21
    reason: Missing output files: /DATA/usr/ludo/projects/LP190425_flySuRE/data/intermediate/LP20191028_Dm09_I02_pipelineOutput/iPCR/samples_merged/08_bedpe_merged/chr2R.bedpe.gz; Input files updated by another job: /DATA/usr/ludo/projects/LP190425_flySuRE/data/intermediate/LP20191028_Dm09_I02_pipelineOutput/iPCR/I02_B1_T01/07_bedpe_BC/I02_B1_T01_chr2R.bedpe.gz
    wildcards: path=/DATA/usr/ludo/projects/LP190425_flySuRE/data/intermediate/LP20191028_Dm09_I02_pipelineOutput/iPCR, c=chr2R
    threads: 4
    resources: ram=60

/usr/bin/Rscript --vanilla /DATA/usr/ludo/projects/LP190425_flySuRE/code/pipeline/code/merge_bedpe_over_samples.R /DATA/usr/ludo/projects/LP190425_flySuRE/data/intermediate/LP20191028_Dm09_I02_pipelineOutput/iPCR/samples_merged/08_bedpe_merged/chr2R.bedpe.gz /DATA/usr/ludo/projects/LP190425_flySuRE/data/intermediate/LP20191028_Dm09_I02_pipelineOutput/iPCR/samples_merged/08_bedpe_merged/chr2R.log /DATA/usr/ludo/projects/LP190425_flySuRE/data/intermediate/LP20191028_Dm09_I02_pipelineOutput/iPCR/I02_B1_T01/07_bedpe_BC/I02_B1_T01_chr2R.bedpe.gz

[Tue Oct 29 15:39:20 2019]
rule merge_ipcr_cdna:
    input: /DATA/usr/ludo/projects/LP190425_flySuRE/data/intermediate/LP20191028_Dm09_I02_pipelineOutput/cDNA/I02_B1_T1/I02_B1_T1_trimmed_table.txt.gz, /DATA/usr/ludo/projects/LP190425_flySuRE/data/intermediate/LP20191028_Dm09_I02_pipelineOutput/iPCR/samples_merged/08_bedpe_merged/chr3L.bedpe.gz
    output: /DATA/usr/ludo/projects/LP190425_flySuRE/data/intermediate/LP20191028_Dm09_I02_pipelineOutput/count_tables/09_ipcr_cdna_merged/chr3L.bedpe.gz, /DATA/usr/ludo/projects/LP190425_flySuRE/data/intermediate/LP20191028_Dm09_I02_pipelineOutput/count_tables/09_ipcr_cdna_merged/chr3L.log
    jobid: 15
    reason: Missing output files: /DATA/usr/ludo/projects/LP190425_flySuRE/data/intermediate/LP20191028_Dm09_I02_pipelineOutput/count_tables/09_ipcr_cdna_merged/chr3L.bedpe.gz; Input files updated by another job: /DATA/usr/ludo/projects/LP190425_flySuRE/data/intermediate/LP20191028_Dm09_I02_pipelineOutput/cDNA/I02_B1_T1/I02_B1_T1_trimmed_table.txt.gz, /DATA/usr/ludo/projects/LP190425_flySuRE/data/intermediate/LP20191028_Dm09_I02_pipelineOutput/iPCR/samples_merged/08_bedpe_merged/chr3L.bedpe.gz
    wildcards: c=chr3L
    resources: ram=40

/usr/bin/Rscript --vanilla /DATA/usr/ludo/projects/LP190425_flySuRE/code/pipeline/code/merge_iPCR_cDNA.R /DATA/usr/ludo/projects/LP190425_flySuRE/data/intermediate/LP20191028_Dm09_I02_pipelineOutput/count_tables/09_ipcr_cdna_merged/chr3L.bedpe.gz /DATA/usr/ludo/projects/LP190425_flySuRE/data/intermediate/LP20191028_Dm09_I02_pipelineOutput/count_tables/09_ipcr_cdna_merged/chr3L.log /DATA/usr/ludo/projects/LP190425_flySuRE/data/intermediate/LP20191028_Dm09_I02_pipelineOutput/iPCR/samples_merged/08_bedpe_merged/chr3L.bedpe.gz /DATA/usr/ludo/projects/LP190425_flySuRE/data/intermediate/LP20191028_Dm09_I02_pipelineOutput/cDNA/I02_B1_T1/I02_B1_T1_trimmed_table.txt.gz
Registered S3 method overwritten by 'R.oo':
  method        from       
  throw.default R.methodsS3
Loading required package: R.oo
Loading required package: R.methodsS3
R.methodsS3 v1.7.1 (2016-02-15) successfully loaded. See ?R.methodsS3 for help.
Registered S3 method overwritten by 'R.oo':
  method        from       
  throw.default R.methodsS3
R.oo v1.22.0 (2018-04-21) successfully loaded. See ?R.oo for help.

Attaching package: 'R.oo'

The following objects are masked from 'package:methods':

    getClasses, getMethods

The following objects are masked from 'package:base':

    attach, detach, gc, load, save

R.utils v2.8.0 successfully loaded. See ?R.utils for help.

Attaching package: 'R.utils'

The following object is masked from 'package:utils':

    timestamp

The following objects are masked from 'package:base':

    cat, commandArgs, getOption, inherits, isOpen, nullfile, parse,
    warnings

[Tue Oct 29 15:41:06 2019]
Finished job 15.
7 of 27 steps (26%) done

[Tue Oct 29 15:41:06 2019]
rule reverse_liftover:
    input: /DATA/usr/ludo/projects/LP190425_flySuRE/data/intermediate/LP20191028_Dm09_I02_pipelineOutput/count_tables/09_ipcr_cdna_merged/chr3L.bedpe.gz, /home/ludo/projects/LP190425_flySuRE/data/processed/LP20191008_VCF_per_sample/chain/I02_LP20191028_reverse.chain
    output: /DATA/usr/ludo/projects/LP190425_flySuRE/data/intermediate/LP20191028_Dm09_I02_pipelineOutput/count_tables/10_reverse_liftover/chr3L.bedpe.gz, /DATA/usr/ludo/projects/LP190425_flySuRE/data/intermediate/LP20191028_Dm09_I02_pipelineOutput/count_tables/10_reverse_liftover/chr3L.log
    jobid: 9
    reason: Missing output files: /DATA/usr/ludo/projects/LP190425_flySuRE/data/intermediate/LP20191028_Dm09_I02_pipelineOutput/count_tables/10_reverse_liftover/chr3L.bedpe.gz; Input files updated by another job: /DATA/usr/ludo/projects/LP190425_flySuRE/data/intermediate/LP20191028_Dm09_I02_pipelineOutput/count_tables/09_ipcr_cdna_merged/chr3L.bedpe.gz
    wildcards: c=chr3L
    resources: ram=30

python /DATA/usr/ludo/projects/LP190425_flySuRE/code/pipeline/code/liftover_reverse.py --inn /DATA/usr/ludo/projects/LP190425_flySuRE/data/intermediate/LP20191028_Dm09_I02_pipelineOutput/count_tables/09_ipcr_cdna_merged/chr3L.bedpe.gz --chainfile /home/ludo/projects/LP190425_flySuRE/data/processed/LP20191008_VCF_per_sample/chain/I02_LP20191028_reverse.chain --out /DATA/usr/ludo/projects/LP190425_flySuRE/data/intermediate/LP20191028_Dm09_I02_pipelineOutput/count_tables/10_reverse_liftover/chr3L.bedpe.gz --log /DATA/usr/ludo/projects/LP190425_flySuRE/data/intermediate/LP20191028_Dm09_I02_pipelineOutput/count_tables/10_reverse_liftover/chr3L.log
Activating conda environment: /DATA/usr/ludo/projects/LP190425_flySuRE/analyses/LP20191017_processing_cDNA_iPCR/.snakemake/conda/a8e43192
command: /DATA/usr/ludo/projects/LP190425_flySuRE/code/pipeline/code/liftover_reverse.py --inn /DATA/usr/ludo/projects/LP190425_flySuRE/data/intermediate/LP20191028_Dm09_I02_pipelineOutput/count_tables/09_ipcr_cdna_merged/chr3L.bedpe.gz --chainfile /home/ludo/projects/LP190425_flySuRE/data/processed/LP20191008_VCF_per_sample/chain/I02_LP20191028_reverse.chain --out /DATA/usr/ludo/projects/LP190425_flySuRE/data/intermediate/LP20191028_Dm09_I02_pipelineOutput/count_tables/10_reverse_liftover/chr3L.bedpe.gz --log /DATA/usr/ludo/projects/LP190425_flySuRE/data/intermediate/LP20191028_Dm09_I02_pipelineOutput/count_tables/10_reverse_liftover/chr3L.log
[Tue Oct 29 15:48:52 2019]
Finished job 9.
8 of 27 steps (30%) done
[Tue Oct 29 15:54:01 2019]
Finished job 21.
9 of 27 steps (33%) done

[Tue Oct 29 15:54:01 2019]
rule merge_ipcr_cdna:
    input: /DATA/usr/ludo/projects/LP190425_flySuRE/data/intermediate/LP20191028_Dm09_I02_pipelineOutput/cDNA/I02_B1_T1/I02_B1_T1_trimmed_table.txt.gz, /DATA/usr/ludo/projects/LP190425_flySuRE/data/intermediate/LP20191028_Dm09_I02_pipelineOutput/iPCR/samples_merged/08_bedpe_merged/chr2R.bedpe.gz
    output: /DATA/usr/ludo/projects/LP190425_flySuRE/data/intermediate/LP20191028_Dm09_I02_pipelineOutput/count_tables/09_ipcr_cdna_merged/chr2R.bedpe.gz, /DATA/usr/ludo/projects/LP190425_flySuRE/data/intermediate/LP20191028_Dm09_I02_pipelineOutput/count_tables/09_ipcr_cdna_merged/chr2R.log
    jobid: 14
    reason: Missing output files: /DATA/usr/ludo/projects/LP190425_flySuRE/data/intermediate/LP20191028_Dm09_I02_pipelineOutput/count_tables/09_ipcr_cdna_merged/chr2R.bedpe.gz; Input files updated by another job: /DATA/usr/ludo/projects/LP190425_flySuRE/data/intermediate/LP20191028_Dm09_I02_pipelineOutput/cDNA/I02_B1_T1/I02_B1_T1_trimmed_table.txt.gz, /DATA/usr/ludo/projects/LP190425_flySuRE/data/intermediate/LP20191028_Dm09_I02_pipelineOutput/iPCR/samples_merged/08_bedpe_merged/chr2R.bedpe.gz
    wildcards: c=chr2R
    resources: ram=40

/usr/bin/Rscript --vanilla /DATA/usr/ludo/projects/LP190425_flySuRE/code/pipeline/code/merge_iPCR_cDNA.R /DATA/usr/ludo/projects/LP190425_flySuRE/data/intermediate/LP20191028_Dm09_I02_pipelineOutput/count_tables/09_ipcr_cdna_merged/chr2R.bedpe.gz /DATA/usr/ludo/projects/LP190425_flySuRE/data/intermediate/LP20191028_Dm09_I02_pipelineOutput/count_tables/09_ipcr_cdna_merged/chr2R.log /DATA/usr/ludo/projects/LP190425_flySuRE/data/intermediate/LP20191028_Dm09_I02_pipelineOutput/iPCR/samples_merged/08_bedpe_merged/chr2R.bedpe.gz /DATA/usr/ludo/projects/LP190425_flySuRE/data/intermediate/LP20191028_Dm09_I02_pipelineOutput/cDNA/I02_B1_T1/I02_B1_T1_trimmed_table.txt.gz

[Tue Oct 29 15:54:01 2019]
rule iPCR_merge_bedpe:
    input: /DATA/usr/ludo/projects/LP190425_flySuRE/data/intermediate/LP20191028_Dm09_I02_pipelineOutput/iPCR/I02_B1_T01/07_bedpe_BC/I02_B1_T01_chr2L.bedpe.gz
    output: /DATA/usr/ludo/projects/LP190425_flySuRE/data/intermediate/LP20191028_Dm09_I02_pipelineOutput/iPCR/samples_merged/08_bedpe_merged/chr2L.bedpe.gz
    log: /DATA/usr/ludo/projects/LP190425_flySuRE/data/intermediate/LP20191028_Dm09_I02_pipelineOutput/iPCR/samples_merged/08_bedpe_merged/chr2L.log
    jobid: 20
    reason: Missing output files: /DATA/usr/ludo/projects/LP190425_flySuRE/data/intermediate/LP20191028_Dm09_I02_pipelineOutput/iPCR/samples_merged/08_bedpe_merged/chr2L.bedpe.gz; Input files updated by another job: /DATA/usr/ludo/projects/LP190425_flySuRE/data/intermediate/LP20191028_Dm09_I02_pipelineOutput/iPCR/I02_B1_T01/07_bedpe_BC/I02_B1_T01_chr2L.bedpe.gz
    wildcards: path=/DATA/usr/ludo/projects/LP190425_flySuRE/data/intermediate/LP20191028_Dm09_I02_pipelineOutput/iPCR, c=chr2L
    threads: 4
    resources: ram=60

/usr/bin/Rscript --vanilla /DATA/usr/ludo/projects/LP190425_flySuRE/code/pipeline/code/merge_bedpe_over_samples.R /DATA/usr/ludo/projects/LP190425_flySuRE/data/intermediate/LP20191028_Dm09_I02_pipelineOutput/iPCR/samples_merged/08_bedpe_merged/chr2L.bedpe.gz /DATA/usr/ludo/projects/LP190425_flySuRE/data/intermediate/LP20191028_Dm09_I02_pipelineOutput/iPCR/samples_merged/08_bedpe_merged/chr2L.log /DATA/usr/ludo/projects/LP190425_flySuRE/data/intermediate/LP20191028_Dm09_I02_pipelineOutput/iPCR/I02_B1_T01/07_bedpe_BC/I02_B1_T01_chr2L.bedpe.gz
Registered S3 method overwritten by 'R.oo':
  method        from       
  throw.default R.methodsS3
Loading required package: R.oo
Loading required package: R.methodsS3
R.methodsS3 v1.7.1 (2016-02-15) successfully loaded. See ?R.methodsS3 for help.
Registered S3 method overwritten by 'R.oo':
  method        from       
  throw.default R.methodsS3
R.oo v1.22.0 (2018-04-21) successfully loaded. See ?R.oo for help.

Attaching package: 'R.oo'

The following objects are masked from 'package:methods':

    getClasses, getMethods

The following objects are masked from 'package:base':

    attach, detach, gc, load, save

R.utils v2.8.0 successfully loaded. See ?R.utils for help.

Attaching package: 'R.utils'

The following object is masked from 'package:utils':

    timestamp

The following objects are masked from 'package:base':

    cat, commandArgs, getOption, inherits, isOpen, nullfile, parse,
    warnings

[Tue Oct 29 15:55:31 2019]
Finished job 14.
10 of 27 steps (37%) done

[Tue Oct 29 15:55:31 2019]
rule reverse_liftover:
    input: /DATA/usr/ludo/projects/LP190425_flySuRE/data/intermediate/LP20191028_Dm09_I02_pipelineOutput/count_tables/09_ipcr_cdna_merged/chr2R.bedpe.gz, /home/ludo/projects/LP190425_flySuRE/data/processed/LP20191008_VCF_per_sample/chain/I02_LP20191028_reverse.chain
    output: /DATA/usr/ludo/projects/LP190425_flySuRE/data/intermediate/LP20191028_Dm09_I02_pipelineOutput/count_tables/10_reverse_liftover/chr2R.bedpe.gz, /DATA/usr/ludo/projects/LP190425_flySuRE/data/intermediate/LP20191028_Dm09_I02_pipelineOutput/count_tables/10_reverse_liftover/chr2R.log
    jobid: 8
    reason: Missing output files: /DATA/usr/ludo/projects/LP190425_flySuRE/data/intermediate/LP20191028_Dm09_I02_pipelineOutput/count_tables/10_reverse_liftover/chr2R.bedpe.gz; Input files updated by another job: /DATA/usr/ludo/projects/LP190425_flySuRE/data/intermediate/LP20191028_Dm09_I02_pipelineOutput/count_tables/09_ipcr_cdna_merged/chr2R.bedpe.gz
    wildcards: c=chr2R
    resources: ram=30

python /DATA/usr/ludo/projects/LP190425_flySuRE/code/pipeline/code/liftover_reverse.py --inn /DATA/usr/ludo/projects/LP190425_flySuRE/data/intermediate/LP20191028_Dm09_I02_pipelineOutput/count_tables/09_ipcr_cdna_merged/chr2R.bedpe.gz --chainfile /home/ludo/projects/LP190425_flySuRE/data/processed/LP20191008_VCF_per_sample/chain/I02_LP20191028_reverse.chain --out /DATA/usr/ludo/projects/LP190425_flySuRE/data/intermediate/LP20191028_Dm09_I02_pipelineOutput/count_tables/10_reverse_liftover/chr2R.bedpe.gz --log /DATA/usr/ludo/projects/LP190425_flySuRE/data/intermediate/LP20191028_Dm09_I02_pipelineOutput/count_tables/10_reverse_liftover/chr2R.log
Activating conda environment: /DATA/usr/ludo/projects/LP190425_flySuRE/analyses/LP20191017_processing_cDNA_iPCR/.snakemake/conda/a8e43192
command: /DATA/usr/ludo/projects/LP190425_flySuRE/code/pipeline/code/liftover_reverse.py --inn /DATA/usr/ludo/projects/LP190425_flySuRE/data/intermediate/LP20191028_Dm09_I02_pipelineOutput/count_tables/09_ipcr_cdna_merged/chr2R.bedpe.gz --chainfile /home/ludo/projects/LP190425_flySuRE/data/processed/LP20191008_VCF_per_sample/chain/I02_LP20191028_reverse.chain --out /DATA/usr/ludo/projects/LP190425_flySuRE/data/intermediate/LP20191028_Dm09_I02_pipelineOutput/count_tables/10_reverse_liftover/chr2R.bedpe.gz --log /DATA/usr/ludo/projects/LP190425_flySuRE/data/intermediate/LP20191028_Dm09_I02_pipelineOutput/count_tables/10_reverse_liftover/chr2R.log
[Tue Oct 29 16:02:43 2019]
Finished job 8.
11 of 27 steps (41%) done
[Tue Oct 29 16:06:19 2019]
Finished job 20.
12 of 27 steps (44%) done

[Tue Oct 29 16:06:19 2019]
rule sort_cnt_tbls:
    input: /DATA/usr/ludo/projects/LP190425_flySuRE/data/intermediate/LP20191028_Dm09_I02_pipelineOutput/count_tables/10_reverse_liftover/chr3R.bedpe.gz
    output: /DATA/usr/ludo/projects/LP190425_flySuRE/data/intermediate/LP20191028_Dm09_I02_pipelineOutput/count_tables/11_sorted/chr3R.bedpe.gz
    jobid: 4
    reason: Missing output files: /DATA/usr/ludo/projects/LP190425_flySuRE/data/intermediate/LP20191028_Dm09_I02_pipelineOutput/count_tables/11_sorted/chr3R.bedpe.gz; Input files updated by another job: /DATA/usr/ludo/projects/LP190425_flySuRE/data/intermediate/LP20191028_Dm09_I02_pipelineOutput/count_tables/10_reverse_liftover/chr3R.bedpe.gz
    wildcards: c=chr3R
    threads: 5
    resources: ram=50

zcat /DATA/usr/ludo/projects/LP190425_flySuRE/data/intermediate/LP20191028_Dm09_I02_pipelineOutput/count_tables/10_reverse_liftover/chr3R.bedpe.gz | /DATA/usr/ludo/projects/LP190425_flySuRE/code/pipeline/code/sort_cnt_tbls.sh > /DATA/usr/ludo/projects/LP190425_flySuRE/data/intermediate/LP20191028_Dm09_I02_pipelineOutput/count_tables/11_sorted/chr3R.bedpe.gz

[Tue Oct 29 16:06:19 2019]
rule merge_ipcr_cdna:
    input: /DATA/usr/ludo/projects/LP190425_flySuRE/data/intermediate/LP20191028_Dm09_I02_pipelineOutput/cDNA/I02_B1_T1/I02_B1_T1_trimmed_table.txt.gz, /DATA/usr/ludo/projects/LP190425_flySuRE/data/intermediate/LP20191028_Dm09_I02_pipelineOutput/iPCR/samples_merged/08_bedpe_merged/chr2L.bedpe.gz
    output: /DATA/usr/ludo/projects/LP190425_flySuRE/data/intermediate/LP20191028_Dm09_I02_pipelineOutput/count_tables/09_ipcr_cdna_merged/chr2L.bedpe.gz, /DATA/usr/ludo/projects/LP190425_flySuRE/data/intermediate/LP20191028_Dm09_I02_pipelineOutput/count_tables/09_ipcr_cdna_merged/chr2L.log
    jobid: 13
    reason: Missing output files: /DATA/usr/ludo/projects/LP190425_flySuRE/data/intermediate/LP20191028_Dm09_I02_pipelineOutput/count_tables/09_ipcr_cdna_merged/chr2L.bedpe.gz; Input files updated by another job: /DATA/usr/ludo/projects/LP190425_flySuRE/data/intermediate/LP20191028_Dm09_I02_pipelineOutput/cDNA/I02_B1_T1/I02_B1_T1_trimmed_table.txt.gz, /DATA/usr/ludo/projects/LP190425_flySuRE/data/intermediate/LP20191028_Dm09_I02_pipelineOutput/iPCR/samples_merged/08_bedpe_merged/chr2L.bedpe.gz
    wildcards: c=chr2L
    resources: ram=40

/usr/bin/Rscript --vanilla /DATA/usr/ludo/projects/LP190425_flySuRE/code/pipeline/code/merge_iPCR_cDNA.R /DATA/usr/ludo/projects/LP190425_flySuRE/data/intermediate/LP20191028_Dm09_I02_pipelineOutput/count_tables/09_ipcr_cdna_merged/chr2L.bedpe.gz /DATA/usr/ludo/projects/LP190425_flySuRE/data/intermediate/LP20191028_Dm09_I02_pipelineOutput/count_tables/09_ipcr_cdna_merged/chr2L.log /DATA/usr/ludo/projects/LP190425_flySuRE/data/intermediate/LP20191028_Dm09_I02_pipelineOutput/iPCR/samples_merged/08_bedpe_merged/chr2L.bedpe.gz /DATA/usr/ludo/projects/LP190425_flySuRE/data/intermediate/LP20191028_Dm09_I02_pipelineOutput/cDNA/I02_B1_T1/I02_B1_T1_trimmed_table.txt.gz
Loading required package: R.oo
Loading required package: R.methodsS3
R.methodsS3 v1.7.1 (2016-02-15) successfully loaded. See ?R.methodsS3 for help.
Registered S3 method overwritten by 'R.oo':
  method        from       
  throw.default R.methodsS3
R.oo v1.22.0 (2018-04-21) successfully loaded. See ?R.oo for help.

Attaching package: 'R.oo'

The following objects are masked from 'package:methods':

    getClasses, getMethods

The following objects are masked from 'package:base':

    attach, detach, gc, load, save

R.utils v2.8.0 successfully loaded. See ?R.utils for help.

Attaching package: 'R.utils'

The following object is masked from 'package:utils':

    timestamp

The following objects are masked from 'package:base':

    cat, commandArgs, getOption, inherits, isOpen, nullfile, parse,
    warnings

Activating conda environment: /DATA/usr/ludo/projects/LP190425_flySuRE/analyses/LP20191017_processing_cDNA_iPCR/.snakemake/conda/a8e43192
[Tue Oct 29 16:07:52 2019]
Finished job 13.
13 of 27 steps (48%) done

[Tue Oct 29 16:07:52 2019]
rule sort_cnt_tbls:
    input: /DATA/usr/ludo/projects/LP190425_flySuRE/data/intermediate/LP20191028_Dm09_I02_pipelineOutput/count_tables/10_reverse_liftover/chr3L.bedpe.gz
    output: /DATA/usr/ludo/projects/LP190425_flySuRE/data/intermediate/LP20191028_Dm09_I02_pipelineOutput/count_tables/11_sorted/chr3L.bedpe.gz
    jobid: 3
    reason: Missing output files: /DATA/usr/ludo/projects/LP190425_flySuRE/data/intermediate/LP20191028_Dm09_I02_pipelineOutput/count_tables/11_sorted/chr3L.bedpe.gz; Input files updated by another job: /DATA/usr/ludo/projects/LP190425_flySuRE/data/intermediate/LP20191028_Dm09_I02_pipelineOutput/count_tables/10_reverse_liftover/chr3L.bedpe.gz
    wildcards: c=chr3L
    threads: 5
    resources: ram=50

zcat /DATA/usr/ludo/projects/LP190425_flySuRE/data/intermediate/LP20191028_Dm09_I02_pipelineOutput/count_tables/10_reverse_liftover/chr3L.bedpe.gz | /DATA/usr/ludo/projects/LP190425_flySuRE/code/pipeline/code/sort_cnt_tbls.sh > /DATA/usr/ludo/projects/LP190425_flySuRE/data/intermediate/LP20191028_Dm09_I02_pipelineOutput/count_tables/11_sorted/chr3L.bedpe.gz
Activating conda environment: /DATA/usr/ludo/projects/LP190425_flySuRE/analyses/LP20191017_processing_cDNA_iPCR/.snakemake/conda/a8e43192
[Tue Oct 29 16:08:31 2019]
Finished job 4.
14 of 27 steps (52%) done

[Tue Oct 29 16:08:31 2019]
rule sort_cnt_tbls:
    input: /DATA/usr/ludo/projects/LP190425_flySuRE/data/intermediate/LP20191028_Dm09_I02_pipelineOutput/count_tables/10_reverse_liftover/chr2R.bedpe.gz
    output: /DATA/usr/ludo/projects/LP190425_flySuRE/data/intermediate/LP20191028_Dm09_I02_pipelineOutput/count_tables/11_sorted/chr2R.bedpe.gz
    jobid: 2
    reason: Missing output files: /DATA/usr/ludo/projects/LP190425_flySuRE/data/intermediate/LP20191028_Dm09_I02_pipelineOutput/count_tables/11_sorted/chr2R.bedpe.gz; Input files updated by another job: /DATA/usr/ludo/projects/LP190425_flySuRE/data/intermediate/LP20191028_Dm09_I02_pipelineOutput/count_tables/10_reverse_liftover/chr2R.bedpe.gz
    wildcards: c=chr2R
    threads: 5
    resources: ram=50

zcat /DATA/usr/ludo/projects/LP190425_flySuRE/data/intermediate/LP20191028_Dm09_I02_pipelineOutput/count_tables/10_reverse_liftover/chr2R.bedpe.gz | /DATA/usr/ludo/projects/LP190425_flySuRE/code/pipeline/code/sort_cnt_tbls.sh > /DATA/usr/ludo/projects/LP190425_flySuRE/data/intermediate/LP20191028_Dm09_I02_pipelineOutput/count_tables/11_sorted/chr2R.bedpe.gz
Activating conda environment: /DATA/usr/ludo/projects/LP190425_flySuRE/analyses/LP20191017_processing_cDNA_iPCR/.snakemake/conda/a8e43192
[Tue Oct 29 16:09:47 2019]
Finished job 3.
15 of 27 steps (56%) done

[Tue Oct 29 16:09:47 2019]
rule reverse_liftover:
    input: /DATA/usr/ludo/projects/LP190425_flySuRE/data/intermediate/LP20191028_Dm09_I02_pipelineOutput/count_tables/09_ipcr_cdna_merged/chr2L.bedpe.gz, /home/ludo/projects/LP190425_flySuRE/data/processed/LP20191008_VCF_per_sample/chain/I02_LP20191028_reverse.chain
    output: /DATA/usr/ludo/projects/LP190425_flySuRE/data/intermediate/LP20191028_Dm09_I02_pipelineOutput/count_tables/10_reverse_liftover/chr2L.bedpe.gz, /DATA/usr/ludo/projects/LP190425_flySuRE/data/intermediate/LP20191028_Dm09_I02_pipelineOutput/count_tables/10_reverse_liftover/chr2L.log
    jobid: 7
    reason: Missing output files: /DATA/usr/ludo/projects/LP190425_flySuRE/data/intermediate/LP20191028_Dm09_I02_pipelineOutput/count_tables/10_reverse_liftover/chr2L.bedpe.gz; Input files updated by another job: /DATA/usr/ludo/projects/LP190425_flySuRE/data/intermediate/LP20191028_Dm09_I02_pipelineOutput/count_tables/09_ipcr_cdna_merged/chr2L.bedpe.gz
    wildcards: c=chr2L
    resources: ram=30

python /DATA/usr/ludo/projects/LP190425_flySuRE/code/pipeline/code/liftover_reverse.py --inn /DATA/usr/ludo/projects/LP190425_flySuRE/data/intermediate/LP20191028_Dm09_I02_pipelineOutput/count_tables/09_ipcr_cdna_merged/chr2L.bedpe.gz --chainfile /home/ludo/projects/LP190425_flySuRE/data/processed/LP20191008_VCF_per_sample/chain/I02_LP20191028_reverse.chain --out /DATA/usr/ludo/projects/LP190425_flySuRE/data/intermediate/LP20191028_Dm09_I02_pipelineOutput/count_tables/10_reverse_liftover/chr2L.bedpe.gz --log /DATA/usr/ludo/projects/LP190425_flySuRE/data/intermediate/LP20191028_Dm09_I02_pipelineOutput/count_tables/10_reverse_liftover/chr2L.log
Activating conda environment: /DATA/usr/ludo/projects/LP190425_flySuRE/analyses/LP20191017_processing_cDNA_iPCR/.snakemake/conda/a8e43192
[Tue Oct 29 16:10:19 2019]
Finished job 2.
16 of 27 steps (59%) done

[Tue Oct 29 16:10:19 2019]
rule iPCR_merge_bedpe:
    input: /DATA/usr/ludo/projects/LP190425_flySuRE/data/intermediate/LP20191028_Dm09_I02_pipelineOutput/iPCR/I02_B1_T01/07_bedpe_BC/I02_B1_T01_chr4.bedpe.gz
    output: /DATA/usr/ludo/projects/LP190425_flySuRE/data/intermediate/LP20191028_Dm09_I02_pipelineOutput/iPCR/samples_merged/08_bedpe_merged/chr4.bedpe.gz
    log: /DATA/usr/ludo/projects/LP190425_flySuRE/data/intermediate/LP20191028_Dm09_I02_pipelineOutput/iPCR/samples_merged/08_bedpe_merged/chr4.log
    jobid: 24
    reason: Missing output files: /DATA/usr/ludo/projects/LP190425_flySuRE/data/intermediate/LP20191028_Dm09_I02_pipelineOutput/iPCR/samples_merged/08_bedpe_merged/chr4.bedpe.gz; Input files updated by another job: /DATA/usr/ludo/projects/LP190425_flySuRE/data/intermediate/LP20191028_Dm09_I02_pipelineOutput/iPCR/I02_B1_T01/07_bedpe_BC/I02_B1_T01_chr4.bedpe.gz
    wildcards: path=/DATA/usr/ludo/projects/LP190425_flySuRE/data/intermediate/LP20191028_Dm09_I02_pipelineOutput/iPCR, c=chr4
    threads: 4
    resources: ram=60

/usr/bin/Rscript --vanilla /DATA/usr/ludo/projects/LP190425_flySuRE/code/pipeline/code/merge_bedpe_over_samples.R /DATA/usr/ludo/projects/LP190425_flySuRE/data/intermediate/LP20191028_Dm09_I02_pipelineOutput/iPCR/samples_merged/08_bedpe_merged/chr4.bedpe.gz /DATA/usr/ludo/projects/LP190425_flySuRE/data/intermediate/LP20191028_Dm09_I02_pipelineOutput/iPCR/samples_merged/08_bedpe_merged/chr4.log /DATA/usr/ludo/projects/LP190425_flySuRE/data/intermediate/LP20191028_Dm09_I02_pipelineOutput/iPCR/I02_B1_T01/07_bedpe_BC/I02_B1_T01_chr4.bedpe.gz
Registered S3 method overwritten by 'R.oo':
  method        from       
  throw.default R.methodsS3
[Tue Oct 29 16:10:40 2019]
Finished job 24.
17 of 27 steps (63%) done

[Tue Oct 29 16:10:40 2019]
rule merge_ipcr_cdna:
    input: /DATA/usr/ludo/projects/LP190425_flySuRE/data/intermediate/LP20191028_Dm09_I02_pipelineOutput/cDNA/I02_B1_T1/I02_B1_T1_trimmed_table.txt.gz, /DATA/usr/ludo/projects/LP190425_flySuRE/data/intermediate/LP20191028_Dm09_I02_pipelineOutput/iPCR/samples_merged/08_bedpe_merged/chr4.bedpe.gz
    output: /DATA/usr/ludo/projects/LP190425_flySuRE/data/intermediate/LP20191028_Dm09_I02_pipelineOutput/count_tables/09_ipcr_cdna_merged/chr4.bedpe.gz, /DATA/usr/ludo/projects/LP190425_flySuRE/data/intermediate/LP20191028_Dm09_I02_pipelineOutput/count_tables/09_ipcr_cdna_merged/chr4.log
    jobid: 17
    reason: Missing output files: /DATA/usr/ludo/projects/LP190425_flySuRE/data/intermediate/LP20191028_Dm09_I02_pipelineOutput/count_tables/09_ipcr_cdna_merged/chr4.bedpe.gz; Input files updated by another job: /DATA/usr/ludo/projects/LP190425_flySuRE/data/intermediate/LP20191028_Dm09_I02_pipelineOutput/cDNA/I02_B1_T1/I02_B1_T1_trimmed_table.txt.gz, /DATA/usr/ludo/projects/LP190425_flySuRE/data/intermediate/LP20191028_Dm09_I02_pipelineOutput/iPCR/samples_merged/08_bedpe_merged/chr4.bedpe.gz
    wildcards: c=chr4
    resources: ram=40

/usr/bin/Rscript --vanilla /DATA/usr/ludo/projects/LP190425_flySuRE/code/pipeline/code/merge_iPCR_cDNA.R /DATA/usr/ludo/projects/LP190425_flySuRE/data/intermediate/LP20191028_Dm09_I02_pipelineOutput/count_tables/09_ipcr_cdna_merged/chr4.bedpe.gz /DATA/usr/ludo/projects/LP190425_flySuRE/data/intermediate/LP20191028_Dm09_I02_pipelineOutput/count_tables/09_ipcr_cdna_merged/chr4.log /DATA/usr/ludo/projects/LP190425_flySuRE/data/intermediate/LP20191028_Dm09_I02_pipelineOutput/iPCR/samples_merged/08_bedpe_merged/chr4.bedpe.gz /DATA/usr/ludo/projects/LP190425_flySuRE/data/intermediate/LP20191028_Dm09_I02_pipelineOutput/cDNA/I02_B1_T1/I02_B1_T1_trimmed_table.txt.gz
Loading required package: R.oo
Loading required package: R.methodsS3
R.methodsS3 v1.7.1 (2016-02-15) successfully loaded. See ?R.methodsS3 for help.
Registered S3 method overwritten by 'R.oo':
  method        from       
  throw.default R.methodsS3
R.oo v1.22.0 (2018-04-21) successfully loaded. See ?R.oo for help.

Attaching package: 'R.oo'

The following objects are masked from 'package:methods':

    getClasses, getMethods

The following objects are masked from 'package:base':

    attach, detach, gc, load, save

R.utils v2.8.0 successfully loaded. See ?R.utils for help.

Attaching package: 'R.utils'

The following object is masked from 'package:utils':

    timestamp

The following objects are masked from 'package:base':

    cat, commandArgs, getOption, inherits, isOpen, nullfile, parse,
    warnings

[Tue Oct 29 16:11:08 2019]
Finished job 17.
18 of 27 steps (67%) done

[Tue Oct 29 16:11:08 2019]
rule reverse_liftover:
    input: /DATA/usr/ludo/projects/LP190425_flySuRE/data/intermediate/LP20191028_Dm09_I02_pipelineOutput/count_tables/09_ipcr_cdna_merged/chr4.bedpe.gz, /home/ludo/projects/LP190425_flySuRE/data/processed/LP20191008_VCF_per_sample/chain/I02_LP20191028_reverse.chain
    output: /DATA/usr/ludo/projects/LP190425_flySuRE/data/intermediate/LP20191028_Dm09_I02_pipelineOutput/count_tables/10_reverse_liftover/chr4.bedpe.gz, /DATA/usr/ludo/projects/LP190425_flySuRE/data/intermediate/LP20191028_Dm09_I02_pipelineOutput/count_tables/10_reverse_liftover/chr4.log
    jobid: 11
    reason: Missing output files: /DATA/usr/ludo/projects/LP190425_flySuRE/data/intermediate/LP20191028_Dm09_I02_pipelineOutput/count_tables/10_reverse_liftover/chr4.bedpe.gz; Input files updated by another job: /DATA/usr/ludo/projects/LP190425_flySuRE/data/intermediate/LP20191028_Dm09_I02_pipelineOutput/count_tables/09_ipcr_cdna_merged/chr4.bedpe.gz
    wildcards: c=chr4
    resources: ram=30

python /DATA/usr/ludo/projects/LP190425_flySuRE/code/pipeline/code/liftover_reverse.py --inn /DATA/usr/ludo/projects/LP190425_flySuRE/data/intermediate/LP20191028_Dm09_I02_pipelineOutput/count_tables/09_ipcr_cdna_merged/chr4.bedpe.gz --chainfile /home/ludo/projects/LP190425_flySuRE/data/processed/LP20191008_VCF_per_sample/chain/I02_LP20191028_reverse.chain --out /DATA/usr/ludo/projects/LP190425_flySuRE/data/intermediate/LP20191028_Dm09_I02_pipelineOutput/count_tables/10_reverse_liftover/chr4.bedpe.gz --log /DATA/usr/ludo/projects/LP190425_flySuRE/data/intermediate/LP20191028_Dm09_I02_pipelineOutput/count_tables/10_reverse_liftover/chr4.log
Activating conda environment: /DATA/usr/ludo/projects/LP190425_flySuRE/analyses/LP20191017_processing_cDNA_iPCR/.snakemake/conda/a8e43192
command: /DATA/usr/ludo/projects/LP190425_flySuRE/code/pipeline/code/liftover_reverse.py --inn /DATA/usr/ludo/projects/LP190425_flySuRE/data/intermediate/LP20191028_Dm09_I02_pipelineOutput/count_tables/09_ipcr_cdna_merged/chr4.bedpe.gz --chainfile /home/ludo/projects/LP190425_flySuRE/data/processed/LP20191008_VCF_per_sample/chain/I02_LP20191028_reverse.chain --out /DATA/usr/ludo/projects/LP190425_flySuRE/data/intermediate/LP20191028_Dm09_I02_pipelineOutput/count_tables/10_reverse_liftover/chr4.bedpe.gz --log /DATA/usr/ludo/projects/LP190425_flySuRE/data/intermediate/LP20191028_Dm09_I02_pipelineOutput/count_tables/10_reverse_liftover/chr4.log
[Tue Oct 29 16:11:18 2019]
Finished job 11.
19 of 27 steps (70%) done

[Tue Oct 29 16:11:18 2019]
rule sort_cnt_tbls:
    input: /DATA/usr/ludo/projects/LP190425_flySuRE/data/intermediate/LP20191028_Dm09_I02_pipelineOutput/count_tables/10_reverse_liftover/chr4.bedpe.gz
    output: /DATA/usr/ludo/projects/LP190425_flySuRE/data/intermediate/LP20191028_Dm09_I02_pipelineOutput/count_tables/11_sorted/chr4.bedpe.gz
    jobid: 5
    reason: Missing output files: /DATA/usr/ludo/projects/LP190425_flySuRE/data/intermediate/LP20191028_Dm09_I02_pipelineOutput/count_tables/11_sorted/chr4.bedpe.gz; Input files updated by another job: /DATA/usr/ludo/projects/LP190425_flySuRE/data/intermediate/LP20191028_Dm09_I02_pipelineOutput/count_tables/10_reverse_liftover/chr4.bedpe.gz
    wildcards: c=chr4
    threads: 5
    resources: ram=50

zcat /DATA/usr/ludo/projects/LP190425_flySuRE/data/intermediate/LP20191028_Dm09_I02_pipelineOutput/count_tables/10_reverse_liftover/chr4.bedpe.gz | /DATA/usr/ludo/projects/LP190425_flySuRE/code/pipeline/code/sort_cnt_tbls.sh > /DATA/usr/ludo/projects/LP190425_flySuRE/data/intermediate/LP20191028_Dm09_I02_pipelineOutput/count_tables/11_sorted/chr4.bedpe.gz
Activating conda environment: /DATA/usr/ludo/projects/LP190425_flySuRE/analyses/LP20191017_processing_cDNA_iPCR/.snakemake/conda/a8e43192
[Tue Oct 29 16:11:21 2019]
Finished job 5.
20 of 27 steps (74%) done

[Tue Oct 29 16:11:21 2019]
rule iPCR_merge_bedpe:
    input: /DATA/usr/ludo/projects/LP190425_flySuRE/data/intermediate/LP20191028_Dm09_I02_pipelineOutput/iPCR/I02_B1_T01/07_bedpe_BC/I02_B1_T01_chrM.bedpe.gz
    output: /DATA/usr/ludo/projects/LP190425_flySuRE/data/intermediate/LP20191028_Dm09_I02_pipelineOutput/iPCR/samples_merged/08_bedpe_merged/chrM.bedpe.gz
    log: /DATA/usr/ludo/projects/LP190425_flySuRE/data/intermediate/LP20191028_Dm09_I02_pipelineOutput/iPCR/samples_merged/08_bedpe_merged/chrM.log
    jobid: 25
    reason: Missing output files: /DATA/usr/ludo/projects/LP190425_flySuRE/data/intermediate/LP20191028_Dm09_I02_pipelineOutput/iPCR/samples_merged/08_bedpe_merged/chrM.bedpe.gz; Input files updated by another job: /DATA/usr/ludo/projects/LP190425_flySuRE/data/intermediate/LP20191028_Dm09_I02_pipelineOutput/iPCR/I02_B1_T01/07_bedpe_BC/I02_B1_T01_chrM.bedpe.gz
    wildcards: path=/DATA/usr/ludo/projects/LP190425_flySuRE/data/intermediate/LP20191028_Dm09_I02_pipelineOutput/iPCR, c=chrM
    threads: 4
    resources: ram=60

/usr/bin/Rscript --vanilla /DATA/usr/ludo/projects/LP190425_flySuRE/code/pipeline/code/merge_bedpe_over_samples.R /DATA/usr/ludo/projects/LP190425_flySuRE/data/intermediate/LP20191028_Dm09_I02_pipelineOutput/iPCR/samples_merged/08_bedpe_merged/chrM.bedpe.gz /DATA/usr/ludo/projects/LP190425_flySuRE/data/intermediate/LP20191028_Dm09_I02_pipelineOutput/iPCR/samples_merged/08_bedpe_merged/chrM.log /DATA/usr/ludo/projects/LP190425_flySuRE/data/intermediate/LP20191028_Dm09_I02_pipelineOutput/iPCR/I02_B1_T01/07_bedpe_BC/I02_B1_T01_chrM.bedpe.gz
Registered S3 method overwritten by 'R.oo':
  method        from       
  throw.default R.methodsS3
[Tue Oct 29 16:11:23 2019]
Finished job 25.
21 of 27 steps (78%) done

[Tue Oct 29 16:11:23 2019]
rule merge_ipcr_cdna:
    input: /DATA/usr/ludo/projects/LP190425_flySuRE/data/intermediate/LP20191028_Dm09_I02_pipelineOutput/cDNA/I02_B1_T1/I02_B1_T1_trimmed_table.txt.gz, /DATA/usr/ludo/projects/LP190425_flySuRE/data/intermediate/LP20191028_Dm09_I02_pipelineOutput/iPCR/samples_merged/08_bedpe_merged/chrM.bedpe.gz
    output: /DATA/usr/ludo/projects/LP190425_flySuRE/data/intermediate/LP20191028_Dm09_I02_pipelineOutput/count_tables/09_ipcr_cdna_merged/chrM.bedpe.gz, /DATA/usr/ludo/projects/LP190425_flySuRE/data/intermediate/LP20191028_Dm09_I02_pipelineOutput/count_tables/09_ipcr_cdna_merged/chrM.log
    jobid: 18
    reason: Missing output files: /DATA/usr/ludo/projects/LP190425_flySuRE/data/intermediate/LP20191028_Dm09_I02_pipelineOutput/count_tables/09_ipcr_cdna_merged/chrM.bedpe.gz; Input files updated by another job: /DATA/usr/ludo/projects/LP190425_flySuRE/data/intermediate/LP20191028_Dm09_I02_pipelineOutput/cDNA/I02_B1_T1/I02_B1_T1_trimmed_table.txt.gz, /DATA/usr/ludo/projects/LP190425_flySuRE/data/intermediate/LP20191028_Dm09_I02_pipelineOutput/iPCR/samples_merged/08_bedpe_merged/chrM.bedpe.gz
    wildcards: c=chrM
    resources: ram=40

/usr/bin/Rscript --vanilla /DATA/usr/ludo/projects/LP190425_flySuRE/code/pipeline/code/merge_iPCR_cDNA.R /DATA/usr/ludo/projects/LP190425_flySuRE/data/intermediate/LP20191028_Dm09_I02_pipelineOutput/count_tables/09_ipcr_cdna_merged/chrM.bedpe.gz /DATA/usr/ludo/projects/LP190425_flySuRE/data/intermediate/LP20191028_Dm09_I02_pipelineOutput/count_tables/09_ipcr_cdna_merged/chrM.log /DATA/usr/ludo/projects/LP190425_flySuRE/data/intermediate/LP20191028_Dm09_I02_pipelineOutput/iPCR/samples_merged/08_bedpe_merged/chrM.bedpe.gz /DATA/usr/ludo/projects/LP190425_flySuRE/data/intermediate/LP20191028_Dm09_I02_pipelineOutput/cDNA/I02_B1_T1/I02_B1_T1_trimmed_table.txt.gz
Loading required package: R.oo
Loading required package: R.methodsS3
R.methodsS3 v1.7.1 (2016-02-15) successfully loaded. See ?R.methodsS3 for help.
Registered S3 method overwritten by 'R.oo':
  method        from       
  throw.default R.methodsS3
R.oo v1.22.0 (2018-04-21) successfully loaded. See ?R.oo for help.

Attaching package: 'R.oo'

The following objects are masked from 'package:methods':

    getClasses, getMethods

The following objects are masked from 'package:base':

    attach, detach, gc, load, save

R.utils v2.8.0 successfully loaded. See ?R.utils for help.

Attaching package: 'R.utils'

The following object is masked from 'package:utils':

    timestamp

The following objects are masked from 'package:base':

    cat, commandArgs, getOption, inherits, isOpen, nullfile, parse,
    warnings

[Tue Oct 29 16:11:44 2019]
Finished job 18.
22 of 27 steps (81%) done

[Tue Oct 29 16:11:44 2019]
rule reverse_liftover:
    input: /DATA/usr/ludo/projects/LP190425_flySuRE/data/intermediate/LP20191028_Dm09_I02_pipelineOutput/count_tables/09_ipcr_cdna_merged/chrM.bedpe.gz, /home/ludo/projects/LP190425_flySuRE/data/processed/LP20191008_VCF_per_sample/chain/I02_LP20191028_reverse.chain
    output: /DATA/usr/ludo/projects/LP190425_flySuRE/data/intermediate/LP20191028_Dm09_I02_pipelineOutput/count_tables/10_reverse_liftover/chrM.bedpe.gz, /DATA/usr/ludo/projects/LP190425_flySuRE/data/intermediate/LP20191028_Dm09_I02_pipelineOutput/count_tables/10_reverse_liftover/chrM.log
    jobid: 12
    reason: Missing output files: /DATA/usr/ludo/projects/LP190425_flySuRE/data/intermediate/LP20191028_Dm09_I02_pipelineOutput/count_tables/10_reverse_liftover/chrM.bedpe.gz; Input files updated by another job: /DATA/usr/ludo/projects/LP190425_flySuRE/data/intermediate/LP20191028_Dm09_I02_pipelineOutput/count_tables/09_ipcr_cdna_merged/chrM.bedpe.gz
    wildcards: c=chrM
    resources: ram=30

python /DATA/usr/ludo/projects/LP190425_flySuRE/code/pipeline/code/liftover_reverse.py --inn /DATA/usr/ludo/projects/LP190425_flySuRE/data/intermediate/LP20191028_Dm09_I02_pipelineOutput/count_tables/09_ipcr_cdna_merged/chrM.bedpe.gz --chainfile /home/ludo/projects/LP190425_flySuRE/data/processed/LP20191008_VCF_per_sample/chain/I02_LP20191028_reverse.chain --out /DATA/usr/ludo/projects/LP190425_flySuRE/data/intermediate/LP20191028_Dm09_I02_pipelineOutput/count_tables/10_reverse_liftover/chrM.bedpe.gz --log /DATA/usr/ludo/projects/LP190425_flySuRE/data/intermediate/LP20191028_Dm09_I02_pipelineOutput/count_tables/10_reverse_liftover/chrM.log
Activating conda environment: /DATA/usr/ludo/projects/LP190425_flySuRE/analyses/LP20191017_processing_cDNA_iPCR/.snakemake/conda/a8e43192
command: /DATA/usr/ludo/projects/LP190425_flySuRE/code/pipeline/code/liftover_reverse.py --inn /DATA/usr/ludo/projects/LP190425_flySuRE/data/intermediate/LP20191028_Dm09_I02_pipelineOutput/count_tables/09_ipcr_cdna_merged/chrM.bedpe.gz --chainfile /home/ludo/projects/LP190425_flySuRE/data/processed/LP20191008_VCF_per_sample/chain/I02_LP20191028_reverse.chain --out /DATA/usr/ludo/projects/LP190425_flySuRE/data/intermediate/LP20191028_Dm09_I02_pipelineOutput/count_tables/10_reverse_liftover/chrM.bedpe.gz --log /DATA/usr/ludo/projects/LP190425_flySuRE/data/intermediate/LP20191028_Dm09_I02_pipelineOutput/count_tables/10_reverse_liftover/chrM.log
[Tue Oct 29 16:11:49 2019]
Finished job 12.
23 of 27 steps (85%) done

[Tue Oct 29 16:11:49 2019]
rule sort_cnt_tbls:
    input: /DATA/usr/ludo/projects/LP190425_flySuRE/data/intermediate/LP20191028_Dm09_I02_pipelineOutput/count_tables/10_reverse_liftover/chrM.bedpe.gz
    output: /DATA/usr/ludo/projects/LP190425_flySuRE/data/intermediate/LP20191028_Dm09_I02_pipelineOutput/count_tables/11_sorted/chrM.bedpe.gz
    jobid: 6
    reason: Missing output files: /DATA/usr/ludo/projects/LP190425_flySuRE/data/intermediate/LP20191028_Dm09_I02_pipelineOutput/count_tables/11_sorted/chrM.bedpe.gz; Input files updated by another job: /DATA/usr/ludo/projects/LP190425_flySuRE/data/intermediate/LP20191028_Dm09_I02_pipelineOutput/count_tables/10_reverse_liftover/chrM.bedpe.gz
    wildcards: c=chrM
    threads: 5
    resources: ram=50

zcat /DATA/usr/ludo/projects/LP190425_flySuRE/data/intermediate/LP20191028_Dm09_I02_pipelineOutput/count_tables/10_reverse_liftover/chrM.bedpe.gz | /DATA/usr/ludo/projects/LP190425_flySuRE/code/pipeline/code/sort_cnt_tbls.sh > /DATA/usr/ludo/projects/LP190425_flySuRE/data/intermediate/LP20191028_Dm09_I02_pipelineOutput/count_tables/11_sorted/chrM.bedpe.gz
Activating conda environment: /DATA/usr/ludo/projects/LP190425_flySuRE/analyses/LP20191017_processing_cDNA_iPCR/.snakemake/conda/a8e43192
[Tue Oct 29 16:11:51 2019]
Finished job 6.
24 of 27 steps (89%) done
command: /DATA/usr/ludo/projects/LP190425_flySuRE/code/pipeline/code/liftover_reverse.py --inn /DATA/usr/ludo/projects/LP190425_flySuRE/data/intermediate/LP20191028_Dm09_I02_pipelineOutput/count_tables/09_ipcr_cdna_merged/chr2L.bedpe.gz --chainfile /home/ludo/projects/LP190425_flySuRE/data/processed/LP20191008_VCF_per_sample/chain/I02_LP20191028_reverse.chain --out /DATA/usr/ludo/projects/LP190425_flySuRE/data/intermediate/LP20191028_Dm09_I02_pipelineOutput/count_tables/10_reverse_liftover/chr2L.bedpe.gz --log /DATA/usr/ludo/projects/LP190425_flySuRE/data/intermediate/LP20191028_Dm09_I02_pipelineOutput/count_tables/10_reverse_liftover/chr2L.log
[Tue Oct 29 16:17:30 2019]
Finished job 7.
25 of 27 steps (93%) done

[Tue Oct 29 16:17:30 2019]
rule sort_cnt_tbls:
    input: /DATA/usr/ludo/projects/LP190425_flySuRE/data/intermediate/LP20191028_Dm09_I02_pipelineOutput/count_tables/10_reverse_liftover/chr2L.bedpe.gz
    output: /DATA/usr/ludo/projects/LP190425_flySuRE/data/intermediate/LP20191028_Dm09_I02_pipelineOutput/count_tables/11_sorted/chr2L.bedpe.gz
    jobid: 1
    reason: Missing output files: /DATA/usr/ludo/projects/LP190425_flySuRE/data/intermediate/LP20191028_Dm09_I02_pipelineOutput/count_tables/11_sorted/chr2L.bedpe.gz; Input files updated by another job: /DATA/usr/ludo/projects/LP190425_flySuRE/data/intermediate/LP20191028_Dm09_I02_pipelineOutput/count_tables/10_reverse_liftover/chr2L.bedpe.gz
    wildcards: c=chr2L
    threads: 5
    resources: ram=50

zcat /DATA/usr/ludo/projects/LP190425_flySuRE/data/intermediate/LP20191028_Dm09_I02_pipelineOutput/count_tables/10_reverse_liftover/chr2L.bedpe.gz | /DATA/usr/ludo/projects/LP190425_flySuRE/code/pipeline/code/sort_cnt_tbls.sh > /DATA/usr/ludo/projects/LP190425_flySuRE/data/intermediate/LP20191028_Dm09_I02_pipelineOutput/count_tables/11_sorted/chr2L.bedpe.gz
Activating conda environment: /DATA/usr/ludo/projects/LP190425_flySuRE/analyses/LP20191017_processing_cDNA_iPCR/.snakemake/conda/a8e43192
[Tue Oct 29 16:19:21 2019]
Finished job 1.
26 of 27 steps (96%) done

[Tue Oct 29 16:19:21 2019]
localrule sorted_cnt_tbls:
    input: /DATA/usr/ludo/projects/LP190425_flySuRE/data/intermediate/LP20191028_Dm09_I02_pipelineOutput/count_tables/11_sorted/chr2L.bedpe.gz, /DATA/usr/ludo/projects/LP190425_flySuRE/data/intermediate/LP20191028_Dm09_I02_pipelineOutput/count_tables/11_sorted/chr2R.bedpe.gz, /DATA/usr/ludo/projects/LP190425_flySuRE/data/intermediate/LP20191028_Dm09_I02_pipelineOutput/count_tables/11_sorted/chr3L.bedpe.gz, /DATA/usr/ludo/projects/LP190425_flySuRE/data/intermediate/LP20191028_Dm09_I02_pipelineOutput/count_tables/11_sorted/chr3R.bedpe.gz, /DATA/usr/ludo/projects/LP190425_flySuRE/data/intermediate/LP20191028_Dm09_I02_pipelineOutput/count_tables/11_sorted/chr4.bedpe.gz, /DATA/usr/ludo/projects/LP190425_flySuRE/data/intermediate/LP20191028_Dm09_I02_pipelineOutput/count_tables/11_sorted/chrM.bedpe.gz
    jobid: 0
    reason: Input files updated by another job: /DATA/usr/ludo/projects/LP190425_flySuRE/data/intermediate/LP20191028_Dm09_I02_pipelineOutput/count_tables/11_sorted/chr3L.bedpe.gz, /DATA/usr/ludo/projects/LP190425_flySuRE/data/intermediate/LP20191028_Dm09_I02_pipelineOutput/count_tables/11_sorted/chrM.bedpe.gz, /DATA/usr/ludo/projects/LP190425_flySuRE/data/intermediate/LP20191028_Dm09_I02_pipelineOutput/count_tables/11_sorted/chr4.bedpe.gz, /DATA/usr/ludo/projects/LP190425_flySuRE/data/intermediate/LP20191028_Dm09_I02_pipelineOutput/count_tables/11_sorted/chr3R.bedpe.gz, /DATA/usr/ludo/projects/LP190425_flySuRE/data/intermediate/LP20191028_Dm09_I02_pipelineOutput/count_tables/11_sorted/chr2L.bedpe.gz, /DATA/usr/ludo/projects/LP190425_flySuRE/data/intermediate/LP20191028_Dm09_I02_pipelineOutput/count_tables/11_sorted/chr2R.bedpe.gz

[Tue Oct 29 16:19:21 2019]
Finished job 0.
27 of 27 steps (100%) done
Complete log: /DATA/usr/ludo/projects/LP190425_flySuRE/analyses/LP20191017_processing_cDNA_iPCR/.snakemake/log/2019-10-29T124747.533706.snakemake.log
SuRE-seq pipeline version:  0.14.feature_SNP-usr-config 
 git commit hash:  8bf8731b0e97f5f2bd512693c6a20864dae6a7d1 


['/DATA/usr/ludo/projects/LP190425_flySuRE/data/intermediate/LP20191028_Dm09_I02_pipelineOutput/coverage/I02.norm.bw', '/DATA/usr/ludo/projects/LP190425_flySuRE/data/intermediate/LP20191028_Dm09_I02_pipelineOutput/coverage/I02.norm.plus.bw', '/DATA/usr/ludo/projects/LP190425_flySuRE/data/intermediate/LP20191028_Dm09_I02_pipelineOutput/coverage/I02.norm.minus.bw', '/DATA/usr/ludo/projects/LP190425_flySuRE/data/intermediate/LP20191028_Dm09_I02_pipelineOutput/coverage/I02.normflat.bw', '/DATA/usr/ludo/projects/LP190425_flySuRE/data/intermediate/LP20191028_Dm09_I02_pipelineOutput/coverage/I02.normflat.plus.bw', '/DATA/usr/ludo/projects/LP190425_flySuRE/data/intermediate/LP20191028_Dm09_I02_pipelineOutput/coverage/I02.normflat.minus.bw']
	Command being timed: "nice -19 snakemake -prs ../../code/pipeline/SuRE-snakemake --use-conda --resources ram=100 --configfile config-Dm09_I02_LP20191028.yml --cores 15 sorted_cnt_tbls"
	User time (seconds): 22449.94
	System time (seconds): 727.70
	Percent of CPU this job got: 182%
	Elapsed (wall clock) time (h:mm:ss or m:ss): 3:31:33
	Average shared text size (kbytes): 0
	Average unshared data size (kbytes): 0
	Average stack size (kbytes): 0
	Average total size (kbytes): 0
	Maximum resident set size (kbytes): 30810652
	Average resident set size (kbytes): 0
	Major (requiring I/O) page faults: 44
	Minor (reclaiming a frame) page faults: 408052115
	Voluntary context switches: 10181256
	Involuntary context switches: 376829
	Swaps: 0
	File system inputs: 31938768
	File system outputs: 107244144
	Socket messages sent: 0
	Socket messages received: 0
	Signals delivered: 0
	Page size (bytes): 4096
	Exit status: 0
