Building DAG of jobs...
Using shell: /bin/bash
Provided cores: 30
Rules claiming more threads will be scaled down.
Provided resources: ram=150
Job counts:
	count	jobs
	1	bedpe
	5	iPCR_bam2bedpe
	6

[Thu Oct 24 15:02:07 2019]
rule iPCR_bam2bedpe:
    input: /DATA/usr/ludo/projects/LP190425_flySuRE/data/intermediate/LP20191017_Dm12_T01_pipelineOutput/iPCR/T01_B1_T01/05_split_bam/T01_B1_T01_chr3R.bam, /home/ludo/projects/LP190425_flySuRE/data/processed/LP20191008_VCF_per_sample/Haplotype_joint_call_SuRe_lines_lenient_filtering_T01_homoz.vcf.gz
    output: /DATA/usr/ludo/projects/LP190425_flySuRE/data/intermediate/LP20191017_Dm12_T01_pipelineOutput/iPCR/T01_B1_T01/06_bedpe/T01_B1_T01_chr3R.bedpe.gz
    log: /DATA/usr/ludo/projects/LP190425_flySuRE/data/intermediate/LP20191017_Dm12_T01_pipelineOutput/iPCR/T01_B1_T01/06_bedpe/T01_B1_T01_chr3R.log
    jobid: 4
    reason: Missing output files: /DATA/usr/ludo/projects/LP190425_flySuRE/data/intermediate/LP20191017_Dm12_T01_pipelineOutput/iPCR/T01_B1_T01/06_bedpe/T01_B1_T01_chr3R.bedpe.gz
    wildcards: path=/DATA/usr/ludo/projects/LP190425_flySuRE/data/intermediate/LP20191017_Dm12_T01_pipelineOutput/iPCR, smpl=T01_B1_T01, c=chr3R
    resources: ram=20

python /DATA/usr/ludo/projects/LP190425_flySuRE/code/pipeline/code/iPCR_bam_to_annotBed.py -b /DATA/usr/ludo/projects/LP190425_flySuRE/data/intermediate/LP20191017_Dm12_T01_pipelineOutput/iPCR/T01_B1_T01/05_split_bam/T01_B1_T01_chr3R.bam  -v /home/ludo/projects/LP190425_flySuRE/data/processed/LP20191008_VCF_per_sample/Haplotype_joint_call_SuRe_lines_lenient_filtering_T01_homoz.vcf.gz -o /DATA/usr/ludo/projects/LP190425_flySuRE/data/intermediate/LP20191017_Dm12_T01_pipelineOutput/iPCR/T01_B1_T01/06_bedpe/T01_B1_T01_chr3R.bedpe.gz -c 'chr3R' -l /DATA/usr/ludo/projects/LP190425_flySuRE/data/intermediate/LP20191017_Dm12_T01_pipelineOutput/iPCR/T01_B1_T01/06_bedpe/T01_B1_T01_chr3R.log; 

[Thu Oct 24 15:02:07 2019]
rule iPCR_bam2bedpe:
    input: /DATA/usr/ludo/projects/LP190425_flySuRE/data/intermediate/LP20191017_Dm12_T01_pipelineOutput/iPCR/T01_B1_T01/05_split_bam/T01_B1_T01_chr3L.bam, /home/ludo/projects/LP190425_flySuRE/data/processed/LP20191008_VCF_per_sample/Haplotype_joint_call_SuRe_lines_lenient_filtering_T01_homoz.vcf.gz
    output: /DATA/usr/ludo/projects/LP190425_flySuRE/data/intermediate/LP20191017_Dm12_T01_pipelineOutput/iPCR/T01_B1_T01/06_bedpe/T01_B1_T01_chr3L.bedpe.gz
    log: /DATA/usr/ludo/projects/LP190425_flySuRE/data/intermediate/LP20191017_Dm12_T01_pipelineOutput/iPCR/T01_B1_T01/06_bedpe/T01_B1_T01_chr3L.log
    jobid: 3
    reason: Missing output files: /DATA/usr/ludo/projects/LP190425_flySuRE/data/intermediate/LP20191017_Dm12_T01_pipelineOutput/iPCR/T01_B1_T01/06_bedpe/T01_B1_T01_chr3L.bedpe.gz
    wildcards: path=/DATA/usr/ludo/projects/LP190425_flySuRE/data/intermediate/LP20191017_Dm12_T01_pipelineOutput/iPCR, smpl=T01_B1_T01, c=chr3L
    resources: ram=20

python /DATA/usr/ludo/projects/LP190425_flySuRE/code/pipeline/code/iPCR_bam_to_annotBed.py -b /DATA/usr/ludo/projects/LP190425_flySuRE/data/intermediate/LP20191017_Dm12_T01_pipelineOutput/iPCR/T01_B1_T01/05_split_bam/T01_B1_T01_chr3L.bam  -v /home/ludo/projects/LP190425_flySuRE/data/processed/LP20191008_VCF_per_sample/Haplotype_joint_call_SuRe_lines_lenient_filtering_T01_homoz.vcf.gz -o /DATA/usr/ludo/projects/LP190425_flySuRE/data/intermediate/LP20191017_Dm12_T01_pipelineOutput/iPCR/T01_B1_T01/06_bedpe/T01_B1_T01_chr3L.bedpe.gz -c 'chr3L' -l /DATA/usr/ludo/projects/LP190425_flySuRE/data/intermediate/LP20191017_Dm12_T01_pipelineOutput/iPCR/T01_B1_T01/06_bedpe/T01_B1_T01_chr3L.log; 

[Thu Oct 24 15:02:07 2019]
rule iPCR_bam2bedpe:
    input: /DATA/usr/ludo/projects/LP190425_flySuRE/data/intermediate/LP20191017_Dm12_T01_pipelineOutput/iPCR/T01_B1_T01/05_split_bam/T01_B1_T01_chr2L.bam, /home/ludo/projects/LP190425_flySuRE/data/processed/LP20191008_VCF_per_sample/Haplotype_joint_call_SuRe_lines_lenient_filtering_T01_homoz.vcf.gz
    output: /DATA/usr/ludo/projects/LP190425_flySuRE/data/intermediate/LP20191017_Dm12_T01_pipelineOutput/iPCR/T01_B1_T01/06_bedpe/T01_B1_T01_chr2L.bedpe.gz
    log: /DATA/usr/ludo/projects/LP190425_flySuRE/data/intermediate/LP20191017_Dm12_T01_pipelineOutput/iPCR/T01_B1_T01/06_bedpe/T01_B1_T01_chr2L.log
    jobid: 1
    reason: Missing output files: /DATA/usr/ludo/projects/LP190425_flySuRE/data/intermediate/LP20191017_Dm12_T01_pipelineOutput/iPCR/T01_B1_T01/06_bedpe/T01_B1_T01_chr2L.bedpe.gz
    wildcards: path=/DATA/usr/ludo/projects/LP190425_flySuRE/data/intermediate/LP20191017_Dm12_T01_pipelineOutput/iPCR, smpl=T01_B1_T01, c=chr2L
    resources: ram=20

python /DATA/usr/ludo/projects/LP190425_flySuRE/code/pipeline/code/iPCR_bam_to_annotBed.py -b /DATA/usr/ludo/projects/LP190425_flySuRE/data/intermediate/LP20191017_Dm12_T01_pipelineOutput/iPCR/T01_B1_T01/05_split_bam/T01_B1_T01_chr2L.bam  -v /home/ludo/projects/LP190425_flySuRE/data/processed/LP20191008_VCF_per_sample/Haplotype_joint_call_SuRe_lines_lenient_filtering_T01_homoz.vcf.gz -o /DATA/usr/ludo/projects/LP190425_flySuRE/data/intermediate/LP20191017_Dm12_T01_pipelineOutput/iPCR/T01_B1_T01/06_bedpe/T01_B1_T01_chr2L.bedpe.gz -c 'chr2L' -l /DATA/usr/ludo/projects/LP190425_flySuRE/data/intermediate/LP20191017_Dm12_T01_pipelineOutput/iPCR/T01_B1_T01/06_bedpe/T01_B1_T01_chr2L.log; 

[Thu Oct 24 15:02:07 2019]
rule iPCR_bam2bedpe:
    input: /DATA/usr/ludo/projects/LP190425_flySuRE/data/intermediate/LP20191017_Dm12_T01_pipelineOutput/iPCR/T01_B1_T01/05_split_bam/T01_B1_T01_chr2R.bam, /home/ludo/projects/LP190425_flySuRE/data/processed/LP20191008_VCF_per_sample/Haplotype_joint_call_SuRe_lines_lenient_filtering_T01_homoz.vcf.gz
    output: /DATA/usr/ludo/projects/LP190425_flySuRE/data/intermediate/LP20191017_Dm12_T01_pipelineOutput/iPCR/T01_B1_T01/06_bedpe/T01_B1_T01_chr2R.bedpe.gz
    log: /DATA/usr/ludo/projects/LP190425_flySuRE/data/intermediate/LP20191017_Dm12_T01_pipelineOutput/iPCR/T01_B1_T01/06_bedpe/T01_B1_T01_chr2R.log
    jobid: 2
    reason: Missing output files: /DATA/usr/ludo/projects/LP190425_flySuRE/data/intermediate/LP20191017_Dm12_T01_pipelineOutput/iPCR/T01_B1_T01/06_bedpe/T01_B1_T01_chr2R.bedpe.gz
    wildcards: path=/DATA/usr/ludo/projects/LP190425_flySuRE/data/intermediate/LP20191017_Dm12_T01_pipelineOutput/iPCR, smpl=T01_B1_T01, c=chr2R
    resources: ram=20

python /DATA/usr/ludo/projects/LP190425_flySuRE/code/pipeline/code/iPCR_bam_to_annotBed.py -b /DATA/usr/ludo/projects/LP190425_flySuRE/data/intermediate/LP20191017_Dm12_T01_pipelineOutput/iPCR/T01_B1_T01/05_split_bam/T01_B1_T01_chr2R.bam  -v /home/ludo/projects/LP190425_flySuRE/data/processed/LP20191008_VCF_per_sample/Haplotype_joint_call_SuRe_lines_lenient_filtering_T01_homoz.vcf.gz -o /DATA/usr/ludo/projects/LP190425_flySuRE/data/intermediate/LP20191017_Dm12_T01_pipelineOutput/iPCR/T01_B1_T01/06_bedpe/T01_B1_T01_chr2R.bedpe.gz -c 'chr2R' -l /DATA/usr/ludo/projects/LP190425_flySuRE/data/intermediate/LP20191017_Dm12_T01_pipelineOutput/iPCR/T01_B1_T01/06_bedpe/T01_B1_T01_chr2R.log; 

[Thu Oct 24 15:02:07 2019]
rule iPCR_bam2bedpe:
    input: /DATA/usr/ludo/projects/LP190425_flySuRE/data/intermediate/LP20191017_Dm12_T01_pipelineOutput/iPCR/T01_B1_T01/05_split_bam/T01_B1_T01_chr4.bam, /home/ludo/projects/LP190425_flySuRE/data/processed/LP20191008_VCF_per_sample/Haplotype_joint_call_SuRe_lines_lenient_filtering_T01_homoz.vcf.gz
    output: /DATA/usr/ludo/projects/LP190425_flySuRE/data/intermediate/LP20191017_Dm12_T01_pipelineOutput/iPCR/T01_B1_T01/06_bedpe/T01_B1_T01_chr4.bedpe.gz
    log: /DATA/usr/ludo/projects/LP190425_flySuRE/data/intermediate/LP20191017_Dm12_T01_pipelineOutput/iPCR/T01_B1_T01/06_bedpe/T01_B1_T01_chr4.log
    jobid: 5
    reason: Missing output files: /DATA/usr/ludo/projects/LP190425_flySuRE/data/intermediate/LP20191017_Dm12_T01_pipelineOutput/iPCR/T01_B1_T01/06_bedpe/T01_B1_T01_chr4.bedpe.gz
    wildcards: path=/DATA/usr/ludo/projects/LP190425_flySuRE/data/intermediate/LP20191017_Dm12_T01_pipelineOutput/iPCR, smpl=T01_B1_T01, c=chr4
    resources: ram=20

python /DATA/usr/ludo/projects/LP190425_flySuRE/code/pipeline/code/iPCR_bam_to_annotBed.py -b /DATA/usr/ludo/projects/LP190425_flySuRE/data/intermediate/LP20191017_Dm12_T01_pipelineOutput/iPCR/T01_B1_T01/05_split_bam/T01_B1_T01_chr4.bam  -v /home/ludo/projects/LP190425_flySuRE/data/processed/LP20191008_VCF_per_sample/Haplotype_joint_call_SuRe_lines_lenient_filtering_T01_homoz.vcf.gz -o /DATA/usr/ludo/projects/LP190425_flySuRE/data/intermediate/LP20191017_Dm12_T01_pipelineOutput/iPCR/T01_B1_T01/06_bedpe/T01_B1_T01_chr4.bedpe.gz -c 'chr4' -l /DATA/usr/ludo/projects/LP190425_flySuRE/data/intermediate/LP20191017_Dm12_T01_pipelineOutput/iPCR/T01_B1_T01/06_bedpe/T01_B1_T01_chr4.log; 
Activating conda environment: /DATA/usr/ludo/projects/LP190425_flySuRE/analyses/LP20191017_processing_cDNA_iPCR/.snakemake/conda/a8e43192
Activating conda environment: /DATA/usr/ludo/projects/LP190425_flySuRE/analyses/LP20191017_processing_cDNA_iPCR/.snakemake/conda/a8e43192
Activating conda environment: /DATA/usr/ludo/projects/LP190425_flySuRE/analyses/LP20191017_processing_cDNA_iPCR/.snakemake/conda/a8e43192
Activating conda environment: /DATA/usr/ludo/projects/LP190425_flySuRE/analyses/LP20191017_processing_cDNA_iPCR/.snakemake/conda/a8e43192
Activating conda environment: /DATA/usr/ludo/projects/LP190425_flySuRE/analyses/LP20191017_processing_cDNA_iPCR/.snakemake/conda/a8e43192
command: /DATA/usr/ludo/projects/LP190425_flySuRE/code/pipeline/code/iPCR_bam_to_annotBed.py -b /DATA/usr/ludo/projects/LP190425_flySuRE/data/intermediate/LP20191017_Dm12_T01_pipelineOutput/iPCR/T01_B1_T01/05_split_bam/T01_B1_T01_chr4.bam -v /home/ludo/projects/LP190425_flySuRE/data/processed/LP20191008_VCF_per_sample/Haplotype_joint_call_SuRe_lines_lenient_filtering_T01_homoz.vcf.gz -o /DATA/usr/ludo/projects/LP190425_flySuRE/data/intermediate/LP20191017_Dm12_T01_pipelineOutput/iPCR/T01_B1_T01/06_bedpe/T01_B1_T01_chr4.bedpe.gz -c chr4 -l /DATA/usr/ludo/projects/LP190425_flySuRE/data/intermediate/LP20191017_Dm12_T01_pipelineOutput/iPCR/T01_B1_T01/06_bedpe/T01_B1_T01_chr4.log
opening bam file /DATA/usr/ludo/projects/LP190425_flySuRE/data/intermediate/LP20191017_Dm12_T01_pipelineOutput/iPCR/T01_B1_T01/05_split_bam/T01_B1_T01_chr4.bam
bam file opened
importing vcf file /home/ludo/projects/LP190425_flySuRE/data/processed/LP20191008_VCF_per_sample/Haplotype_joint_call_SuRe_lines_lenient_filtering_T01_homoz.vcf.gz
import of vcf done
opening bedpe file for output: /DATA/usr/ludo/projects/LP190425_flySuRE/data/intermediate/LP20191017_Dm12_T01_pipelineOutput/iPCR/T01_B1_T01/06_bedpe/T01_B1_T01_chr4.bedpe.gz
output opened
start processing reads
processing done
output closed
done
[Thu Oct 24 15:03:55 2019]
Finished job 5.
1 of 6 steps (17%) done
command: /DATA/usr/ludo/projects/LP190425_flySuRE/code/pipeline/code/iPCR_bam_to_annotBed.py -b /DATA/usr/ludo/projects/LP190425_flySuRE/data/intermediate/LP20191017_Dm12_T01_pipelineOutput/iPCR/T01_B1_T01/05_split_bam/T01_B1_T01_chr2L.bam -v /home/ludo/projects/LP190425_flySuRE/data/processed/LP20191008_VCF_per_sample/Haplotype_joint_call_SuRe_lines_lenient_filtering_T01_homoz.vcf.gz -o /DATA/usr/ludo/projects/LP190425_flySuRE/data/intermediate/LP20191017_Dm12_T01_pipelineOutput/iPCR/T01_B1_T01/06_bedpe/T01_B1_T01_chr2L.bedpe.gz -c chr2L -l /DATA/usr/ludo/projects/LP190425_flySuRE/data/intermediate/LP20191017_Dm12_T01_pipelineOutput/iPCR/T01_B1_T01/06_bedpe/T01_B1_T01_chr2L.log
opening bam file /DATA/usr/ludo/projects/LP190425_flySuRE/data/intermediate/LP20191017_Dm12_T01_pipelineOutput/iPCR/T01_B1_T01/05_split_bam/T01_B1_T01_chr2L.bam
bam file opened
importing vcf file /home/ludo/projects/LP190425_flySuRE/data/processed/LP20191008_VCF_per_sample/Haplotype_joint_call_SuRe_lines_lenient_filtering_T01_homoz.vcf.gz
import of vcf done
opening bedpe file for output: /DATA/usr/ludo/projects/LP190425_flySuRE/data/intermediate/LP20191017_Dm12_T01_pipelineOutput/iPCR/T01_B1_T01/06_bedpe/T01_B1_T01_chr2L.bedpe.gz
output opened
start processing reads
processing done
output closed
done
[Thu Oct 24 16:13:42 2019]
Finished job 1.
2 of 6 steps (33%) done
command: /DATA/usr/ludo/projects/LP190425_flySuRE/code/pipeline/code/iPCR_bam_to_annotBed.py -b /DATA/usr/ludo/projects/LP190425_flySuRE/data/intermediate/LP20191017_Dm12_T01_pipelineOutput/iPCR/T01_B1_T01/05_split_bam/T01_B1_T01_chr2R.bam -v /home/ludo/projects/LP190425_flySuRE/data/processed/LP20191008_VCF_per_sample/Haplotype_joint_call_SuRe_lines_lenient_filtering_T01_homoz.vcf.gz -o /DATA/usr/ludo/projects/LP190425_flySuRE/data/intermediate/LP20191017_Dm12_T01_pipelineOutput/iPCR/T01_B1_T01/06_bedpe/T01_B1_T01_chr2R.bedpe.gz -c chr2R -l /DATA/usr/ludo/projects/LP190425_flySuRE/data/intermediate/LP20191017_Dm12_T01_pipelineOutput/iPCR/T01_B1_T01/06_bedpe/T01_B1_T01_chr2R.log
opening bam file /DATA/usr/ludo/projects/LP190425_flySuRE/data/intermediate/LP20191017_Dm12_T01_pipelineOutput/iPCR/T01_B1_T01/05_split_bam/T01_B1_T01_chr2R.bam
bam file opened
importing vcf file /home/ludo/projects/LP190425_flySuRE/data/processed/LP20191008_VCF_per_sample/Haplotype_joint_call_SuRe_lines_lenient_filtering_T01_homoz.vcf.gz
import of vcf done
opening bedpe file for output: /DATA/usr/ludo/projects/LP190425_flySuRE/data/intermediate/LP20191017_Dm12_T01_pipelineOutput/iPCR/T01_B1_T01/06_bedpe/T01_B1_T01_chr2R.bedpe.gz
output opened
start processing reads
processing done
output closed
done
[Thu Oct 24 16:14:04 2019]
Finished job 2.
3 of 6 steps (50%) done
command: /DATA/usr/ludo/projects/LP190425_flySuRE/code/pipeline/code/iPCR_bam_to_annotBed.py -b /DATA/usr/ludo/projects/LP190425_flySuRE/data/intermediate/LP20191017_Dm12_T01_pipelineOutput/iPCR/T01_B1_T01/05_split_bam/T01_B1_T01_chr3L.bam -v /home/ludo/projects/LP190425_flySuRE/data/processed/LP20191008_VCF_per_sample/Haplotype_joint_call_SuRe_lines_lenient_filtering_T01_homoz.vcf.gz -o /DATA/usr/ludo/projects/LP190425_flySuRE/data/intermediate/LP20191017_Dm12_T01_pipelineOutput/iPCR/T01_B1_T01/06_bedpe/T01_B1_T01_chr3L.bedpe.gz -c chr3L -l /DATA/usr/ludo/projects/LP190425_flySuRE/data/intermediate/LP20191017_Dm12_T01_pipelineOutput/iPCR/T01_B1_T01/06_bedpe/T01_B1_T01_chr3L.log
opening bam file /DATA/usr/ludo/projects/LP190425_flySuRE/data/intermediate/LP20191017_Dm12_T01_pipelineOutput/iPCR/T01_B1_T01/05_split_bam/T01_B1_T01_chr3L.bam
bam file opened
importing vcf file /home/ludo/projects/LP190425_flySuRE/data/processed/LP20191008_VCF_per_sample/Haplotype_joint_call_SuRe_lines_lenient_filtering_T01_homoz.vcf.gz
import of vcf done
opening bedpe file for output: /DATA/usr/ludo/projects/LP190425_flySuRE/data/intermediate/LP20191017_Dm12_T01_pipelineOutput/iPCR/T01_B1_T01/06_bedpe/T01_B1_T01_chr3L.bedpe.gz
output opened
start processing reads
processing done
output closed
done
[Thu Oct 24 16:19:27 2019]
Finished job 3.
4 of 6 steps (67%) done
command: /DATA/usr/ludo/projects/LP190425_flySuRE/code/pipeline/code/iPCR_bam_to_annotBed.py -b /DATA/usr/ludo/projects/LP190425_flySuRE/data/intermediate/LP20191017_Dm12_T01_pipelineOutput/iPCR/T01_B1_T01/05_split_bam/T01_B1_T01_chr3R.bam -v /home/ludo/projects/LP190425_flySuRE/data/processed/LP20191008_VCF_per_sample/Haplotype_joint_call_SuRe_lines_lenient_filtering_T01_homoz.vcf.gz -o /DATA/usr/ludo/projects/LP190425_flySuRE/data/intermediate/LP20191017_Dm12_T01_pipelineOutput/iPCR/T01_B1_T01/06_bedpe/T01_B1_T01_chr3R.bedpe.gz -c chr3R -l /DATA/usr/ludo/projects/LP190425_flySuRE/data/intermediate/LP20191017_Dm12_T01_pipelineOutput/iPCR/T01_B1_T01/06_bedpe/T01_B1_T01_chr3R.log
opening bam file /DATA/usr/ludo/projects/LP190425_flySuRE/data/intermediate/LP20191017_Dm12_T01_pipelineOutput/iPCR/T01_B1_T01/05_split_bam/T01_B1_T01_chr3R.bam
bam file opened
importing vcf file /home/ludo/projects/LP190425_flySuRE/data/processed/LP20191008_VCF_per_sample/Haplotype_joint_call_SuRe_lines_lenient_filtering_T01_homoz.vcf.gz
import of vcf done
opening bedpe file for output: /DATA/usr/ludo/projects/LP190425_flySuRE/data/intermediate/LP20191017_Dm12_T01_pipelineOutput/iPCR/T01_B1_T01/06_bedpe/T01_B1_T01_chr3R.bedpe.gz
output opened
start processing reads
processing done
output closed
done
[Thu Oct 24 16:30:01 2019]
Finished job 4.
5 of 6 steps (83%) done

[Thu Oct 24 16:30:01 2019]
localrule bedpe:
    input: /DATA/usr/ludo/projects/LP190425_flySuRE/data/intermediate/LP20191017_Dm12_T01_pipelineOutput/iPCR/T01_B1_T01/06_bedpe/T01_B1_T01_chr2L.bedpe.gz, /DATA/usr/ludo/projects/LP190425_flySuRE/data/intermediate/LP20191017_Dm12_T01_pipelineOutput/iPCR/T01_B1_T01/06_bedpe/T01_B1_T01_chr2R.bedpe.gz, /DATA/usr/ludo/projects/LP190425_flySuRE/data/intermediate/LP20191017_Dm12_T01_pipelineOutput/iPCR/T01_B1_T01/06_bedpe/T01_B1_T01_chr3L.bedpe.gz, /DATA/usr/ludo/projects/LP190425_flySuRE/data/intermediate/LP20191017_Dm12_T01_pipelineOutput/iPCR/T01_B1_T01/06_bedpe/T01_B1_T01_chr3R.bedpe.gz, /DATA/usr/ludo/projects/LP190425_flySuRE/data/intermediate/LP20191017_Dm12_T01_pipelineOutput/iPCR/T01_B1_T01/06_bedpe/T01_B1_T01_chr4.bedpe.gz, /DATA/usr/ludo/projects/LP190425_flySuRE/data/intermediate/LP20191017_Dm12_T01_pipelineOutput/iPCR/T01_B1_T01/06_bedpe/T01_B1_T01_chrM.bedpe.gz
    jobid: 0
    reason: Input files updated by another job: /DATA/usr/ludo/projects/LP190425_flySuRE/data/intermediate/LP20191017_Dm12_T01_pipelineOutput/iPCR/T01_B1_T01/06_bedpe/T01_B1_T01_chr2R.bedpe.gz, /DATA/usr/ludo/projects/LP190425_flySuRE/data/intermediate/LP20191017_Dm12_T01_pipelineOutput/iPCR/T01_B1_T01/06_bedpe/T01_B1_T01_chr4.bedpe.gz, /DATA/usr/ludo/projects/LP190425_flySuRE/data/intermediate/LP20191017_Dm12_T01_pipelineOutput/iPCR/T01_B1_T01/06_bedpe/T01_B1_T01_chr2L.bedpe.gz, /DATA/usr/ludo/projects/LP190425_flySuRE/data/intermediate/LP20191017_Dm12_T01_pipelineOutput/iPCR/T01_B1_T01/06_bedpe/T01_B1_T01_chr3L.bedpe.gz, /DATA/usr/ludo/projects/LP190425_flySuRE/data/intermediate/LP20191017_Dm12_T01_pipelineOutput/iPCR/T01_B1_T01/06_bedpe/T01_B1_T01_chr3R.bedpe.gz

[Thu Oct 24 16:30:01 2019]
Finished job 0.
6 of 6 steps (100%) done
Complete log: /DATA/usr/ludo/projects/LP190425_flySuRE/analyses/LP20191017_processing_cDNA_iPCR/.snakemake/log/2019-10-24T150206.390559.snakemake.log
SuRE-seq pipeline version:  0.14.feature_SNP-usr-config 
 git commit hash:  1e3453ce9dcc65e0fdc6faa21a4f6220ee96f7d1 


['/DATA/usr/ludo/projects/LP190425_flySuRE/data/intermediate/LP20191017_Dm12_T01_pipelineOutput/coverage/T01.norm.bw', '/DATA/usr/ludo/projects/LP190425_flySuRE/data/intermediate/LP20191017_Dm12_T01_pipelineOutput/coverage/T01.norm.plus.bw', '/DATA/usr/ludo/projects/LP190425_flySuRE/data/intermediate/LP20191017_Dm12_T01_pipelineOutput/coverage/T01.norm.minus.bw', '/DATA/usr/ludo/projects/LP190425_flySuRE/data/intermediate/LP20191017_Dm12_T01_pipelineOutput/coverage/T01.normflat.bw', '/DATA/usr/ludo/projects/LP190425_flySuRE/data/intermediate/LP20191017_Dm12_T01_pipelineOutput/coverage/T01.normflat.plus.bw', '/DATA/usr/ludo/projects/LP190425_flySuRE/data/intermediate/LP20191017_Dm12_T01_pipelineOutput/coverage/T01.normflat.minus.bw']
	Command being timed: "nice -19 snakemake -prs ../../code/pipeline/SuRE-snakemake --use-conda --resources ram=150 --configfile config-Dm12_T01_LP20191017.yml --cores 30 bedpe"
	User time (seconds): 18357.74
	System time (seconds): 294.08
	Percent of CPU this job got: 353%
	Elapsed (wall clock) time (h:mm:ss or m:ss): 1:27:55
	Average shared text size (kbytes): 0
	Average unshared data size (kbytes): 0
	Average stack size (kbytes): 0
	Average total size (kbytes): 0
	Maximum resident set size (kbytes): 2387240
	Average resident set size (kbytes): 0
	Major (requiring I/O) page faults: 7
	Minor (reclaiming a frame) page faults: 281103912
	Voluntary context switches: 68499
	Involuntary context switches: 52989
	Swaps: 0
	File system inputs: 14785232
	File system outputs: 18376144
	Socket messages sent: 0
	Socket messages received: 0
	Signals delivered: 0
	Page size (bytes): 4096
	Exit status: 0
