Building DAG of jobs...
Using shell: /bin/bash
Provided cores: 15
Rules claiming more threads will be scaled down.
Provided resources: ram=100
Job counts:
	count	jobs
	1	addBC2bedpe_multi
	1	cDNA
	1	iPCR_merge_bedpe_genomeWide
	6	merge_ipcr_cdna
	6	reverse_liftover
	6	sort_cnt_tbls
	1	sorted_cnt_tbls
	22

[Sat Dec 14 22:01:02 2019]
rule addBC2bedpe_multi:
    input: /DATA/usr/ludo/projects/LP190425_flySuRE/data/intermediate/LP20191128_Dm09_I02_pipelineOutput/iPCR/I02_B1_T01/06_bedpe/I02_B1_T01_chr2L.bedpe.gz, /DATA/usr/ludo/projects/LP190425_flySuRE/data/intermediate/LP20191128_Dm09_I02_pipelineOutput/iPCR/I02_B1_T01/06_bedpe/I02_B1_T01_chr2R.bedpe.gz, /DATA/usr/ludo/projects/LP190425_flySuRE/data/intermediate/LP20191128_Dm09_I02_pipelineOutput/iPCR/I02_B1_T01/06_bedpe/I02_B1_T01_chr3L.bedpe.gz, /DATA/usr/ludo/projects/LP190425_flySuRE/data/intermediate/LP20191128_Dm09_I02_pipelineOutput/iPCR/I02_B1_T01/06_bedpe/I02_B1_T01_chr3R.bedpe.gz, /DATA/usr/ludo/projects/LP190425_flySuRE/data/intermediate/LP20191128_Dm09_I02_pipelineOutput/iPCR/I02_B1_T01/06_bedpe/I02_B1_T01_chr4.bedpe.gz, /DATA/usr/ludo/projects/LP190425_flySuRE/data/intermediate/LP20191128_Dm09_I02_pipelineOutput/iPCR/I02_B1_T01/06_bedpe/I02_B1_T01_chrM.bedpe.gz, /DATA/usr/ludo/projects/LP190425_flySuRE/data/intermediate/LP20191128_Dm09_I02_pipelineOutput/iPCR/I02_B1_T01/01_fastq_trimmed/I02_B1_T01_forw.info.gz
    output: /DATA/usr/ludo/projects/LP190425_flySuRE/data/intermediate/LP20191128_Dm09_I02_pipelineOutput/iPCR/I02_B1_T01/07_bedpe_BC/I02_B1_T01_chr2L.bedpe.gz, /DATA/usr/ludo/projects/LP190425_flySuRE/data/intermediate/LP20191128_Dm09_I02_pipelineOutput/iPCR/I02_B1_T01/07_bedpe_BC/I02_B1_T01_chr2R.bedpe.gz, /DATA/usr/ludo/projects/LP190425_flySuRE/data/intermediate/LP20191128_Dm09_I02_pipelineOutput/iPCR/I02_B1_T01/07_bedpe_BC/I02_B1_T01_chr3L.bedpe.gz, /DATA/usr/ludo/projects/LP190425_flySuRE/data/intermediate/LP20191128_Dm09_I02_pipelineOutput/iPCR/I02_B1_T01/07_bedpe_BC/I02_B1_T01_chr3R.bedpe.gz, /DATA/usr/ludo/projects/LP190425_flySuRE/data/intermediate/LP20191128_Dm09_I02_pipelineOutput/iPCR/I02_B1_T01/07_bedpe_BC/I02_B1_T01_chr4.bedpe.gz, /DATA/usr/ludo/projects/LP190425_flySuRE/data/intermediate/LP20191128_Dm09_I02_pipelineOutput/iPCR/I02_B1_T01/07_bedpe_BC/I02_B1_T01_chrM.bedpe.gz, /DATA/usr/ludo/projects/LP190425_flySuRE/data/intermediate/LP20191128_Dm09_I02_pipelineOutput/iPCR/I02_B1_T01/07_bedpe_BC/I02_B1_T01.log, /DATA/usr/ludo/projects/LP190425_flySuRE/data/intermediate/LP20191128_Dm09_I02_pipelineOutput/iPCR/I02_B1_T01/07_bedpe_BC/I02_B1_T01.stats
    jobid: 21
    reason: Missing output files: /DATA/usr/ludo/projects/LP190425_flySuRE/data/intermediate/LP20191128_Dm09_I02_pipelineOutput/iPCR/I02_B1_T01/07_bedpe_BC/I02_B1_T01_chrM.bedpe.gz, /DATA/usr/ludo/projects/LP190425_flySuRE/data/intermediate/LP20191128_Dm09_I02_pipelineOutput/iPCR/I02_B1_T01/07_bedpe_BC/I02_B1_T01_chr2R.bedpe.gz, /DATA/usr/ludo/projects/LP190425_flySuRE/data/intermediate/LP20191128_Dm09_I02_pipelineOutput/iPCR/I02_B1_T01/07_bedpe_BC/I02_B1_T01_chr2L.bedpe.gz, /DATA/usr/ludo/projects/LP190425_flySuRE/data/intermediate/LP20191128_Dm09_I02_pipelineOutput/iPCR/I02_B1_T01/07_bedpe_BC/I02_B1_T01_chr4.bedpe.gz, /DATA/usr/ludo/projects/LP190425_flySuRE/data/intermediate/LP20191128_Dm09_I02_pipelineOutput/iPCR/I02_B1_T01/07_bedpe_BC/I02_B1_T01_chr3R.bedpe.gz, /DATA/usr/ludo/projects/LP190425_flySuRE/data/intermediate/LP20191128_Dm09_I02_pipelineOutput/iPCR/I02_B1_T01/07_bedpe_BC/I02_B1_T01_chr3L.bedpe.gz
    wildcards: path=/DATA/usr/ludo/projects/LP190425_flySuRE/data/intermediate/LP20191128_Dm09_I02_pipelineOutput/iPCR, smpl=I02_B1_T01
    resources: ram=30

python /DATA/usr/ludo/projects/LP190425_flySuRE/code/pipeline/code/iPCR_addBC2bedpe.py --bedpe /DATA/usr/ludo/projects/LP190425_flySuRE/data/intermediate/LP20191128_Dm09_I02_pipelineOutput/iPCR/I02_B1_T01/06_bedpe/I02_B1_T01_chr2L.bedpe.gz /DATA/usr/ludo/projects/LP190425_flySuRE/data/intermediate/LP20191128_Dm09_I02_pipelineOutput/iPCR/I02_B1_T01/06_bedpe/I02_B1_T01_chr2R.bedpe.gz /DATA/usr/ludo/projects/LP190425_flySuRE/data/intermediate/LP20191128_Dm09_I02_pipelineOutput/iPCR/I02_B1_T01/06_bedpe/I02_B1_T01_chr3L.bedpe.gz /DATA/usr/ludo/projects/LP190425_flySuRE/data/intermediate/LP20191128_Dm09_I02_pipelineOutput/iPCR/I02_B1_T01/06_bedpe/I02_B1_T01_chr3R.bedpe.gz /DATA/usr/ludo/projects/LP190425_flySuRE/data/intermediate/LP20191128_Dm09_I02_pipelineOutput/iPCR/I02_B1_T01/06_bedpe/I02_B1_T01_chr4.bedpe.gz /DATA/usr/ludo/projects/LP190425_flySuRE/data/intermediate/LP20191128_Dm09_I02_pipelineOutput/iPCR/I02_B1_T01/06_bedpe/I02_B1_T01_chrM.bedpe.gz --info /DATA/usr/ludo/projects/LP190425_flySuRE/data/intermediate/LP20191128_Dm09_I02_pipelineOutput/iPCR/I02_B1_T01/01_fastq_trimmed/I02_B1_T01_forw.info.gz --out /DATA/usr/ludo/projects/LP190425_flySuRE/data/intermediate/LP20191128_Dm09_I02_pipelineOutput/iPCR/I02_B1_T01/07_bedpe_BC/I02_B1_T01_chr2L.bedpe.gz /DATA/usr/ludo/projects/LP190425_flySuRE/data/intermediate/LP20191128_Dm09_I02_pipelineOutput/iPCR/I02_B1_T01/07_bedpe_BC/I02_B1_T01_chr2R.bedpe.gz /DATA/usr/ludo/projects/LP190425_flySuRE/data/intermediate/LP20191128_Dm09_I02_pipelineOutput/iPCR/I02_B1_T01/07_bedpe_BC/I02_B1_T01_chr3L.bedpe.gz /DATA/usr/ludo/projects/LP190425_flySuRE/data/intermediate/LP20191128_Dm09_I02_pipelineOutput/iPCR/I02_B1_T01/07_bedpe_BC/I02_B1_T01_chr3R.bedpe.gz /DATA/usr/ludo/projects/LP190425_flySuRE/data/intermediate/LP20191128_Dm09_I02_pipelineOutput/iPCR/I02_B1_T01/07_bedpe_BC/I02_B1_T01_chr4.bedpe.gz /DATA/usr/ludo/projects/LP190425_flySuRE/data/intermediate/LP20191128_Dm09_I02_pipelineOutput/iPCR/I02_B1_T01/07_bedpe_BC/I02_B1_T01_chrM.bedpe.gz --log /DATA/usr/ludo/projects/LP190425_flySuRE/data/intermediate/LP20191128_Dm09_I02_pipelineOutput/iPCR/I02_B1_T01/07_bedpe_BC/I02_B1_T01.log --stats /DATA/usr/ludo/projects/LP190425_flySuRE/data/intermediate/LP20191128_Dm09_I02_pipelineOutput/iPCR/I02_B1_T01/07_bedpe_BC/I02_B1_T01.stats

[Sat Dec 14 22:01:02 2019]
rule cDNA:
    input: /home/ludo/projects/LP190425_flySuRE/data/raw/LP20191127_iPCR_cDNA_resequencing_I_2nd_download/CDRJ7ANXX_SuRE_III_b_19s003657-1-1_Perino_lane8Dm9_sequence.txt.gz
    output: /DATA/usr/ludo/projects/LP190425_flySuRE/data/intermediate/LP20191128_Dm09_I02_pipelineOutput/cDNA/I02_B1_T1/I02_B1_T1_trimmed_table.txt.gz
    jobid: 19
    reason: Missing output files: /DATA/usr/ludo/projects/LP190425_flySuRE/data/intermediate/LP20191128_Dm09_I02_pipelineOutput/cDNA/I02_B1_T1/I02_B1_T1_trimmed_table.txt.gz
    wildcards: s=I02_B1_T1

/DATA/usr/ludo/projects/LP190425_flySuRE/code/pipeline/code/cDNA-plDNA-count-BC.bash -l -b 'I02_B1_T1' -o '/DATA/usr/ludo/projects/LP190425_flySuRE/data/intermediate/LP20191128_Dm09_I02_pipelineOutput/cDNA/I02_B1_T1' -a 'CCTAGCTAACTATAACGGTCCTAAGGTAGCGAA' /home/ludo/projects/LP190425_flySuRE/data/raw/LP20191127_iPCR_cDNA_resequencing_I_2nd_download/CDRJ7ANXX_SuRE_III_b_19s003657-1-1_Perino_lane8Dm9_sequence.txt.gz
Activating conda environment: /DATA/usr/ludo/projects/LP190425_flySuRE/analyses/LP20191128_processing_cDNA_iPCR_redownload/.snakemake/conda/d9506415
Activating conda environment: /DATA/usr/ludo/projects/LP190425_flySuRE/analyses/LP20191128_processing_cDNA_iPCR_redownload/.snakemake/conda/d9506415
Read 115 records
[Sat Dec 14 22:19:30 2019]
Finished job 19.
1 of 22 steps (5%) done
command: /DATA/usr/ludo/projects/LP190425_flySuRE/code/pipeline/code/iPCR_addBC2bedpe.py --bedpe /DATA/usr/ludo/projects/LP190425_flySuRE/data/intermediate/LP20191128_Dm09_I02_pipelineOutput/iPCR/I02_B1_T01/06_bedpe/I02_B1_T01_chr2L.bedpe.gz /DATA/usr/ludo/projects/LP190425_flySuRE/data/intermediate/LP20191128_Dm09_I02_pipelineOutput/iPCR/I02_B1_T01/06_bedpe/I02_B1_T01_chr2R.bedpe.gz /DATA/usr/ludo/projects/LP190425_flySuRE/data/intermediate/LP20191128_Dm09_I02_pipelineOutput/iPCR/I02_B1_T01/06_bedpe/I02_B1_T01_chr3L.bedpe.gz /DATA/usr/ludo/projects/LP190425_flySuRE/data/intermediate/LP20191128_Dm09_I02_pipelineOutput/iPCR/I02_B1_T01/06_bedpe/I02_B1_T01_chr3R.bedpe.gz /DATA/usr/ludo/projects/LP190425_flySuRE/data/intermediate/LP20191128_Dm09_I02_pipelineOutput/iPCR/I02_B1_T01/06_bedpe/I02_B1_T01_chr4.bedpe.gz /DATA/usr/ludo/projects/LP190425_flySuRE/data/intermediate/LP20191128_Dm09_I02_pipelineOutput/iPCR/I02_B1_T01/06_bedpe/I02_B1_T01_chrM.bedpe.gz --info /DATA/usr/ludo/projects/LP190425_flySuRE/data/intermediate/LP20191128_Dm09_I02_pipelineOutput/iPCR/I02_B1_T01/01_fastq_trimmed/I02_B1_T01_forw.info.gz --out /DATA/usr/ludo/projects/LP190425_flySuRE/data/intermediate/LP20191128_Dm09_I02_pipelineOutput/iPCR/I02_B1_T01/07_bedpe_BC/I02_B1_T01_chr2L.bedpe.gz /DATA/usr/ludo/projects/LP190425_flySuRE/data/intermediate/LP20191128_Dm09_I02_pipelineOutput/iPCR/I02_B1_T01/07_bedpe_BC/I02_B1_T01_chr2R.bedpe.gz /DATA/usr/ludo/projects/LP190425_flySuRE/data/intermediate/LP20191128_Dm09_I02_pipelineOutput/iPCR/I02_B1_T01/07_bedpe_BC/I02_B1_T01_chr3L.bedpe.gz /DATA/usr/ludo/projects/LP190425_flySuRE/data/intermediate/LP20191128_Dm09_I02_pipelineOutput/iPCR/I02_B1_T01/07_bedpe_BC/I02_B1_T01_chr3R.bedpe.gz /DATA/usr/ludo/projects/LP190425_flySuRE/data/intermediate/LP20191128_Dm09_I02_pipelineOutput/iPCR/I02_B1_T01/07_bedpe_BC/I02_B1_T01_chr4.bedpe.gz /DATA/usr/ludo/projects/LP190425_flySuRE/data/intermediate/LP20191128_Dm09_I02_pipelineOutput/iPCR/I02_B1_T01/07_bedpe_BC/I02_B1_T01_chrM.bedpe.gz --log /DATA/usr/ludo/projects/LP190425_flySuRE/data/intermediate/LP20191128_Dm09_I02_pipelineOutput/iPCR/I02_B1_T01/07_bedpe_BC/I02_B1_T01.log --stats /DATA/usr/ludo/projects/LP190425_flySuRE/data/intermediate/LP20191128_Dm09_I02_pipelineOutput/iPCR/I02_B1_T01/07_bedpe_BC/I02_B1_T01.stats
[Sun Dec 15 00:47:30 2019]
Finished job 21.
2 of 22 steps (9%) done

[Sun Dec 15 00:47:30 2019]
rule iPCR_merge_bedpe_genomeWide:
    input: /DATA/usr/ludo/projects/LP190425_flySuRE/data/intermediate/LP20191128_Dm09_I02_pipelineOutput/iPCR/I02_B1_T01/07_bedpe_BC/I02_B1_T01_chr2L.bedpe.gz, /DATA/usr/ludo/projects/LP190425_flySuRE/data/intermediate/LP20191128_Dm09_I02_pipelineOutput/iPCR/I02_B1_T01/07_bedpe_BC/I02_B1_T01_chr2R.bedpe.gz, /DATA/usr/ludo/projects/LP190425_flySuRE/data/intermediate/LP20191128_Dm09_I02_pipelineOutput/iPCR/I02_B1_T01/07_bedpe_BC/I02_B1_T01_chr3L.bedpe.gz, /DATA/usr/ludo/projects/LP190425_flySuRE/data/intermediate/LP20191128_Dm09_I02_pipelineOutput/iPCR/I02_B1_T01/07_bedpe_BC/I02_B1_T01_chr3R.bedpe.gz, /DATA/usr/ludo/projects/LP190425_flySuRE/data/intermediate/LP20191128_Dm09_I02_pipelineOutput/iPCR/I02_B1_T01/07_bedpe_BC/I02_B1_T01_chr4.bedpe.gz, /DATA/usr/ludo/projects/LP190425_flySuRE/data/intermediate/LP20191128_Dm09_I02_pipelineOutput/iPCR/I02_B1_T01/07_bedpe_BC/I02_B1_T01_chrM.bedpe.gz
    output: /DATA/usr/ludo/projects/LP190425_flySuRE/data/intermediate/LP20191128_Dm09_I02_pipelineOutput/iPCR/samples_merged/08_bedpe_merged/chr2L.bedpe.gz, /DATA/usr/ludo/projects/LP190425_flySuRE/data/intermediate/LP20191128_Dm09_I02_pipelineOutput/iPCR/samples_merged/08_bedpe_merged/chr2R.bedpe.gz, /DATA/usr/ludo/projects/LP190425_flySuRE/data/intermediate/LP20191128_Dm09_I02_pipelineOutput/iPCR/samples_merged/08_bedpe_merged/chr3L.bedpe.gz, /DATA/usr/ludo/projects/LP190425_flySuRE/data/intermediate/LP20191128_Dm09_I02_pipelineOutput/iPCR/samples_merged/08_bedpe_merged/chr3R.bedpe.gz, /DATA/usr/ludo/projects/LP190425_flySuRE/data/intermediate/LP20191128_Dm09_I02_pipelineOutput/iPCR/samples_merged/08_bedpe_merged/chr4.bedpe.gz, /DATA/usr/ludo/projects/LP190425_flySuRE/data/intermediate/LP20191128_Dm09_I02_pipelineOutput/iPCR/samples_merged/08_bedpe_merged/chrM.bedpe.gz
    log: /DATA/usr/ludo/projects/LP190425_flySuRE/data/intermediate/LP20191128_Dm09_I02_pipelineOutput/iPCR/samples_merged/08_bedpe_merged/merged.log
    jobid: 20
    reason: Missing output files: /DATA/usr/ludo/projects/LP190425_flySuRE/data/intermediate/LP20191128_Dm09_I02_pipelineOutput/iPCR/samples_merged/08_bedpe_merged/chr3L.bedpe.gz, /DATA/usr/ludo/projects/LP190425_flySuRE/data/intermediate/LP20191128_Dm09_I02_pipelineOutput/iPCR/samples_merged/08_bedpe_merged/chr4.bedpe.gz, /DATA/usr/ludo/projects/LP190425_flySuRE/data/intermediate/LP20191128_Dm09_I02_pipelineOutput/iPCR/samples_merged/08_bedpe_merged/chrM.bedpe.gz, /DATA/usr/ludo/projects/LP190425_flySuRE/data/intermediate/LP20191128_Dm09_I02_pipelineOutput/iPCR/samples_merged/08_bedpe_merged/chr2R.bedpe.gz, /DATA/usr/ludo/projects/LP190425_flySuRE/data/intermediate/LP20191128_Dm09_I02_pipelineOutput/iPCR/samples_merged/08_bedpe_merged/chr3R.bedpe.gz, /DATA/usr/ludo/projects/LP190425_flySuRE/data/intermediate/LP20191128_Dm09_I02_pipelineOutput/iPCR/samples_merged/08_bedpe_merged/chr2L.bedpe.gz; Input files updated by another job: /DATA/usr/ludo/projects/LP190425_flySuRE/data/intermediate/LP20191128_Dm09_I02_pipelineOutput/iPCR/I02_B1_T01/07_bedpe_BC/I02_B1_T01_chrM.bedpe.gz, /DATA/usr/ludo/projects/LP190425_flySuRE/data/intermediate/LP20191128_Dm09_I02_pipelineOutput/iPCR/I02_B1_T01/07_bedpe_BC/I02_B1_T01_chr2R.bedpe.gz, /DATA/usr/ludo/projects/LP190425_flySuRE/data/intermediate/LP20191128_Dm09_I02_pipelineOutput/iPCR/I02_B1_T01/07_bedpe_BC/I02_B1_T01_chr2L.bedpe.gz, /DATA/usr/ludo/projects/LP190425_flySuRE/data/intermediate/LP20191128_Dm09_I02_pipelineOutput/iPCR/I02_B1_T01/07_bedpe_BC/I02_B1_T01_chr4.bedpe.gz, /DATA/usr/ludo/projects/LP190425_flySuRE/data/intermediate/LP20191128_Dm09_I02_pipelineOutput/iPCR/I02_B1_T01/07_bedpe_BC/I02_B1_T01_chr3R.bedpe.gz, /DATA/usr/ludo/projects/LP190425_flySuRE/data/intermediate/LP20191128_Dm09_I02_pipelineOutput/iPCR/I02_B1_T01/07_bedpe_BC/I02_B1_T01_chr3L.bedpe.gz
    wildcards: path=/DATA/usr/ludo/projects/LP190425_flySuRE/data/intermediate/LP20191128_Dm09_I02_pipelineOutput/iPCR
    threads: 15
    resources: ram=60

/usr/bin/Rscript --vanilla /DATA/usr/ludo/projects/LP190425_flySuRE/code/pipeline/code/merge_bedpe_over_samples_genomeWide.R '/DATA/usr/ludo/projects/LP190425_flySuRE/data/intermediate/LP20191128_Dm09_I02_pipelineOutput/iPCR/samples_merged/08_bedpe_merged/.bedpe.gz' /DATA/usr/ludo/projects/LP190425_flySuRE/data/intermediate/LP20191128_Dm09_I02_pipelineOutput/iPCR/samples_merged/08_bedpe_merged/merged.log 15 /DATA/usr/ludo/projects/LP190425_flySuRE/data/intermediate/LP20191128_Dm09_I02_pipelineOutput/iPCR/I02_B1_T01/07_bedpe_BC/I02_B1_T01_chr2L.bedpe.gz /DATA/usr/ludo/projects/LP190425_flySuRE/data/intermediate/LP20191128_Dm09_I02_pipelineOutput/iPCR/I02_B1_T01/07_bedpe_BC/I02_B1_T01_chr2R.bedpe.gz /DATA/usr/ludo/projects/LP190425_flySuRE/data/intermediate/LP20191128_Dm09_I02_pipelineOutput/iPCR/I02_B1_T01/07_bedpe_BC/I02_B1_T01_chr3L.bedpe.gz /DATA/usr/ludo/projects/LP190425_flySuRE/data/intermediate/LP20191128_Dm09_I02_pipelineOutput/iPCR/I02_B1_T01/07_bedpe_BC/I02_B1_T01_chr3R.bedpe.gz /DATA/usr/ludo/projects/LP190425_flySuRE/data/intermediate/LP20191128_Dm09_I02_pipelineOutput/iPCR/I02_B1_T01/07_bedpe_BC/I02_B1_T01_chr4.bedpe.gz /DATA/usr/ludo/projects/LP190425_flySuRE/data/intermediate/LP20191128_Dm09_I02_pipelineOutput/iPCR/I02_B1_T01/07_bedpe_BC/I02_B1_T01_chrM.bedpe.gz
Registered S3 method overwritten by 'R.oo':
  method        from       
  throw.default R.methodsS3
[Sun Dec 15 08:17:48 2019]
Finished job 20.
3 of 22 steps (14%) done

[Sun Dec 15 08:17:48 2019]
rule merge_ipcr_cdna:
    input: /DATA/usr/ludo/projects/LP190425_flySuRE/data/intermediate/LP20191128_Dm09_I02_pipelineOutput/cDNA/I02_B1_T1/I02_B1_T1_trimmed_table.txt.gz, /DATA/usr/ludo/projects/LP190425_flySuRE/data/intermediate/LP20191128_Dm09_I02_pipelineOutput/iPCR/samples_merged/08_bedpe_merged/chr3L.bedpe.gz
    output: /DATA/usr/ludo/projects/LP190425_flySuRE/data/intermediate/LP20191128_Dm09_I02_pipelineOutput/count_tables/09_ipcr_cdna_merged/chr3L.bedpe.gz, /DATA/usr/ludo/projects/LP190425_flySuRE/data/intermediate/LP20191128_Dm09_I02_pipelineOutput/count_tables/09_ipcr_cdna_merged/chr3L.log
    jobid: 15
    reason: Missing output files: /DATA/usr/ludo/projects/LP190425_flySuRE/data/intermediate/LP20191128_Dm09_I02_pipelineOutput/count_tables/09_ipcr_cdna_merged/chr3L.bedpe.gz; Input files updated by another job: /DATA/usr/ludo/projects/LP190425_flySuRE/data/intermediate/LP20191128_Dm09_I02_pipelineOutput/iPCR/samples_merged/08_bedpe_merged/chr3L.bedpe.gz, /DATA/usr/ludo/projects/LP190425_flySuRE/data/intermediate/LP20191128_Dm09_I02_pipelineOutput/cDNA/I02_B1_T1/I02_B1_T1_trimmed_table.txt.gz
    wildcards: c=chr3L
    resources: ram=40

/usr/bin/Rscript --vanilla /DATA/usr/ludo/projects/LP190425_flySuRE/code/pipeline/code/merge_iPCR_cDNA.R /DATA/usr/ludo/projects/LP190425_flySuRE/data/intermediate/LP20191128_Dm09_I02_pipelineOutput/count_tables/09_ipcr_cdna_merged/chr3L.bedpe.gz /DATA/usr/ludo/projects/LP190425_flySuRE/data/intermediate/LP20191128_Dm09_I02_pipelineOutput/count_tables/09_ipcr_cdna_merged/chr3L.log /DATA/usr/ludo/projects/LP190425_flySuRE/data/intermediate/LP20191128_Dm09_I02_pipelineOutput/iPCR/samples_merged/08_bedpe_merged/chr3L.bedpe.gz /DATA/usr/ludo/projects/LP190425_flySuRE/data/intermediate/LP20191128_Dm09_I02_pipelineOutput/cDNA/I02_B1_T1/I02_B1_T1_trimmed_table.txt.gz

[Sun Dec 15 08:17:48 2019]
rule merge_ipcr_cdna:
    input: /DATA/usr/ludo/projects/LP190425_flySuRE/data/intermediate/LP20191128_Dm09_I02_pipelineOutput/cDNA/I02_B1_T1/I02_B1_T1_trimmed_table.txt.gz, /DATA/usr/ludo/projects/LP190425_flySuRE/data/intermediate/LP20191128_Dm09_I02_pipelineOutput/iPCR/samples_merged/08_bedpe_merged/chr3R.bedpe.gz
    output: /DATA/usr/ludo/projects/LP190425_flySuRE/data/intermediate/LP20191128_Dm09_I02_pipelineOutput/count_tables/09_ipcr_cdna_merged/chr3R.bedpe.gz, /DATA/usr/ludo/projects/LP190425_flySuRE/data/intermediate/LP20191128_Dm09_I02_pipelineOutput/count_tables/09_ipcr_cdna_merged/chr3R.log
    jobid: 16
    reason: Missing output files: /DATA/usr/ludo/projects/LP190425_flySuRE/data/intermediate/LP20191128_Dm09_I02_pipelineOutput/count_tables/09_ipcr_cdna_merged/chr3R.bedpe.gz; Input files updated by another job: /DATA/usr/ludo/projects/LP190425_flySuRE/data/intermediate/LP20191128_Dm09_I02_pipelineOutput/iPCR/samples_merged/08_bedpe_merged/chr3R.bedpe.gz, /DATA/usr/ludo/projects/LP190425_flySuRE/data/intermediate/LP20191128_Dm09_I02_pipelineOutput/cDNA/I02_B1_T1/I02_B1_T1_trimmed_table.txt.gz
    wildcards: c=chr3R
    resources: ram=40

/usr/bin/Rscript --vanilla /DATA/usr/ludo/projects/LP190425_flySuRE/code/pipeline/code/merge_iPCR_cDNA.R /DATA/usr/ludo/projects/LP190425_flySuRE/data/intermediate/LP20191128_Dm09_I02_pipelineOutput/count_tables/09_ipcr_cdna_merged/chr3R.bedpe.gz /DATA/usr/ludo/projects/LP190425_flySuRE/data/intermediate/LP20191128_Dm09_I02_pipelineOutput/count_tables/09_ipcr_cdna_merged/chr3R.log /DATA/usr/ludo/projects/LP190425_flySuRE/data/intermediate/LP20191128_Dm09_I02_pipelineOutput/iPCR/samples_merged/08_bedpe_merged/chr3R.bedpe.gz /DATA/usr/ludo/projects/LP190425_flySuRE/data/intermediate/LP20191128_Dm09_I02_pipelineOutput/cDNA/I02_B1_T1/I02_B1_T1_trimmed_table.txt.gz
Loading required package: R.oo
Loading required package: R.oo
Loading required package: R.methodsS3
Loading required package: R.methodsS3
R.methodsS3 v1.7.1 (2016-02-15) successfully loaded. See ?R.methodsS3 for help.
R.methodsS3 v1.7.1 (2016-02-15) successfully loaded. See ?R.methodsS3 for help.
Registered S3 method overwritten by 'R.oo':
  method        from       
  throw.default R.methodsS3
Registered S3 method overwritten by 'R.oo':
  method        from       
  throw.default R.methodsS3
R.oo v1.22.0 (2018-04-21) successfully loaded. See ?R.oo for help.
R.oo v1.22.0 (2018-04-21) successfully loaded. See ?R.oo for help.

Attaching package: 'R.oo'


Attaching package: 'R.oo'

The following objects are masked from 'package:methods':

    getClasses, getMethods

The following objects are masked from 'package:methods':

    getClasses, getMethods

The following objects are masked from 'package:base':

    attach, detach, gc, load, save

The following objects are masked from 'package:base':

    attach, detach, gc, load, save

R.utils v2.8.0 successfully loaded. See ?R.utils for help.
R.utils v2.8.0 successfully loaded. See ?R.utils for help.

Attaching package: 'R.utils'

The following object is masked from 'package:utils':

    timestamp


Attaching package: 'R.utils'

The following objects are masked from 'package:base':

    cat, commandArgs, getOption, inherits, isOpen, nullfile, parse,
    warnings

The following object is masked from 'package:utils':

    timestamp

The following objects are masked from 'package:base':

    cat, commandArgs, getOption, inherits, isOpen, nullfile, parse,
    warnings

[Sun Dec 15 08:19:58 2019]
Finished job 15.
4 of 22 steps (18%) done

[Sun Dec 15 08:19:58 2019]
rule merge_ipcr_cdna:
    input: /DATA/usr/ludo/projects/LP190425_flySuRE/data/intermediate/LP20191128_Dm09_I02_pipelineOutput/cDNA/I02_B1_T1/I02_B1_T1_trimmed_table.txt.gz, /DATA/usr/ludo/projects/LP190425_flySuRE/data/intermediate/LP20191128_Dm09_I02_pipelineOutput/iPCR/samples_merged/08_bedpe_merged/chr2L.bedpe.gz
    output: /DATA/usr/ludo/projects/LP190425_flySuRE/data/intermediate/LP20191128_Dm09_I02_pipelineOutput/count_tables/09_ipcr_cdna_merged/chr2L.bedpe.gz, /DATA/usr/ludo/projects/LP190425_flySuRE/data/intermediate/LP20191128_Dm09_I02_pipelineOutput/count_tables/09_ipcr_cdna_merged/chr2L.log
    jobid: 13
    reason: Missing output files: /DATA/usr/ludo/projects/LP190425_flySuRE/data/intermediate/LP20191128_Dm09_I02_pipelineOutput/count_tables/09_ipcr_cdna_merged/chr2L.bedpe.gz; Input files updated by another job: /DATA/usr/ludo/projects/LP190425_flySuRE/data/intermediate/LP20191128_Dm09_I02_pipelineOutput/iPCR/samples_merged/08_bedpe_merged/chr2L.bedpe.gz, /DATA/usr/ludo/projects/LP190425_flySuRE/data/intermediate/LP20191128_Dm09_I02_pipelineOutput/cDNA/I02_B1_T1/I02_B1_T1_trimmed_table.txt.gz
    wildcards: c=chr2L
    resources: ram=40

/usr/bin/Rscript --vanilla /DATA/usr/ludo/projects/LP190425_flySuRE/code/pipeline/code/merge_iPCR_cDNA.R /DATA/usr/ludo/projects/LP190425_flySuRE/data/intermediate/LP20191128_Dm09_I02_pipelineOutput/count_tables/09_ipcr_cdna_merged/chr2L.bedpe.gz /DATA/usr/ludo/projects/LP190425_flySuRE/data/intermediate/LP20191128_Dm09_I02_pipelineOutput/count_tables/09_ipcr_cdna_merged/chr2L.log /DATA/usr/ludo/projects/LP190425_flySuRE/data/intermediate/LP20191128_Dm09_I02_pipelineOutput/iPCR/samples_merged/08_bedpe_merged/chr2L.bedpe.gz /DATA/usr/ludo/projects/LP190425_flySuRE/data/intermediate/LP20191128_Dm09_I02_pipelineOutput/cDNA/I02_B1_T1/I02_B1_T1_trimmed_table.txt.gz
Loading required package: R.oo
Loading required package: R.methodsS3
R.methodsS3 v1.7.1 (2016-02-15) successfully loaded. See ?R.methodsS3 for help.
Registered S3 method overwritten by 'R.oo':
  method        from       
  throw.default R.methodsS3
R.oo v1.22.0 (2018-04-21) successfully loaded. See ?R.oo for help.

Attaching package: 'R.oo'

The following objects are masked from 'package:methods':

    getClasses, getMethods

The following objects are masked from 'package:base':

    attach, detach, gc, load, save

R.utils v2.8.0 successfully loaded. See ?R.utils for help.

Attaching package: 'R.utils'

The following object is masked from 'package:utils':

    timestamp

The following objects are masked from 'package:base':

    cat, commandArgs, getOption, inherits, isOpen, nullfile, parse,
    warnings

[Sun Dec 15 08:20:30 2019]
Finished job 16.
5 of 22 steps (23%) done

[Sun Dec 15 08:20:30 2019]
rule merge_ipcr_cdna:
    input: /DATA/usr/ludo/projects/LP190425_flySuRE/data/intermediate/LP20191128_Dm09_I02_pipelineOutput/cDNA/I02_B1_T1/I02_B1_T1_trimmed_table.txt.gz, /DATA/usr/ludo/projects/LP190425_flySuRE/data/intermediate/LP20191128_Dm09_I02_pipelineOutput/iPCR/samples_merged/08_bedpe_merged/chr2R.bedpe.gz
    output: /DATA/usr/ludo/projects/LP190425_flySuRE/data/intermediate/LP20191128_Dm09_I02_pipelineOutput/count_tables/09_ipcr_cdna_merged/chr2R.bedpe.gz, /DATA/usr/ludo/projects/LP190425_flySuRE/data/intermediate/LP20191128_Dm09_I02_pipelineOutput/count_tables/09_ipcr_cdna_merged/chr2R.log
    jobid: 14
    reason: Missing output files: /DATA/usr/ludo/projects/LP190425_flySuRE/data/intermediate/LP20191128_Dm09_I02_pipelineOutput/count_tables/09_ipcr_cdna_merged/chr2R.bedpe.gz; Input files updated by another job: /DATA/usr/ludo/projects/LP190425_flySuRE/data/intermediate/LP20191128_Dm09_I02_pipelineOutput/cDNA/I02_B1_T1/I02_B1_T1_trimmed_table.txt.gz, /DATA/usr/ludo/projects/LP190425_flySuRE/data/intermediate/LP20191128_Dm09_I02_pipelineOutput/iPCR/samples_merged/08_bedpe_merged/chr2R.bedpe.gz
    wildcards: c=chr2R
    resources: ram=40

/usr/bin/Rscript --vanilla /DATA/usr/ludo/projects/LP190425_flySuRE/code/pipeline/code/merge_iPCR_cDNA.R /DATA/usr/ludo/projects/LP190425_flySuRE/data/intermediate/LP20191128_Dm09_I02_pipelineOutput/count_tables/09_ipcr_cdna_merged/chr2R.bedpe.gz /DATA/usr/ludo/projects/LP190425_flySuRE/data/intermediate/LP20191128_Dm09_I02_pipelineOutput/count_tables/09_ipcr_cdna_merged/chr2R.log /DATA/usr/ludo/projects/LP190425_flySuRE/data/intermediate/LP20191128_Dm09_I02_pipelineOutput/iPCR/samples_merged/08_bedpe_merged/chr2R.bedpe.gz /DATA/usr/ludo/projects/LP190425_flySuRE/data/intermediate/LP20191128_Dm09_I02_pipelineOutput/cDNA/I02_B1_T1/I02_B1_T1_trimmed_table.txt.gz
Loading required package: R.oo
Loading required package: R.methodsS3
R.methodsS3 v1.7.1 (2016-02-15) successfully loaded. See ?R.methodsS3 for help.
Registered S3 method overwritten by 'R.oo':
  method        from       
  throw.default R.methodsS3
R.oo v1.22.0 (2018-04-21) successfully loaded. See ?R.oo for help.

Attaching package: 'R.oo'

The following objects are masked from 'package:methods':

    getClasses, getMethods

The following objects are masked from 'package:base':

    attach, detach, gc, load, save

R.utils v2.8.0 successfully loaded. See ?R.utils for help.

Attaching package: 'R.utils'

The following object is masked from 'package:utils':

    timestamp

The following objects are masked from 'package:base':

    cat, commandArgs, getOption, inherits, isOpen, nullfile, parse,
    warnings

[Sun Dec 15 08:22:23 2019]
Finished job 14.
6 of 22 steps (27%) done

[Sun Dec 15 08:22:23 2019]
rule reverse_liftover:
    input: /DATA/usr/ludo/projects/LP190425_flySuRE/data/intermediate/LP20191128_Dm09_I02_pipelineOutput/count_tables/09_ipcr_cdna_merged/chr3L.bedpe.gz, /home/ludo/projects/LP190425_flySuRE/data/processed/LP20191008_VCF_per_sample/chain/I02_LP20191028_reverse.chain
    output: /DATA/usr/ludo/projects/LP190425_flySuRE/data/intermediate/LP20191128_Dm09_I02_pipelineOutput/count_tables/10_reverse_liftover/chr3L.bedpe.gz, /DATA/usr/ludo/projects/LP190425_flySuRE/data/intermediate/LP20191128_Dm09_I02_pipelineOutput/count_tables/10_reverse_liftover/chr3L.log
    jobid: 9
    reason: Missing output files: /DATA/usr/ludo/projects/LP190425_flySuRE/data/intermediate/LP20191128_Dm09_I02_pipelineOutput/count_tables/10_reverse_liftover/chr3L.bedpe.gz; Input files updated by another job: /DATA/usr/ludo/projects/LP190425_flySuRE/data/intermediate/LP20191128_Dm09_I02_pipelineOutput/count_tables/09_ipcr_cdna_merged/chr3L.bedpe.gz
    wildcards: c=chr3L
    resources: ram=30

python /DATA/usr/ludo/projects/LP190425_flySuRE/code/pipeline/code/liftover_reverse.py --inn /DATA/usr/ludo/projects/LP190425_flySuRE/data/intermediate/LP20191128_Dm09_I02_pipelineOutput/count_tables/09_ipcr_cdna_merged/chr3L.bedpe.gz --chainfile /home/ludo/projects/LP190425_flySuRE/data/processed/LP20191008_VCF_per_sample/chain/I02_LP20191028_reverse.chain --out /DATA/usr/ludo/projects/LP190425_flySuRE/data/intermediate/LP20191128_Dm09_I02_pipelineOutput/count_tables/10_reverse_liftover/chr3L.bedpe.gz --log /DATA/usr/ludo/projects/LP190425_flySuRE/data/intermediate/LP20191128_Dm09_I02_pipelineOutput/count_tables/10_reverse_liftover/chr3L.log

[Sun Dec 15 08:22:23 2019]
rule reverse_liftover:
    input: /DATA/usr/ludo/projects/LP190425_flySuRE/data/intermediate/LP20191128_Dm09_I02_pipelineOutput/count_tables/09_ipcr_cdna_merged/chr3R.bedpe.gz, /home/ludo/projects/LP190425_flySuRE/data/processed/LP20191008_VCF_per_sample/chain/I02_LP20191028_reverse.chain
    output: /DATA/usr/ludo/projects/LP190425_flySuRE/data/intermediate/LP20191128_Dm09_I02_pipelineOutput/count_tables/10_reverse_liftover/chr3R.bedpe.gz, /DATA/usr/ludo/projects/LP190425_flySuRE/data/intermediate/LP20191128_Dm09_I02_pipelineOutput/count_tables/10_reverse_liftover/chr3R.log
    jobid: 10
    reason: Missing output files: /DATA/usr/ludo/projects/LP190425_flySuRE/data/intermediate/LP20191128_Dm09_I02_pipelineOutput/count_tables/10_reverse_liftover/chr3R.bedpe.gz; Input files updated by another job: /DATA/usr/ludo/projects/LP190425_flySuRE/data/intermediate/LP20191128_Dm09_I02_pipelineOutput/count_tables/09_ipcr_cdna_merged/chr3R.bedpe.gz
    wildcards: c=chr3R
    resources: ram=30

python /DATA/usr/ludo/projects/LP190425_flySuRE/code/pipeline/code/liftover_reverse.py --inn /DATA/usr/ludo/projects/LP190425_flySuRE/data/intermediate/LP20191128_Dm09_I02_pipelineOutput/count_tables/09_ipcr_cdna_merged/chr3R.bedpe.gz --chainfile /home/ludo/projects/LP190425_flySuRE/data/processed/LP20191008_VCF_per_sample/chain/I02_LP20191028_reverse.chain --out /DATA/usr/ludo/projects/LP190425_flySuRE/data/intermediate/LP20191128_Dm09_I02_pipelineOutput/count_tables/10_reverse_liftover/chr3R.bedpe.gz --log /DATA/usr/ludo/projects/LP190425_flySuRE/data/intermediate/LP20191128_Dm09_I02_pipelineOutput/count_tables/10_reverse_liftover/chr3R.log
Activating conda environment: /DATA/usr/ludo/projects/LP190425_flySuRE/analyses/LP20191128_processing_cDNA_iPCR_redownload/.snakemake/conda/d9506415
Activating conda environment: /DATA/usr/ludo/projects/LP190425_flySuRE/analyses/LP20191128_processing_cDNA_iPCR_redownload/.snakemake/conda/d9506415
[Sun Dec 15 08:22:29 2019]
Finished job 13.
7 of 22 steps (32%) done

[Sun Dec 15 08:22:29 2019]
rule reverse_liftover:
    input: /DATA/usr/ludo/projects/LP190425_flySuRE/data/intermediate/LP20191128_Dm09_I02_pipelineOutput/count_tables/09_ipcr_cdna_merged/chr2L.bedpe.gz, /home/ludo/projects/LP190425_flySuRE/data/processed/LP20191008_VCF_per_sample/chain/I02_LP20191028_reverse.chain
    output: /DATA/usr/ludo/projects/LP190425_flySuRE/data/intermediate/LP20191128_Dm09_I02_pipelineOutput/count_tables/10_reverse_liftover/chr2L.bedpe.gz, /DATA/usr/ludo/projects/LP190425_flySuRE/data/intermediate/LP20191128_Dm09_I02_pipelineOutput/count_tables/10_reverse_liftover/chr2L.log
    jobid: 7
    reason: Missing output files: /DATA/usr/ludo/projects/LP190425_flySuRE/data/intermediate/LP20191128_Dm09_I02_pipelineOutput/count_tables/10_reverse_liftover/chr2L.bedpe.gz; Input files updated by another job: /DATA/usr/ludo/projects/LP190425_flySuRE/data/intermediate/LP20191128_Dm09_I02_pipelineOutput/count_tables/09_ipcr_cdna_merged/chr2L.bedpe.gz
    wildcards: c=chr2L
    resources: ram=30

python /DATA/usr/ludo/projects/LP190425_flySuRE/code/pipeline/code/liftover_reverse.py --inn /DATA/usr/ludo/projects/LP190425_flySuRE/data/intermediate/LP20191128_Dm09_I02_pipelineOutput/count_tables/09_ipcr_cdna_merged/chr2L.bedpe.gz --chainfile /home/ludo/projects/LP190425_flySuRE/data/processed/LP20191008_VCF_per_sample/chain/I02_LP20191028_reverse.chain --out /DATA/usr/ludo/projects/LP190425_flySuRE/data/intermediate/LP20191128_Dm09_I02_pipelineOutput/count_tables/10_reverse_liftover/chr2L.bedpe.gz --log /DATA/usr/ludo/projects/LP190425_flySuRE/data/intermediate/LP20191128_Dm09_I02_pipelineOutput/count_tables/10_reverse_liftover/chr2L.log
Activating conda environment: /DATA/usr/ludo/projects/LP190425_flySuRE/analyses/LP20191128_processing_cDNA_iPCR_redownload/.snakemake/conda/d9506415
command: /DATA/usr/ludo/projects/LP190425_flySuRE/code/pipeline/code/liftover_reverse.py --inn /DATA/usr/ludo/projects/LP190425_flySuRE/data/intermediate/LP20191128_Dm09_I02_pipelineOutput/count_tables/09_ipcr_cdna_merged/chr2L.bedpe.gz --chainfile /home/ludo/projects/LP190425_flySuRE/data/processed/LP20191008_VCF_per_sample/chain/I02_LP20191028_reverse.chain --out /DATA/usr/ludo/projects/LP190425_flySuRE/data/intermediate/LP20191128_Dm09_I02_pipelineOutput/count_tables/10_reverse_liftover/chr2L.bedpe.gz --log /DATA/usr/ludo/projects/LP190425_flySuRE/data/intermediate/LP20191128_Dm09_I02_pipelineOutput/count_tables/10_reverse_liftover/chr2L.log
[Sun Dec 15 08:30:08 2019]
Finished job 7.
8 of 22 steps (36%) done

[Sun Dec 15 08:30:08 2019]
rule reverse_liftover:
    input: /DATA/usr/ludo/projects/LP190425_flySuRE/data/intermediate/LP20191128_Dm09_I02_pipelineOutput/count_tables/09_ipcr_cdna_merged/chr2R.bedpe.gz, /home/ludo/projects/LP190425_flySuRE/data/processed/LP20191008_VCF_per_sample/chain/I02_LP20191028_reverse.chain
    output: /DATA/usr/ludo/projects/LP190425_flySuRE/data/intermediate/LP20191128_Dm09_I02_pipelineOutput/count_tables/10_reverse_liftover/chr2R.bedpe.gz, /DATA/usr/ludo/projects/LP190425_flySuRE/data/intermediate/LP20191128_Dm09_I02_pipelineOutput/count_tables/10_reverse_liftover/chr2R.log
    jobid: 8
    reason: Missing output files: /DATA/usr/ludo/projects/LP190425_flySuRE/data/intermediate/LP20191128_Dm09_I02_pipelineOutput/count_tables/10_reverse_liftover/chr2R.bedpe.gz; Input files updated by another job: /DATA/usr/ludo/projects/LP190425_flySuRE/data/intermediate/LP20191128_Dm09_I02_pipelineOutput/count_tables/09_ipcr_cdna_merged/chr2R.bedpe.gz
    wildcards: c=chr2R
    resources: ram=30

python /DATA/usr/ludo/projects/LP190425_flySuRE/code/pipeline/code/liftover_reverse.py --inn /DATA/usr/ludo/projects/LP190425_flySuRE/data/intermediate/LP20191128_Dm09_I02_pipelineOutput/count_tables/09_ipcr_cdna_merged/chr2R.bedpe.gz --chainfile /home/ludo/projects/LP190425_flySuRE/data/processed/LP20191008_VCF_per_sample/chain/I02_LP20191028_reverse.chain --out /DATA/usr/ludo/projects/LP190425_flySuRE/data/intermediate/LP20191128_Dm09_I02_pipelineOutput/count_tables/10_reverse_liftover/chr2R.bedpe.gz --log /DATA/usr/ludo/projects/LP190425_flySuRE/data/intermediate/LP20191128_Dm09_I02_pipelineOutput/count_tables/10_reverse_liftover/chr2R.log
Activating conda environment: /DATA/usr/ludo/projects/LP190425_flySuRE/analyses/LP20191128_processing_cDNA_iPCR_redownload/.snakemake/conda/d9506415
command: /DATA/usr/ludo/projects/LP190425_flySuRE/code/pipeline/code/liftover_reverse.py --inn /DATA/usr/ludo/projects/LP190425_flySuRE/data/intermediate/LP20191128_Dm09_I02_pipelineOutput/count_tables/09_ipcr_cdna_merged/chr3L.bedpe.gz --chainfile /home/ludo/projects/LP190425_flySuRE/data/processed/LP20191008_VCF_per_sample/chain/I02_LP20191028_reverse.chain --out /DATA/usr/ludo/projects/LP190425_flySuRE/data/intermediate/LP20191128_Dm09_I02_pipelineOutput/count_tables/10_reverse_liftover/chr3L.bedpe.gz --log /DATA/usr/ludo/projects/LP190425_flySuRE/data/intermediate/LP20191128_Dm09_I02_pipelineOutput/count_tables/10_reverse_liftover/chr3L.log
[Sun Dec 15 08:30:29 2019]
Finished job 9.
9 of 22 steps (41%) done

[Sun Dec 15 08:30:29 2019]
rule merge_ipcr_cdna:
    input: /DATA/usr/ludo/projects/LP190425_flySuRE/data/intermediate/LP20191128_Dm09_I02_pipelineOutput/cDNA/I02_B1_T1/I02_B1_T1_trimmed_table.txt.gz, /DATA/usr/ludo/projects/LP190425_flySuRE/data/intermediate/LP20191128_Dm09_I02_pipelineOutput/iPCR/samples_merged/08_bedpe_merged/chr4.bedpe.gz
    output: /DATA/usr/ludo/projects/LP190425_flySuRE/data/intermediate/LP20191128_Dm09_I02_pipelineOutput/count_tables/09_ipcr_cdna_merged/chr4.bedpe.gz, /DATA/usr/ludo/projects/LP190425_flySuRE/data/intermediate/LP20191128_Dm09_I02_pipelineOutput/count_tables/09_ipcr_cdna_merged/chr4.log
    jobid: 17
    reason: Missing output files: /DATA/usr/ludo/projects/LP190425_flySuRE/data/intermediate/LP20191128_Dm09_I02_pipelineOutput/count_tables/09_ipcr_cdna_merged/chr4.bedpe.gz; Input files updated by another job: /DATA/usr/ludo/projects/LP190425_flySuRE/data/intermediate/LP20191128_Dm09_I02_pipelineOutput/iPCR/samples_merged/08_bedpe_merged/chr4.bedpe.gz, /DATA/usr/ludo/projects/LP190425_flySuRE/data/intermediate/LP20191128_Dm09_I02_pipelineOutput/cDNA/I02_B1_T1/I02_B1_T1_trimmed_table.txt.gz
    wildcards: c=chr4
    resources: ram=40

/usr/bin/Rscript --vanilla /DATA/usr/ludo/projects/LP190425_flySuRE/code/pipeline/code/merge_iPCR_cDNA.R /DATA/usr/ludo/projects/LP190425_flySuRE/data/intermediate/LP20191128_Dm09_I02_pipelineOutput/count_tables/09_ipcr_cdna_merged/chr4.bedpe.gz /DATA/usr/ludo/projects/LP190425_flySuRE/data/intermediate/LP20191128_Dm09_I02_pipelineOutput/count_tables/09_ipcr_cdna_merged/chr4.log /DATA/usr/ludo/projects/LP190425_flySuRE/data/intermediate/LP20191128_Dm09_I02_pipelineOutput/iPCR/samples_merged/08_bedpe_merged/chr4.bedpe.gz /DATA/usr/ludo/projects/LP190425_flySuRE/data/intermediate/LP20191128_Dm09_I02_pipelineOutput/cDNA/I02_B1_T1/I02_B1_T1_trimmed_table.txt.gz
Loading required package: R.oo
Loading required package: R.methodsS3
R.methodsS3 v1.7.1 (2016-02-15) successfully loaded. See ?R.methodsS3 for help.
Registered S3 method overwritten by 'R.oo':
  method        from       
  throw.default R.methodsS3
R.oo v1.22.0 (2018-04-21) successfully loaded. See ?R.oo for help.

Attaching package: 'R.oo'

The following objects are masked from 'package:methods':

    getClasses, getMethods

The following objects are masked from 'package:base':

    attach, detach, gc, load, save

R.utils v2.8.0 successfully loaded. See ?R.utils for help.

Attaching package: 'R.utils'

The following object is masked from 'package:utils':

    timestamp

The following objects are masked from 'package:base':

    cat, commandArgs, getOption, inherits, isOpen, nullfile, parse,
    warnings

[Sun Dec 15 08:30:51 2019]
Finished job 17.
10 of 22 steps (45%) done

[Sun Dec 15 08:30:51 2019]
rule merge_ipcr_cdna:
    input: /DATA/usr/ludo/projects/LP190425_flySuRE/data/intermediate/LP20191128_Dm09_I02_pipelineOutput/cDNA/I02_B1_T1/I02_B1_T1_trimmed_table.txt.gz, /DATA/usr/ludo/projects/LP190425_flySuRE/data/intermediate/LP20191128_Dm09_I02_pipelineOutput/iPCR/samples_merged/08_bedpe_merged/chrM.bedpe.gz
    output: /DATA/usr/ludo/projects/LP190425_flySuRE/data/intermediate/LP20191128_Dm09_I02_pipelineOutput/count_tables/09_ipcr_cdna_merged/chrM.bedpe.gz, /DATA/usr/ludo/projects/LP190425_flySuRE/data/intermediate/LP20191128_Dm09_I02_pipelineOutput/count_tables/09_ipcr_cdna_merged/chrM.log
    jobid: 18
    reason: Missing output files: /DATA/usr/ludo/projects/LP190425_flySuRE/data/intermediate/LP20191128_Dm09_I02_pipelineOutput/count_tables/09_ipcr_cdna_merged/chrM.bedpe.gz; Input files updated by another job: /DATA/usr/ludo/projects/LP190425_flySuRE/data/intermediate/LP20191128_Dm09_I02_pipelineOutput/cDNA/I02_B1_T1/I02_B1_T1_trimmed_table.txt.gz, /DATA/usr/ludo/projects/LP190425_flySuRE/data/intermediate/LP20191128_Dm09_I02_pipelineOutput/iPCR/samples_merged/08_bedpe_merged/chrM.bedpe.gz
    wildcards: c=chrM
    resources: ram=40

/usr/bin/Rscript --vanilla /DATA/usr/ludo/projects/LP190425_flySuRE/code/pipeline/code/merge_iPCR_cDNA.R /DATA/usr/ludo/projects/LP190425_flySuRE/data/intermediate/LP20191128_Dm09_I02_pipelineOutput/count_tables/09_ipcr_cdna_merged/chrM.bedpe.gz /DATA/usr/ludo/projects/LP190425_flySuRE/data/intermediate/LP20191128_Dm09_I02_pipelineOutput/count_tables/09_ipcr_cdna_merged/chrM.log /DATA/usr/ludo/projects/LP190425_flySuRE/data/intermediate/LP20191128_Dm09_I02_pipelineOutput/iPCR/samples_merged/08_bedpe_merged/chrM.bedpe.gz /DATA/usr/ludo/projects/LP190425_flySuRE/data/intermediate/LP20191128_Dm09_I02_pipelineOutput/cDNA/I02_B1_T1/I02_B1_T1_trimmed_table.txt.gz
Loading required package: R.oo
Loading required package: R.methodsS3
R.methodsS3 v1.7.1 (2016-02-15) successfully loaded. See ?R.methodsS3 for help.
Registered S3 method overwritten by 'R.oo':
  method        from       
  throw.default R.methodsS3
R.oo v1.22.0 (2018-04-21) successfully loaded. See ?R.oo for help.

Attaching package: 'R.oo'

The following objects are masked from 'package:methods':

    getClasses, getMethods

The following objects are masked from 'package:base':

    attach, detach, gc, load, save

R.utils v2.8.0 successfully loaded. See ?R.utils for help.

Attaching package: 'R.utils'

The following object is masked from 'package:utils':

    timestamp

The following objects are masked from 'package:base':

    cat, commandArgs, getOption, inherits, isOpen, nullfile, parse,
    warnings

[Sun Dec 15 08:31:09 2019]
Finished job 18.
11 of 22 steps (50%) done

[Sun Dec 15 08:31:09 2019]
rule reverse_liftover:
    input: /DATA/usr/ludo/projects/LP190425_flySuRE/data/intermediate/LP20191128_Dm09_I02_pipelineOutput/count_tables/09_ipcr_cdna_merged/chr4.bedpe.gz, /home/ludo/projects/LP190425_flySuRE/data/processed/LP20191008_VCF_per_sample/chain/I02_LP20191028_reverse.chain
    output: /DATA/usr/ludo/projects/LP190425_flySuRE/data/intermediate/LP20191128_Dm09_I02_pipelineOutput/count_tables/10_reverse_liftover/chr4.bedpe.gz, /DATA/usr/ludo/projects/LP190425_flySuRE/data/intermediate/LP20191128_Dm09_I02_pipelineOutput/count_tables/10_reverse_liftover/chr4.log
    jobid: 11
    reason: Missing output files: /DATA/usr/ludo/projects/LP190425_flySuRE/data/intermediate/LP20191128_Dm09_I02_pipelineOutput/count_tables/10_reverse_liftover/chr4.bedpe.gz; Input files updated by another job: /DATA/usr/ludo/projects/LP190425_flySuRE/data/intermediate/LP20191128_Dm09_I02_pipelineOutput/count_tables/09_ipcr_cdna_merged/chr4.bedpe.gz
    wildcards: c=chr4
    resources: ram=30

python /DATA/usr/ludo/projects/LP190425_flySuRE/code/pipeline/code/liftover_reverse.py --inn /DATA/usr/ludo/projects/LP190425_flySuRE/data/intermediate/LP20191128_Dm09_I02_pipelineOutput/count_tables/09_ipcr_cdna_merged/chr4.bedpe.gz --chainfile /home/ludo/projects/LP190425_flySuRE/data/processed/LP20191008_VCF_per_sample/chain/I02_LP20191028_reverse.chain --out /DATA/usr/ludo/projects/LP190425_flySuRE/data/intermediate/LP20191128_Dm09_I02_pipelineOutput/count_tables/10_reverse_liftover/chr4.bedpe.gz --log /DATA/usr/ludo/projects/LP190425_flySuRE/data/intermediate/LP20191128_Dm09_I02_pipelineOutput/count_tables/10_reverse_liftover/chr4.log
Activating conda environment: /DATA/usr/ludo/projects/LP190425_flySuRE/analyses/LP20191128_processing_cDNA_iPCR_redownload/.snakemake/conda/d9506415
command: /DATA/usr/ludo/projects/LP190425_flySuRE/code/pipeline/code/liftover_reverse.py --inn /DATA/usr/ludo/projects/LP190425_flySuRE/data/intermediate/LP20191128_Dm09_I02_pipelineOutput/count_tables/09_ipcr_cdna_merged/chr4.bedpe.gz --chainfile /home/ludo/projects/LP190425_flySuRE/data/processed/LP20191008_VCF_per_sample/chain/I02_LP20191028_reverse.chain --out /DATA/usr/ludo/projects/LP190425_flySuRE/data/intermediate/LP20191128_Dm09_I02_pipelineOutput/count_tables/10_reverse_liftover/chr4.bedpe.gz --log /DATA/usr/ludo/projects/LP190425_flySuRE/data/intermediate/LP20191128_Dm09_I02_pipelineOutput/count_tables/10_reverse_liftover/chr4.log
[Sun Dec 15 08:31:18 2019]
Finished job 11.
12 of 22 steps (55%) done

[Sun Dec 15 08:31:18 2019]
rule reverse_liftover:
    input: /DATA/usr/ludo/projects/LP190425_flySuRE/data/intermediate/LP20191128_Dm09_I02_pipelineOutput/count_tables/09_ipcr_cdna_merged/chrM.bedpe.gz, /home/ludo/projects/LP190425_flySuRE/data/processed/LP20191008_VCF_per_sample/chain/I02_LP20191028_reverse.chain
    output: /DATA/usr/ludo/projects/LP190425_flySuRE/data/intermediate/LP20191128_Dm09_I02_pipelineOutput/count_tables/10_reverse_liftover/chrM.bedpe.gz, /DATA/usr/ludo/projects/LP190425_flySuRE/data/intermediate/LP20191128_Dm09_I02_pipelineOutput/count_tables/10_reverse_liftover/chrM.log
    jobid: 12
    reason: Missing output files: /DATA/usr/ludo/projects/LP190425_flySuRE/data/intermediate/LP20191128_Dm09_I02_pipelineOutput/count_tables/10_reverse_liftover/chrM.bedpe.gz; Input files updated by another job: /DATA/usr/ludo/projects/LP190425_flySuRE/data/intermediate/LP20191128_Dm09_I02_pipelineOutput/count_tables/09_ipcr_cdna_merged/chrM.bedpe.gz
    wildcards: c=chrM
    resources: ram=30

python /DATA/usr/ludo/projects/LP190425_flySuRE/code/pipeline/code/liftover_reverse.py --inn /DATA/usr/ludo/projects/LP190425_flySuRE/data/intermediate/LP20191128_Dm09_I02_pipelineOutput/count_tables/09_ipcr_cdna_merged/chrM.bedpe.gz --chainfile /home/ludo/projects/LP190425_flySuRE/data/processed/LP20191008_VCF_per_sample/chain/I02_LP20191028_reverse.chain --out /DATA/usr/ludo/projects/LP190425_flySuRE/data/intermediate/LP20191128_Dm09_I02_pipelineOutput/count_tables/10_reverse_liftover/chrM.bedpe.gz --log /DATA/usr/ludo/projects/LP190425_flySuRE/data/intermediate/LP20191128_Dm09_I02_pipelineOutput/count_tables/10_reverse_liftover/chrM.log
Activating conda environment: /DATA/usr/ludo/projects/LP190425_flySuRE/analyses/LP20191128_processing_cDNA_iPCR_redownload/.snakemake/conda/d9506415
command: /DATA/usr/ludo/projects/LP190425_flySuRE/code/pipeline/code/liftover_reverse.py --inn /DATA/usr/ludo/projects/LP190425_flySuRE/data/intermediate/LP20191128_Dm09_I02_pipelineOutput/count_tables/09_ipcr_cdna_merged/chrM.bedpe.gz --chainfile /home/ludo/projects/LP190425_flySuRE/data/processed/LP20191008_VCF_per_sample/chain/I02_LP20191028_reverse.chain --out /DATA/usr/ludo/projects/LP190425_flySuRE/data/intermediate/LP20191128_Dm09_I02_pipelineOutput/count_tables/10_reverse_liftover/chrM.bedpe.gz --log /DATA/usr/ludo/projects/LP190425_flySuRE/data/intermediate/LP20191128_Dm09_I02_pipelineOutput/count_tables/10_reverse_liftover/chrM.log
[Sun Dec 15 08:31:22 2019]
Finished job 12.
13 of 22 steps (59%) done
command: /DATA/usr/ludo/projects/LP190425_flySuRE/code/pipeline/code/liftover_reverse.py --inn /DATA/usr/ludo/projects/LP190425_flySuRE/data/intermediate/LP20191128_Dm09_I02_pipelineOutput/count_tables/09_ipcr_cdna_merged/chr3R.bedpe.gz --chainfile /home/ludo/projects/LP190425_flySuRE/data/processed/LP20191008_VCF_per_sample/chain/I02_LP20191028_reverse.chain --out /DATA/usr/ludo/projects/LP190425_flySuRE/data/intermediate/LP20191128_Dm09_I02_pipelineOutput/count_tables/10_reverse_liftover/chr3R.bedpe.gz --log /DATA/usr/ludo/projects/LP190425_flySuRE/data/intermediate/LP20191128_Dm09_I02_pipelineOutput/count_tables/10_reverse_liftover/chr3R.log
[Sun Dec 15 08:31:28 2019]
Finished job 10.
14 of 22 steps (64%) done

[Sun Dec 15 08:31:28 2019]
rule sort_cnt_tbls:
    input: /DATA/usr/ludo/projects/LP190425_flySuRE/data/intermediate/LP20191128_Dm09_I02_pipelineOutput/count_tables/10_reverse_liftover/chr3R.bedpe.gz
    output: /DATA/usr/ludo/projects/LP190425_flySuRE/data/intermediate/LP20191128_Dm09_I02_pipelineOutput/count_tables/11_sorted/chr3R.bedpe.gz
    jobid: 4
    reason: Missing output files: /DATA/usr/ludo/projects/LP190425_flySuRE/data/intermediate/LP20191128_Dm09_I02_pipelineOutput/count_tables/11_sorted/chr3R.bedpe.gz; Input files updated by another job: /DATA/usr/ludo/projects/LP190425_flySuRE/data/intermediate/LP20191128_Dm09_I02_pipelineOutput/count_tables/10_reverse_liftover/chr3R.bedpe.gz
    wildcards: c=chr3R
    threads: 5
    resources: ram=50

zcat /DATA/usr/ludo/projects/LP190425_flySuRE/data/intermediate/LP20191128_Dm09_I02_pipelineOutput/count_tables/10_reverse_liftover/chr3R.bedpe.gz | /DATA/usr/ludo/projects/LP190425_flySuRE/code/pipeline/code/sort_cnt_tbls.sh > /DATA/usr/ludo/projects/LP190425_flySuRE/data/intermediate/LP20191128_Dm09_I02_pipelineOutput/count_tables/11_sorted/chr3R.bedpe.gz
Activating conda environment: /DATA/usr/ludo/projects/LP190425_flySuRE/analyses/LP20191128_processing_cDNA_iPCR_redownload/.snakemake/conda/d9506415
[Sun Dec 15 08:34:02 2019]
Finished job 4.
15 of 22 steps (68%) done

[Sun Dec 15 08:34:02 2019]
rule sort_cnt_tbls:
    input: /DATA/usr/ludo/projects/LP190425_flySuRE/data/intermediate/LP20191128_Dm09_I02_pipelineOutput/count_tables/10_reverse_liftover/chr3L.bedpe.gz
    output: /DATA/usr/ludo/projects/LP190425_flySuRE/data/intermediate/LP20191128_Dm09_I02_pipelineOutput/count_tables/11_sorted/chr3L.bedpe.gz
    jobid: 3
    reason: Missing output files: /DATA/usr/ludo/projects/LP190425_flySuRE/data/intermediate/LP20191128_Dm09_I02_pipelineOutput/count_tables/11_sorted/chr3L.bedpe.gz; Input files updated by another job: /DATA/usr/ludo/projects/LP190425_flySuRE/data/intermediate/LP20191128_Dm09_I02_pipelineOutput/count_tables/10_reverse_liftover/chr3L.bedpe.gz
    wildcards: c=chr3L
    threads: 5
    resources: ram=50

zcat /DATA/usr/ludo/projects/LP190425_flySuRE/data/intermediate/LP20191128_Dm09_I02_pipelineOutput/count_tables/10_reverse_liftover/chr3L.bedpe.gz | /DATA/usr/ludo/projects/LP190425_flySuRE/code/pipeline/code/sort_cnt_tbls.sh > /DATA/usr/ludo/projects/LP190425_flySuRE/data/intermediate/LP20191128_Dm09_I02_pipelineOutput/count_tables/11_sorted/chr3L.bedpe.gz
Activating conda environment: /DATA/usr/ludo/projects/LP190425_flySuRE/analyses/LP20191128_processing_cDNA_iPCR_redownload/.snakemake/conda/d9506415
[Sun Dec 15 08:36:19 2019]
Finished job 3.
16 of 22 steps (73%) done

[Sun Dec 15 08:36:19 2019]
rule sort_cnt_tbls:
    input: /DATA/usr/ludo/projects/LP190425_flySuRE/data/intermediate/LP20191128_Dm09_I02_pipelineOutput/count_tables/10_reverse_liftover/chr2L.bedpe.gz
    output: /DATA/usr/ludo/projects/LP190425_flySuRE/data/intermediate/LP20191128_Dm09_I02_pipelineOutput/count_tables/11_sorted/chr2L.bedpe.gz
    jobid: 1
    reason: Missing output files: /DATA/usr/ludo/projects/LP190425_flySuRE/data/intermediate/LP20191128_Dm09_I02_pipelineOutput/count_tables/11_sorted/chr2L.bedpe.gz; Input files updated by another job: /DATA/usr/ludo/projects/LP190425_flySuRE/data/intermediate/LP20191128_Dm09_I02_pipelineOutput/count_tables/10_reverse_liftover/chr2L.bedpe.gz
    wildcards: c=chr2L
    threads: 5
    resources: ram=50

zcat /DATA/usr/ludo/projects/LP190425_flySuRE/data/intermediate/LP20191128_Dm09_I02_pipelineOutput/count_tables/10_reverse_liftover/chr2L.bedpe.gz | /DATA/usr/ludo/projects/LP190425_flySuRE/code/pipeline/code/sort_cnt_tbls.sh > /DATA/usr/ludo/projects/LP190425_flySuRE/data/intermediate/LP20191128_Dm09_I02_pipelineOutput/count_tables/11_sorted/chr2L.bedpe.gz
Activating conda environment: /DATA/usr/ludo/projects/LP190425_flySuRE/analyses/LP20191128_processing_cDNA_iPCR_redownload/.snakemake/conda/d9506415
command: /DATA/usr/ludo/projects/LP190425_flySuRE/code/pipeline/code/liftover_reverse.py --inn /DATA/usr/ludo/projects/LP190425_flySuRE/data/intermediate/LP20191128_Dm09_I02_pipelineOutput/count_tables/09_ipcr_cdna_merged/chr2R.bedpe.gz --chainfile /home/ludo/projects/LP190425_flySuRE/data/processed/LP20191008_VCF_per_sample/chain/I02_LP20191028_reverse.chain --out /DATA/usr/ludo/projects/LP190425_flySuRE/data/intermediate/LP20191128_Dm09_I02_pipelineOutput/count_tables/10_reverse_liftover/chr2R.bedpe.gz --log /DATA/usr/ludo/projects/LP190425_flySuRE/data/intermediate/LP20191128_Dm09_I02_pipelineOutput/count_tables/10_reverse_liftover/chr2R.log
[Sun Dec 15 08:37:27 2019]
Finished job 8.
17 of 22 steps (77%) done

[Sun Dec 15 08:37:27 2019]
rule sort_cnt_tbls:
    input: /DATA/usr/ludo/projects/LP190425_flySuRE/data/intermediate/LP20191128_Dm09_I02_pipelineOutput/count_tables/10_reverse_liftover/chr2R.bedpe.gz
    output: /DATA/usr/ludo/projects/LP190425_flySuRE/data/intermediate/LP20191128_Dm09_I02_pipelineOutput/count_tables/11_sorted/chr2R.bedpe.gz
    jobid: 2
    reason: Missing output files: /DATA/usr/ludo/projects/LP190425_flySuRE/data/intermediate/LP20191128_Dm09_I02_pipelineOutput/count_tables/11_sorted/chr2R.bedpe.gz; Input files updated by another job: /DATA/usr/ludo/projects/LP190425_flySuRE/data/intermediate/LP20191128_Dm09_I02_pipelineOutput/count_tables/10_reverse_liftover/chr2R.bedpe.gz
    wildcards: c=chr2R
    threads: 5
    resources: ram=50

zcat /DATA/usr/ludo/projects/LP190425_flySuRE/data/intermediate/LP20191128_Dm09_I02_pipelineOutput/count_tables/10_reverse_liftover/chr2R.bedpe.gz | /DATA/usr/ludo/projects/LP190425_flySuRE/code/pipeline/code/sort_cnt_tbls.sh > /DATA/usr/ludo/projects/LP190425_flySuRE/data/intermediate/LP20191128_Dm09_I02_pipelineOutput/count_tables/11_sorted/chr2R.bedpe.gz
Activating conda environment: /DATA/usr/ludo/projects/LP190425_flySuRE/analyses/LP20191128_processing_cDNA_iPCR_redownload/.snakemake/conda/d9506415
[Sun Dec 15 08:38:25 2019]
Finished job 1.
18 of 22 steps (82%) done

[Sun Dec 15 08:38:25 2019]
rule sort_cnt_tbls:
    input: /DATA/usr/ludo/projects/LP190425_flySuRE/data/intermediate/LP20191128_Dm09_I02_pipelineOutput/count_tables/10_reverse_liftover/chr4.bedpe.gz
    output: /DATA/usr/ludo/projects/LP190425_flySuRE/data/intermediate/LP20191128_Dm09_I02_pipelineOutput/count_tables/11_sorted/chr4.bedpe.gz
    jobid: 5
    reason: Missing output files: /DATA/usr/ludo/projects/LP190425_flySuRE/data/intermediate/LP20191128_Dm09_I02_pipelineOutput/count_tables/11_sorted/chr4.bedpe.gz; Input files updated by another job: /DATA/usr/ludo/projects/LP190425_flySuRE/data/intermediate/LP20191128_Dm09_I02_pipelineOutput/count_tables/10_reverse_liftover/chr4.bedpe.gz
    wildcards: c=chr4
    threads: 5
    resources: ram=50

zcat /DATA/usr/ludo/projects/LP190425_flySuRE/data/intermediate/LP20191128_Dm09_I02_pipelineOutput/count_tables/10_reverse_liftover/chr4.bedpe.gz | /DATA/usr/ludo/projects/LP190425_flySuRE/code/pipeline/code/sort_cnt_tbls.sh > /DATA/usr/ludo/projects/LP190425_flySuRE/data/intermediate/LP20191128_Dm09_I02_pipelineOutput/count_tables/11_sorted/chr4.bedpe.gz
Activating conda environment: /DATA/usr/ludo/projects/LP190425_flySuRE/analyses/LP20191128_processing_cDNA_iPCR_redownload/.snakemake/conda/d9506415
[Sun Dec 15 08:38:28 2019]
Finished job 5.
19 of 22 steps (86%) done

[Sun Dec 15 08:38:28 2019]
rule sort_cnt_tbls:
    input: /DATA/usr/ludo/projects/LP190425_flySuRE/data/intermediate/LP20191128_Dm09_I02_pipelineOutput/count_tables/10_reverse_liftover/chrM.bedpe.gz
    output: /DATA/usr/ludo/projects/LP190425_flySuRE/data/intermediate/LP20191128_Dm09_I02_pipelineOutput/count_tables/11_sorted/chrM.bedpe.gz
    jobid: 6
    reason: Missing output files: /DATA/usr/ludo/projects/LP190425_flySuRE/data/intermediate/LP20191128_Dm09_I02_pipelineOutput/count_tables/11_sorted/chrM.bedpe.gz; Input files updated by another job: /DATA/usr/ludo/projects/LP190425_flySuRE/data/intermediate/LP20191128_Dm09_I02_pipelineOutput/count_tables/10_reverse_liftover/chrM.bedpe.gz
    wildcards: c=chrM
    threads: 5
    resources: ram=50

zcat /DATA/usr/ludo/projects/LP190425_flySuRE/data/intermediate/LP20191128_Dm09_I02_pipelineOutput/count_tables/10_reverse_liftover/chrM.bedpe.gz | /DATA/usr/ludo/projects/LP190425_flySuRE/code/pipeline/code/sort_cnt_tbls.sh > /DATA/usr/ludo/projects/LP190425_flySuRE/data/intermediate/LP20191128_Dm09_I02_pipelineOutput/count_tables/11_sorted/chrM.bedpe.gz
Activating conda environment: /DATA/usr/ludo/projects/LP190425_flySuRE/analyses/LP20191128_processing_cDNA_iPCR_redownload/.snakemake/conda/d9506415
[Sun Dec 15 08:38:29 2019]
Finished job 6.
20 of 22 steps (91%) done
[Sun Dec 15 08:39:32 2019]
Finished job 2.
21 of 22 steps (95%) done

[Sun Dec 15 08:39:32 2019]
localrule sorted_cnt_tbls:
    input: /DATA/usr/ludo/projects/LP190425_flySuRE/data/intermediate/LP20191128_Dm09_I02_pipelineOutput/count_tables/11_sorted/chr2L.bedpe.gz, /DATA/usr/ludo/projects/LP190425_flySuRE/data/intermediate/LP20191128_Dm09_I02_pipelineOutput/count_tables/11_sorted/chr2R.bedpe.gz, /DATA/usr/ludo/projects/LP190425_flySuRE/data/intermediate/LP20191128_Dm09_I02_pipelineOutput/count_tables/11_sorted/chr3L.bedpe.gz, /DATA/usr/ludo/projects/LP190425_flySuRE/data/intermediate/LP20191128_Dm09_I02_pipelineOutput/count_tables/11_sorted/chr3R.bedpe.gz, /DATA/usr/ludo/projects/LP190425_flySuRE/data/intermediate/LP20191128_Dm09_I02_pipelineOutput/count_tables/11_sorted/chr4.bedpe.gz, /DATA/usr/ludo/projects/LP190425_flySuRE/data/intermediate/LP20191128_Dm09_I02_pipelineOutput/count_tables/11_sorted/chrM.bedpe.gz
    jobid: 0
    reason: Input files updated by another job: /DATA/usr/ludo/projects/LP190425_flySuRE/data/intermediate/LP20191128_Dm09_I02_pipelineOutput/count_tables/11_sorted/chr2R.bedpe.gz, /DATA/usr/ludo/projects/LP190425_flySuRE/data/intermediate/LP20191128_Dm09_I02_pipelineOutput/count_tables/11_sorted/chr2L.bedpe.gz, /DATA/usr/ludo/projects/LP190425_flySuRE/data/intermediate/LP20191128_Dm09_I02_pipelineOutput/count_tables/11_sorted/chr3L.bedpe.gz, /DATA/usr/ludo/projects/LP190425_flySuRE/data/intermediate/LP20191128_Dm09_I02_pipelineOutput/count_tables/11_sorted/chrM.bedpe.gz, /DATA/usr/ludo/projects/LP190425_flySuRE/data/intermediate/LP20191128_Dm09_I02_pipelineOutput/count_tables/11_sorted/chr3R.bedpe.gz, /DATA/usr/ludo/projects/LP190425_flySuRE/data/intermediate/LP20191128_Dm09_I02_pipelineOutput/count_tables/11_sorted/chr4.bedpe.gz

[Sun Dec 15 08:39:32 2019]
Finished job 0.
22 of 22 steps (100%) done
Complete log: /DATA/usr/ludo/projects/LP190425_flySuRE/analyses/LP20191128_processing_cDNA_iPCR_redownload/.snakemake/log/2019-12-14T220101.646453.snakemake.log
SuRE-seq pipeline version:  0.14.feature_SNP-usr-config 
 git commit hash:  89f832e39470ec9895e4b01a1f800a5c74520d69 


['/DATA/usr/ludo/projects/LP190425_flySuRE/data/intermediate/LP20191128_Dm09_I02_pipelineOutput/coverage/I02.norm.bw', '/DATA/usr/ludo/projects/LP190425_flySuRE/data/intermediate/LP20191128_Dm09_I02_pipelineOutput/coverage/I02.norm.plus.bw', '/DATA/usr/ludo/projects/LP190425_flySuRE/data/intermediate/LP20191128_Dm09_I02_pipelineOutput/coverage/I02.norm.minus.bw', '/DATA/usr/ludo/projects/LP190425_flySuRE/data/intermediate/LP20191128_Dm09_I02_pipelineOutput/coverage/I02.normflat.bw', '/DATA/usr/ludo/projects/LP190425_flySuRE/data/intermediate/LP20191128_Dm09_I02_pipelineOutput/coverage/I02.normflat.plus.bw', '/DATA/usr/ludo/projects/LP190425_flySuRE/data/intermediate/LP20191128_Dm09_I02_pipelineOutput/coverage/I02.normflat.minus.bw']
	Command being timed: "nice -19 snakemake -prs ../../code/pipeline/SuRE-snakemake --use-conda --resources ram=100 --configfile config-Dm09_I02_LP20191128.yml --cores 15 sorted_cnt_tbls"
	User time (seconds): 249340.82
	System time (seconds): 3572.34
	Percent of CPU this job got: 660%
	Elapsed (wall clock) time (h:mm:ss or m:ss): 10:38:31
	Average shared text size (kbytes): 0
	Average unshared data size (kbytes): 0
	Average stack size (kbytes): 0
	Average total size (kbytes): 0
	Maximum resident set size (kbytes): 58096220
	Average resident set size (kbytes): 0
	Major (requiring I/O) page faults: 202
	Minor (reclaiming a frame) page faults: 3154700947
	Voluntary context switches: 34304890
	Involuntary context switches: 2054833
	Swaps: 0
	File system inputs: 39530600
	File system outputs: 160397496
	Socket messages sent: 0
	Socket messages received: 0
	Signals delivered: 0
	Page size (bytes): 4096
	Exit status: 0
