Building DAG of jobs...
Using shell: /bin/bash
Provided cores: 15
Rules claiming more threads will be scaled down.
Provided resources: ram=100
Job counts:
	count	jobs
	1	iPCR_merge_bedpe_genomeWide
	6	merge_ipcr_cdna
	6	reverse_liftover
	6	sort_cnt_tbls
	1	sorted_cnt_tbls
	20

[Fri Dec 13 14:01:33 2019]
rule iPCR_merge_bedpe_genomeWide:
    input: /DATA/usr/ludo/projects/LP190425_flySuRE/data/intermediate/LP20191128_Dm08_B04_pipelineOutput/iPCR/B04_B1_T01/07_bedpe_BC/B04_B1_T01_chr2L.bedpe.gz, /DATA/usr/ludo/projects/LP190425_flySuRE/data/intermediate/LP20191128_Dm08_B04_pipelineOutput/iPCR/B04_B1_T01/07_bedpe_BC/B04_B1_T01_chr2R.bedpe.gz, /DATA/usr/ludo/projects/LP190425_flySuRE/data/intermediate/LP20191128_Dm08_B04_pipelineOutput/iPCR/B04_B1_T01/07_bedpe_BC/B04_B1_T01_chr3L.bedpe.gz, /DATA/usr/ludo/projects/LP190425_flySuRE/data/intermediate/LP20191128_Dm08_B04_pipelineOutput/iPCR/B04_B1_T01/07_bedpe_BC/B04_B1_T01_chr3R.bedpe.gz, /DATA/usr/ludo/projects/LP190425_flySuRE/data/intermediate/LP20191128_Dm08_B04_pipelineOutput/iPCR/B04_B1_T01/07_bedpe_BC/B04_B1_T01_chr4.bedpe.gz, /DATA/usr/ludo/projects/LP190425_flySuRE/data/intermediate/LP20191128_Dm08_B04_pipelineOutput/iPCR/B04_B1_T01/07_bedpe_BC/B04_B1_T01_chrM.bedpe.gz
    output: /DATA/usr/ludo/projects/LP190425_flySuRE/data/intermediate/LP20191128_Dm08_B04_pipelineOutput/iPCR/samples_merged/08_bedpe_merged/chr2L.bedpe.gz, /DATA/usr/ludo/projects/LP190425_flySuRE/data/intermediate/LP20191128_Dm08_B04_pipelineOutput/iPCR/samples_merged/08_bedpe_merged/chr2R.bedpe.gz, /DATA/usr/ludo/projects/LP190425_flySuRE/data/intermediate/LP20191128_Dm08_B04_pipelineOutput/iPCR/samples_merged/08_bedpe_merged/chr3L.bedpe.gz, /DATA/usr/ludo/projects/LP190425_flySuRE/data/intermediate/LP20191128_Dm08_B04_pipelineOutput/iPCR/samples_merged/08_bedpe_merged/chr3R.bedpe.gz, /DATA/usr/ludo/projects/LP190425_flySuRE/data/intermediate/LP20191128_Dm08_B04_pipelineOutput/iPCR/samples_merged/08_bedpe_merged/chr4.bedpe.gz, /DATA/usr/ludo/projects/LP190425_flySuRE/data/intermediate/LP20191128_Dm08_B04_pipelineOutput/iPCR/samples_merged/08_bedpe_merged/chrM.bedpe.gz
    log: /DATA/usr/ludo/projects/LP190425_flySuRE/data/intermediate/LP20191128_Dm08_B04_pipelineOutput/iPCR/samples_merged/08_bedpe_merged/merged.log
    jobid: 20
    reason: Missing output files: /DATA/usr/ludo/projects/LP190425_flySuRE/data/intermediate/LP20191128_Dm08_B04_pipelineOutput/iPCR/samples_merged/08_bedpe_merged/chr3R.bedpe.gz, /DATA/usr/ludo/projects/LP190425_flySuRE/data/intermediate/LP20191128_Dm08_B04_pipelineOutput/iPCR/samples_merged/08_bedpe_merged/chr2R.bedpe.gz, /DATA/usr/ludo/projects/LP190425_flySuRE/data/intermediate/LP20191128_Dm08_B04_pipelineOutput/iPCR/samples_merged/08_bedpe_merged/chr3L.bedpe.gz, /DATA/usr/ludo/projects/LP190425_flySuRE/data/intermediate/LP20191128_Dm08_B04_pipelineOutput/iPCR/samples_merged/08_bedpe_merged/chr4.bedpe.gz, /DATA/usr/ludo/projects/LP190425_flySuRE/data/intermediate/LP20191128_Dm08_B04_pipelineOutput/iPCR/samples_merged/08_bedpe_merged/chrM.bedpe.gz, /DATA/usr/ludo/projects/LP190425_flySuRE/data/intermediate/LP20191128_Dm08_B04_pipelineOutput/iPCR/samples_merged/08_bedpe_merged/chr2L.bedpe.gz
    wildcards: path=/DATA/usr/ludo/projects/LP190425_flySuRE/data/intermediate/LP20191128_Dm08_B04_pipelineOutput/iPCR
    threads: 15
    resources: ram=60

/usr/bin/Rscript --vanilla /DATA/usr/ludo/projects/LP190425_flySuRE/code/pipeline/code/merge_bedpe_over_samples_genomeWide.R '/DATA/usr/ludo/projects/LP190425_flySuRE/data/intermediate/LP20191128_Dm08_B04_pipelineOutput/iPCR/samples_merged/08_bedpe_merged/.bedpe.gz' /DATA/usr/ludo/projects/LP190425_flySuRE/data/intermediate/LP20191128_Dm08_B04_pipelineOutput/iPCR/samples_merged/08_bedpe_merged/merged.log 15 /DATA/usr/ludo/projects/LP190425_flySuRE/data/intermediate/LP20191128_Dm08_B04_pipelineOutput/iPCR/B04_B1_T01/07_bedpe_BC/B04_B1_T01_chr2L.bedpe.gz /DATA/usr/ludo/projects/LP190425_flySuRE/data/intermediate/LP20191128_Dm08_B04_pipelineOutput/iPCR/B04_B1_T01/07_bedpe_BC/B04_B1_T01_chr2R.bedpe.gz /DATA/usr/ludo/projects/LP190425_flySuRE/data/intermediate/LP20191128_Dm08_B04_pipelineOutput/iPCR/B04_B1_T01/07_bedpe_BC/B04_B1_T01_chr3L.bedpe.gz /DATA/usr/ludo/projects/LP190425_flySuRE/data/intermediate/LP20191128_Dm08_B04_pipelineOutput/iPCR/B04_B1_T01/07_bedpe_BC/B04_B1_T01_chr3R.bedpe.gz /DATA/usr/ludo/projects/LP190425_flySuRE/data/intermediate/LP20191128_Dm08_B04_pipelineOutput/iPCR/B04_B1_T01/07_bedpe_BC/B04_B1_T01_chr4.bedpe.gz /DATA/usr/ludo/projects/LP190425_flySuRE/data/intermediate/LP20191128_Dm08_B04_pipelineOutput/iPCR/B04_B1_T01/07_bedpe_BC/B04_B1_T01_chrM.bedpe.gz
Registered S3 method overwritten by 'R.oo':
  method        from       
  throw.default R.methodsS3
[Fri Dec 13 21:59:32 2019]
Finished job 20.
1 of 20 steps (5%) done

[Fri Dec 13 21:59:32 2019]
rule merge_ipcr_cdna:
    input: /DATA/usr/ludo/projects/LP190425_flySuRE/data/intermediate/LP20191128_Dm08_B04_pipelineOutput/cDNA/B04_B1_T1/B04_B1_T1_trimmed_table.txt.gz, /DATA/usr/ludo/projects/LP190425_flySuRE/data/intermediate/LP20191128_Dm08_B04_pipelineOutput/iPCR/samples_merged/08_bedpe_merged/chr3R.bedpe.gz
    output: /DATA/usr/ludo/projects/LP190425_flySuRE/data/intermediate/LP20191128_Dm08_B04_pipelineOutput/count_tables/09_ipcr_cdna_merged/chr3R.bedpe.gz, /DATA/usr/ludo/projects/LP190425_flySuRE/data/intermediate/LP20191128_Dm08_B04_pipelineOutput/count_tables/09_ipcr_cdna_merged/chr3R.log
    jobid: 16
    reason: Missing output files: /DATA/usr/ludo/projects/LP190425_flySuRE/data/intermediate/LP20191128_Dm08_B04_pipelineOutput/count_tables/09_ipcr_cdna_merged/chr3R.bedpe.gz; Input files updated by another job: /DATA/usr/ludo/projects/LP190425_flySuRE/data/intermediate/LP20191128_Dm08_B04_pipelineOutput/iPCR/samples_merged/08_bedpe_merged/chr3R.bedpe.gz
    wildcards: c=chr3R
    resources: ram=40

/usr/bin/Rscript --vanilla /DATA/usr/ludo/projects/LP190425_flySuRE/code/pipeline/code/merge_iPCR_cDNA.R /DATA/usr/ludo/projects/LP190425_flySuRE/data/intermediate/LP20191128_Dm08_B04_pipelineOutput/count_tables/09_ipcr_cdna_merged/chr3R.bedpe.gz /DATA/usr/ludo/projects/LP190425_flySuRE/data/intermediate/LP20191128_Dm08_B04_pipelineOutput/count_tables/09_ipcr_cdna_merged/chr3R.log /DATA/usr/ludo/projects/LP190425_flySuRE/data/intermediate/LP20191128_Dm08_B04_pipelineOutput/iPCR/samples_merged/08_bedpe_merged/chr3R.bedpe.gz /DATA/usr/ludo/projects/LP190425_flySuRE/data/intermediate/LP20191128_Dm08_B04_pipelineOutput/cDNA/B04_B1_T1/B04_B1_T1_trimmed_table.txt.gz

[Fri Dec 13 21:59:33 2019]
rule merge_ipcr_cdna:
    input: /DATA/usr/ludo/projects/LP190425_flySuRE/data/intermediate/LP20191128_Dm08_B04_pipelineOutput/cDNA/B04_B1_T1/B04_B1_T1_trimmed_table.txt.gz, /DATA/usr/ludo/projects/LP190425_flySuRE/data/intermediate/LP20191128_Dm08_B04_pipelineOutput/iPCR/samples_merged/08_bedpe_merged/chr3L.bedpe.gz
    output: /DATA/usr/ludo/projects/LP190425_flySuRE/data/intermediate/LP20191128_Dm08_B04_pipelineOutput/count_tables/09_ipcr_cdna_merged/chr3L.bedpe.gz, /DATA/usr/ludo/projects/LP190425_flySuRE/data/intermediate/LP20191128_Dm08_B04_pipelineOutput/count_tables/09_ipcr_cdna_merged/chr3L.log
    jobid: 15
    reason: Missing output files: /DATA/usr/ludo/projects/LP190425_flySuRE/data/intermediate/LP20191128_Dm08_B04_pipelineOutput/count_tables/09_ipcr_cdna_merged/chr3L.bedpe.gz; Input files updated by another job: /DATA/usr/ludo/projects/LP190425_flySuRE/data/intermediate/LP20191128_Dm08_B04_pipelineOutput/iPCR/samples_merged/08_bedpe_merged/chr3L.bedpe.gz
    wildcards: c=chr3L
    resources: ram=40

/usr/bin/Rscript --vanilla /DATA/usr/ludo/projects/LP190425_flySuRE/code/pipeline/code/merge_iPCR_cDNA.R /DATA/usr/ludo/projects/LP190425_flySuRE/data/intermediate/LP20191128_Dm08_B04_pipelineOutput/count_tables/09_ipcr_cdna_merged/chr3L.bedpe.gz /DATA/usr/ludo/projects/LP190425_flySuRE/data/intermediate/LP20191128_Dm08_B04_pipelineOutput/count_tables/09_ipcr_cdna_merged/chr3L.log /DATA/usr/ludo/projects/LP190425_flySuRE/data/intermediate/LP20191128_Dm08_B04_pipelineOutput/iPCR/samples_merged/08_bedpe_merged/chr3L.bedpe.gz /DATA/usr/ludo/projects/LP190425_flySuRE/data/intermediate/LP20191128_Dm08_B04_pipelineOutput/cDNA/B04_B1_T1/B04_B1_T1_trimmed_table.txt.gz
Loading required package: R.oo
Loading required package: R.oo
Loading required package: R.methodsS3
Loading required package: R.methodsS3
R.methodsS3 v1.7.1 (2016-02-15) successfully loaded. See ?R.methodsS3 for help.
R.methodsS3 v1.7.1 (2016-02-15) successfully loaded. See ?R.methodsS3 for help.
Registered S3 method overwritten by 'R.oo':
  method        from       
  throw.default R.methodsS3
Registered S3 method overwritten by 'R.oo':
  method        from       
  throw.default R.methodsS3
R.oo v1.22.0 (2018-04-21) successfully loaded. See ?R.oo for help.
R.oo v1.22.0 (2018-04-21) successfully loaded. See ?R.oo for help.

Attaching package: 'R.oo'

The following objects are masked from 'package:methods':

    getClasses, getMethods

The following objects are masked from 'package:base':

    attach, detach, gc, load, save


Attaching package: 'R.oo'

The following objects are masked from 'package:methods':

    getClasses, getMethods

The following objects are masked from 'package:base':

    attach, detach, gc, load, save

R.utils v2.8.0 successfully loaded. See ?R.utils for help.
R.utils v2.8.0 successfully loaded. See ?R.utils for help.

Attaching package: 'R.utils'


Attaching package: 'R.utils'

The following object is masked from 'package:utils':

    timestamp

The following object is masked from 'package:utils':

    timestamp

The following objects are masked from 'package:base':

    cat, commandArgs, getOption, inherits, isOpen, nullfile, parse,
    warnings

The following objects are masked from 'package:base':

    cat, commandArgs, getOption, inherits, isOpen, nullfile, parse,
    warnings

[Fri Dec 13 22:02:03 2019]
Finished job 15.
2 of 20 steps (10%) done

[Fri Dec 13 22:02:03 2019]
rule merge_ipcr_cdna:
    input: /DATA/usr/ludo/projects/LP190425_flySuRE/data/intermediate/LP20191128_Dm08_B04_pipelineOutput/cDNA/B04_B1_T1/B04_B1_T1_trimmed_table.txt.gz, /DATA/usr/ludo/projects/LP190425_flySuRE/data/intermediate/LP20191128_Dm08_B04_pipelineOutput/iPCR/samples_merged/08_bedpe_merged/chr2L.bedpe.gz
    output: /DATA/usr/ludo/projects/LP190425_flySuRE/data/intermediate/LP20191128_Dm08_B04_pipelineOutput/count_tables/09_ipcr_cdna_merged/chr2L.bedpe.gz, /DATA/usr/ludo/projects/LP190425_flySuRE/data/intermediate/LP20191128_Dm08_B04_pipelineOutput/count_tables/09_ipcr_cdna_merged/chr2L.log
    jobid: 13
    reason: Missing output files: /DATA/usr/ludo/projects/LP190425_flySuRE/data/intermediate/LP20191128_Dm08_B04_pipelineOutput/count_tables/09_ipcr_cdna_merged/chr2L.bedpe.gz; Input files updated by another job: /DATA/usr/ludo/projects/LP190425_flySuRE/data/intermediate/LP20191128_Dm08_B04_pipelineOutput/iPCR/samples_merged/08_bedpe_merged/chr2L.bedpe.gz
    wildcards: c=chr2L
    resources: ram=40

/usr/bin/Rscript --vanilla /DATA/usr/ludo/projects/LP190425_flySuRE/code/pipeline/code/merge_iPCR_cDNA.R /DATA/usr/ludo/projects/LP190425_flySuRE/data/intermediate/LP20191128_Dm08_B04_pipelineOutput/count_tables/09_ipcr_cdna_merged/chr2L.bedpe.gz /DATA/usr/ludo/projects/LP190425_flySuRE/data/intermediate/LP20191128_Dm08_B04_pipelineOutput/count_tables/09_ipcr_cdna_merged/chr2L.log /DATA/usr/ludo/projects/LP190425_flySuRE/data/intermediate/LP20191128_Dm08_B04_pipelineOutput/iPCR/samples_merged/08_bedpe_merged/chr2L.bedpe.gz /DATA/usr/ludo/projects/LP190425_flySuRE/data/intermediate/LP20191128_Dm08_B04_pipelineOutput/cDNA/B04_B1_T1/B04_B1_T1_trimmed_table.txt.gz
Loading required package: R.oo
Loading required package: R.methodsS3
R.methodsS3 v1.7.1 (2016-02-15) successfully loaded. See ?R.methodsS3 for help.
Registered S3 method overwritten by 'R.oo':
  method        from       
  throw.default R.methodsS3
R.oo v1.22.0 (2018-04-21) successfully loaded. See ?R.oo for help.

Attaching package: 'R.oo'

The following objects are masked from 'package:methods':

    getClasses, getMethods

The following objects are masked from 'package:base':

    attach, detach, gc, load, save

R.utils v2.8.0 successfully loaded. See ?R.utils for help.

Attaching package: 'R.utils'

The following object is masked from 'package:utils':

    timestamp

The following objects are masked from 'package:base':

    cat, commandArgs, getOption, inherits, isOpen, nullfile, parse,
    warnings

[Fri Dec 13 22:02:04 2019]
Finished job 16.
3 of 20 steps (15%) done

[Fri Dec 13 22:02:04 2019]
rule merge_ipcr_cdna:
    input: /DATA/usr/ludo/projects/LP190425_flySuRE/data/intermediate/LP20191128_Dm08_B04_pipelineOutput/cDNA/B04_B1_T1/B04_B1_T1_trimmed_table.txt.gz, /DATA/usr/ludo/projects/LP190425_flySuRE/data/intermediate/LP20191128_Dm08_B04_pipelineOutput/iPCR/samples_merged/08_bedpe_merged/chr2R.bedpe.gz
    output: /DATA/usr/ludo/projects/LP190425_flySuRE/data/intermediate/LP20191128_Dm08_B04_pipelineOutput/count_tables/09_ipcr_cdna_merged/chr2R.bedpe.gz, /DATA/usr/ludo/projects/LP190425_flySuRE/data/intermediate/LP20191128_Dm08_B04_pipelineOutput/count_tables/09_ipcr_cdna_merged/chr2R.log
    jobid: 14
    reason: Missing output files: /DATA/usr/ludo/projects/LP190425_flySuRE/data/intermediate/LP20191128_Dm08_B04_pipelineOutput/count_tables/09_ipcr_cdna_merged/chr2R.bedpe.gz; Input files updated by another job: /DATA/usr/ludo/projects/LP190425_flySuRE/data/intermediate/LP20191128_Dm08_B04_pipelineOutput/iPCR/samples_merged/08_bedpe_merged/chr2R.bedpe.gz
    wildcards: c=chr2R
    resources: ram=40

/usr/bin/Rscript --vanilla /DATA/usr/ludo/projects/LP190425_flySuRE/code/pipeline/code/merge_iPCR_cDNA.R /DATA/usr/ludo/projects/LP190425_flySuRE/data/intermediate/LP20191128_Dm08_B04_pipelineOutput/count_tables/09_ipcr_cdna_merged/chr2R.bedpe.gz /DATA/usr/ludo/projects/LP190425_flySuRE/data/intermediate/LP20191128_Dm08_B04_pipelineOutput/count_tables/09_ipcr_cdna_merged/chr2R.log /DATA/usr/ludo/projects/LP190425_flySuRE/data/intermediate/LP20191128_Dm08_B04_pipelineOutput/iPCR/samples_merged/08_bedpe_merged/chr2R.bedpe.gz /DATA/usr/ludo/projects/LP190425_flySuRE/data/intermediate/LP20191128_Dm08_B04_pipelineOutput/cDNA/B04_B1_T1/B04_B1_T1_trimmed_table.txt.gz
Loading required package: R.oo
Loading required package: R.methodsS3
R.methodsS3 v1.7.1 (2016-02-15) successfully loaded. See ?R.methodsS3 for help.
Registered S3 method overwritten by 'R.oo':
  method        from       
  throw.default R.methodsS3
R.oo v1.22.0 (2018-04-21) successfully loaded. See ?R.oo for help.

Attaching package: 'R.oo'

The following objects are masked from 'package:methods':

    getClasses, getMethods

The following objects are masked from 'package:base':

    attach, detach, gc, load, save

R.utils v2.8.0 successfully loaded. See ?R.utils for help.

Attaching package: 'R.utils'

The following object is masked from 'package:utils':

    timestamp

The following objects are masked from 'package:base':

    cat, commandArgs, getOption, inherits, isOpen, nullfile, parse,
    warnings

[Fri Dec 13 22:04:22 2019]
Finished job 14.
4 of 20 steps (20%) done

[Fri Dec 13 22:04:22 2019]
rule reverse_liftover:
    input: /DATA/usr/ludo/projects/LP190425_flySuRE/data/intermediate/LP20191128_Dm08_B04_pipelineOutput/count_tables/09_ipcr_cdna_merged/chr3R.bedpe.gz, /home/ludo/projects/LP190425_flySuRE/data/processed/LP20191008_VCF_per_sample/chain/B04_LP20191028_reverse.chain
    output: /DATA/usr/ludo/projects/LP190425_flySuRE/data/intermediate/LP20191128_Dm08_B04_pipelineOutput/count_tables/10_reverse_liftover/chr3R.bedpe.gz, /DATA/usr/ludo/projects/LP190425_flySuRE/data/intermediate/LP20191128_Dm08_B04_pipelineOutput/count_tables/10_reverse_liftover/chr3R.log
    jobid: 10
    reason: Missing output files: /DATA/usr/ludo/projects/LP190425_flySuRE/data/intermediate/LP20191128_Dm08_B04_pipelineOutput/count_tables/10_reverse_liftover/chr3R.bedpe.gz; Input files updated by another job: /DATA/usr/ludo/projects/LP190425_flySuRE/data/intermediate/LP20191128_Dm08_B04_pipelineOutput/count_tables/09_ipcr_cdna_merged/chr3R.bedpe.gz
    wildcards: c=chr3R
    resources: ram=30

python /DATA/usr/ludo/projects/LP190425_flySuRE/code/pipeline/code/liftover_reverse.py --inn /DATA/usr/ludo/projects/LP190425_flySuRE/data/intermediate/LP20191128_Dm08_B04_pipelineOutput/count_tables/09_ipcr_cdna_merged/chr3R.bedpe.gz --chainfile /home/ludo/projects/LP190425_flySuRE/data/processed/LP20191008_VCF_per_sample/chain/B04_LP20191028_reverse.chain --out /DATA/usr/ludo/projects/LP190425_flySuRE/data/intermediate/LP20191128_Dm08_B04_pipelineOutput/count_tables/10_reverse_liftover/chr3R.bedpe.gz --log /DATA/usr/ludo/projects/LP190425_flySuRE/data/intermediate/LP20191128_Dm08_B04_pipelineOutput/count_tables/10_reverse_liftover/chr3R.log

[Fri Dec 13 22:04:22 2019]
rule reverse_liftover:
    input: /DATA/usr/ludo/projects/LP190425_flySuRE/data/intermediate/LP20191128_Dm08_B04_pipelineOutput/count_tables/09_ipcr_cdna_merged/chr3L.bedpe.gz, /home/ludo/projects/LP190425_flySuRE/data/processed/LP20191008_VCF_per_sample/chain/B04_LP20191028_reverse.chain
    output: /DATA/usr/ludo/projects/LP190425_flySuRE/data/intermediate/LP20191128_Dm08_B04_pipelineOutput/count_tables/10_reverse_liftover/chr3L.bedpe.gz, /DATA/usr/ludo/projects/LP190425_flySuRE/data/intermediate/LP20191128_Dm08_B04_pipelineOutput/count_tables/10_reverse_liftover/chr3L.log
    jobid: 9
    reason: Missing output files: /DATA/usr/ludo/projects/LP190425_flySuRE/data/intermediate/LP20191128_Dm08_B04_pipelineOutput/count_tables/10_reverse_liftover/chr3L.bedpe.gz; Input files updated by another job: /DATA/usr/ludo/projects/LP190425_flySuRE/data/intermediate/LP20191128_Dm08_B04_pipelineOutput/count_tables/09_ipcr_cdna_merged/chr3L.bedpe.gz
    wildcards: c=chr3L
    resources: ram=30

python /DATA/usr/ludo/projects/LP190425_flySuRE/code/pipeline/code/liftover_reverse.py --inn /DATA/usr/ludo/projects/LP190425_flySuRE/data/intermediate/LP20191128_Dm08_B04_pipelineOutput/count_tables/09_ipcr_cdna_merged/chr3L.bedpe.gz --chainfile /home/ludo/projects/LP190425_flySuRE/data/processed/LP20191008_VCF_per_sample/chain/B04_LP20191028_reverse.chain --out /DATA/usr/ludo/projects/LP190425_flySuRE/data/intermediate/LP20191128_Dm08_B04_pipelineOutput/count_tables/10_reverse_liftover/chr3L.bedpe.gz --log /DATA/usr/ludo/projects/LP190425_flySuRE/data/intermediate/LP20191128_Dm08_B04_pipelineOutput/count_tables/10_reverse_liftover/chr3L.log
[Fri Dec 13 22:04:27 2019]
Finished job 13.
5 of 20 steps (25%) done

[Fri Dec 13 22:04:27 2019]
rule reverse_liftover:
    input: /DATA/usr/ludo/projects/LP190425_flySuRE/data/intermediate/LP20191128_Dm08_B04_pipelineOutput/count_tables/09_ipcr_cdna_merged/chr2L.bedpe.gz, /home/ludo/projects/LP190425_flySuRE/data/processed/LP20191008_VCF_per_sample/chain/B04_LP20191028_reverse.chain
    output: /DATA/usr/ludo/projects/LP190425_flySuRE/data/intermediate/LP20191128_Dm08_B04_pipelineOutput/count_tables/10_reverse_liftover/chr2L.bedpe.gz, /DATA/usr/ludo/projects/LP190425_flySuRE/data/intermediate/LP20191128_Dm08_B04_pipelineOutput/count_tables/10_reverse_liftover/chr2L.log
    jobid: 7
    reason: Missing output files: /DATA/usr/ludo/projects/LP190425_flySuRE/data/intermediate/LP20191128_Dm08_B04_pipelineOutput/count_tables/10_reverse_liftover/chr2L.bedpe.gz; Input files updated by another job: /DATA/usr/ludo/projects/LP190425_flySuRE/data/intermediate/LP20191128_Dm08_B04_pipelineOutput/count_tables/09_ipcr_cdna_merged/chr2L.bedpe.gz
    wildcards: c=chr2L
    resources: ram=30

python /DATA/usr/ludo/projects/LP190425_flySuRE/code/pipeline/code/liftover_reverse.py --inn /DATA/usr/ludo/projects/LP190425_flySuRE/data/intermediate/LP20191128_Dm08_B04_pipelineOutput/count_tables/09_ipcr_cdna_merged/chr2L.bedpe.gz --chainfile /home/ludo/projects/LP190425_flySuRE/data/processed/LP20191008_VCF_per_sample/chain/B04_LP20191028_reverse.chain --out /DATA/usr/ludo/projects/LP190425_flySuRE/data/intermediate/LP20191128_Dm08_B04_pipelineOutput/count_tables/10_reverse_liftover/chr2L.bedpe.gz --log /DATA/usr/ludo/projects/LP190425_flySuRE/data/intermediate/LP20191128_Dm08_B04_pipelineOutput/count_tables/10_reverse_liftover/chr2L.log
Activating conda environment: /DATA/usr/ludo/projects/LP190425_flySuRE/analyses/LP20191128_processing_cDNA_iPCR_redownload/.snakemake/conda/d9506415
Activating conda environment: /DATA/usr/ludo/projects/LP190425_flySuRE/analyses/LP20191128_processing_cDNA_iPCR_redownload/.snakemake/conda/d9506415
Activating conda environment: /DATA/usr/ludo/projects/LP190425_flySuRE/analyses/LP20191128_processing_cDNA_iPCR_redownload/.snakemake/conda/d9506415
command: /DATA/usr/ludo/projects/LP190425_flySuRE/code/pipeline/code/liftover_reverse.py --inn /DATA/usr/ludo/projects/LP190425_flySuRE/data/intermediate/LP20191128_Dm08_B04_pipelineOutput/count_tables/09_ipcr_cdna_merged/chr2L.bedpe.gz --chainfile /home/ludo/projects/LP190425_flySuRE/data/processed/LP20191008_VCF_per_sample/chain/B04_LP20191028_reverse.chain --out /DATA/usr/ludo/projects/LP190425_flySuRE/data/intermediate/LP20191128_Dm08_B04_pipelineOutput/count_tables/10_reverse_liftover/chr2L.bedpe.gz --log /DATA/usr/ludo/projects/LP190425_flySuRE/data/intermediate/LP20191128_Dm08_B04_pipelineOutput/count_tables/10_reverse_liftover/chr2L.log
[Fri Dec 13 22:13:42 2019]
Finished job 7.
6 of 20 steps (30%) done

[Fri Dec 13 22:13:42 2019]
rule reverse_liftover:
    input: /DATA/usr/ludo/projects/LP190425_flySuRE/data/intermediate/LP20191128_Dm08_B04_pipelineOutput/count_tables/09_ipcr_cdna_merged/chr2R.bedpe.gz, /home/ludo/projects/LP190425_flySuRE/data/processed/LP20191008_VCF_per_sample/chain/B04_LP20191028_reverse.chain
    output: /DATA/usr/ludo/projects/LP190425_flySuRE/data/intermediate/LP20191128_Dm08_B04_pipelineOutput/count_tables/10_reverse_liftover/chr2R.bedpe.gz, /DATA/usr/ludo/projects/LP190425_flySuRE/data/intermediate/LP20191128_Dm08_B04_pipelineOutput/count_tables/10_reverse_liftover/chr2R.log
    jobid: 8
    reason: Missing output files: /DATA/usr/ludo/projects/LP190425_flySuRE/data/intermediate/LP20191128_Dm08_B04_pipelineOutput/count_tables/10_reverse_liftover/chr2R.bedpe.gz; Input files updated by another job: /DATA/usr/ludo/projects/LP190425_flySuRE/data/intermediate/LP20191128_Dm08_B04_pipelineOutput/count_tables/09_ipcr_cdna_merged/chr2R.bedpe.gz
    wildcards: c=chr2R
    resources: ram=30

python /DATA/usr/ludo/projects/LP190425_flySuRE/code/pipeline/code/liftover_reverse.py --inn /DATA/usr/ludo/projects/LP190425_flySuRE/data/intermediate/LP20191128_Dm08_B04_pipelineOutput/count_tables/09_ipcr_cdna_merged/chr2R.bedpe.gz --chainfile /home/ludo/projects/LP190425_flySuRE/data/processed/LP20191008_VCF_per_sample/chain/B04_LP20191028_reverse.chain --out /DATA/usr/ludo/projects/LP190425_flySuRE/data/intermediate/LP20191128_Dm08_B04_pipelineOutput/count_tables/10_reverse_liftover/chr2R.bedpe.gz --log /DATA/usr/ludo/projects/LP190425_flySuRE/data/intermediate/LP20191128_Dm08_B04_pipelineOutput/count_tables/10_reverse_liftover/chr2R.log
Activating conda environment: /DATA/usr/ludo/projects/LP190425_flySuRE/analyses/LP20191128_processing_cDNA_iPCR_redownload/.snakemake/conda/d9506415
command: /DATA/usr/ludo/projects/LP190425_flySuRE/code/pipeline/code/liftover_reverse.py --inn /DATA/usr/ludo/projects/LP190425_flySuRE/data/intermediate/LP20191128_Dm08_B04_pipelineOutput/count_tables/09_ipcr_cdna_merged/chr3L.bedpe.gz --chainfile /home/ludo/projects/LP190425_flySuRE/data/processed/LP20191008_VCF_per_sample/chain/B04_LP20191028_reverse.chain --out /DATA/usr/ludo/projects/LP190425_flySuRE/data/intermediate/LP20191128_Dm08_B04_pipelineOutput/count_tables/10_reverse_liftover/chr3L.bedpe.gz --log /DATA/usr/ludo/projects/LP190425_flySuRE/data/intermediate/LP20191128_Dm08_B04_pipelineOutput/count_tables/10_reverse_liftover/chr3L.log
[Fri Dec 13 22:14:34 2019]
Finished job 9.
7 of 20 steps (35%) done

[Fri Dec 13 22:14:34 2019]
rule merge_ipcr_cdna:
    input: /DATA/usr/ludo/projects/LP190425_flySuRE/data/intermediate/LP20191128_Dm08_B04_pipelineOutput/cDNA/B04_B1_T1/B04_B1_T1_trimmed_table.txt.gz, /DATA/usr/ludo/projects/LP190425_flySuRE/data/intermediate/LP20191128_Dm08_B04_pipelineOutput/iPCR/samples_merged/08_bedpe_merged/chr4.bedpe.gz
    output: /DATA/usr/ludo/projects/LP190425_flySuRE/data/intermediate/LP20191128_Dm08_B04_pipelineOutput/count_tables/09_ipcr_cdna_merged/chr4.bedpe.gz, /DATA/usr/ludo/projects/LP190425_flySuRE/data/intermediate/LP20191128_Dm08_B04_pipelineOutput/count_tables/09_ipcr_cdna_merged/chr4.log
    jobid: 17
    reason: Missing output files: /DATA/usr/ludo/projects/LP190425_flySuRE/data/intermediate/LP20191128_Dm08_B04_pipelineOutput/count_tables/09_ipcr_cdna_merged/chr4.bedpe.gz; Input files updated by another job: /DATA/usr/ludo/projects/LP190425_flySuRE/data/intermediate/LP20191128_Dm08_B04_pipelineOutput/iPCR/samples_merged/08_bedpe_merged/chr4.bedpe.gz
    wildcards: c=chr4
    resources: ram=40

/usr/bin/Rscript --vanilla /DATA/usr/ludo/projects/LP190425_flySuRE/code/pipeline/code/merge_iPCR_cDNA.R /DATA/usr/ludo/projects/LP190425_flySuRE/data/intermediate/LP20191128_Dm08_B04_pipelineOutput/count_tables/09_ipcr_cdna_merged/chr4.bedpe.gz /DATA/usr/ludo/projects/LP190425_flySuRE/data/intermediate/LP20191128_Dm08_B04_pipelineOutput/count_tables/09_ipcr_cdna_merged/chr4.log /DATA/usr/ludo/projects/LP190425_flySuRE/data/intermediate/LP20191128_Dm08_B04_pipelineOutput/iPCR/samples_merged/08_bedpe_merged/chr4.bedpe.gz /DATA/usr/ludo/projects/LP190425_flySuRE/data/intermediate/LP20191128_Dm08_B04_pipelineOutput/cDNA/B04_B1_T1/B04_B1_T1_trimmed_table.txt.gz
Loading required package: R.oo
Loading required package: R.methodsS3
R.methodsS3 v1.7.1 (2016-02-15) successfully loaded. See ?R.methodsS3 for help.
Registered S3 method overwritten by 'R.oo':
  method        from       
  throw.default R.methodsS3
R.oo v1.22.0 (2018-04-21) successfully loaded. See ?R.oo for help.

Attaching package: 'R.oo'

The following objects are masked from 'package:methods':

    getClasses, getMethods

The following objects are masked from 'package:base':

    attach, detach, gc, load, save

R.utils v2.8.0 successfully loaded. See ?R.utils for help.

Attaching package: 'R.utils'

The following object is masked from 'package:utils':

    timestamp

The following objects are masked from 'package:base':

    cat, commandArgs, getOption, inherits, isOpen, nullfile, parse,
    warnings

[Fri Dec 13 22:15:05 2019]
Finished job 17.
8 of 20 steps (40%) done

[Fri Dec 13 22:15:05 2019]
rule merge_ipcr_cdna:
    input: /DATA/usr/ludo/projects/LP190425_flySuRE/data/intermediate/LP20191128_Dm08_B04_pipelineOutput/cDNA/B04_B1_T1/B04_B1_T1_trimmed_table.txt.gz, /DATA/usr/ludo/projects/LP190425_flySuRE/data/intermediate/LP20191128_Dm08_B04_pipelineOutput/iPCR/samples_merged/08_bedpe_merged/chrM.bedpe.gz
    output: /DATA/usr/ludo/projects/LP190425_flySuRE/data/intermediate/LP20191128_Dm08_B04_pipelineOutput/count_tables/09_ipcr_cdna_merged/chrM.bedpe.gz, /DATA/usr/ludo/projects/LP190425_flySuRE/data/intermediate/LP20191128_Dm08_B04_pipelineOutput/count_tables/09_ipcr_cdna_merged/chrM.log
    jobid: 18
    reason: Missing output files: /DATA/usr/ludo/projects/LP190425_flySuRE/data/intermediate/LP20191128_Dm08_B04_pipelineOutput/count_tables/09_ipcr_cdna_merged/chrM.bedpe.gz; Input files updated by another job: /DATA/usr/ludo/projects/LP190425_flySuRE/data/intermediate/LP20191128_Dm08_B04_pipelineOutput/iPCR/samples_merged/08_bedpe_merged/chrM.bedpe.gz
    wildcards: c=chrM
    resources: ram=40

/usr/bin/Rscript --vanilla /DATA/usr/ludo/projects/LP190425_flySuRE/code/pipeline/code/merge_iPCR_cDNA.R /DATA/usr/ludo/projects/LP190425_flySuRE/data/intermediate/LP20191128_Dm08_B04_pipelineOutput/count_tables/09_ipcr_cdna_merged/chrM.bedpe.gz /DATA/usr/ludo/projects/LP190425_flySuRE/data/intermediate/LP20191128_Dm08_B04_pipelineOutput/count_tables/09_ipcr_cdna_merged/chrM.log /DATA/usr/ludo/projects/LP190425_flySuRE/data/intermediate/LP20191128_Dm08_B04_pipelineOutput/iPCR/samples_merged/08_bedpe_merged/chrM.bedpe.gz /DATA/usr/ludo/projects/LP190425_flySuRE/data/intermediate/LP20191128_Dm08_B04_pipelineOutput/cDNA/B04_B1_T1/B04_B1_T1_trimmed_table.txt.gz
Loading required package: R.oo
Loading required package: R.methodsS3
R.methodsS3 v1.7.1 (2016-02-15) successfully loaded. See ?R.methodsS3 for help.
Registered S3 method overwritten by 'R.oo':
  method        from       
  throw.default R.methodsS3
R.oo v1.22.0 (2018-04-21) successfully loaded. See ?R.oo for help.

Attaching package: 'R.oo'

The following objects are masked from 'package:methods':

    getClasses, getMethods

The following objects are masked from 'package:base':

    attach, detach, gc, load, save

R.utils v2.8.0 successfully loaded. See ?R.utils for help.

Attaching package: 'R.utils'

The following object is masked from 'package:utils':

    timestamp

The following objects are masked from 'package:base':

    cat, commandArgs, getOption, inherits, isOpen, nullfile, parse,
    warnings

command: /DATA/usr/ludo/projects/LP190425_flySuRE/code/pipeline/code/liftover_reverse.py --inn /DATA/usr/ludo/projects/LP190425_flySuRE/data/intermediate/LP20191128_Dm08_B04_pipelineOutput/count_tables/09_ipcr_cdna_merged/chr3R.bedpe.gz --chainfile /home/ludo/projects/LP190425_flySuRE/data/processed/LP20191008_VCF_per_sample/chain/B04_LP20191028_reverse.chain --out /DATA/usr/ludo/projects/LP190425_flySuRE/data/intermediate/LP20191128_Dm08_B04_pipelineOutput/count_tables/10_reverse_liftover/chr3R.bedpe.gz --log /DATA/usr/ludo/projects/LP190425_flySuRE/data/intermediate/LP20191128_Dm08_B04_pipelineOutput/count_tables/10_reverse_liftover/chr3R.log
[Fri Dec 13 22:15:18 2019]
Finished job 10.
9 of 20 steps (45%) done

[Fri Dec 13 22:15:18 2019]
rule reverse_liftover:
    input: /DATA/usr/ludo/projects/LP190425_flySuRE/data/intermediate/LP20191128_Dm08_B04_pipelineOutput/count_tables/09_ipcr_cdna_merged/chr4.bedpe.gz, /home/ludo/projects/LP190425_flySuRE/data/processed/LP20191008_VCF_per_sample/chain/B04_LP20191028_reverse.chain
    output: /DATA/usr/ludo/projects/LP190425_flySuRE/data/intermediate/LP20191128_Dm08_B04_pipelineOutput/count_tables/10_reverse_liftover/chr4.bedpe.gz, /DATA/usr/ludo/projects/LP190425_flySuRE/data/intermediate/LP20191128_Dm08_B04_pipelineOutput/count_tables/10_reverse_liftover/chr4.log
    jobid: 11
    reason: Missing output files: /DATA/usr/ludo/projects/LP190425_flySuRE/data/intermediate/LP20191128_Dm08_B04_pipelineOutput/count_tables/10_reverse_liftover/chr4.bedpe.gz; Input files updated by another job: /DATA/usr/ludo/projects/LP190425_flySuRE/data/intermediate/LP20191128_Dm08_B04_pipelineOutput/count_tables/09_ipcr_cdna_merged/chr4.bedpe.gz
    wildcards: c=chr4
    resources: ram=30

python /DATA/usr/ludo/projects/LP190425_flySuRE/code/pipeline/code/liftover_reverse.py --inn /DATA/usr/ludo/projects/LP190425_flySuRE/data/intermediate/LP20191128_Dm08_B04_pipelineOutput/count_tables/09_ipcr_cdna_merged/chr4.bedpe.gz --chainfile /home/ludo/projects/LP190425_flySuRE/data/processed/LP20191008_VCF_per_sample/chain/B04_LP20191028_reverse.chain --out /DATA/usr/ludo/projects/LP190425_flySuRE/data/intermediate/LP20191128_Dm08_B04_pipelineOutput/count_tables/10_reverse_liftover/chr4.bedpe.gz --log /DATA/usr/ludo/projects/LP190425_flySuRE/data/intermediate/LP20191128_Dm08_B04_pipelineOutput/count_tables/10_reverse_liftover/chr4.log
Activating conda environment: /DATA/usr/ludo/projects/LP190425_flySuRE/analyses/LP20191128_processing_cDNA_iPCR_redownload/.snakemake/conda/d9506415
command: /DATA/usr/ludo/projects/LP190425_flySuRE/code/pipeline/code/liftover_reverse.py --inn /DATA/usr/ludo/projects/LP190425_flySuRE/data/intermediate/LP20191128_Dm08_B04_pipelineOutput/count_tables/09_ipcr_cdna_merged/chr4.bedpe.gz --chainfile /home/ludo/projects/LP190425_flySuRE/data/processed/LP20191008_VCF_per_sample/chain/B04_LP20191028_reverse.chain --out /DATA/usr/ludo/projects/LP190425_flySuRE/data/intermediate/LP20191128_Dm08_B04_pipelineOutput/count_tables/10_reverse_liftover/chr4.bedpe.gz --log /DATA/usr/ludo/projects/LP190425_flySuRE/data/intermediate/LP20191128_Dm08_B04_pipelineOutput/count_tables/10_reverse_liftover/chr4.log
[Fri Dec 13 22:15:29 2019]
Finished job 11.
10 of 20 steps (50%) done
[Fri Dec 13 22:15:32 2019]
Finished job 18.
11 of 20 steps (55%) done

[Fri Dec 13 22:15:32 2019]
rule sort_cnt_tbls:
    input: /DATA/usr/ludo/projects/LP190425_flySuRE/data/intermediate/LP20191128_Dm08_B04_pipelineOutput/count_tables/10_reverse_liftover/chr3R.bedpe.gz
    output: /DATA/usr/ludo/projects/LP190425_flySuRE/data/intermediate/LP20191128_Dm08_B04_pipelineOutput/count_tables/11_sorted/chr3R.bedpe.gz
    jobid: 4
    reason: Missing output files: /DATA/usr/ludo/projects/LP190425_flySuRE/data/intermediate/LP20191128_Dm08_B04_pipelineOutput/count_tables/11_sorted/chr3R.bedpe.gz; Input files updated by another job: /DATA/usr/ludo/projects/LP190425_flySuRE/data/intermediate/LP20191128_Dm08_B04_pipelineOutput/count_tables/10_reverse_liftover/chr3R.bedpe.gz
    wildcards: c=chr3R
    threads: 5
    resources: ram=50

zcat /DATA/usr/ludo/projects/LP190425_flySuRE/data/intermediate/LP20191128_Dm08_B04_pipelineOutput/count_tables/10_reverse_liftover/chr3R.bedpe.gz | /DATA/usr/ludo/projects/LP190425_flySuRE/code/pipeline/code/sort_cnt_tbls.sh > /DATA/usr/ludo/projects/LP190425_flySuRE/data/intermediate/LP20191128_Dm08_B04_pipelineOutput/count_tables/11_sorted/chr3R.bedpe.gz
Activating conda environment: /DATA/usr/ludo/projects/LP190425_flySuRE/analyses/LP20191128_processing_cDNA_iPCR_redownload/.snakemake/conda/d9506415
[Fri Dec 13 22:18:21 2019]
Finished job 4.
12 of 20 steps (60%) done

[Fri Dec 13 22:18:21 2019]
rule sort_cnt_tbls:
    input: /DATA/usr/ludo/projects/LP190425_flySuRE/data/intermediate/LP20191128_Dm08_B04_pipelineOutput/count_tables/10_reverse_liftover/chr3L.bedpe.gz
    output: /DATA/usr/ludo/projects/LP190425_flySuRE/data/intermediate/LP20191128_Dm08_B04_pipelineOutput/count_tables/11_sorted/chr3L.bedpe.gz
    jobid: 3
    reason: Missing output files: /DATA/usr/ludo/projects/LP190425_flySuRE/data/intermediate/LP20191128_Dm08_B04_pipelineOutput/count_tables/11_sorted/chr3L.bedpe.gz; Input files updated by another job: /DATA/usr/ludo/projects/LP190425_flySuRE/data/intermediate/LP20191128_Dm08_B04_pipelineOutput/count_tables/10_reverse_liftover/chr3L.bedpe.gz
    wildcards: c=chr3L
    threads: 5
    resources: ram=50

zcat /DATA/usr/ludo/projects/LP190425_flySuRE/data/intermediate/LP20191128_Dm08_B04_pipelineOutput/count_tables/10_reverse_liftover/chr3L.bedpe.gz | /DATA/usr/ludo/projects/LP190425_flySuRE/code/pipeline/code/sort_cnt_tbls.sh > /DATA/usr/ludo/projects/LP190425_flySuRE/data/intermediate/LP20191128_Dm08_B04_pipelineOutput/count_tables/11_sorted/chr3L.bedpe.gz
Activating conda environment: /DATA/usr/ludo/projects/LP190425_flySuRE/analyses/LP20191128_processing_cDNA_iPCR_redownload/.snakemake/conda/d9506415
[Fri Dec 13 22:20:51 2019]
Finished job 3.
13 of 20 steps (65%) done

[Fri Dec 13 22:20:51 2019]
rule sort_cnt_tbls:
    input: /DATA/usr/ludo/projects/LP190425_flySuRE/data/intermediate/LP20191128_Dm08_B04_pipelineOutput/count_tables/10_reverse_liftover/chr2L.bedpe.gz
    output: /DATA/usr/ludo/projects/LP190425_flySuRE/data/intermediate/LP20191128_Dm08_B04_pipelineOutput/count_tables/11_sorted/chr2L.bedpe.gz
    jobid: 1
    reason: Missing output files: /DATA/usr/ludo/projects/LP190425_flySuRE/data/intermediate/LP20191128_Dm08_B04_pipelineOutput/count_tables/11_sorted/chr2L.bedpe.gz; Input files updated by another job: /DATA/usr/ludo/projects/LP190425_flySuRE/data/intermediate/LP20191128_Dm08_B04_pipelineOutput/count_tables/10_reverse_liftover/chr2L.bedpe.gz
    wildcards: c=chr2L
    threads: 5
    resources: ram=50

zcat /DATA/usr/ludo/projects/LP190425_flySuRE/data/intermediate/LP20191128_Dm08_B04_pipelineOutput/count_tables/10_reverse_liftover/chr2L.bedpe.gz | /DATA/usr/ludo/projects/LP190425_flySuRE/code/pipeline/code/sort_cnt_tbls.sh > /DATA/usr/ludo/projects/LP190425_flySuRE/data/intermediate/LP20191128_Dm08_B04_pipelineOutput/count_tables/11_sorted/chr2L.bedpe.gz
Activating conda environment: /DATA/usr/ludo/projects/LP190425_flySuRE/analyses/LP20191128_processing_cDNA_iPCR_redownload/.snakemake/conda/d9506415
command: /DATA/usr/ludo/projects/LP190425_flySuRE/code/pipeline/code/liftover_reverse.py --inn /DATA/usr/ludo/projects/LP190425_flySuRE/data/intermediate/LP20191128_Dm08_B04_pipelineOutput/count_tables/09_ipcr_cdna_merged/chr2R.bedpe.gz --chainfile /home/ludo/projects/LP190425_flySuRE/data/processed/LP20191008_VCF_per_sample/chain/B04_LP20191028_reverse.chain --out /DATA/usr/ludo/projects/LP190425_flySuRE/data/intermediate/LP20191128_Dm08_B04_pipelineOutput/count_tables/10_reverse_liftover/chr2R.bedpe.gz --log /DATA/usr/ludo/projects/LP190425_flySuRE/data/intermediate/LP20191128_Dm08_B04_pipelineOutput/count_tables/10_reverse_liftover/chr2R.log
[Fri Dec 13 22:22:23 2019]
Finished job 8.
14 of 20 steps (70%) done

[Fri Dec 13 22:22:23 2019]
rule sort_cnt_tbls:
    input: /DATA/usr/ludo/projects/LP190425_flySuRE/data/intermediate/LP20191128_Dm08_B04_pipelineOutput/count_tables/10_reverse_liftover/chr2R.bedpe.gz
    output: /DATA/usr/ludo/projects/LP190425_flySuRE/data/intermediate/LP20191128_Dm08_B04_pipelineOutput/count_tables/11_sorted/chr2R.bedpe.gz
    jobid: 2
    reason: Missing output files: /DATA/usr/ludo/projects/LP190425_flySuRE/data/intermediate/LP20191128_Dm08_B04_pipelineOutput/count_tables/11_sorted/chr2R.bedpe.gz; Input files updated by another job: /DATA/usr/ludo/projects/LP190425_flySuRE/data/intermediate/LP20191128_Dm08_B04_pipelineOutput/count_tables/10_reverse_liftover/chr2R.bedpe.gz
    wildcards: c=chr2R
    threads: 5
    resources: ram=50

zcat /DATA/usr/ludo/projects/LP190425_flySuRE/data/intermediate/LP20191128_Dm08_B04_pipelineOutput/count_tables/10_reverse_liftover/chr2R.bedpe.gz | /DATA/usr/ludo/projects/LP190425_flySuRE/code/pipeline/code/sort_cnt_tbls.sh > /DATA/usr/ludo/projects/LP190425_flySuRE/data/intermediate/LP20191128_Dm08_B04_pipelineOutput/count_tables/11_sorted/chr2R.bedpe.gz
Activating conda environment: /DATA/usr/ludo/projects/LP190425_flySuRE/analyses/LP20191128_processing_cDNA_iPCR_redownload/.snakemake/conda/d9506415
[Fri Dec 13 22:23:12 2019]
Finished job 1.
15 of 20 steps (75%) done

[Fri Dec 13 22:23:12 2019]
rule sort_cnt_tbls:
    input: /DATA/usr/ludo/projects/LP190425_flySuRE/data/intermediate/LP20191128_Dm08_B04_pipelineOutput/count_tables/10_reverse_liftover/chr4.bedpe.gz
    output: /DATA/usr/ludo/projects/LP190425_flySuRE/data/intermediate/LP20191128_Dm08_B04_pipelineOutput/count_tables/11_sorted/chr4.bedpe.gz
    jobid: 5
    reason: Missing output files: /DATA/usr/ludo/projects/LP190425_flySuRE/data/intermediate/LP20191128_Dm08_B04_pipelineOutput/count_tables/11_sorted/chr4.bedpe.gz; Input files updated by another job: /DATA/usr/ludo/projects/LP190425_flySuRE/data/intermediate/LP20191128_Dm08_B04_pipelineOutput/count_tables/10_reverse_liftover/chr4.bedpe.gz
    wildcards: c=chr4
    threads: 5
    resources: ram=50

zcat /DATA/usr/ludo/projects/LP190425_flySuRE/data/intermediate/LP20191128_Dm08_B04_pipelineOutput/count_tables/10_reverse_liftover/chr4.bedpe.gz | /DATA/usr/ludo/projects/LP190425_flySuRE/code/pipeline/code/sort_cnt_tbls.sh > /DATA/usr/ludo/projects/LP190425_flySuRE/data/intermediate/LP20191128_Dm08_B04_pipelineOutput/count_tables/11_sorted/chr4.bedpe.gz
Activating conda environment: /DATA/usr/ludo/projects/LP190425_flySuRE/analyses/LP20191128_processing_cDNA_iPCR_redownload/.snakemake/conda/d9506415
[Fri Dec 13 22:23:16 2019]
Finished job 5.
16 of 20 steps (80%) done

[Fri Dec 13 22:23:16 2019]
rule reverse_liftover:
    input: /DATA/usr/ludo/projects/LP190425_flySuRE/data/intermediate/LP20191128_Dm08_B04_pipelineOutput/count_tables/09_ipcr_cdna_merged/chrM.bedpe.gz, /home/ludo/projects/LP190425_flySuRE/data/processed/LP20191008_VCF_per_sample/chain/B04_LP20191028_reverse.chain
    output: /DATA/usr/ludo/projects/LP190425_flySuRE/data/intermediate/LP20191128_Dm08_B04_pipelineOutput/count_tables/10_reverse_liftover/chrM.bedpe.gz, /DATA/usr/ludo/projects/LP190425_flySuRE/data/intermediate/LP20191128_Dm08_B04_pipelineOutput/count_tables/10_reverse_liftover/chrM.log
    jobid: 12
    reason: Missing output files: /DATA/usr/ludo/projects/LP190425_flySuRE/data/intermediate/LP20191128_Dm08_B04_pipelineOutput/count_tables/10_reverse_liftover/chrM.bedpe.gz; Input files updated by another job: /DATA/usr/ludo/projects/LP190425_flySuRE/data/intermediate/LP20191128_Dm08_B04_pipelineOutput/count_tables/09_ipcr_cdna_merged/chrM.bedpe.gz
    wildcards: c=chrM
    resources: ram=30

python /DATA/usr/ludo/projects/LP190425_flySuRE/code/pipeline/code/liftover_reverse.py --inn /DATA/usr/ludo/projects/LP190425_flySuRE/data/intermediate/LP20191128_Dm08_B04_pipelineOutput/count_tables/09_ipcr_cdna_merged/chrM.bedpe.gz --chainfile /home/ludo/projects/LP190425_flySuRE/data/processed/LP20191008_VCF_per_sample/chain/B04_LP20191028_reverse.chain --out /DATA/usr/ludo/projects/LP190425_flySuRE/data/intermediate/LP20191128_Dm08_B04_pipelineOutput/count_tables/10_reverse_liftover/chrM.bedpe.gz --log /DATA/usr/ludo/projects/LP190425_flySuRE/data/intermediate/LP20191128_Dm08_B04_pipelineOutput/count_tables/10_reverse_liftover/chrM.log
Activating conda environment: /DATA/usr/ludo/projects/LP190425_flySuRE/analyses/LP20191128_processing_cDNA_iPCR_redownload/.snakemake/conda/d9506415
command: /DATA/usr/ludo/projects/LP190425_flySuRE/code/pipeline/code/liftover_reverse.py --inn /DATA/usr/ludo/projects/LP190425_flySuRE/data/intermediate/LP20191128_Dm08_B04_pipelineOutput/count_tables/09_ipcr_cdna_merged/chrM.bedpe.gz --chainfile /home/ludo/projects/LP190425_flySuRE/data/processed/LP20191008_VCF_per_sample/chain/B04_LP20191028_reverse.chain --out /DATA/usr/ludo/projects/LP190425_flySuRE/data/intermediate/LP20191128_Dm08_B04_pipelineOutput/count_tables/10_reverse_liftover/chrM.bedpe.gz --log /DATA/usr/ludo/projects/LP190425_flySuRE/data/intermediate/LP20191128_Dm08_B04_pipelineOutput/count_tables/10_reverse_liftover/chrM.log
[Fri Dec 13 22:23:21 2019]
Finished job 12.
17 of 20 steps (85%) done

[Fri Dec 13 22:23:21 2019]
rule sort_cnt_tbls:
    input: /DATA/usr/ludo/projects/LP190425_flySuRE/data/intermediate/LP20191128_Dm08_B04_pipelineOutput/count_tables/10_reverse_liftover/chrM.bedpe.gz
    output: /DATA/usr/ludo/projects/LP190425_flySuRE/data/intermediate/LP20191128_Dm08_B04_pipelineOutput/count_tables/11_sorted/chrM.bedpe.gz
    jobid: 6
    reason: Missing output files: /DATA/usr/ludo/projects/LP190425_flySuRE/data/intermediate/LP20191128_Dm08_B04_pipelineOutput/count_tables/11_sorted/chrM.bedpe.gz; Input files updated by another job: /DATA/usr/ludo/projects/LP190425_flySuRE/data/intermediate/LP20191128_Dm08_B04_pipelineOutput/count_tables/10_reverse_liftover/chrM.bedpe.gz
    wildcards: c=chrM
    threads: 5
    resources: ram=50

zcat /DATA/usr/ludo/projects/LP190425_flySuRE/data/intermediate/LP20191128_Dm08_B04_pipelineOutput/count_tables/10_reverse_liftover/chrM.bedpe.gz | /DATA/usr/ludo/projects/LP190425_flySuRE/code/pipeline/code/sort_cnt_tbls.sh > /DATA/usr/ludo/projects/LP190425_flySuRE/data/intermediate/LP20191128_Dm08_B04_pipelineOutput/count_tables/11_sorted/chrM.bedpe.gz
Activating conda environment: /DATA/usr/ludo/projects/LP190425_flySuRE/analyses/LP20191128_processing_cDNA_iPCR_redownload/.snakemake/conda/d9506415
[Fri Dec 13 22:23:22 2019]
Finished job 6.
18 of 20 steps (90%) done
[Fri Dec 13 22:24:47 2019]
Finished job 2.
19 of 20 steps (95%) done

[Fri Dec 13 22:24:47 2019]
localrule sorted_cnt_tbls:
    input: /DATA/usr/ludo/projects/LP190425_flySuRE/data/intermediate/LP20191128_Dm08_B04_pipelineOutput/count_tables/11_sorted/chr2L.bedpe.gz, /DATA/usr/ludo/projects/LP190425_flySuRE/data/intermediate/LP20191128_Dm08_B04_pipelineOutput/count_tables/11_sorted/chr2R.bedpe.gz, /DATA/usr/ludo/projects/LP190425_flySuRE/data/intermediate/LP20191128_Dm08_B04_pipelineOutput/count_tables/11_sorted/chr3L.bedpe.gz, /DATA/usr/ludo/projects/LP190425_flySuRE/data/intermediate/LP20191128_Dm08_B04_pipelineOutput/count_tables/11_sorted/chr3R.bedpe.gz, /DATA/usr/ludo/projects/LP190425_flySuRE/data/intermediate/LP20191128_Dm08_B04_pipelineOutput/count_tables/11_sorted/chr4.bedpe.gz, /DATA/usr/ludo/projects/LP190425_flySuRE/data/intermediate/LP20191128_Dm08_B04_pipelineOutput/count_tables/11_sorted/chrM.bedpe.gz
    jobid: 0
    reason: Input files updated by another job: /DATA/usr/ludo/projects/LP190425_flySuRE/data/intermediate/LP20191128_Dm08_B04_pipelineOutput/count_tables/11_sorted/chr4.bedpe.gz, /DATA/usr/ludo/projects/LP190425_flySuRE/data/intermediate/LP20191128_Dm08_B04_pipelineOutput/count_tables/11_sorted/chr3R.bedpe.gz, /DATA/usr/ludo/projects/LP190425_flySuRE/data/intermediate/LP20191128_Dm08_B04_pipelineOutput/count_tables/11_sorted/chr2L.bedpe.gz, /DATA/usr/ludo/projects/LP190425_flySuRE/data/intermediate/LP20191128_Dm08_B04_pipelineOutput/count_tables/11_sorted/chr3L.bedpe.gz, /DATA/usr/ludo/projects/LP190425_flySuRE/data/intermediate/LP20191128_Dm08_B04_pipelineOutput/count_tables/11_sorted/chrM.bedpe.gz, /DATA/usr/ludo/projects/LP190425_flySuRE/data/intermediate/LP20191128_Dm08_B04_pipelineOutput/count_tables/11_sorted/chr2R.bedpe.gz

[Fri Dec 13 22:24:47 2019]
Finished job 0.
20 of 20 steps (100%) done
Complete log: /DATA/usr/ludo/projects/LP190425_flySuRE/analyses/LP20191128_processing_cDNA_iPCR_redownload/.snakemake/log/2019-12-13T140132.966861.snakemake.log
SuRE-seq pipeline version:  0.14.feature_SNP-usr-config 
 git commit hash:  89f832e39470ec9895e4b01a1f800a5c74520d69 


['/DATA/usr/ludo/projects/LP190425_flySuRE/data/intermediate/LP20191128_Dm08_B04_pipelineOutput/coverage/B04.norm.bw', '/DATA/usr/ludo/projects/LP190425_flySuRE/data/intermediate/LP20191128_Dm08_B04_pipelineOutput/coverage/B04.norm.plus.bw', '/DATA/usr/ludo/projects/LP190425_flySuRE/data/intermediate/LP20191128_Dm08_B04_pipelineOutput/coverage/B04.norm.minus.bw', '/DATA/usr/ludo/projects/LP190425_flySuRE/data/intermediate/LP20191128_Dm08_B04_pipelineOutput/coverage/B04.normflat.bw', '/DATA/usr/ludo/projects/LP190425_flySuRE/data/intermediate/LP20191128_Dm08_B04_pipelineOutput/coverage/B04.normflat.plus.bw', '/DATA/usr/ludo/projects/LP190425_flySuRE/data/intermediate/LP20191128_Dm08_B04_pipelineOutput/coverage/B04.normflat.minus.bw']
	Command being timed: "nice -19 snakemake -prs ../../code/pipeline/SuRE-snakemake --use-conda --resources ram=100 --configfile config-Dm08_B04_LP20191128.yml --cores 15 sorted_cnt_tbls"
	User time (seconds): 242245.20
	System time (seconds): 3099.92
	Percent of CPU this job got: 812%
	Elapsed (wall clock) time (h:mm:ss or m:ss): 8:23:15
	Average shared text size (kbytes): 0
	Average unshared data size (kbytes): 0
	Average stack size (kbytes): 0
	Average total size (kbytes): 0
	Maximum resident set size (kbytes): 36504604
	Average resident set size (kbytes): 0
	Major (requiring I/O) page faults: 25157
	Minor (reclaiming a frame) page faults: 2520670594
	Voluntary context switches: 34389625
	Involuntary context switches: 7623401
	Swaps: 0
	File system inputs: 17213392
	File system outputs: 106834784
	Socket messages sent: 0
	Socket messages received: 0
	Signals delivered: 0
	Page size (bytes): 4096
	Exit status: 0
