Building DAG of jobs...
Using shell: /bin/bash
Provided cores: 15
Rules claiming more threads will be scaled down.
Provided resources: ram=100
Job counts:
	count	jobs
	1	addBC2bedpe_multi
	1	cDNA
	1	iPCR_merge_bedpe_genomeWide
	6	merge_ipcr_cdna
	6	reverse_liftover
	6	sort_cnt_tbls
	1	sorted_cnt_tbls
	22

[Mon Dec  9 14:06:49 2019]
rule cDNA:
    input: /home/ludo/projects/LP190425_flySuRE/data/raw/LP20191127_iPCR_cDNA_resequencing_I_2nd_download/CDRJ7ANXX_SuRE_III_a_19s003656-1-1_Perino_lane7Dm5_sequence.txt.gz
    output: /DATA/usr/ludo/projects/LP190425_flySuRE/data/intermediate/LP20191128_Dm04_DGRP-360_pipelineOutput/cDNA/DGRP-360_B1_T1/DGRP-360_B1_T1_trimmed_table.txt.gz
    jobid: 19
    reason: Missing output files: /DATA/usr/ludo/projects/LP190425_flySuRE/data/intermediate/LP20191128_Dm04_DGRP-360_pipelineOutput/cDNA/DGRP-360_B1_T1/DGRP-360_B1_T1_trimmed_table.txt.gz
    wildcards: s=DGRP-360_B1_T1

/DATA/usr/ludo/projects/LP190425_flySuRE/code/pipeline/code/cDNA-plDNA-count-BC.bash -l -b 'DGRP-360_B1_T1' -o '/DATA/usr/ludo/projects/LP190425_flySuRE/data/intermediate/LP20191128_Dm04_DGRP-360_pipelineOutput/cDNA/DGRP-360_B1_T1' -a 'CCTAGCTAACTATAACGGTCCTAAGGTAGCGAA' /home/ludo/projects/LP190425_flySuRE/data/raw/LP20191127_iPCR_cDNA_resequencing_I_2nd_download/CDRJ7ANXX_SuRE_III_a_19s003656-1-1_Perino_lane7Dm5_sequence.txt.gz

[Mon Dec  9 14:06:49 2019]
rule addBC2bedpe_multi:
    input: /DATA/usr/ludo/projects/LP190425_flySuRE/data/intermediate/LP20191128_Dm04_DGRP-360_pipelineOutput/iPCR/DGRP-360_B1_T01/06_bedpe/DGRP-360_B1_T01_chr2L.bedpe.gz, /DATA/usr/ludo/projects/LP190425_flySuRE/data/intermediate/LP20191128_Dm04_DGRP-360_pipelineOutput/iPCR/DGRP-360_B1_T01/06_bedpe/DGRP-360_B1_T01_chr2R.bedpe.gz, /DATA/usr/ludo/projects/LP190425_flySuRE/data/intermediate/LP20191128_Dm04_DGRP-360_pipelineOutput/iPCR/DGRP-360_B1_T01/06_bedpe/DGRP-360_B1_T01_chr3L.bedpe.gz, /DATA/usr/ludo/projects/LP190425_flySuRE/data/intermediate/LP20191128_Dm04_DGRP-360_pipelineOutput/iPCR/DGRP-360_B1_T01/06_bedpe/DGRP-360_B1_T01_chr3R.bedpe.gz, /DATA/usr/ludo/projects/LP190425_flySuRE/data/intermediate/LP20191128_Dm04_DGRP-360_pipelineOutput/iPCR/DGRP-360_B1_T01/06_bedpe/DGRP-360_B1_T01_chr4.bedpe.gz, /DATA/usr/ludo/projects/LP190425_flySuRE/data/intermediate/LP20191128_Dm04_DGRP-360_pipelineOutput/iPCR/DGRP-360_B1_T01/06_bedpe/DGRP-360_B1_T01_chrM.bedpe.gz, /DATA/usr/ludo/projects/LP190425_flySuRE/data/intermediate/LP20191128_Dm04_DGRP-360_pipelineOutput/iPCR/DGRP-360_B1_T01/01_fastq_trimmed/DGRP-360_B1_T01_forw.info.gz
    output: /DATA/usr/ludo/projects/LP190425_flySuRE/data/intermediate/LP20191128_Dm04_DGRP-360_pipelineOutput/iPCR/DGRP-360_B1_T01/07_bedpe_BC/DGRP-360_B1_T01_chr2L.bedpe.gz, /DATA/usr/ludo/projects/LP190425_flySuRE/data/intermediate/LP20191128_Dm04_DGRP-360_pipelineOutput/iPCR/DGRP-360_B1_T01/07_bedpe_BC/DGRP-360_B1_T01_chr2R.bedpe.gz, /DATA/usr/ludo/projects/LP190425_flySuRE/data/intermediate/LP20191128_Dm04_DGRP-360_pipelineOutput/iPCR/DGRP-360_B1_T01/07_bedpe_BC/DGRP-360_B1_T01_chr3L.bedpe.gz, /DATA/usr/ludo/projects/LP190425_flySuRE/data/intermediate/LP20191128_Dm04_DGRP-360_pipelineOutput/iPCR/DGRP-360_B1_T01/07_bedpe_BC/DGRP-360_B1_T01_chr3R.bedpe.gz, /DATA/usr/ludo/projects/LP190425_flySuRE/data/intermediate/LP20191128_Dm04_DGRP-360_pipelineOutput/iPCR/DGRP-360_B1_T01/07_bedpe_BC/DGRP-360_B1_T01_chr4.bedpe.gz, /DATA/usr/ludo/projects/LP190425_flySuRE/data/intermediate/LP20191128_Dm04_DGRP-360_pipelineOutput/iPCR/DGRP-360_B1_T01/07_bedpe_BC/DGRP-360_B1_T01_chrM.bedpe.gz, /DATA/usr/ludo/projects/LP190425_flySuRE/data/intermediate/LP20191128_Dm04_DGRP-360_pipelineOutput/iPCR/DGRP-360_B1_T01/07_bedpe_BC/DGRP-360_B1_T01.log, /DATA/usr/ludo/projects/LP190425_flySuRE/data/intermediate/LP20191128_Dm04_DGRP-360_pipelineOutput/iPCR/DGRP-360_B1_T01/07_bedpe_BC/DGRP-360_B1_T01.stats
    jobid: 21
    reason: Missing output files: /DATA/usr/ludo/projects/LP190425_flySuRE/data/intermediate/LP20191128_Dm04_DGRP-360_pipelineOutput/iPCR/DGRP-360_B1_T01/07_bedpe_BC/DGRP-360_B1_T01_chr4.bedpe.gz, /DATA/usr/ludo/projects/LP190425_flySuRE/data/intermediate/LP20191128_Dm04_DGRP-360_pipelineOutput/iPCR/DGRP-360_B1_T01/07_bedpe_BC/DGRP-360_B1_T01_chr3L.bedpe.gz, /DATA/usr/ludo/projects/LP190425_flySuRE/data/intermediate/LP20191128_Dm04_DGRP-360_pipelineOutput/iPCR/DGRP-360_B1_T01/07_bedpe_BC/DGRP-360_B1_T01_chrM.bedpe.gz, /DATA/usr/ludo/projects/LP190425_flySuRE/data/intermediate/LP20191128_Dm04_DGRP-360_pipelineOutput/iPCR/DGRP-360_B1_T01/07_bedpe_BC/DGRP-360_B1_T01_chr2R.bedpe.gz, /DATA/usr/ludo/projects/LP190425_flySuRE/data/intermediate/LP20191128_Dm04_DGRP-360_pipelineOutput/iPCR/DGRP-360_B1_T01/07_bedpe_BC/DGRP-360_B1_T01_chr2L.bedpe.gz, /DATA/usr/ludo/projects/LP190425_flySuRE/data/intermediate/LP20191128_Dm04_DGRP-360_pipelineOutput/iPCR/DGRP-360_B1_T01/07_bedpe_BC/DGRP-360_B1_T01_chr3R.bedpe.gz
    wildcards: path=/DATA/usr/ludo/projects/LP190425_flySuRE/data/intermediate/LP20191128_Dm04_DGRP-360_pipelineOutput/iPCR, smpl=DGRP-360_B1_T01
    resources: ram=30

python /DATA/usr/ludo/projects/LP190425_flySuRE/code/pipeline/code/iPCR_addBC2bedpe.py --bedpe /DATA/usr/ludo/projects/LP190425_flySuRE/data/intermediate/LP20191128_Dm04_DGRP-360_pipelineOutput/iPCR/DGRP-360_B1_T01/06_bedpe/DGRP-360_B1_T01_chr2L.bedpe.gz /DATA/usr/ludo/projects/LP190425_flySuRE/data/intermediate/LP20191128_Dm04_DGRP-360_pipelineOutput/iPCR/DGRP-360_B1_T01/06_bedpe/DGRP-360_B1_T01_chr2R.bedpe.gz /DATA/usr/ludo/projects/LP190425_flySuRE/data/intermediate/LP20191128_Dm04_DGRP-360_pipelineOutput/iPCR/DGRP-360_B1_T01/06_bedpe/DGRP-360_B1_T01_chr3L.bedpe.gz /DATA/usr/ludo/projects/LP190425_flySuRE/data/intermediate/LP20191128_Dm04_DGRP-360_pipelineOutput/iPCR/DGRP-360_B1_T01/06_bedpe/DGRP-360_B1_T01_chr3R.bedpe.gz /DATA/usr/ludo/projects/LP190425_flySuRE/data/intermediate/LP20191128_Dm04_DGRP-360_pipelineOutput/iPCR/DGRP-360_B1_T01/06_bedpe/DGRP-360_B1_T01_chr4.bedpe.gz /DATA/usr/ludo/projects/LP190425_flySuRE/data/intermediate/LP20191128_Dm04_DGRP-360_pipelineOutput/iPCR/DGRP-360_B1_T01/06_bedpe/DGRP-360_B1_T01_chrM.bedpe.gz --info /DATA/usr/ludo/projects/LP190425_flySuRE/data/intermediate/LP20191128_Dm04_DGRP-360_pipelineOutput/iPCR/DGRP-360_B1_T01/01_fastq_trimmed/DGRP-360_B1_T01_forw.info.gz --out /DATA/usr/ludo/projects/LP190425_flySuRE/data/intermediate/LP20191128_Dm04_DGRP-360_pipelineOutput/iPCR/DGRP-360_B1_T01/07_bedpe_BC/DGRP-360_B1_T01_chr2L.bedpe.gz /DATA/usr/ludo/projects/LP190425_flySuRE/data/intermediate/LP20191128_Dm04_DGRP-360_pipelineOutput/iPCR/DGRP-360_B1_T01/07_bedpe_BC/DGRP-360_B1_T01_chr2R.bedpe.gz /DATA/usr/ludo/projects/LP190425_flySuRE/data/intermediate/LP20191128_Dm04_DGRP-360_pipelineOutput/iPCR/DGRP-360_B1_T01/07_bedpe_BC/DGRP-360_B1_T01_chr3L.bedpe.gz /DATA/usr/ludo/projects/LP190425_flySuRE/data/intermediate/LP20191128_Dm04_DGRP-360_pipelineOutput/iPCR/DGRP-360_B1_T01/07_bedpe_BC/DGRP-360_B1_T01_chr3R.bedpe.gz /DATA/usr/ludo/projects/LP190425_flySuRE/data/intermediate/LP20191128_Dm04_DGRP-360_pipelineOutput/iPCR/DGRP-360_B1_T01/07_bedpe_BC/DGRP-360_B1_T01_chr4.bedpe.gz /DATA/usr/ludo/projects/LP190425_flySuRE/data/intermediate/LP20191128_Dm04_DGRP-360_pipelineOutput/iPCR/DGRP-360_B1_T01/07_bedpe_BC/DGRP-360_B1_T01_chrM.bedpe.gz --log /DATA/usr/ludo/projects/LP190425_flySuRE/data/intermediate/LP20191128_Dm04_DGRP-360_pipelineOutput/iPCR/DGRP-360_B1_T01/07_bedpe_BC/DGRP-360_B1_T01.log --stats /DATA/usr/ludo/projects/LP190425_flySuRE/data/intermediate/LP20191128_Dm04_DGRP-360_pipelineOutput/iPCR/DGRP-360_B1_T01/07_bedpe_BC/DGRP-360_B1_T01.stats
Activating conda environment: /DATA/usr/ludo/projects/LP190425_flySuRE/analyses/LP20191128_processing_cDNA_iPCR_redownload/.snakemake/conda/d9506415
Activating conda environment: /DATA/usr/ludo/projects/LP190425_flySuRE/analyses/LP20191128_processing_cDNA_iPCR_redownload/.snakemake/conda/d9506415
Read 240 records
[Mon Dec  9 14:17:40 2019]
Finished job 19.
1 of 22 steps (5%) done
command: /DATA/usr/ludo/projects/LP190425_flySuRE/code/pipeline/code/iPCR_addBC2bedpe.py --bedpe /DATA/usr/ludo/projects/LP190425_flySuRE/data/intermediate/LP20191128_Dm04_DGRP-360_pipelineOutput/iPCR/DGRP-360_B1_T01/06_bedpe/DGRP-360_B1_T01_chr2L.bedpe.gz /DATA/usr/ludo/projects/LP190425_flySuRE/data/intermediate/LP20191128_Dm04_DGRP-360_pipelineOutput/iPCR/DGRP-360_B1_T01/06_bedpe/DGRP-360_B1_T01_chr2R.bedpe.gz /DATA/usr/ludo/projects/LP190425_flySuRE/data/intermediate/LP20191128_Dm04_DGRP-360_pipelineOutput/iPCR/DGRP-360_B1_T01/06_bedpe/DGRP-360_B1_T01_chr3L.bedpe.gz /DATA/usr/ludo/projects/LP190425_flySuRE/data/intermediate/LP20191128_Dm04_DGRP-360_pipelineOutput/iPCR/DGRP-360_B1_T01/06_bedpe/DGRP-360_B1_T01_chr3R.bedpe.gz /DATA/usr/ludo/projects/LP190425_flySuRE/data/intermediate/LP20191128_Dm04_DGRP-360_pipelineOutput/iPCR/DGRP-360_B1_T01/06_bedpe/DGRP-360_B1_T01_chr4.bedpe.gz /DATA/usr/ludo/projects/LP190425_flySuRE/data/intermediate/LP20191128_Dm04_DGRP-360_pipelineOutput/iPCR/DGRP-360_B1_T01/06_bedpe/DGRP-360_B1_T01_chrM.bedpe.gz --info /DATA/usr/ludo/projects/LP190425_flySuRE/data/intermediate/LP20191128_Dm04_DGRP-360_pipelineOutput/iPCR/DGRP-360_B1_T01/01_fastq_trimmed/DGRP-360_B1_T01_forw.info.gz --out /DATA/usr/ludo/projects/LP190425_flySuRE/data/intermediate/LP20191128_Dm04_DGRP-360_pipelineOutput/iPCR/DGRP-360_B1_T01/07_bedpe_BC/DGRP-360_B1_T01_chr2L.bedpe.gz /DATA/usr/ludo/projects/LP190425_flySuRE/data/intermediate/LP20191128_Dm04_DGRP-360_pipelineOutput/iPCR/DGRP-360_B1_T01/07_bedpe_BC/DGRP-360_B1_T01_chr2R.bedpe.gz /DATA/usr/ludo/projects/LP190425_flySuRE/data/intermediate/LP20191128_Dm04_DGRP-360_pipelineOutput/iPCR/DGRP-360_B1_T01/07_bedpe_BC/DGRP-360_B1_T01_chr3L.bedpe.gz /DATA/usr/ludo/projects/LP190425_flySuRE/data/intermediate/LP20191128_Dm04_DGRP-360_pipelineOutput/iPCR/DGRP-360_B1_T01/07_bedpe_BC/DGRP-360_B1_T01_chr3R.bedpe.gz /DATA/usr/ludo/projects/LP190425_flySuRE/data/intermediate/LP20191128_Dm04_DGRP-360_pipelineOutput/iPCR/DGRP-360_B1_T01/07_bedpe_BC/DGRP-360_B1_T01_chr4.bedpe.gz /DATA/usr/ludo/projects/LP190425_flySuRE/data/intermediate/LP20191128_Dm04_DGRP-360_pipelineOutput/iPCR/DGRP-360_B1_T01/07_bedpe_BC/DGRP-360_B1_T01_chrM.bedpe.gz --log /DATA/usr/ludo/projects/LP190425_flySuRE/data/intermediate/LP20191128_Dm04_DGRP-360_pipelineOutput/iPCR/DGRP-360_B1_T01/07_bedpe_BC/DGRP-360_B1_T01.log --stats /DATA/usr/ludo/projects/LP190425_flySuRE/data/intermediate/LP20191128_Dm04_DGRP-360_pipelineOutput/iPCR/DGRP-360_B1_T01/07_bedpe_BC/DGRP-360_B1_T01.stats
[Mon Dec  9 15:48:42 2019]
Finished job 21.
2 of 22 steps (9%) done

[Mon Dec  9 15:48:42 2019]
rule iPCR_merge_bedpe_genomeWide:
    input: /DATA/usr/ludo/projects/LP190425_flySuRE/data/intermediate/LP20191128_Dm04_DGRP-360_pipelineOutput/iPCR/DGRP-360_B1_T01/07_bedpe_BC/DGRP-360_B1_T01_chr2L.bedpe.gz, /DATA/usr/ludo/projects/LP190425_flySuRE/data/intermediate/LP20191128_Dm04_DGRP-360_pipelineOutput/iPCR/DGRP-360_B1_T01/07_bedpe_BC/DGRP-360_B1_T01_chr2R.bedpe.gz, /DATA/usr/ludo/projects/LP190425_flySuRE/data/intermediate/LP20191128_Dm04_DGRP-360_pipelineOutput/iPCR/DGRP-360_B1_T01/07_bedpe_BC/DGRP-360_B1_T01_chr3L.bedpe.gz, /DATA/usr/ludo/projects/LP190425_flySuRE/data/intermediate/LP20191128_Dm04_DGRP-360_pipelineOutput/iPCR/DGRP-360_B1_T01/07_bedpe_BC/DGRP-360_B1_T01_chr3R.bedpe.gz, /DATA/usr/ludo/projects/LP190425_flySuRE/data/intermediate/LP20191128_Dm04_DGRP-360_pipelineOutput/iPCR/DGRP-360_B1_T01/07_bedpe_BC/DGRP-360_B1_T01_chr4.bedpe.gz, /DATA/usr/ludo/projects/LP190425_flySuRE/data/intermediate/LP20191128_Dm04_DGRP-360_pipelineOutput/iPCR/DGRP-360_B1_T01/07_bedpe_BC/DGRP-360_B1_T01_chrM.bedpe.gz
    output: /DATA/usr/ludo/projects/LP190425_flySuRE/data/intermediate/LP20191128_Dm04_DGRP-360_pipelineOutput/iPCR/samples_merged/08_bedpe_merged/chr2L.bedpe.gz, /DATA/usr/ludo/projects/LP190425_flySuRE/data/intermediate/LP20191128_Dm04_DGRP-360_pipelineOutput/iPCR/samples_merged/08_bedpe_merged/chr2R.bedpe.gz, /DATA/usr/ludo/projects/LP190425_flySuRE/data/intermediate/LP20191128_Dm04_DGRP-360_pipelineOutput/iPCR/samples_merged/08_bedpe_merged/chr3L.bedpe.gz, /DATA/usr/ludo/projects/LP190425_flySuRE/data/intermediate/LP20191128_Dm04_DGRP-360_pipelineOutput/iPCR/samples_merged/08_bedpe_merged/chr3R.bedpe.gz, /DATA/usr/ludo/projects/LP190425_flySuRE/data/intermediate/LP20191128_Dm04_DGRP-360_pipelineOutput/iPCR/samples_merged/08_bedpe_merged/chr4.bedpe.gz, /DATA/usr/ludo/projects/LP190425_flySuRE/data/intermediate/LP20191128_Dm04_DGRP-360_pipelineOutput/iPCR/samples_merged/08_bedpe_merged/chrM.bedpe.gz
    log: /DATA/usr/ludo/projects/LP190425_flySuRE/data/intermediate/LP20191128_Dm04_DGRP-360_pipelineOutput/iPCR/samples_merged/08_bedpe_merged/merged.log
    jobid: 20
    reason: Missing output files: /DATA/usr/ludo/projects/LP190425_flySuRE/data/intermediate/LP20191128_Dm04_DGRP-360_pipelineOutput/iPCR/samples_merged/08_bedpe_merged/chrM.bedpe.gz, /DATA/usr/ludo/projects/LP190425_flySuRE/data/intermediate/LP20191128_Dm04_DGRP-360_pipelineOutput/iPCR/samples_merged/08_bedpe_merged/chr3R.bedpe.gz, /DATA/usr/ludo/projects/LP190425_flySuRE/data/intermediate/LP20191128_Dm04_DGRP-360_pipelineOutput/iPCR/samples_merged/08_bedpe_merged/chr2L.bedpe.gz, /DATA/usr/ludo/projects/LP190425_flySuRE/data/intermediate/LP20191128_Dm04_DGRP-360_pipelineOutput/iPCR/samples_merged/08_bedpe_merged/chr2R.bedpe.gz, /DATA/usr/ludo/projects/LP190425_flySuRE/data/intermediate/LP20191128_Dm04_DGRP-360_pipelineOutput/iPCR/samples_merged/08_bedpe_merged/chr4.bedpe.gz, /DATA/usr/ludo/projects/LP190425_flySuRE/data/intermediate/LP20191128_Dm04_DGRP-360_pipelineOutput/iPCR/samples_merged/08_bedpe_merged/chr3L.bedpe.gz; Input files updated by another job: /DATA/usr/ludo/projects/LP190425_flySuRE/data/intermediate/LP20191128_Dm04_DGRP-360_pipelineOutput/iPCR/DGRP-360_B1_T01/07_bedpe_BC/DGRP-360_B1_T01_chr4.bedpe.gz, /DATA/usr/ludo/projects/LP190425_flySuRE/data/intermediate/LP20191128_Dm04_DGRP-360_pipelineOutput/iPCR/DGRP-360_B1_T01/07_bedpe_BC/DGRP-360_B1_T01_chr3L.bedpe.gz, /DATA/usr/ludo/projects/LP190425_flySuRE/data/intermediate/LP20191128_Dm04_DGRP-360_pipelineOutput/iPCR/DGRP-360_B1_T01/07_bedpe_BC/DGRP-360_B1_T01_chrM.bedpe.gz, /DATA/usr/ludo/projects/LP190425_flySuRE/data/intermediate/LP20191128_Dm04_DGRP-360_pipelineOutput/iPCR/DGRP-360_B1_T01/07_bedpe_BC/DGRP-360_B1_T01_chr2R.bedpe.gz, /DATA/usr/ludo/projects/LP190425_flySuRE/data/intermediate/LP20191128_Dm04_DGRP-360_pipelineOutput/iPCR/DGRP-360_B1_T01/07_bedpe_BC/DGRP-360_B1_T01_chr2L.bedpe.gz, /DATA/usr/ludo/projects/LP190425_flySuRE/data/intermediate/LP20191128_Dm04_DGRP-360_pipelineOutput/iPCR/DGRP-360_B1_T01/07_bedpe_BC/DGRP-360_B1_T01_chr3R.bedpe.gz
    wildcards: path=/DATA/usr/ludo/projects/LP190425_flySuRE/data/intermediate/LP20191128_Dm04_DGRP-360_pipelineOutput/iPCR
    threads: 15
    resources: ram=60

/usr/bin/Rscript --vanilla /DATA/usr/ludo/projects/LP190425_flySuRE/code/pipeline/code/merge_bedpe_over_samples_genomeWide.R '{/DATA/usr/ludo/projects/LP190425_flySuRE/data/intermediate/LP20191128_Dm04_DGRP-360_pipelineOutput/iPCR}/samples_merged/08_bedpe_merged/.bedpe.gz' /DATA/usr/ludo/projects/LP190425_flySuRE/data/intermediate/LP20191128_Dm04_DGRP-360_pipelineOutput/iPCR/samples_merged/08_bedpe_merged/merged.log 15 /DATA/usr/ludo/projects/LP190425_flySuRE/data/intermediate/LP20191128_Dm04_DGRP-360_pipelineOutput/iPCR/DGRP-360_B1_T01/07_bedpe_BC/DGRP-360_B1_T01_chr2L.bedpe.gz /DATA/usr/ludo/projects/LP190425_flySuRE/data/intermediate/LP20191128_Dm04_DGRP-360_pipelineOutput/iPCR/DGRP-360_B1_T01/07_bedpe_BC/DGRP-360_B1_T01_chr2R.bedpe.gz /DATA/usr/ludo/projects/LP190425_flySuRE/data/intermediate/LP20191128_Dm04_DGRP-360_pipelineOutput/iPCR/DGRP-360_B1_T01/07_bedpe_BC/DGRP-360_B1_T01_chr3L.bedpe.gz /DATA/usr/ludo/projects/LP190425_flySuRE/data/intermediate/LP20191128_Dm04_DGRP-360_pipelineOutput/iPCR/DGRP-360_B1_T01/07_bedpe_BC/DGRP-360_B1_T01_chr3R.bedpe.gz /DATA/usr/ludo/projects/LP190425_flySuRE/data/intermediate/LP20191128_Dm04_DGRP-360_pipelineOutput/iPCR/DGRP-360_B1_T01/07_bedpe_BC/DGRP-360_B1_T01_chr4.bedpe.gz /DATA/usr/ludo/projects/LP190425_flySuRE/data/intermediate/LP20191128_Dm04_DGRP-360_pipelineOutput/iPCR/DGRP-360_B1_T01/07_bedpe_BC/DGRP-360_B1_T01_chrM.bedpe.gz
Registered S3 method overwritten by 'R.oo':
  method        from       
  throw.default R.methodsS3
Error in setkeyv(x, cols, verbose = verbose, physical = physical) : 
  some columns are not in the data.table: c("BC", "chrom", "start", "end")
Calls: setkey -> setkeyv
Execution halted
[Mon Dec  9 15:59:31 2019]
Error in rule iPCR_merge_bedpe_genomeWide:
    jobid: 20
    output: /DATA/usr/ludo/projects/LP190425_flySuRE/data/intermediate/LP20191128_Dm04_DGRP-360_pipelineOutput/iPCR/samples_merged/08_bedpe_merged/chr2L.bedpe.gz, /DATA/usr/ludo/projects/LP190425_flySuRE/data/intermediate/LP20191128_Dm04_DGRP-360_pipelineOutput/iPCR/samples_merged/08_bedpe_merged/chr2R.bedpe.gz, /DATA/usr/ludo/projects/LP190425_flySuRE/data/intermediate/LP20191128_Dm04_DGRP-360_pipelineOutput/iPCR/samples_merged/08_bedpe_merged/chr3L.bedpe.gz, /DATA/usr/ludo/projects/LP190425_flySuRE/data/intermediate/LP20191128_Dm04_DGRP-360_pipelineOutput/iPCR/samples_merged/08_bedpe_merged/chr3R.bedpe.gz, /DATA/usr/ludo/projects/LP190425_flySuRE/data/intermediate/LP20191128_Dm04_DGRP-360_pipelineOutput/iPCR/samples_merged/08_bedpe_merged/chr4.bedpe.gz, /DATA/usr/ludo/projects/LP190425_flySuRE/data/intermediate/LP20191128_Dm04_DGRP-360_pipelineOutput/iPCR/samples_merged/08_bedpe_merged/chrM.bedpe.gz
    log: /DATA/usr/ludo/projects/LP190425_flySuRE/data/intermediate/LP20191128_Dm04_DGRP-360_pipelineOutput/iPCR/samples_merged/08_bedpe_merged/merged.log (check log file(s) for error message)
    shell:
        /usr/bin/Rscript --vanilla /DATA/usr/ludo/projects/LP190425_flySuRE/code/pipeline/code/merge_bedpe_over_samples_genomeWide.R '{/DATA/usr/ludo/projects/LP190425_flySuRE/data/intermediate/LP20191128_Dm04_DGRP-360_pipelineOutput/iPCR}/samples_merged/08_bedpe_merged/.bedpe.gz' /DATA/usr/ludo/projects/LP190425_flySuRE/data/intermediate/LP20191128_Dm04_DGRP-360_pipelineOutput/iPCR/samples_merged/08_bedpe_merged/merged.log 15 /DATA/usr/ludo/projects/LP190425_flySuRE/data/intermediate/LP20191128_Dm04_DGRP-360_pipelineOutput/iPCR/DGRP-360_B1_T01/07_bedpe_BC/DGRP-360_B1_T01_chr2L.bedpe.gz /DATA/usr/ludo/projects/LP190425_flySuRE/data/intermediate/LP20191128_Dm04_DGRP-360_pipelineOutput/iPCR/DGRP-360_B1_T01/07_bedpe_BC/DGRP-360_B1_T01_chr2R.bedpe.gz /DATA/usr/ludo/projects/LP190425_flySuRE/data/intermediate/LP20191128_Dm04_DGRP-360_pipelineOutput/iPCR/DGRP-360_B1_T01/07_bedpe_BC/DGRP-360_B1_T01_chr3L.bedpe.gz /DATA/usr/ludo/projects/LP190425_flySuRE/data/intermediate/LP20191128_Dm04_DGRP-360_pipelineOutput/iPCR/DGRP-360_B1_T01/07_bedpe_BC/DGRP-360_B1_T01_chr3R.bedpe.gz /DATA/usr/ludo/projects/LP190425_flySuRE/data/intermediate/LP20191128_Dm04_DGRP-360_pipelineOutput/iPCR/DGRP-360_B1_T01/07_bedpe_BC/DGRP-360_B1_T01_chr4.bedpe.gz /DATA/usr/ludo/projects/LP190425_flySuRE/data/intermediate/LP20191128_Dm04_DGRP-360_pipelineOutput/iPCR/DGRP-360_B1_T01/07_bedpe_BC/DGRP-360_B1_T01_chrM.bedpe.gz
        (exited with non-zero exit code)

Shutting down, this might take some time.
Exiting because a job execution failed. Look above for error message
Complete log: /DATA/usr/ludo/projects/LP190425_flySuRE/analyses/LP20191128_processing_cDNA_iPCR_redownload/.snakemake/log/2019-12-09T140649.148489.snakemake.log
SuRE-seq pipeline version:  0.14.feature_SNP-usr-config 
 git commit hash:  fce5dc8867a59a4e6d5170dfdd5389b7219853dc 


['/DATA/usr/ludo/projects/LP190425_flySuRE/data/intermediate/LP20191128_Dm04_DGRP-360_pipelineOutput/coverage/DGRP-360.norm.bw', '/DATA/usr/ludo/projects/LP190425_flySuRE/data/intermediate/LP20191128_Dm04_DGRP-360_pipelineOutput/coverage/DGRP-360.norm.plus.bw', '/DATA/usr/ludo/projects/LP190425_flySuRE/data/intermediate/LP20191128_Dm04_DGRP-360_pipelineOutput/coverage/DGRP-360.norm.minus.bw', '/DATA/usr/ludo/projects/LP190425_flySuRE/data/intermediate/LP20191128_Dm04_DGRP-360_pipelineOutput/coverage/DGRP-360.normflat.bw', '/DATA/usr/ludo/projects/LP190425_flySuRE/data/intermediate/LP20191128_Dm04_DGRP-360_pipelineOutput/coverage/DGRP-360.normflat.plus.bw', '/DATA/usr/ludo/projects/LP190425_flySuRE/data/intermediate/LP20191128_Dm04_DGRP-360_pipelineOutput/coverage/DGRP-360.normflat.minus.bw']
Command exited with non-zero status 1
	Command being timed: "nice -19 snakemake -prs ../../code/pipeline/SuRE-snakemake --use-conda --resources ram=100 --configfile config-Dm04_DGRP-360_LP20191128.yml --cores 15 sorted_cnt_tbls"
	User time (seconds): 7187.36
	System time (seconds): 467.15
	Percent of CPU this job got: 113%
	Elapsed (wall clock) time (h:mm:ss or m:ss): 1:52:42
	Average shared text size (kbytes): 0
	Average unshared data size (kbytes): 0
	Average stack size (kbytes): 0
	Average total size (kbytes): 0
	Maximum resident set size (kbytes): 34808240
	Average resident set size (kbytes): 0
	Major (requiring I/O) page faults: 5
	Minor (reclaiming a frame) page faults: 369450244
	Voluntary context switches: 1445844
	Involuntary context switches: 13410
	Swaps: 0
	File system inputs: 27204488
	File system outputs: 62029688
	Socket messages sent: 0
	Socket messages received: 0
	Signals delivered: 0
	Page size (bytes): 4096
	Exit status: 1
