Building DAG of jobs...
Using shell: /bin/bash
Provided cores: 15
Rules claiming more threads will be scaled down.
Provided resources: ram=100
Job counts:
	count	jobs
	1	addBC2bedpe_multi
	1	bedpe_BC
	2

[Fri Nov 15 10:44:52 2019]
rule addBC2bedpe_multi:
    input: /DATA/usr/ludo/projects/LP190425_flySuRE/data/intermediate/LP20191106_Dm03_DGRP-324_pipelineOutput/iPCR/DGRP-324_B1_T01/06_bedpe/DGRP-324_B1_T01_chr2L.bedpe.gz, /DATA/usr/ludo/projects/LP190425_flySuRE/data/intermediate/LP20191106_Dm03_DGRP-324_pipelineOutput/iPCR/DGRP-324_B1_T01/06_bedpe/DGRP-324_B1_T01_chr2R.bedpe.gz, /DATA/usr/ludo/projects/LP190425_flySuRE/data/intermediate/LP20191106_Dm03_DGRP-324_pipelineOutput/iPCR/DGRP-324_B1_T01/06_bedpe/DGRP-324_B1_T01_chr3L.bedpe.gz, /DATA/usr/ludo/projects/LP190425_flySuRE/data/intermediate/LP20191106_Dm03_DGRP-324_pipelineOutput/iPCR/DGRP-324_B1_T01/06_bedpe/DGRP-324_B1_T01_chr3R.bedpe.gz, /DATA/usr/ludo/projects/LP190425_flySuRE/data/intermediate/LP20191106_Dm03_DGRP-324_pipelineOutput/iPCR/DGRP-324_B1_T01/06_bedpe/DGRP-324_B1_T01_chr4.bedpe.gz, /DATA/usr/ludo/projects/LP190425_flySuRE/data/intermediate/LP20191106_Dm03_DGRP-324_pipelineOutput/iPCR/DGRP-324_B1_T01/06_bedpe/DGRP-324_B1_T01_chrM.bedpe.gz, /DATA/usr/ludo/projects/LP190425_flySuRE/data/intermediate/LP20191106_Dm03_DGRP-324_pipelineOutput/iPCR/DGRP-324_B1_T01/01_fastq_trimmed/DGRP-324_B1_T01_forw.info.gz
    output: /DATA/usr/ludo/projects/LP190425_flySuRE/data/intermediate/LP20191106_Dm03_DGRP-324_pipelineOutput/iPCR/DGRP-324_B1_T01/07_bedpe_BC/DGRP-324_B1_T01_chr2L.bedpe.gz, /DATA/usr/ludo/projects/LP190425_flySuRE/data/intermediate/LP20191106_Dm03_DGRP-324_pipelineOutput/iPCR/DGRP-324_B1_T01/07_bedpe_BC/DGRP-324_B1_T01_chr2R.bedpe.gz, /DATA/usr/ludo/projects/LP190425_flySuRE/data/intermediate/LP20191106_Dm03_DGRP-324_pipelineOutput/iPCR/DGRP-324_B1_T01/07_bedpe_BC/DGRP-324_B1_T01_chr3L.bedpe.gz, /DATA/usr/ludo/projects/LP190425_flySuRE/data/intermediate/LP20191106_Dm03_DGRP-324_pipelineOutput/iPCR/DGRP-324_B1_T01/07_bedpe_BC/DGRP-324_B1_T01_chr3R.bedpe.gz, /DATA/usr/ludo/projects/LP190425_flySuRE/data/intermediate/LP20191106_Dm03_DGRP-324_pipelineOutput/iPCR/DGRP-324_B1_T01/07_bedpe_BC/DGRP-324_B1_T01_chr4.bedpe.gz, /DATA/usr/ludo/projects/LP190425_flySuRE/data/intermediate/LP20191106_Dm03_DGRP-324_pipelineOutput/iPCR/DGRP-324_B1_T01/07_bedpe_BC/DGRP-324_B1_T01_chrM.bedpe.gz, /DATA/usr/ludo/projects/LP190425_flySuRE/data/intermediate/LP20191106_Dm03_DGRP-324_pipelineOutput/iPCR/DGRP-324_B1_T01/07_bedpe_BC/DGRP-324_B1_T01.log, /DATA/usr/ludo/projects/LP190425_flySuRE/data/intermediate/LP20191106_Dm03_DGRP-324_pipelineOutput/iPCR/DGRP-324_B1_T01/07_bedpe_BC/DGRP-324_B1_T01.stats
    jobid: 1
    reason: Missing output files: /DATA/usr/ludo/projects/LP190425_flySuRE/data/intermediate/LP20191106_Dm03_DGRP-324_pipelineOutput/iPCR/DGRP-324_B1_T01/07_bedpe_BC/DGRP-324_B1_T01_chr2L.bedpe.gz, /DATA/usr/ludo/projects/LP190425_flySuRE/data/intermediate/LP20191106_Dm03_DGRP-324_pipelineOutput/iPCR/DGRP-324_B1_T01/07_bedpe_BC/DGRP-324_B1_T01_chr3L.bedpe.gz, /DATA/usr/ludo/projects/LP190425_flySuRE/data/intermediate/LP20191106_Dm03_DGRP-324_pipelineOutput/iPCR/DGRP-324_B1_T01/07_bedpe_BC/DGRP-324_B1_T01_chr3R.bedpe.gz, /DATA/usr/ludo/projects/LP190425_flySuRE/data/intermediate/LP20191106_Dm03_DGRP-324_pipelineOutput/iPCR/DGRP-324_B1_T01/07_bedpe_BC/DGRP-324_B1_T01_chr2R.bedpe.gz, /DATA/usr/ludo/projects/LP190425_flySuRE/data/intermediate/LP20191106_Dm03_DGRP-324_pipelineOutput/iPCR/DGRP-324_B1_T01/07_bedpe_BC/DGRP-324_B1_T01_chrM.bedpe.gz, /DATA/usr/ludo/projects/LP190425_flySuRE/data/intermediate/LP20191106_Dm03_DGRP-324_pipelineOutput/iPCR/DGRP-324_B1_T01/07_bedpe_BC/DGRP-324_B1_T01_chr4.bedpe.gz
    wildcards: path=/DATA/usr/ludo/projects/LP190425_flySuRE/data/intermediate/LP20191106_Dm03_DGRP-324_pipelineOutput/iPCR, smpl=DGRP-324_B1_T01
    resources: ram=30

python /DATA/usr/ludo/projects/LP190425_flySuRE/code/pipeline/code/iPCR_addBC2bedpe.py --bedpe /DATA/usr/ludo/projects/LP190425_flySuRE/data/intermediate/LP20191106_Dm03_DGRP-324_pipelineOutput/iPCR/DGRP-324_B1_T01/06_bedpe/DGRP-324_B1_T01_chr2L.bedpe.gz /DATA/usr/ludo/projects/LP190425_flySuRE/data/intermediate/LP20191106_Dm03_DGRP-324_pipelineOutput/iPCR/DGRP-324_B1_T01/06_bedpe/DGRP-324_B1_T01_chr2R.bedpe.gz /DATA/usr/ludo/projects/LP190425_flySuRE/data/intermediate/LP20191106_Dm03_DGRP-324_pipelineOutput/iPCR/DGRP-324_B1_T01/06_bedpe/DGRP-324_B1_T01_chr3L.bedpe.gz /DATA/usr/ludo/projects/LP190425_flySuRE/data/intermediate/LP20191106_Dm03_DGRP-324_pipelineOutput/iPCR/DGRP-324_B1_T01/06_bedpe/DGRP-324_B1_T01_chr3R.bedpe.gz /DATA/usr/ludo/projects/LP190425_flySuRE/data/intermediate/LP20191106_Dm03_DGRP-324_pipelineOutput/iPCR/DGRP-324_B1_T01/06_bedpe/DGRP-324_B1_T01_chr4.bedpe.gz /DATA/usr/ludo/projects/LP190425_flySuRE/data/intermediate/LP20191106_Dm03_DGRP-324_pipelineOutput/iPCR/DGRP-324_B1_T01/06_bedpe/DGRP-324_B1_T01_chrM.bedpe.gz --info /DATA/usr/ludo/projects/LP190425_flySuRE/data/intermediate/LP20191106_Dm03_DGRP-324_pipelineOutput/iPCR/DGRP-324_B1_T01/01_fastq_trimmed/DGRP-324_B1_T01_forw.info.gz --out /DATA/usr/ludo/projects/LP190425_flySuRE/data/intermediate/LP20191106_Dm03_DGRP-324_pipelineOutput/iPCR/DGRP-324_B1_T01/07_bedpe_BC/DGRP-324_B1_T01_chr2L.bedpe.gz /DATA/usr/ludo/projects/LP190425_flySuRE/data/intermediate/LP20191106_Dm03_DGRP-324_pipelineOutput/iPCR/DGRP-324_B1_T01/07_bedpe_BC/DGRP-324_B1_T01_chr2R.bedpe.gz /DATA/usr/ludo/projects/LP190425_flySuRE/data/intermediate/LP20191106_Dm03_DGRP-324_pipelineOutput/iPCR/DGRP-324_B1_T01/07_bedpe_BC/DGRP-324_B1_T01_chr3L.bedpe.gz /DATA/usr/ludo/projects/LP190425_flySuRE/data/intermediate/LP20191106_Dm03_DGRP-324_pipelineOutput/iPCR/DGRP-324_B1_T01/07_bedpe_BC/DGRP-324_B1_T01_chr3R.bedpe.gz /DATA/usr/ludo/projects/LP190425_flySuRE/data/intermediate/LP20191106_Dm03_DGRP-324_pipelineOutput/iPCR/DGRP-324_B1_T01/07_bedpe_BC/DGRP-324_B1_T01_chr4.bedpe.gz /DATA/usr/ludo/projects/LP190425_flySuRE/data/intermediate/LP20191106_Dm03_DGRP-324_pipelineOutput/iPCR/DGRP-324_B1_T01/07_bedpe_BC/DGRP-324_B1_T01_chrM.bedpe.gz --log /DATA/usr/ludo/projects/LP190425_flySuRE/data/intermediate/LP20191106_Dm03_DGRP-324_pipelineOutput/iPCR/DGRP-324_B1_T01/07_bedpe_BC/DGRP-324_B1_T01.log --stats /DATA/usr/ludo/projects/LP190425_flySuRE/data/intermediate/LP20191106_Dm03_DGRP-324_pipelineOutput/iPCR/DGRP-324_B1_T01/07_bedpe_BC/DGRP-324_B1_T01.stats
Activating conda environment: /DATA/usr/ludo/projects/LP190425_flySuRE/analyses/LP20191106_processing_cDNA_iPCR_correctedSwaps/.snakemake/conda/998e701f
command: /DATA/usr/ludo/projects/LP190425_flySuRE/code/pipeline/code/iPCR_addBC2bedpe.py --bedpe /DATA/usr/ludo/projects/LP190425_flySuRE/data/intermediate/LP20191106_Dm03_DGRP-324_pipelineOutput/iPCR/DGRP-324_B1_T01/06_bedpe/DGRP-324_B1_T01_chr2L.bedpe.gz /DATA/usr/ludo/projects/LP190425_flySuRE/data/intermediate/LP20191106_Dm03_DGRP-324_pipelineOutput/iPCR/DGRP-324_B1_T01/06_bedpe/DGRP-324_B1_T01_chr2R.bedpe.gz /DATA/usr/ludo/projects/LP190425_flySuRE/data/intermediate/LP20191106_Dm03_DGRP-324_pipelineOutput/iPCR/DGRP-324_B1_T01/06_bedpe/DGRP-324_B1_T01_chr3L.bedpe.gz /DATA/usr/ludo/projects/LP190425_flySuRE/data/intermediate/LP20191106_Dm03_DGRP-324_pipelineOutput/iPCR/DGRP-324_B1_T01/06_bedpe/DGRP-324_B1_T01_chr3R.bedpe.gz /DATA/usr/ludo/projects/LP190425_flySuRE/data/intermediate/LP20191106_Dm03_DGRP-324_pipelineOutput/iPCR/DGRP-324_B1_T01/06_bedpe/DGRP-324_B1_T01_chr4.bedpe.gz /DATA/usr/ludo/projects/LP190425_flySuRE/data/intermediate/LP20191106_Dm03_DGRP-324_pipelineOutput/iPCR/DGRP-324_B1_T01/06_bedpe/DGRP-324_B1_T01_chrM.bedpe.gz --info /DATA/usr/ludo/projects/LP190425_flySuRE/data/intermediate/LP20191106_Dm03_DGRP-324_pipelineOutput/iPCR/DGRP-324_B1_T01/01_fastq_trimmed/DGRP-324_B1_T01_forw.info.gz --out /DATA/usr/ludo/projects/LP190425_flySuRE/data/intermediate/LP20191106_Dm03_DGRP-324_pipelineOutput/iPCR/DGRP-324_B1_T01/07_bedpe_BC/DGRP-324_B1_T01_chr2L.bedpe.gz /DATA/usr/ludo/projects/LP190425_flySuRE/data/intermediate/LP20191106_Dm03_DGRP-324_pipelineOutput/iPCR/DGRP-324_B1_T01/07_bedpe_BC/DGRP-324_B1_T01_chr2R.bedpe.gz /DATA/usr/ludo/projects/LP190425_flySuRE/data/intermediate/LP20191106_Dm03_DGRP-324_pipelineOutput/iPCR/DGRP-324_B1_T01/07_bedpe_BC/DGRP-324_B1_T01_chr3L.bedpe.gz /DATA/usr/ludo/projects/LP190425_flySuRE/data/intermediate/LP20191106_Dm03_DGRP-324_pipelineOutput/iPCR/DGRP-324_B1_T01/07_bedpe_BC/DGRP-324_B1_T01_chr3R.bedpe.gz /DATA/usr/ludo/projects/LP190425_flySuRE/data/intermediate/LP20191106_Dm03_DGRP-324_pipelineOutput/iPCR/DGRP-324_B1_T01/07_bedpe_BC/DGRP-324_B1_T01_chr4.bedpe.gz /DATA/usr/ludo/projects/LP190425_flySuRE/data/intermediate/LP20191106_Dm03_DGRP-324_pipelineOutput/iPCR/DGRP-324_B1_T01/07_bedpe_BC/DGRP-324_B1_T01_chrM.bedpe.gz --log /DATA/usr/ludo/projects/LP190425_flySuRE/data/intermediate/LP20191106_Dm03_DGRP-324_pipelineOutput/iPCR/DGRP-324_B1_T01/07_bedpe_BC/DGRP-324_B1_T01.log --stats /DATA/usr/ludo/projects/LP190425_flySuRE/data/intermediate/LP20191106_Dm03_DGRP-324_pipelineOutput/iPCR/DGRP-324_B1_T01/07_bedpe_BC/DGRP-324_B1_T01.stats
[Fri Nov 15 12:55:11 2019]
Finished job 1.
1 of 2 steps (50%) done

[Fri Nov 15 12:55:11 2019]
localrule bedpe_BC:
    input: /DATA/usr/ludo/projects/LP190425_flySuRE/data/intermediate/LP20191106_Dm03_DGRP-324_pipelineOutput/iPCR/DGRP-324_B1_T01/07_bedpe_BC/DGRP-324_B1_T01_chr2L.bedpe.gz, /DATA/usr/ludo/projects/LP190425_flySuRE/data/intermediate/LP20191106_Dm03_DGRP-324_pipelineOutput/iPCR/DGRP-324_B1_T01/07_bedpe_BC/DGRP-324_B1_T01_chr2R.bedpe.gz, /DATA/usr/ludo/projects/LP190425_flySuRE/data/intermediate/LP20191106_Dm03_DGRP-324_pipelineOutput/iPCR/DGRP-324_B1_T01/07_bedpe_BC/DGRP-324_B1_T01_chr3L.bedpe.gz, /DATA/usr/ludo/projects/LP190425_flySuRE/data/intermediate/LP20191106_Dm03_DGRP-324_pipelineOutput/iPCR/DGRP-324_B1_T01/07_bedpe_BC/DGRP-324_B1_T01_chr3R.bedpe.gz, /DATA/usr/ludo/projects/LP190425_flySuRE/data/intermediate/LP20191106_Dm03_DGRP-324_pipelineOutput/iPCR/DGRP-324_B1_T01/07_bedpe_BC/DGRP-324_B1_T01_chr4.bedpe.gz, /DATA/usr/ludo/projects/LP190425_flySuRE/data/intermediate/LP20191106_Dm03_DGRP-324_pipelineOutput/iPCR/DGRP-324_B1_T01/07_bedpe_BC/DGRP-324_B1_T01_chrM.bedpe.gz
    jobid: 0
    reason: Input files updated by another job: /DATA/usr/ludo/projects/LP190425_flySuRE/data/intermediate/LP20191106_Dm03_DGRP-324_pipelineOutput/iPCR/DGRP-324_B1_T01/07_bedpe_BC/DGRP-324_B1_T01_chr2L.bedpe.gz, /DATA/usr/ludo/projects/LP190425_flySuRE/data/intermediate/LP20191106_Dm03_DGRP-324_pipelineOutput/iPCR/DGRP-324_B1_T01/07_bedpe_BC/DGRP-324_B1_T01_chr3L.bedpe.gz, /DATA/usr/ludo/projects/LP190425_flySuRE/data/intermediate/LP20191106_Dm03_DGRP-324_pipelineOutput/iPCR/DGRP-324_B1_T01/07_bedpe_BC/DGRP-324_B1_T01_chr3R.bedpe.gz, /DATA/usr/ludo/projects/LP190425_flySuRE/data/intermediate/LP20191106_Dm03_DGRP-324_pipelineOutput/iPCR/DGRP-324_B1_T01/07_bedpe_BC/DGRP-324_B1_T01_chr2R.bedpe.gz, /DATA/usr/ludo/projects/LP190425_flySuRE/data/intermediate/LP20191106_Dm03_DGRP-324_pipelineOutput/iPCR/DGRP-324_B1_T01/07_bedpe_BC/DGRP-324_B1_T01_chrM.bedpe.gz, /DATA/usr/ludo/projects/LP190425_flySuRE/data/intermediate/LP20191106_Dm03_DGRP-324_pipelineOutput/iPCR/DGRP-324_B1_T01/07_bedpe_BC/DGRP-324_B1_T01_chr4.bedpe.gz

[Fri Nov 15 12:55:11 2019]
Finished job 0.
2 of 2 steps (100%) done
Complete log: /DATA/usr/ludo/projects/LP190425_flySuRE/analyses/LP20191106_processing_cDNA_iPCR_correctedSwaps/.snakemake/log/2019-11-15T104452.247868.snakemake.log
SuRE-seq pipeline version:  0.14.feature_SNP-usr-config 
 git commit hash:  21b33400bc65803741496393d1265eaaa98b7305 


['/DATA/usr/ludo/projects/LP190425_flySuRE/data/intermediate/LP20191106_Dm03_DGRP-324_pipelineOutput/coverage/DGRP-324.norm.bw', '/DATA/usr/ludo/projects/LP190425_flySuRE/data/intermediate/LP20191106_Dm03_DGRP-324_pipelineOutput/coverage/DGRP-324.norm.plus.bw', '/DATA/usr/ludo/projects/LP190425_flySuRE/data/intermediate/LP20191106_Dm03_DGRP-324_pipelineOutput/coverage/DGRP-324.norm.minus.bw', '/DATA/usr/ludo/projects/LP190425_flySuRE/data/intermediate/LP20191106_Dm03_DGRP-324_pipelineOutput/coverage/DGRP-324.normflat.bw', '/DATA/usr/ludo/projects/LP190425_flySuRE/data/intermediate/LP20191106_Dm03_DGRP-324_pipelineOutput/coverage/DGRP-324.normflat.plus.bw', '/DATA/usr/ludo/projects/LP190425_flySuRE/data/intermediate/LP20191106_Dm03_DGRP-324_pipelineOutput/coverage/DGRP-324.normflat.minus.bw']
	Command being timed: "nice -19 snakemake -prs ../../code/pipeline/SuRE-snakemake --use-conda --resources ram=100 --configfile config-Dm03_DGRP-324_LP20191106.yml --cores 15 bedpe_BC"
	User time (seconds): 7534.22
	System time (seconds): 275.17
	Percent of CPU this job got: 99%
	Elapsed (wall clock) time (h:mm:ss or m:ss): 2:10:19
	Average shared text size (kbytes): 0
	Average unshared data size (kbytes): 0
	Average stack size (kbytes): 0
	Average total size (kbytes): 0
	Maximum resident set size (kbytes): 51351556
	Average resident set size (kbytes): 0
	Major (requiring I/O) page faults: 136
	Minor (reclaiming a frame) page faults: 265031727
	Voluntary context switches: 1292
	Involuntary context switches: 7259
	Swaps: 0
	File system inputs: 10121376
	File system outputs: 17679272
	Socket messages sent: 0
	Socket messages received: 0
	Signals delivered: 0
	Page size (bytes): 4096
	Exit status: 0
